[1.050s] Invoking command in '/home/cc/ee106a/fa25/class/ee106a-ado/ros_workspaces/106AProject_Drone/ros2_aruco_ws/src/ros2_aruco/ros2_aruco': PYTHONPATH=/home/cc/ee106a/fa25/class/ee106a-ado/ros_workspaces/106AProject_Drone/build/ros2_aruco/prefix_override:/usr/lib/python3/dist-packages/colcon_core/task/python/colcon_distutils_commands:/home/cc/ee106a/fa25/class/ee106a-ado/ros_workspaces/106AProject_Drone/install/ros2_aruco/lib/python3.10/site-packages:${PYTHONPATH} /usr/bin/python3 -W ignore:setup.py install is deprecated -W ignore:easy_install command is deprecated setup.py egg_info --egg-base ../../../../build/ros2_aruco build --build-base /home/cc/ee106a/fa25/class/ee106a-ado/ros_workspaces/106AProject_Drone/build/ros2_aruco/build install --record /home/cc/ee106a/fa25/class/ee106a-ado/ros_workspaces/106AProject_Drone/build/ros2_aruco/install.log --single-version-externally-managed install_data
[1.237s] running egg_info
[1.238s] writing ../../../../build/ros2_aruco/ros2_aruco.egg-info/PKG-INFO
[1.241s] writing dependency_links to ../../../../build/ros2_aruco/ros2_aruco.egg-info/dependency_links.txt
[1.243s] writing entry points to ../../../../build/ros2_aruco/ros2_aruco.egg-info/entry_points.txt
[1.246s] writing requirements to ../../../../build/ros2_aruco/ros2_aruco.egg-info/requires.txt
[1.248s] writing top-level names to ../../../../build/ros2_aruco/ros2_aruco.egg-info/top_level.txt
[1.257s] reading manifest file '../../../../build/ros2_aruco/ros2_aruco.egg-info/SOURCES.txt'
[1.259s] writing manifest file '../../../../build/ros2_aruco/ros2_aruco.egg-info/SOURCES.txt'
[1.261s] running build
[1.261s] running build_py
[1.265s] running install
[1.266s] running install_lib
[1.271s] running install_data
[1.274s] running install_egg_info
[1.276s] removing '/home/cc/ee106a/fa25/class/ee106a-ado/ros_workspaces/106AProject_Drone/install/ros2_aruco/lib/python3.10/site-packages/ros2_aruco-0.1.0-py3.10.egg-info' (and everything under it)
[1.282s] Copying ../../../../build/ros2_aruco/ros2_aruco.egg-info to /home/cc/ee106a/fa25/class/ee106a-ado/ros_workspaces/106AProject_Drone/install/ros2_aruco/lib/python3.10/site-packages/ros2_aruco-0.1.0-py3.10.egg-info
[1.315s] running install_scripts
[1.340s] Installing aruco_generate_marker script to /home/cc/ee106a/fa25/class/ee106a-ado/ros_workspaces/106AProject_Drone/install/ros2_aruco/lib/ros2_aruco
[1.343s] Installing aruco_node script to /home/cc/ee106a/fa25/class/ee106a-ado/ros_workspaces/106AProject_Drone/install/ros2_aruco/lib/ros2_aruco
[1.345s] writing list of installed files to '/home/cc/ee106a/fa25/class/ee106a-ado/ros_workspaces/106AProject_Drone/build/ros2_aruco/install.log'
[1.386s] Invoked command in '/home/cc/ee106a/fa25/class/ee106a-ado/ros_workspaces/106AProject_Drone/ros2_aruco_ws/src/ros2_aruco/ros2_aruco' returned '0': PYTHONPATH=/home/cc/ee106a/fa25/class/ee106a-ado/ros_workspaces/106AProject_Drone/build/ros2_aruco/prefix_override:/usr/lib/python3/dist-packages/colcon_core/task/python/colcon_distutils_commands:/home/cc/ee106a/fa25/class/ee106a-ado/ros_workspaces/106AProject_Drone/install/ros2_aruco/lib/python3.10/site-packages:${PYTHONPATH} /usr/bin/python3 -W ignore:setup.py install is deprecated -W ignore:easy_install command is deprecated setup.py egg_info --egg-base ../../../../build/ros2_aruco build --build-base /home/cc/ee106a/fa25/class/ee106a-ado/ros_workspaces/106AProject_Drone/build/ros2_aruco/build install --record /home/cc/ee106a/fa25/class/ee106a-ado/ros_workspaces/106AProject_Drone/build/ros2_aruco/install.log --single-version-externally-managed install_data
