[0.103s] DEBUG:colcon:Command line arguments: ['/usr/bin/colcon', 'build']
[0.103s] DEBUG:colcon:Parsed command line arguments: Namespace(log_base=None, log_level=None, verb_name='build', build_base='build', install_base='install', merge_install=False, symlink_install=False, test_result_base=None, continue_on_error=False, executor='parallel', parallel_workers=32, event_handlers=None, ignore_user_meta=False, metas=['./colcon.meta'], base_paths=['.'], packages_ignore=None, packages_ignore_regex=None, paths=None, packages_up_to=None, packages_up_to_regex=None, packages_above=None, packages_above_and_dependencies=None, packages_above_depth=None, packages_select_by_dep=None, packages_skip_by_dep=None, packages_skip_up_to=None, packages_select_build_failed=False, packages_skip_build_finished=False, packages_select_test_failures=False, packages_skip_test_passed=False, packages_select=None, packages_skip=None, packages_select_regex=None, packages_skip_regex=None, packages_start=None, packages_end=None, cmake_args=None, cmake_target=None, cmake_target_skip_unavailable=False, cmake_clean_cache=False, cmake_clean_first=False, cmake_force_configure=False, ament_cmake_args=None, catkin_cmake_args=None, catkin_skip_building_tests=False, mixin_files=None, mixin=None, verb_parser=<colcon_mixin.mixin.mixin_argument.MixinArgumentDecorator object at 0x7738a5243220>, verb_extension=<colcon_core.verb.build.BuildVerb object at 0x7738a52425c0>, main=<bound method BuildVerb.main of <colcon_core.verb.build.BuildVerb object at 0x7738a52425c0>>, mixin_verb=('build',))
[0.322s] Level 1:colcon.colcon_core.package_discovery:discover_packages(colcon_meta) check parameters
[0.322s] Level 1:colcon.colcon_core.package_discovery:discover_packages(recursive) check parameters
[0.322s] Level 1:colcon.colcon_core.package_discovery:discover_packages(ignore) check parameters
[0.322s] Level 1:colcon.colcon_core.package_discovery:discover_packages(path) check parameters
[0.322s] Level 1:colcon.colcon_core.package_discovery:discover_packages(colcon_meta) discover
[0.322s] Level 1:colcon.colcon_core.package_discovery:discover_packages(recursive) discover
[0.322s] INFO:colcon.colcon_core.package_discovery:Crawling recursively for packages in '/home/cc/ee106a/fa25/class/ee106a-ado/ros_workspaces/106AProject_Drone'
[0.323s] Level 1:colcon.colcon_core.package_identification:_identify(.) by extensions ['ignore', 'ignore_ament_install']
[0.323s] Level 1:colcon.colcon_core.package_identification:_identify(.) by extension 'ignore'
[0.323s] Level 1:colcon.colcon_core.package_identification:_identify(.) by extension 'ignore_ament_install'
[0.323s] Level 1:colcon.colcon_core.package_identification:_identify(.) by extensions ['colcon_pkg']
[0.323s] Level 1:colcon.colcon_core.package_identification:_identify(.) by extension 'colcon_pkg'
[0.323s] Level 1:colcon.colcon_core.package_identification:_identify(.) by extensions ['colcon_meta']
[0.323s] Level 1:colcon.colcon_core.package_identification:_identify(.) by extension 'colcon_meta'
[0.323s] Level 1:colcon.colcon_core.package_identification:_identify(.) by extensions ['ros']
[0.323s] Level 1:colcon.colcon_core.package_identification:_identify(.) by extension 'ros'
[0.330s] Level 1:colcon.colcon_core.package_identification:_identify(.) by extensions ['cmake', 'python']
[0.330s] Level 1:colcon.colcon_core.package_identification:_identify(.) by extension 'cmake'
[0.330s] Level 1:colcon.colcon_core.package_identification:_identify(.) by extension 'python'
[0.330s] Level 1:colcon.colcon_core.package_identification:_identify(.) by extensions ['python_setup_py']
[0.330s] Level 1:colcon.colcon_core.package_identification:_identify(.) by extension 'python_setup_py'
[0.331s] Level 1:colcon.colcon_core.package_identification:_identify(build) by extensions ['ignore', 'ignore_ament_install']
[0.331s] Level 1:colcon.colcon_core.package_identification:_identify(build) by extension 'ignore'
[0.331s] Level 1:colcon.colcon_core.package_identification:_identify(build) ignored
[0.331s] Level 1:colcon.colcon_core.package_identification:_identify(install) by extensions ['ignore', 'ignore_ament_install']
[0.331s] Level 1:colcon.colcon_core.package_identification:_identify(install) by extension 'ignore'
[0.331s] Level 1:colcon.colcon_core.package_identification:_identify(install) ignored
[0.332s] Level 1:colcon.colcon_core.package_identification:_identify(log) by extensions ['ignore', 'ignore_ament_install']
[0.332s] Level 1:colcon.colcon_core.package_identification:_identify(log) by extension 'ignore'
[0.332s] Level 1:colcon.colcon_core.package_identification:_identify(log) ignored
[0.333s] Level 1:colcon.colcon_core.package_identification:_identify(ros2_aruco_ws) by extensions ['ignore', 'ignore_ament_install']
[0.333s] Level 1:colcon.colcon_core.package_identification:_identify(ros2_aruco_ws) by extension 'ignore'
[0.333s] Level 1:colcon.colcon_core.package_identification:_identify(ros2_aruco_ws) by extension 'ignore_ament_install'
[0.333s] Level 1:colcon.colcon_core.package_identification:_identify(ros2_aruco_ws) by extensions ['colcon_pkg']
[0.333s] Level 1:colcon.colcon_core.package_identification:_identify(ros2_aruco_ws) by extension 'colcon_pkg'
[0.333s] Level 1:colcon.colcon_core.package_identification:_identify(ros2_aruco_ws) by extensions ['colcon_meta']
[0.333s] Level 1:colcon.colcon_core.package_identification:_identify(ros2_aruco_ws) by extension 'colcon_meta'
[0.333s] Level 1:colcon.colcon_core.package_identification:_identify(ros2_aruco_ws) by extensions ['ros']
[0.333s] Level 1:colcon.colcon_core.package_identification:_identify(ros2_aruco_ws) by extension 'ros'
[0.333s] Level 1:colcon.colcon_core.package_identification:_identify(ros2_aruco_ws) by extensions ['cmake', 'python']
[0.333s] Level 1:colcon.colcon_core.package_identification:_identify(ros2_aruco_ws) by extension 'cmake'
[0.333s] Level 1:colcon.colcon_core.package_identification:_identify(ros2_aruco_ws) by extension 'python'
[0.333s] Level 1:colcon.colcon_core.package_identification:_identify(ros2_aruco_ws) by extensions ['python_setup_py']
[0.333s] Level 1:colcon.colcon_core.package_identification:_identify(ros2_aruco_ws) by extension 'python_setup_py'
[0.333s] Level 1:colcon.colcon_core.package_identification:_identify(ros2_aruco_ws/build) by extensions ['ignore', 'ignore_ament_install']
[0.333s] Level 1:colcon.colcon_core.package_identification:_identify(ros2_aruco_ws/build) by extension 'ignore'
[0.333s] Level 1:colcon.colcon_core.package_identification:_identify(ros2_aruco_ws/build) ignored
[0.334s] Level 1:colcon.colcon_core.package_identification:_identify(ros2_aruco_ws/config) by extensions ['ignore', 'ignore_ament_install']
[0.334s] Level 1:colcon.colcon_core.package_identification:_identify(ros2_aruco_ws/config) by extension 'ignore'
[0.334s] Level 1:colcon.colcon_core.package_identification:_identify(ros2_aruco_ws/config) by extension 'ignore_ament_install'
[0.334s] Level 1:colcon.colcon_core.package_identification:_identify(ros2_aruco_ws/config) by extensions ['colcon_pkg']
[0.334s] Level 1:colcon.colcon_core.package_identification:_identify(ros2_aruco_ws/config) by extension 'colcon_pkg'
[0.334s] Level 1:colcon.colcon_core.package_identification:_identify(ros2_aruco_ws/config) by extensions ['colcon_meta']
[0.334s] Level 1:colcon.colcon_core.package_identification:_identify(ros2_aruco_ws/config) by extension 'colcon_meta'
[0.334s] Level 1:colcon.colcon_core.package_identification:_identify(ros2_aruco_ws/config) by extensions ['ros']
[0.334s] Level 1:colcon.colcon_core.package_identification:_identify(ros2_aruco_ws/config) by extension 'ros'
[0.334s] Level 1:colcon.colcon_core.package_identification:_identify(ros2_aruco_ws/config) by extensions ['cmake', 'python']
[0.334s] Level 1:colcon.colcon_core.package_identification:_identify(ros2_aruco_ws/config) by extension 'cmake'
[0.334s] Level 1:colcon.colcon_core.package_identification:_identify(ros2_aruco_ws/config) by extension 'python'
[0.334s] Level 1:colcon.colcon_core.package_identification:_identify(ros2_aruco_ws/config) by extensions ['python_setup_py']
[0.334s] Level 1:colcon.colcon_core.package_identification:_identify(ros2_aruco_ws/config) by extension 'python_setup_py'
[0.334s] Level 1:colcon.colcon_core.package_identification:_identify(ros2_aruco_ws/install) by extensions ['ignore', 'ignore_ament_install']
[0.334s] Level 1:colcon.colcon_core.package_identification:_identify(ros2_aruco_ws/install) by extension 'ignore'
[0.335s] Level 1:colcon.colcon_core.package_identification:_identify(ros2_aruco_ws/install) ignored
[0.335s] Level 1:colcon.colcon_core.package_identification:_identify(ros2_aruco_ws/log) by extensions ['ignore', 'ignore_ament_install']
[0.335s] Level 1:colcon.colcon_core.package_identification:_identify(ros2_aruco_ws/log) by extension 'ignore'
[0.336s] Level 1:colcon.colcon_core.package_identification:_identify(ros2_aruco_ws/log) ignored
[0.336s] Level 1:colcon.colcon_core.package_identification:_identify(ros2_aruco_ws/my_aruco_detector) by extensions ['ignore', 'ignore_ament_install']
[0.336s] Level 1:colcon.colcon_core.package_identification:_identify(ros2_aruco_ws/my_aruco_detector) by extension 'ignore'
[0.336s] Level 1:colcon.colcon_core.package_identification:_identify(ros2_aruco_ws/my_aruco_detector) by extension 'ignore_ament_install'
[0.336s] Level 1:colcon.colcon_core.package_identification:_identify(ros2_aruco_ws/my_aruco_detector) by extensions ['colcon_pkg']
[0.336s] Level 1:colcon.colcon_core.package_identification:_identify(ros2_aruco_ws/my_aruco_detector) by extension 'colcon_pkg'
[0.336s] Level 1:colcon.colcon_core.package_identification:_identify(ros2_aruco_ws/my_aruco_detector) by extensions ['colcon_meta']
[0.336s] Level 1:colcon.colcon_core.package_identification:_identify(ros2_aruco_ws/my_aruco_detector) by extension 'colcon_meta'
[0.336s] Level 1:colcon.colcon_core.package_identification:_identify(ros2_aruco_ws/my_aruco_detector) by extensions ['ros']
[0.336s] Level 1:colcon.colcon_core.package_identification:_identify(ros2_aruco_ws/my_aruco_detector) by extension 'ros'
[0.339s] DEBUG:colcon.colcon_core.package_identification:Package 'ros2_aruco_ws/my_aruco_detector' with type 'ros.ament_python' and name 'my_aruco_detector'
[0.339s] Level 1:colcon.colcon_core.package_identification:_identify(ros2_aruco_ws/src) by extensions ['ignore', 'ignore_ament_install']
[0.339s] Level 1:colcon.colcon_core.package_identification:_identify(ros2_aruco_ws/src) by extension 'ignore'
[0.339s] Level 1:colcon.colcon_core.package_identification:_identify(ros2_aruco_ws/src) by extension 'ignore_ament_install'
[0.339s] Level 1:colcon.colcon_core.package_identification:_identify(ros2_aruco_ws/src) by extensions ['colcon_pkg']
[0.339s] Level 1:colcon.colcon_core.package_identification:_identify(ros2_aruco_ws/src) by extension 'colcon_pkg'
[0.339s] Level 1:colcon.colcon_core.package_identification:_identify(ros2_aruco_ws/src) by extensions ['colcon_meta']
[0.339s] Level 1:colcon.colcon_core.package_identification:_identify(ros2_aruco_ws/src) by extension 'colcon_meta'
[0.339s] Level 1:colcon.colcon_core.package_identification:_identify(ros2_aruco_ws/src) by extensions ['ros']
[0.339s] Level 1:colcon.colcon_core.package_identification:_identify(ros2_aruco_ws/src) by extension 'ros'
[0.339s] Level 1:colcon.colcon_core.package_identification:_identify(ros2_aruco_ws/src) by extensions ['cmake', 'python']
[0.339s] Level 1:colcon.colcon_core.package_identification:_identify(ros2_aruco_ws/src) by extension 'cmake'
[0.339s] Level 1:colcon.colcon_core.package_identification:_identify(ros2_aruco_ws/src) by extension 'python'
[0.339s] Level 1:colcon.colcon_core.package_identification:_identify(ros2_aruco_ws/src) by extensions ['python_setup_py']
[0.339s] Level 1:colcon.colcon_core.package_identification:_identify(ros2_aruco_ws/src) by extension 'python_setup_py'
[0.339s] Level 1:colcon.colcon_core.package_identification:_identify(ros2_aruco_ws/src/ros2_aruco) by extensions ['ignore', 'ignore_ament_install']
[0.340s] Level 1:colcon.colcon_core.package_identification:_identify(ros2_aruco_ws/src/ros2_aruco) by extension 'ignore'
[0.340s] Level 1:colcon.colcon_core.package_identification:_identify(ros2_aruco_ws/src/ros2_aruco) by extension 'ignore_ament_install'
[0.340s] Level 1:colcon.colcon_core.package_identification:_identify(ros2_aruco_ws/src/ros2_aruco) by extensions ['colcon_pkg']
[0.340s] Level 1:colcon.colcon_core.package_identification:_identify(ros2_aruco_ws/src/ros2_aruco) by extension 'colcon_pkg'
[0.340s] Level 1:colcon.colcon_core.package_identification:_identify(ros2_aruco_ws/src/ros2_aruco) by extensions ['colcon_meta']
[0.340s] Level 1:colcon.colcon_core.package_identification:_identify(ros2_aruco_ws/src/ros2_aruco) by extension 'colcon_meta'
[0.340s] Level 1:colcon.colcon_core.package_identification:_identify(ros2_aruco_ws/src/ros2_aruco) by extensions ['ros']
[0.340s] Level 1:colcon.colcon_core.package_identification:_identify(ros2_aruco_ws/src/ros2_aruco) by extension 'ros'
[0.340s] Level 1:colcon.colcon_core.package_identification:_identify(ros2_aruco_ws/src/ros2_aruco) by extensions ['cmake', 'python']
[0.340s] Level 1:colcon.colcon_core.package_identification:_identify(ros2_aruco_ws/src/ros2_aruco) by extension 'cmake'
[0.340s] Level 1:colcon.colcon_core.package_identification:_identify(ros2_aruco_ws/src/ros2_aruco) by extension 'python'
[0.340s] Level 1:colcon.colcon_core.package_identification:_identify(ros2_aruco_ws/src/ros2_aruco) by extensions ['python_setup_py']
[0.340s] Level 1:colcon.colcon_core.package_identification:_identify(ros2_aruco_ws/src/ros2_aruco) by extension 'python_setup_py'
[0.340s] Level 1:colcon.colcon_core.package_identification:_identify(ros2_aruco_ws/src/ros2_aruco/ros2_aruco) by extensions ['ignore', 'ignore_ament_install']
[0.340s] Level 1:colcon.colcon_core.package_identification:_identify(ros2_aruco_ws/src/ros2_aruco/ros2_aruco) by extension 'ignore'
[0.340s] Level 1:colcon.colcon_core.package_identification:_identify(ros2_aruco_ws/src/ros2_aruco/ros2_aruco) by extension 'ignore_ament_install'
[0.340s] Level 1:colcon.colcon_core.package_identification:_identify(ros2_aruco_ws/src/ros2_aruco/ros2_aruco) by extensions ['colcon_pkg']
[0.340s] Level 1:colcon.colcon_core.package_identification:_identify(ros2_aruco_ws/src/ros2_aruco/ros2_aruco) by extension 'colcon_pkg'
[0.340s] Level 1:colcon.colcon_core.package_identification:_identify(ros2_aruco_ws/src/ros2_aruco/ros2_aruco) by extensions ['colcon_meta']
[0.340s] Level 1:colcon.colcon_core.package_identification:_identify(ros2_aruco_ws/src/ros2_aruco/ros2_aruco) by extension 'colcon_meta'
[0.340s] Level 1:colcon.colcon_core.package_identification:_identify(ros2_aruco_ws/src/ros2_aruco/ros2_aruco) by extensions ['ros']
[0.340s] Level 1:colcon.colcon_core.package_identification:_identify(ros2_aruco_ws/src/ros2_aruco/ros2_aruco) by extension 'ros'
[0.341s] DEBUG:colcon.colcon_core.package_identification:Package 'ros2_aruco_ws/src/ros2_aruco/ros2_aruco' with type 'ros.ament_python' and name 'ros2_aruco'
[0.342s] Level 1:colcon.colcon_core.package_identification:_identify(ros2_aruco_ws/src/ros2_aruco/ros2_aruco_interfaces) by extensions ['ignore', 'ignore_ament_install']
[0.342s] Level 1:colcon.colcon_core.package_identification:_identify(ros2_aruco_ws/src/ros2_aruco/ros2_aruco_interfaces) by extension 'ignore'
[0.342s] Level 1:colcon.colcon_core.package_identification:_identify(ros2_aruco_ws/src/ros2_aruco/ros2_aruco_interfaces) by extension 'ignore_ament_install'
[0.342s] Level 1:colcon.colcon_core.package_identification:_identify(ros2_aruco_ws/src/ros2_aruco/ros2_aruco_interfaces) by extensions ['colcon_pkg']
[0.342s] Level 1:colcon.colcon_core.package_identification:_identify(ros2_aruco_ws/src/ros2_aruco/ros2_aruco_interfaces) by extension 'colcon_pkg'
[0.342s] Level 1:colcon.colcon_core.package_identification:_identify(ros2_aruco_ws/src/ros2_aruco/ros2_aruco_interfaces) by extensions ['colcon_meta']
[0.342s] Level 1:colcon.colcon_core.package_identification:_identify(ros2_aruco_ws/src/ros2_aruco/ros2_aruco_interfaces) by extension 'colcon_meta'
[0.342s] Level 1:colcon.colcon_core.package_identification:_identify(ros2_aruco_ws/src/ros2_aruco/ros2_aruco_interfaces) by extensions ['ros']
[0.342s] Level 1:colcon.colcon_core.package_identification:_identify(ros2_aruco_ws/src/ros2_aruco/ros2_aruco_interfaces) by extension 'ros'
[0.343s] DEBUG:colcon.colcon_core.package_identification:Package 'ros2_aruco_ws/src/ros2_aruco/ros2_aruco_interfaces' with type 'ros.ament_cmake' and name 'ros2_aruco_interfaces'
[0.343s] Level 1:colcon.colcon_core.package_identification:_identify(ros2_aruco_ws/src/usb_cam) by extensions ['ignore', 'ignore_ament_install']
[0.344s] Level 1:colcon.colcon_core.package_identification:_identify(ros2_aruco_ws/src/usb_cam) by extension 'ignore'
[0.344s] Level 1:colcon.colcon_core.package_identification:_identify(ros2_aruco_ws/src/usb_cam) by extension 'ignore_ament_install'
[0.344s] Level 1:colcon.colcon_core.package_identification:_identify(ros2_aruco_ws/src/usb_cam) by extensions ['colcon_pkg']
[0.344s] Level 1:colcon.colcon_core.package_identification:_identify(ros2_aruco_ws/src/usb_cam) by extension 'colcon_pkg'
[0.344s] Level 1:colcon.colcon_core.package_identification:_identify(ros2_aruco_ws/src/usb_cam) by extensions ['colcon_meta']
[0.344s] Level 1:colcon.colcon_core.package_identification:_identify(ros2_aruco_ws/src/usb_cam) by extension 'colcon_meta'
[0.344s] Level 1:colcon.colcon_core.package_identification:_identify(ros2_aruco_ws/src/usb_cam) by extensions ['ros']
[0.344s] Level 1:colcon.colcon_core.package_identification:_identify(ros2_aruco_ws/src/usb_cam) by extension 'ros'
[0.345s] DEBUG:colcon.colcon_core.package_identification:Package 'ros2_aruco_ws/src/usb_cam' with type 'ros.ament_cmake' and name 'usb_cam'
[0.345s] Level 1:colcon.colcon_core.package_discovery:discover_packages(recursive) using defaults
[0.345s] Level 1:colcon.colcon_core.package_discovery:discover_packages(ignore) discover
[0.345s] Level 1:colcon.colcon_core.package_discovery:discover_packages(ignore) using defaults
[0.345s] Level 1:colcon.colcon_core.package_discovery:discover_packages(path) discover
[0.345s] Level 1:colcon.colcon_core.package_discovery:discover_packages(path) using defaults
[0.362s] Level 5:colcon.colcon_core.verb:set package 'my_aruco_detector' build argument 'cmake_args' from command line to 'None'
[0.363s] Level 5:colcon.colcon_core.verb:set package 'my_aruco_detector' build argument 'cmake_target' from command line to 'None'
[0.363s] Level 5:colcon.colcon_core.verb:set package 'my_aruco_detector' build argument 'cmake_target_skip_unavailable' from command line to 'False'
[0.363s] Level 5:colcon.colcon_core.verb:set package 'my_aruco_detector' build argument 'cmake_clean_cache' from command line to 'False'
[0.363s] Level 5:colcon.colcon_core.verb:set package 'my_aruco_detector' build argument 'cmake_clean_first' from command line to 'False'
[0.363s] Level 5:colcon.colcon_core.verb:set package 'my_aruco_detector' build argument 'cmake_force_configure' from command line to 'False'
[0.363s] Level 5:colcon.colcon_core.verb:set package 'my_aruco_detector' build argument 'ament_cmake_args' from command line to 'None'
[0.363s] Level 5:colcon.colcon_core.verb:set package 'my_aruco_detector' build argument 'catkin_cmake_args' from command line to 'None'
[0.363s] Level 5:colcon.colcon_core.verb:set package 'my_aruco_detector' build argument 'catkin_skip_building_tests' from command line to 'False'
[0.363s] DEBUG:colcon.colcon_core.verb:Building package 'my_aruco_detector' with the following arguments: {'ament_cmake_args': None, 'build_base': '/home/cc/ee106a/fa25/class/ee106a-ado/ros_workspaces/106AProject_Drone/build/my_aruco_detector', 'catkin_cmake_args': None, 'catkin_skip_building_tests': False, 'cmake_args': None, 'cmake_clean_cache': False, 'cmake_clean_first': False, 'cmake_force_configure': False, 'cmake_target': None, 'cmake_target_skip_unavailable': False, 'install_base': '/home/cc/ee106a/fa25/class/ee106a-ado/ros_workspaces/106AProject_Drone/install/my_aruco_detector', 'merge_install': False, 'path': '/home/cc/ee106a/fa25/class/ee106a-ado/ros_workspaces/106AProject_Drone/ros2_aruco_ws/my_aruco_detector', 'symlink_install': False, 'test_result_base': None}
[0.363s] Level 5:colcon.colcon_core.verb:set package 'ros2_aruco' build argument 'cmake_args' from command line to 'None'
[0.363s] Level 5:colcon.colcon_core.verb:set package 'ros2_aruco' build argument 'cmake_target' from command line to 'None'
[0.363s] Level 5:colcon.colcon_core.verb:set package 'ros2_aruco' build argument 'cmake_target_skip_unavailable' from command line to 'False'
[0.363s] Level 5:colcon.colcon_core.verb:set package 'ros2_aruco' build argument 'cmake_clean_cache' from command line to 'False'
[0.363s] Level 5:colcon.colcon_core.verb:set package 'ros2_aruco' build argument 'cmake_clean_first' from command line to 'False'
[0.363s] Level 5:colcon.colcon_core.verb:set package 'ros2_aruco' build argument 'cmake_force_configure' from command line to 'False'
[0.363s] Level 5:colcon.colcon_core.verb:set package 'ros2_aruco' build argument 'ament_cmake_args' from command line to 'None'
[0.363s] Level 5:colcon.colcon_core.verb:set package 'ros2_aruco' build argument 'catkin_cmake_args' from command line to 'None'
[0.363s] Level 5:colcon.colcon_core.verb:set package 'ros2_aruco' build argument 'catkin_skip_building_tests' from command line to 'False'
[0.363s] DEBUG:colcon.colcon_core.verb:Building package 'ros2_aruco' with the following arguments: {'ament_cmake_args': None, 'build_base': '/home/cc/ee106a/fa25/class/ee106a-ado/ros_workspaces/106AProject_Drone/build/ros2_aruco', 'catkin_cmake_args': None, 'catkin_skip_building_tests': False, 'cmake_args': None, 'cmake_clean_cache': False, 'cmake_clean_first': False, 'cmake_force_configure': False, 'cmake_target': None, 'cmake_target_skip_unavailable': False, 'install_base': '/home/cc/ee106a/fa25/class/ee106a-ado/ros_workspaces/106AProject_Drone/install/ros2_aruco', 'merge_install': False, 'path': '/home/cc/ee106a/fa25/class/ee106a-ado/ros_workspaces/106AProject_Drone/ros2_aruco_ws/src/ros2_aruco/ros2_aruco', 'symlink_install': False, 'test_result_base': None}
[0.363s] Level 5:colcon.colcon_core.verb:set package 'ros2_aruco_interfaces' build argument 'cmake_args' from command line to 'None'
[0.363s] Level 5:colcon.colcon_core.verb:set package 'ros2_aruco_interfaces' build argument 'cmake_target' from command line to 'None'
[0.363s] Level 5:colcon.colcon_core.verb:set package 'ros2_aruco_interfaces' build argument 'cmake_target_skip_unavailable' from command line to 'False'
[0.363s] Level 5:colcon.colcon_core.verb:set package 'ros2_aruco_interfaces' build argument 'cmake_clean_cache' from command line to 'False'
[0.363s] Level 5:colcon.colcon_core.verb:set package 'ros2_aruco_interfaces' build argument 'cmake_clean_first' from command line to 'False'
[0.363s] Level 5:colcon.colcon_core.verb:set package 'ros2_aruco_interfaces' build argument 'cmake_force_configure' from command line to 'False'
[0.363s] Level 5:colcon.colcon_core.verb:set package 'ros2_aruco_interfaces' build argument 'ament_cmake_args' from command line to 'None'
[0.363s] Level 5:colcon.colcon_core.verb:set package 'ros2_aruco_interfaces' build argument 'catkin_cmake_args' from command line to 'None'
[0.363s] Level 5:colcon.colcon_core.verb:set package 'ros2_aruco_interfaces' build argument 'catkin_skip_building_tests' from command line to 'False'
[0.363s] DEBUG:colcon.colcon_core.verb:Building package 'ros2_aruco_interfaces' with the following arguments: {'ament_cmake_args': None, 'build_base': '/home/cc/ee106a/fa25/class/ee106a-ado/ros_workspaces/106AProject_Drone/build/ros2_aruco_interfaces', 'catkin_cmake_args': None, 'catkin_skip_building_tests': False, 'cmake_args': None, 'cmake_clean_cache': False, 'cmake_clean_first': False, 'cmake_force_configure': False, 'cmake_target': None, 'cmake_target_skip_unavailable': False, 'install_base': '/home/cc/ee106a/fa25/class/ee106a-ado/ros_workspaces/106AProject_Drone/install/ros2_aruco_interfaces', 'merge_install': False, 'path': '/home/cc/ee106a/fa25/class/ee106a-ado/ros_workspaces/106AProject_Drone/ros2_aruco_ws/src/ros2_aruco/ros2_aruco_interfaces', 'symlink_install': False, 'test_result_base': None}
[0.363s] Level 5:colcon.colcon_core.verb:set package 'usb_cam' build argument 'cmake_args' from command line to 'None'
[0.363s] Level 5:colcon.colcon_core.verb:set package 'usb_cam' build argument 'cmake_target' from command line to 'None'
[0.363s] Level 5:colcon.colcon_core.verb:set package 'usb_cam' build argument 'cmake_target_skip_unavailable' from command line to 'False'
[0.363s] Level 5:colcon.colcon_core.verb:set package 'usb_cam' build argument 'cmake_clean_cache' from command line to 'False'
[0.363s] Level 5:colcon.colcon_core.verb:set package 'usb_cam' build argument 'cmake_clean_first' from command line to 'False'
[0.363s] Level 5:colcon.colcon_core.verb:set package 'usb_cam' build argument 'cmake_force_configure' from command line to 'False'
[0.364s] Level 5:colcon.colcon_core.verb:set package 'usb_cam' build argument 'ament_cmake_args' from command line to 'None'
[0.364s] Level 5:colcon.colcon_core.verb:set package 'usb_cam' build argument 'catkin_cmake_args' from command line to 'None'
[0.364s] Level 5:colcon.colcon_core.verb:set package 'usb_cam' build argument 'catkin_skip_building_tests' from command line to 'False'
[0.364s] DEBUG:colcon.colcon_core.verb:Building package 'usb_cam' with the following arguments: {'ament_cmake_args': None, 'build_base': '/home/cc/ee106a/fa25/class/ee106a-ado/ros_workspaces/106AProject_Drone/build/usb_cam', 'catkin_cmake_args': None, 'catkin_skip_building_tests': False, 'cmake_args': None, 'cmake_clean_cache': False, 'cmake_clean_first': False, 'cmake_force_configure': False, 'cmake_target': None, 'cmake_target_skip_unavailable': False, 'install_base': '/home/cc/ee106a/fa25/class/ee106a-ado/ros_workspaces/106AProject_Drone/install/usb_cam', 'merge_install': False, 'path': '/home/cc/ee106a/fa25/class/ee106a-ado/ros_workspaces/106AProject_Drone/ros2_aruco_ws/src/usb_cam', 'symlink_install': False, 'test_result_base': None}
[0.364s] INFO:colcon.colcon_core.executor:Executing jobs using 'parallel' executor
[0.364s] DEBUG:colcon.colcon_parallel_executor.executor.parallel:run_until_complete
[0.364s] INFO:colcon.colcon_ros.task.ament_python.build:Building ROS package in '/home/cc/ee106a/fa25/class/ee106a-ado/ros_workspaces/106AProject_Drone/ros2_aruco_ws/my_aruco_detector' with build type 'ament_python'
[0.365s] Level 1:colcon.colcon_core.shell:create_environment_hook('my_aruco_detector', 'ament_prefix_path')
[0.371s] INFO:colcon.colcon_core.plugin_system:Skipping extension 'colcon_core.shell.bat': Not used on non-Windows systems
[0.372s] INFO:colcon.colcon_core.shell:Creating environment hook '/home/cc/ee106a/fa25/class/ee106a-ado/ros_workspaces/106AProject_Drone/install/my_aruco_detector/share/my_aruco_detector/hook/ament_prefix_path.ps1'
[0.374s] INFO:colcon.colcon_core.shell:Creating environment descriptor '/home/cc/ee106a/fa25/class/ee106a-ado/ros_workspaces/106AProject_Drone/install/my_aruco_detector/share/my_aruco_detector/hook/ament_prefix_path.dsv'
[0.376s] INFO:colcon.colcon_core.shell:Creating environment hook '/home/cc/ee106a/fa25/class/ee106a-ado/ros_workspaces/106AProject_Drone/install/my_aruco_detector/share/my_aruco_detector/hook/ament_prefix_path.sh'
[0.379s] INFO:colcon.colcon_core.shell:Skip shell extension 'powershell' for command environment: Not usable outside of PowerShell
[0.379s] DEBUG:colcon.colcon_core.shell:Skip shell extension 'dsv' for command environment
[0.402s] INFO:colcon.colcon_ros.task.ament_python.build:Building ROS package in '/home/cc/ee106a/fa25/class/ee106a-ado/ros_workspaces/106AProject_Drone/ros2_aruco_ws/src/ros2_aruco/ros2_aruco' with build type 'ament_python'
[0.402s] Level 1:colcon.colcon_core.shell:create_environment_hook('ros2_aruco', 'ament_prefix_path')
[0.402s] INFO:colcon.colcon_core.shell:Creating environment hook '/home/cc/ee106a/fa25/class/ee106a-ado/ros_workspaces/106AProject_Drone/install/ros2_aruco/share/ros2_aruco/hook/ament_prefix_path.ps1'
[0.406s] INFO:colcon.colcon_core.shell:Creating environment descriptor '/home/cc/ee106a/fa25/class/ee106a-ado/ros_workspaces/106AProject_Drone/install/ros2_aruco/share/ros2_aruco/hook/ament_prefix_path.dsv'
[0.408s] INFO:colcon.colcon_core.shell:Creating environment hook '/home/cc/ee106a/fa25/class/ee106a-ado/ros_workspaces/106AProject_Drone/install/ros2_aruco/share/ros2_aruco/hook/ament_prefix_path.sh'
[0.411s] INFO:colcon.colcon_core.shell:Skip shell extension 'powershell' for command environment: Not usable outside of PowerShell
[0.412s] DEBUG:colcon.colcon_core.shell:Skip shell extension 'dsv' for command environment
[0.429s] INFO:colcon.colcon_ros.task.ament_cmake.build:Building ROS package in '/home/cc/ee106a/fa25/class/ee106a-ado/ros_workspaces/106AProject_Drone/ros2_aruco_ws/src/ros2_aruco/ros2_aruco_interfaces' with build type 'ament_cmake'
[0.429s] INFO:colcon.colcon_cmake.task.cmake.build:Building CMake package in '/home/cc/ee106a/fa25/class/ee106a-ado/ros_workspaces/106AProject_Drone/ros2_aruco_ws/src/ros2_aruco/ros2_aruco_interfaces'
[0.429s] INFO:colcon.colcon_core.shell:Skip shell extension 'powershell' for command environment: Not usable outside of PowerShell
[0.429s] DEBUG:colcon.colcon_core.shell:Skip shell extension 'dsv' for command environment
[0.449s] INFO:colcon.colcon_ros.task.ament_cmake.build:Building ROS package in '/home/cc/ee106a/fa25/class/ee106a-ado/ros_workspaces/106AProject_Drone/ros2_aruco_ws/src/usb_cam' with build type 'ament_cmake'
[0.449s] INFO:colcon.colcon_cmake.task.cmake.build:Building CMake package in '/home/cc/ee106a/fa25/class/ee106a-ado/ros_workspaces/106AProject_Drone/ros2_aruco_ws/src/usb_cam'
[0.450s] INFO:colcon.colcon_core.shell:Skip shell extension 'powershell' for command environment: Not usable outside of PowerShell
[0.450s] DEBUG:colcon.colcon_core.shell:Skip shell extension 'dsv' for command environment
[0.756s] INFO:colcon.colcon_core.task.python.build:Building Python package in '/home/cc/ee106a/fa25/class/ee106a-ado/ros_workspaces/106AProject_Drone/ros2_aruco_ws/my_aruco_detector'
[0.756s] INFO:colcon.colcon_core.shell:Skip shell extension 'powershell' for command environment: Not usable outside of PowerShell
[0.756s] DEBUG:colcon.colcon_core.shell:Skip shell extension 'dsv' for command environment
[1.012s] INFO:colcon.colcon_core.task.python.build:Building Python package in '/home/cc/ee106a/fa25/class/ee106a-ado/ros_workspaces/106AProject_Drone/ros2_aruco_ws/src/ros2_aruco/ros2_aruco'
[1.012s] INFO:colcon.colcon_core.shell:Skip shell extension 'powershell' for command environment: Not usable outside of PowerShell
[1.012s] DEBUG:colcon.colcon_core.shell:Skip shell extension 'dsv' for command environment
[1.039s] DEBUG:colcon.colcon_core.event_handler.log_command:Invoking command in '/home/cc/ee106a/fa25/class/ee106a-ado/ros_workspaces/106AProject_Drone/build/ros2_aruco_interfaces': CMAKE_PREFIX_PATH=${CMAKE_PREFIX_PATH}:/home/cc/ee106a/fa25/class/ee106a-ado/ros_workspaces/106AProject_Drone/install/ros2_aruco:/home/cc/ee106a/fa25/class/ee106a-ado/ros_workspaces/106AProject_Drone/install/my_aruco_detector:/opt/ros/turtlebot3_ws/install/turtlebot3_teleop:/opt/ros/turtlebot3_ws/install/turtlebot3_example:/opt/ros/humble /usr/bin/cmake --build /home/cc/ee106a/fa25/class/ee106a-ado/ros_workspaces/106AProject_Drone/build/ros2_aruco_interfaces -- -j32 -l32
[1.053s] DEBUG:colcon.colcon_core.event_handler.log_command:Invoking command in '/home/cc/ee106a/fa25/class/ee106a-ado/ros_workspaces/106AProject_Drone/build/usb_cam': CMAKE_PREFIX_PATH=${CMAKE_PREFIX_PATH}:/home/cc/ee106a/fa25/class/ee106a-ado/ros_workspaces/106AProject_Drone/install/ros2_aruco:/home/cc/ee106a/fa25/class/ee106a-ado/ros_workspaces/106AProject_Drone/install/my_aruco_detector:/opt/ros/turtlebot3_ws/install/turtlebot3_teleop:/opt/ros/turtlebot3_ws/install/turtlebot3_example:/opt/ros/humble /usr/bin/cmake --build /home/cc/ee106a/fa25/class/ee106a-ado/ros_workspaces/106AProject_Drone/build/usb_cam -- -j32 -l32
[1.404s] DEBUG:colcon.colcon_core.event_handler.log_command:Invoked command in '/home/cc/ee106a/fa25/class/ee106a-ado/ros_workspaces/106AProject_Drone/build/usb_cam' returned '0': CMAKE_PREFIX_PATH=${CMAKE_PREFIX_PATH}:/home/cc/ee106a/fa25/class/ee106a-ado/ros_workspaces/106AProject_Drone/install/ros2_aruco:/home/cc/ee106a/fa25/class/ee106a-ado/ros_workspaces/106AProject_Drone/install/my_aruco_detector:/opt/ros/turtlebot3_ws/install/turtlebot3_teleop:/opt/ros/turtlebot3_ws/install/turtlebot3_example:/opt/ros/humble /usr/bin/cmake --build /home/cc/ee106a/fa25/class/ee106a-ado/ros_workspaces/106AProject_Drone/build/usb_cam -- -j32 -l32
[1.426s] DEBUG:colcon.colcon_core.event_handler.log_command:Invoking command in '/home/cc/ee106a/fa25/class/ee106a-ado/ros_workspaces/106AProject_Drone/build/usb_cam': CMAKE_PREFIX_PATH=${CMAKE_PREFIX_PATH}:/home/cc/ee106a/fa25/class/ee106a-ado/ros_workspaces/106AProject_Drone/install/ros2_aruco:/home/cc/ee106a/fa25/class/ee106a-ado/ros_workspaces/106AProject_Drone/install/my_aruco_detector:/opt/ros/turtlebot3_ws/install/turtlebot3_teleop:/opt/ros/turtlebot3_ws/install/turtlebot3_example:/opt/ros/humble /usr/bin/cmake --install /home/cc/ee106a/fa25/class/ee106a-ado/ros_workspaces/106AProject_Drone/build/usb_cam
[1.551s] DEBUG:colcon.colcon_core.event_handler.log_command:Invoking command in '/home/cc/ee106a/fa25/class/ee106a-ado/ros_workspaces/106AProject_Drone/ros2_aruco_ws/my_aruco_detector': PYTHONPATH=/home/cc/ee106a/fa25/class/ee106a-ado/ros_workspaces/106AProject_Drone/build/my_aruco_detector/prefix_override:/usr/lib/python3/dist-packages/colcon_core/task/python/colcon_distutils_commands:/home/cc/ee106a/fa25/class/ee106a-ado/ros_workspaces/106AProject_Drone/install/my_aruco_detector/lib/python3.10/site-packages:${PYTHONPATH} /usr/bin/python3 -W ignore:setup.py install is deprecated -W ignore:easy_install command is deprecated setup.py egg_info --egg-base ../../build/my_aruco_detector build --build-base /home/cc/ee106a/fa25/class/ee106a-ado/ros_workspaces/106AProject_Drone/build/my_aruco_detector/build install --record /home/cc/ee106a/fa25/class/ee106a-ado/ros_workspaces/106AProject_Drone/build/my_aruco_detector/install.log --single-version-externally-managed install_data
[1.563s] DEBUG:colcon.colcon_core.event_handler.log_command:Invoking command in '/home/cc/ee106a/fa25/class/ee106a-ado/ros_workspaces/106AProject_Drone/ros2_aruco_ws/src/ros2_aruco/ros2_aruco': PYTHONPATH=/home/cc/ee106a/fa25/class/ee106a-ado/ros_workspaces/106AProject_Drone/build/ros2_aruco/prefix_override:/usr/lib/python3/dist-packages/colcon_core/task/python/colcon_distutils_commands:/home/cc/ee106a/fa25/class/ee106a-ado/ros_workspaces/106AProject_Drone/install/ros2_aruco/lib/python3.10/site-packages:${PYTHONPATH} /usr/bin/python3 -W ignore:setup.py install is deprecated -W ignore:easy_install command is deprecated setup.py egg_info --egg-base ../../../../build/ros2_aruco build --build-base /home/cc/ee106a/fa25/class/ee106a-ado/ros_workspaces/106AProject_Drone/build/ros2_aruco/build install --record /home/cc/ee106a/fa25/class/ee106a-ado/ros_workspaces/106AProject_Drone/build/ros2_aruco/install.log --single-version-externally-managed install_data
[1.581s] Level 1:colcon.colcon_core.environment:create_environment_scripts_only(usb_cam)
[1.582s] DEBUG:colcon.colcon_core.event_handler.log_command:Invoked command in '/home/cc/ee106a/fa25/class/ee106a-ado/ros_workspaces/106AProject_Drone/build/usb_cam' returned '0': CMAKE_PREFIX_PATH=${CMAKE_PREFIX_PATH}:/home/cc/ee106a/fa25/class/ee106a-ado/ros_workspaces/106AProject_Drone/install/ros2_aruco:/home/cc/ee106a/fa25/class/ee106a-ado/ros_workspaces/106AProject_Drone/install/my_aruco_detector:/opt/ros/turtlebot3_ws/install/turtlebot3_teleop:/opt/ros/turtlebot3_ws/install/turtlebot3_example:/opt/ros/humble /usr/bin/cmake --install /home/cc/ee106a/fa25/class/ee106a-ado/ros_workspaces/106AProject_Drone/build/usb_cam
[1.584s] Level 1:colcon.colcon_core.environment:checking '/home/cc/ee106a/fa25/class/ee106a-ado/ros_workspaces/106AProject_Drone/install/usb_cam' for CMake module files
[1.586s] Level 1:colcon.colcon_core.environment:checking '/home/cc/ee106a/fa25/class/ee106a-ado/ros_workspaces/106AProject_Drone/install/usb_cam' for CMake config files
[1.590s] Level 1:colcon.colcon_core.shell:create_environment_hook('usb_cam', 'cmake_prefix_path')
[1.590s] INFO:colcon.colcon_core.shell:Creating environment hook '/home/cc/ee106a/fa25/class/ee106a-ado/ros_workspaces/106AProject_Drone/install/usb_cam/share/usb_cam/hook/cmake_prefix_path.ps1'
[1.592s] INFO:colcon.colcon_core.shell:Creating environment descriptor '/home/cc/ee106a/fa25/class/ee106a-ado/ros_workspaces/106AProject_Drone/install/usb_cam/share/usb_cam/hook/cmake_prefix_path.dsv'
[1.594s] INFO:colcon.colcon_core.shell:Creating environment hook '/home/cc/ee106a/fa25/class/ee106a-ado/ros_workspaces/106AProject_Drone/install/usb_cam/share/usb_cam/hook/cmake_prefix_path.sh'
[1.596s] Level 1:colcon.colcon_core.environment:checking '/home/cc/ee106a/fa25/class/ee106a-ado/ros_workspaces/106AProject_Drone/install/usb_cam/lib'
[1.597s] Level 1:colcon.colcon_core.shell:create_environment_hook('usb_cam', 'ld_library_path_lib')
[1.597s] INFO:colcon.colcon_core.shell:Creating environment hook '/home/cc/ee106a/fa25/class/ee106a-ado/ros_workspaces/106AProject_Drone/install/usb_cam/share/usb_cam/hook/ld_library_path_lib.ps1'
[1.599s] INFO:colcon.colcon_core.shell:Creating environment descriptor '/home/cc/ee106a/fa25/class/ee106a-ado/ros_workspaces/106AProject_Drone/install/usb_cam/share/usb_cam/hook/ld_library_path_lib.dsv'
[1.601s] INFO:colcon.colcon_core.shell:Creating environment hook '/home/cc/ee106a/fa25/class/ee106a-ado/ros_workspaces/106AProject_Drone/install/usb_cam/share/usb_cam/hook/ld_library_path_lib.sh'
[1.603s] Level 1:colcon.colcon_core.environment:checking '/home/cc/ee106a/fa25/class/ee106a-ado/ros_workspaces/106AProject_Drone/install/usb_cam/bin'
[1.603s] Level 1:colcon.colcon_core.environment:checking '/home/cc/ee106a/fa25/class/ee106a-ado/ros_workspaces/106AProject_Drone/install/usb_cam/lib/pkgconfig/usb_cam.pc'
[1.603s] Level 1:colcon.colcon_core.environment:checking '/home/cc/ee106a/fa25/class/ee106a-ado/ros_workspaces/106AProject_Drone/install/usb_cam/lib/python3.10/site-packages'
[1.603s] Level 1:colcon.colcon_core.environment:checking '/home/cc/ee106a/fa25/class/ee106a-ado/ros_workspaces/106AProject_Drone/install/usb_cam/bin'
[1.603s] INFO:colcon.colcon_core.shell:Creating package script '/home/cc/ee106a/fa25/class/ee106a-ado/ros_workspaces/106AProject_Drone/install/usb_cam/share/usb_cam/package.ps1'
[1.606s] INFO:colcon.colcon_core.shell:Creating package descriptor '/home/cc/ee106a/fa25/class/ee106a-ado/ros_workspaces/106AProject_Drone/install/usb_cam/share/usb_cam/package.dsv'
[1.608s] INFO:colcon.colcon_core.shell:Creating package script '/home/cc/ee106a/fa25/class/ee106a-ado/ros_workspaces/106AProject_Drone/install/usb_cam/share/usb_cam/package.sh'
[1.610s] INFO:colcon.colcon_core.shell:Creating package script '/home/cc/ee106a/fa25/class/ee106a-ado/ros_workspaces/106AProject_Drone/install/usb_cam/share/usb_cam/package.bash'
[1.612s] INFO:colcon.colcon_core.shell:Creating package script '/home/cc/ee106a/fa25/class/ee106a-ado/ros_workspaces/106AProject_Drone/install/usb_cam/share/usb_cam/package.zsh'
[1.614s] Level 1:colcon.colcon_core.environment:create_file_with_runtime_dependencies(/home/cc/ee106a/fa25/class/ee106a-ado/ros_workspaces/106AProject_Drone/install/usb_cam/share/colcon-core/packages/usb_cam)
[1.618s] Level 1:colcon.colcon_core.environment:create_environment_scripts_only(usb_cam)
[1.618s] Level 1:colcon.colcon_core.environment:checking '/home/cc/ee106a/fa25/class/ee106a-ado/ros_workspaces/106AProject_Drone/install/usb_cam' for CMake module files
[1.620s] Level 1:colcon.colcon_core.environment:checking '/home/cc/ee106a/fa25/class/ee106a-ado/ros_workspaces/106AProject_Drone/install/usb_cam' for CMake config files
[1.622s] Level 1:colcon.colcon_core.shell:create_environment_hook('usb_cam', 'cmake_prefix_path')
[1.622s] INFO:colcon.colcon_core.shell:Creating environment hook '/home/cc/ee106a/fa25/class/ee106a-ado/ros_workspaces/106AProject_Drone/install/usb_cam/share/usb_cam/hook/cmake_prefix_path.ps1'
[1.624s] INFO:colcon.colcon_core.shell:Creating environment descriptor '/home/cc/ee106a/fa25/class/ee106a-ado/ros_workspaces/106AProject_Drone/install/usb_cam/share/usb_cam/hook/cmake_prefix_path.dsv'
[1.625s] INFO:colcon.colcon_core.shell:Creating environment hook '/home/cc/ee106a/fa25/class/ee106a-ado/ros_workspaces/106AProject_Drone/install/usb_cam/share/usb_cam/hook/cmake_prefix_path.sh'
[1.627s] Level 1:colcon.colcon_core.environment:checking '/home/cc/ee106a/fa25/class/ee106a-ado/ros_workspaces/106AProject_Drone/install/usb_cam/lib'
[1.628s] Level 1:colcon.colcon_core.shell:create_environment_hook('usb_cam', 'ld_library_path_lib')
[1.628s] INFO:colcon.colcon_core.shell:Creating environment hook '/home/cc/ee106a/fa25/class/ee106a-ado/ros_workspaces/106AProject_Drone/install/usb_cam/share/usb_cam/hook/ld_library_path_lib.ps1'
[1.630s] INFO:colcon.colcon_core.shell:Creating environment descriptor '/home/cc/ee106a/fa25/class/ee106a-ado/ros_workspaces/106AProject_Drone/install/usb_cam/share/usb_cam/hook/ld_library_path_lib.dsv'
[1.632s] INFO:colcon.colcon_core.shell:Creating environment hook '/home/cc/ee106a/fa25/class/ee106a-ado/ros_workspaces/106AProject_Drone/install/usb_cam/share/usb_cam/hook/ld_library_path_lib.sh'
[1.634s] Level 1:colcon.colcon_core.environment:checking '/home/cc/ee106a/fa25/class/ee106a-ado/ros_workspaces/106AProject_Drone/install/usb_cam/bin'
[1.634s] Level 1:colcon.colcon_core.environment:checking '/home/cc/ee106a/fa25/class/ee106a-ado/ros_workspaces/106AProject_Drone/install/usb_cam/lib/pkgconfig/usb_cam.pc'
[1.635s] Level 1:colcon.colcon_core.environment:checking '/home/cc/ee106a/fa25/class/ee106a-ado/ros_workspaces/106AProject_Drone/install/usb_cam/lib/python3.10/site-packages'
[1.635s] Level 1:colcon.colcon_core.environment:checking '/home/cc/ee106a/fa25/class/ee106a-ado/ros_workspaces/106AProject_Drone/install/usb_cam/bin'
[1.635s] INFO:colcon.colcon_core.shell:Creating package script '/home/cc/ee106a/fa25/class/ee106a-ado/ros_workspaces/106AProject_Drone/install/usb_cam/share/usb_cam/package.ps1'
[1.637s] INFO:colcon.colcon_core.shell:Creating package descriptor '/home/cc/ee106a/fa25/class/ee106a-ado/ros_workspaces/106AProject_Drone/install/usb_cam/share/usb_cam/package.dsv'
[1.640s] INFO:colcon.colcon_core.shell:Creating package script '/home/cc/ee106a/fa25/class/ee106a-ado/ros_workspaces/106AProject_Drone/install/usb_cam/share/usb_cam/package.sh'
[1.642s] INFO:colcon.colcon_core.shell:Creating package script '/home/cc/ee106a/fa25/class/ee106a-ado/ros_workspaces/106AProject_Drone/install/usb_cam/share/usb_cam/package.bash'
[1.644s] INFO:colcon.colcon_core.shell:Creating package script '/home/cc/ee106a/fa25/class/ee106a-ado/ros_workspaces/106AProject_Drone/install/usb_cam/share/usb_cam/package.zsh'
[1.647s] Level 1:colcon.colcon_core.environment:create_file_with_runtime_dependencies(/home/cc/ee106a/fa25/class/ee106a-ado/ros_workspaces/106AProject_Drone/install/usb_cam/share/colcon-core/packages/usb_cam)
[1.733s] DEBUG:colcon.colcon_core.event_handler.log_command:Invoked command in '/home/cc/ee106a/fa25/class/ee106a-ado/ros_workspaces/106AProject_Drone/build/ros2_aruco_interfaces' returned '0': CMAKE_PREFIX_PATH=${CMAKE_PREFIX_PATH}:/home/cc/ee106a/fa25/class/ee106a-ado/ros_workspaces/106AProject_Drone/install/ros2_aruco:/home/cc/ee106a/fa25/class/ee106a-ado/ros_workspaces/106AProject_Drone/install/my_aruco_detector:/opt/ros/turtlebot3_ws/install/turtlebot3_teleop:/opt/ros/turtlebot3_ws/install/turtlebot3_example:/opt/ros/humble /usr/bin/cmake --build /home/cc/ee106a/fa25/class/ee106a-ado/ros_workspaces/106AProject_Drone/build/ros2_aruco_interfaces -- -j32 -l32
[1.738s] DEBUG:colcon.colcon_core.event_handler.log_command:Invoking command in '/home/cc/ee106a/fa25/class/ee106a-ado/ros_workspaces/106AProject_Drone/build/ros2_aruco_interfaces': CMAKE_PREFIX_PATH=${CMAKE_PREFIX_PATH}:/home/cc/ee106a/fa25/class/ee106a-ado/ros_workspaces/106AProject_Drone/install/ros2_aruco:/home/cc/ee106a/fa25/class/ee106a-ado/ros_workspaces/106AProject_Drone/install/my_aruco_detector:/opt/ros/turtlebot3_ws/install/turtlebot3_teleop:/opt/ros/turtlebot3_ws/install/turtlebot3_example:/opt/ros/humble /usr/bin/cmake --install /home/cc/ee106a/fa25/class/ee106a-ado/ros_workspaces/106AProject_Drone/build/ros2_aruco_interfaces
[1.880s] Level 1:colcon.colcon_core.environment:checking '/home/cc/ee106a/fa25/class/ee106a-ado/ros_workspaces/106AProject_Drone/install/my_aruco_detector' for CMake module files
[1.880s] DEBUG:colcon.colcon_core.event_handler.log_command:Invoked command in '/home/cc/ee106a/fa25/class/ee106a-ado/ros_workspaces/106AProject_Drone/ros2_aruco_ws/my_aruco_detector' returned '0': PYTHONPATH=/home/cc/ee106a/fa25/class/ee106a-ado/ros_workspaces/106AProject_Drone/build/my_aruco_detector/prefix_override:/usr/lib/python3/dist-packages/colcon_core/task/python/colcon_distutils_commands:/home/cc/ee106a/fa25/class/ee106a-ado/ros_workspaces/106AProject_Drone/install/my_aruco_detector/lib/python3.10/site-packages:${PYTHONPATH} /usr/bin/python3 -W ignore:setup.py install is deprecated -W ignore:easy_install command is deprecated setup.py egg_info --egg-base ../../build/my_aruco_detector build --build-base /home/cc/ee106a/fa25/class/ee106a-ado/ros_workspaces/106AProject_Drone/build/my_aruco_detector/build install --record /home/cc/ee106a/fa25/class/ee106a-ado/ros_workspaces/106AProject_Drone/build/my_aruco_detector/install.log --single-version-externally-managed install_data
[1.882s] Level 1:colcon.colcon_core.environment:checking '/home/cc/ee106a/fa25/class/ee106a-ado/ros_workspaces/106AProject_Drone/install/my_aruco_detector' for CMake config files
[1.887s] Level 1:colcon.colcon_core.environment:checking '/home/cc/ee106a/fa25/class/ee106a-ado/ros_workspaces/106AProject_Drone/install/my_aruco_detector/lib'
[1.888s] Level 1:colcon.colcon_core.environment:checking '/home/cc/ee106a/fa25/class/ee106a-ado/ros_workspaces/106AProject_Drone/install/my_aruco_detector/bin'
[1.888s] Level 1:colcon.colcon_core.environment:checking '/home/cc/ee106a/fa25/class/ee106a-ado/ros_workspaces/106AProject_Drone/install/my_aruco_detector/lib/pkgconfig/my_aruco_detector.pc'
[1.888s] Level 1:colcon.colcon_core.environment:checking '/home/cc/ee106a/fa25/class/ee106a-ado/ros_workspaces/106AProject_Drone/install/my_aruco_detector/lib/python3.10/site-packages'
[1.888s] Level 1:colcon.colcon_core.shell:create_environment_hook('my_aruco_detector', 'pythonpath')
[1.888s] INFO:colcon.colcon_core.shell:Creating environment hook '/home/cc/ee106a/fa25/class/ee106a-ado/ros_workspaces/106AProject_Drone/install/my_aruco_detector/share/my_aruco_detector/hook/pythonpath.ps1'
[1.891s] INFO:colcon.colcon_core.shell:Creating environment descriptor '/home/cc/ee106a/fa25/class/ee106a-ado/ros_workspaces/106AProject_Drone/install/my_aruco_detector/share/my_aruco_detector/hook/pythonpath.dsv'
[1.894s] INFO:colcon.colcon_core.shell:Creating environment hook '/home/cc/ee106a/fa25/class/ee106a-ado/ros_workspaces/106AProject_Drone/install/my_aruco_detector/share/my_aruco_detector/hook/pythonpath.sh'
[1.896s] Level 1:colcon.colcon_core.environment:checking '/home/cc/ee106a/fa25/class/ee106a-ado/ros_workspaces/106AProject_Drone/install/my_aruco_detector/bin'
[1.897s] Level 1:colcon.colcon_core.environment:create_environment_scripts_only(my_aruco_detector)
[1.897s] INFO:colcon.colcon_core.shell:Creating package script '/home/cc/ee106a/fa25/class/ee106a-ado/ros_workspaces/106AProject_Drone/install/my_aruco_detector/share/my_aruco_detector/package.ps1'
[1.900s] INFO:colcon.colcon_core.shell:Creating package descriptor '/home/cc/ee106a/fa25/class/ee106a-ado/ros_workspaces/106AProject_Drone/install/my_aruco_detector/share/my_aruco_detector/package.dsv'
[1.903s] INFO:colcon.colcon_core.shell:Creating package script '/home/cc/ee106a/fa25/class/ee106a-ado/ros_workspaces/106AProject_Drone/install/my_aruco_detector/share/my_aruco_detector/package.sh'
[1.906s] INFO:colcon.colcon_core.shell:Creating package script '/home/cc/ee106a/fa25/class/ee106a-ado/ros_workspaces/106AProject_Drone/install/my_aruco_detector/share/my_aruco_detector/package.bash'
[1.909s] INFO:colcon.colcon_core.shell:Creating package script '/home/cc/ee106a/fa25/class/ee106a-ado/ros_workspaces/106AProject_Drone/install/my_aruco_detector/share/my_aruco_detector/package.zsh'
[1.911s] Level 1:colcon.colcon_core.environment:create_file_with_runtime_dependencies(/home/cc/ee106a/fa25/class/ee106a-ado/ros_workspaces/106AProject_Drone/install/my_aruco_detector/share/colcon-core/packages/my_aruco_detector)
[1.915s] Level 1:colcon.colcon_core.environment:checking '/home/cc/ee106a/fa25/class/ee106a-ado/ros_workspaces/106AProject_Drone/install/ros2_aruco' for CMake module files
[1.918s] Level 1:colcon.colcon_core.environment:checking '/home/cc/ee106a/fa25/class/ee106a-ado/ros_workspaces/106AProject_Drone/install/ros2_aruco' for CMake config files
[1.922s] DEBUG:colcon.colcon_core.event_handler.log_command:Invoked command in '/home/cc/ee106a/fa25/class/ee106a-ado/ros_workspaces/106AProject_Drone/ros2_aruco_ws/src/ros2_aruco/ros2_aruco' returned '0': PYTHONPATH=/home/cc/ee106a/fa25/class/ee106a-ado/ros_workspaces/106AProject_Drone/build/ros2_aruco/prefix_override:/usr/lib/python3/dist-packages/colcon_core/task/python/colcon_distutils_commands:/home/cc/ee106a/fa25/class/ee106a-ado/ros_workspaces/106AProject_Drone/install/ros2_aruco/lib/python3.10/site-packages:${PYTHONPATH} /usr/bin/python3 -W ignore:setup.py install is deprecated -W ignore:easy_install command is deprecated setup.py egg_info --egg-base ../../../../build/ros2_aruco build --build-base /home/cc/ee106a/fa25/class/ee106a-ado/ros_workspaces/106AProject_Drone/build/ros2_aruco/build install --record /home/cc/ee106a/fa25/class/ee106a-ado/ros_workspaces/106AProject_Drone/build/ros2_aruco/install.log --single-version-externally-managed install_data
[1.927s] Level 1:colcon.colcon_core.environment:checking '/home/cc/ee106a/fa25/class/ee106a-ado/ros_workspaces/106AProject_Drone/install/ros2_aruco/lib'
[1.928s] Level 1:colcon.colcon_core.environment:checking '/home/cc/ee106a/fa25/class/ee106a-ado/ros_workspaces/106AProject_Drone/install/ros2_aruco/bin'
[1.928s] Level 1:colcon.colcon_core.environment:checking '/home/cc/ee106a/fa25/class/ee106a-ado/ros_workspaces/106AProject_Drone/install/ros2_aruco/lib/pkgconfig/ros2_aruco.pc'
[1.928s] Level 1:colcon.colcon_core.environment:checking '/home/cc/ee106a/fa25/class/ee106a-ado/ros_workspaces/106AProject_Drone/install/ros2_aruco/lib/python3.10/site-packages'
[1.928s] Level 1:colcon.colcon_core.shell:create_environment_hook('ros2_aruco', 'pythonpath')
[1.929s] INFO:colcon.colcon_core.shell:Creating environment hook '/home/cc/ee106a/fa25/class/ee106a-ado/ros_workspaces/106AProject_Drone/install/ros2_aruco/share/ros2_aruco/hook/pythonpath.ps1'
[1.932s] INFO:colcon.colcon_core.shell:Creating environment descriptor '/home/cc/ee106a/fa25/class/ee106a-ado/ros_workspaces/106AProject_Drone/install/ros2_aruco/share/ros2_aruco/hook/pythonpath.dsv'
[1.936s] INFO:colcon.colcon_core.shell:Creating environment hook '/home/cc/ee106a/fa25/class/ee106a-ado/ros_workspaces/106AProject_Drone/install/ros2_aruco/share/ros2_aruco/hook/pythonpath.sh'
[1.939s] Level 1:colcon.colcon_core.environment:checking '/home/cc/ee106a/fa25/class/ee106a-ado/ros_workspaces/106AProject_Drone/install/ros2_aruco/bin'
[1.939s] Level 1:colcon.colcon_core.environment:create_environment_scripts_only(ros2_aruco)
[1.940s] INFO:colcon.colcon_core.shell:Creating package script '/home/cc/ee106a/fa25/class/ee106a-ado/ros_workspaces/106AProject_Drone/install/ros2_aruco/share/ros2_aruco/package.ps1'
[1.943s] INFO:colcon.colcon_core.shell:Creating package descriptor '/home/cc/ee106a/fa25/class/ee106a-ado/ros_workspaces/106AProject_Drone/install/ros2_aruco/share/ros2_aruco/package.dsv'
[1.946s] INFO:colcon.colcon_core.shell:Creating package script '/home/cc/ee106a/fa25/class/ee106a-ado/ros_workspaces/106AProject_Drone/install/ros2_aruco/share/ros2_aruco/package.sh'
[1.949s] INFO:colcon.colcon_core.shell:Creating package script '/home/cc/ee106a/fa25/class/ee106a-ado/ros_workspaces/106AProject_Drone/install/ros2_aruco/share/ros2_aruco/package.bash'
[1.952s] INFO:colcon.colcon_core.shell:Creating package script '/home/cc/ee106a/fa25/class/ee106a-ado/ros_workspaces/106AProject_Drone/install/ros2_aruco/share/ros2_aruco/package.zsh'
[1.955s] Level 1:colcon.colcon_core.environment:create_file_with_runtime_dependencies(/home/cc/ee106a/fa25/class/ee106a-ado/ros_workspaces/106AProject_Drone/install/ros2_aruco/share/colcon-core/packages/ros2_aruco)
[2.315s] Level 1:colcon.colcon_core.environment:create_environment_scripts_only(ros2_aruco_interfaces)
[2.316s] DEBUG:colcon.colcon_core.event_handler.log_command:Invoked command in '/home/cc/ee106a/fa25/class/ee106a-ado/ros_workspaces/106AProject_Drone/build/ros2_aruco_interfaces' returned '0': CMAKE_PREFIX_PATH=${CMAKE_PREFIX_PATH}:/home/cc/ee106a/fa25/class/ee106a-ado/ros_workspaces/106AProject_Drone/install/ros2_aruco:/home/cc/ee106a/fa25/class/ee106a-ado/ros_workspaces/106AProject_Drone/install/my_aruco_detector:/opt/ros/turtlebot3_ws/install/turtlebot3_teleop:/opt/ros/turtlebot3_ws/install/turtlebot3_example:/opt/ros/humble /usr/bin/cmake --install /home/cc/ee106a/fa25/class/ee106a-ado/ros_workspaces/106AProject_Drone/build/ros2_aruco_interfaces
[2.317s] Level 1:colcon.colcon_core.environment:checking '/home/cc/ee106a/fa25/class/ee106a-ado/ros_workspaces/106AProject_Drone/install/ros2_aruco_interfaces' for CMake module files
[2.319s] Level 1:colcon.colcon_core.environment:checking '/home/cc/ee106a/fa25/class/ee106a-ado/ros_workspaces/106AProject_Drone/install/ros2_aruco_interfaces' for CMake config files
[2.323s] Level 1:colcon.colcon_core.shell:create_environment_hook('ros2_aruco_interfaces', 'cmake_prefix_path')
[2.323s] INFO:colcon.colcon_core.shell:Creating environment hook '/home/cc/ee106a/fa25/class/ee106a-ado/ros_workspaces/106AProject_Drone/install/ros2_aruco_interfaces/share/ros2_aruco_interfaces/hook/cmake_prefix_path.ps1'
[2.326s] INFO:colcon.colcon_core.shell:Creating environment descriptor '/home/cc/ee106a/fa25/class/ee106a-ado/ros_workspaces/106AProject_Drone/install/ros2_aruco_interfaces/share/ros2_aruco_interfaces/hook/cmake_prefix_path.dsv'
[2.329s] INFO:colcon.colcon_core.shell:Creating environment hook '/home/cc/ee106a/fa25/class/ee106a-ado/ros_workspaces/106AProject_Drone/install/ros2_aruco_interfaces/share/ros2_aruco_interfaces/hook/cmake_prefix_path.sh'
[2.332s] Level 1:colcon.colcon_core.environment:checking '/home/cc/ee106a/fa25/class/ee106a-ado/ros_workspaces/106AProject_Drone/install/ros2_aruco_interfaces/lib'
[2.333s] Level 1:colcon.colcon_core.shell:create_environment_hook('ros2_aruco_interfaces', 'ld_library_path_lib')
[2.333s] INFO:colcon.colcon_core.shell:Creating environment hook '/home/cc/ee106a/fa25/class/ee106a-ado/ros_workspaces/106AProject_Drone/install/ros2_aruco_interfaces/share/ros2_aruco_interfaces/hook/ld_library_path_lib.ps1'
[2.336s] INFO:colcon.colcon_core.shell:Creating environment descriptor '/home/cc/ee106a/fa25/class/ee106a-ado/ros_workspaces/106AProject_Drone/install/ros2_aruco_interfaces/share/ros2_aruco_interfaces/hook/ld_library_path_lib.dsv'
[2.339s] INFO:colcon.colcon_core.shell:Creating environment hook '/home/cc/ee106a/fa25/class/ee106a-ado/ros_workspaces/106AProject_Drone/install/ros2_aruco_interfaces/share/ros2_aruco_interfaces/hook/ld_library_path_lib.sh'
[2.342s] Level 1:colcon.colcon_core.environment:checking '/home/cc/ee106a/fa25/class/ee106a-ado/ros_workspaces/106AProject_Drone/install/ros2_aruco_interfaces/bin'
[2.342s] Level 1:colcon.colcon_core.environment:checking '/home/cc/ee106a/fa25/class/ee106a-ado/ros_workspaces/106AProject_Drone/install/ros2_aruco_interfaces/lib/pkgconfig/ros2_aruco_interfaces.pc'
[2.342s] Level 1:colcon.colcon_core.environment:checking '/home/cc/ee106a/fa25/class/ee106a-ado/ros_workspaces/106AProject_Drone/install/ros2_aruco_interfaces/lib/python3.10/site-packages'
[2.343s] Level 1:colcon.colcon_core.environment:checking '/home/cc/ee106a/fa25/class/ee106a-ado/ros_workspaces/106AProject_Drone/install/ros2_aruco_interfaces/bin'
[2.343s] INFO:colcon.colcon_core.shell:Creating package script '/home/cc/ee106a/fa25/class/ee106a-ado/ros_workspaces/106AProject_Drone/install/ros2_aruco_interfaces/share/ros2_aruco_interfaces/package.ps1'
[2.346s] INFO:colcon.colcon_core.shell:Creating package descriptor '/home/cc/ee106a/fa25/class/ee106a-ado/ros_workspaces/106AProject_Drone/install/ros2_aruco_interfaces/share/ros2_aruco_interfaces/package.dsv'
[2.348s] INFO:colcon.colcon_core.shell:Creating package script '/home/cc/ee106a/fa25/class/ee106a-ado/ros_workspaces/106AProject_Drone/install/ros2_aruco_interfaces/share/ros2_aruco_interfaces/package.sh'
[2.351s] INFO:colcon.colcon_core.shell:Creating package script '/home/cc/ee106a/fa25/class/ee106a-ado/ros_workspaces/106AProject_Drone/install/ros2_aruco_interfaces/share/ros2_aruco_interfaces/package.bash'
[2.353s] INFO:colcon.colcon_core.shell:Creating package script '/home/cc/ee106a/fa25/class/ee106a-ado/ros_workspaces/106AProject_Drone/install/ros2_aruco_interfaces/share/ros2_aruco_interfaces/package.zsh'
[2.355s] Level 1:colcon.colcon_core.environment:create_file_with_runtime_dependencies(/home/cc/ee106a/fa25/class/ee106a-ado/ros_workspaces/106AProject_Drone/install/ros2_aruco_interfaces/share/colcon-core/packages/ros2_aruco_interfaces)
[2.359s] Level 1:colcon.colcon_core.environment:create_environment_scripts_only(ros2_aruco_interfaces)
[2.360s] Level 1:colcon.colcon_core.environment:checking '/home/cc/ee106a/fa25/class/ee106a-ado/ros_workspaces/106AProject_Drone/install/ros2_aruco_interfaces' for CMake module files
[2.361s] Level 1:colcon.colcon_core.environment:checking '/home/cc/ee106a/fa25/class/ee106a-ado/ros_workspaces/106AProject_Drone/install/ros2_aruco_interfaces' for CMake config files
[2.365s] Level 1:colcon.colcon_core.shell:create_environment_hook('ros2_aruco_interfaces', 'cmake_prefix_path')
[2.365s] INFO:colcon.colcon_core.shell:Creating environment hook '/home/cc/ee106a/fa25/class/ee106a-ado/ros_workspaces/106AProject_Drone/install/ros2_aruco_interfaces/share/ros2_aruco_interfaces/hook/cmake_prefix_path.ps1'
[2.368s] INFO:colcon.colcon_core.shell:Creating environment descriptor '/home/cc/ee106a/fa25/class/ee106a-ado/ros_workspaces/106AProject_Drone/install/ros2_aruco_interfaces/share/ros2_aruco_interfaces/hook/cmake_prefix_path.dsv'
[2.370s] INFO:colcon.colcon_core.shell:Creating environment hook '/home/cc/ee106a/fa25/class/ee106a-ado/ros_workspaces/106AProject_Drone/install/ros2_aruco_interfaces/share/ros2_aruco_interfaces/hook/cmake_prefix_path.sh'
[2.373s] Level 1:colcon.colcon_core.environment:checking '/home/cc/ee106a/fa25/class/ee106a-ado/ros_workspaces/106AProject_Drone/install/ros2_aruco_interfaces/lib'
[2.374s] Level 1:colcon.colcon_core.shell:create_environment_hook('ros2_aruco_interfaces', 'ld_library_path_lib')
[2.374s] INFO:colcon.colcon_core.shell:Creating environment hook '/home/cc/ee106a/fa25/class/ee106a-ado/ros_workspaces/106AProject_Drone/install/ros2_aruco_interfaces/share/ros2_aruco_interfaces/hook/ld_library_path_lib.ps1'
[2.377s] INFO:colcon.colcon_core.shell:Creating environment descriptor '/home/cc/ee106a/fa25/class/ee106a-ado/ros_workspaces/106AProject_Drone/install/ros2_aruco_interfaces/share/ros2_aruco_interfaces/hook/ld_library_path_lib.dsv'
[2.379s] INFO:colcon.colcon_core.shell:Creating environment hook '/home/cc/ee106a/fa25/class/ee106a-ado/ros_workspaces/106AProject_Drone/install/ros2_aruco_interfaces/share/ros2_aruco_interfaces/hook/ld_library_path_lib.sh'
[2.382s] Level 1:colcon.colcon_core.environment:checking '/home/cc/ee106a/fa25/class/ee106a-ado/ros_workspaces/106AProject_Drone/install/ros2_aruco_interfaces/bin'
[2.382s] Level 1:colcon.colcon_core.environment:checking '/home/cc/ee106a/fa25/class/ee106a-ado/ros_workspaces/106AProject_Drone/install/ros2_aruco_interfaces/lib/pkgconfig/ros2_aruco_interfaces.pc'
[2.382s] Level 1:colcon.colcon_core.environment:checking '/home/cc/ee106a/fa25/class/ee106a-ado/ros_workspaces/106AProject_Drone/install/ros2_aruco_interfaces/lib/python3.10/site-packages'
[2.382s] Level 1:colcon.colcon_core.environment:checking '/home/cc/ee106a/fa25/class/ee106a-ado/ros_workspaces/106AProject_Drone/install/ros2_aruco_interfaces/bin'
[2.383s] INFO:colcon.colcon_core.shell:Creating package script '/home/cc/ee106a/fa25/class/ee106a-ado/ros_workspaces/106AProject_Drone/install/ros2_aruco_interfaces/share/ros2_aruco_interfaces/package.ps1'
[2.386s] INFO:colcon.colcon_core.shell:Creating package descriptor '/home/cc/ee106a/fa25/class/ee106a-ado/ros_workspaces/106AProject_Drone/install/ros2_aruco_interfaces/share/ros2_aruco_interfaces/package.dsv'
[2.388s] INFO:colcon.colcon_core.shell:Creating package script '/home/cc/ee106a/fa25/class/ee106a-ado/ros_workspaces/106AProject_Drone/install/ros2_aruco_interfaces/share/ros2_aruco_interfaces/package.sh'
[2.391s] INFO:colcon.colcon_core.shell:Creating package script '/home/cc/ee106a/fa25/class/ee106a-ado/ros_workspaces/106AProject_Drone/install/ros2_aruco_interfaces/share/ros2_aruco_interfaces/package.bash'
[2.393s] INFO:colcon.colcon_core.shell:Creating package script '/home/cc/ee106a/fa25/class/ee106a-ado/ros_workspaces/106AProject_Drone/install/ros2_aruco_interfaces/share/ros2_aruco_interfaces/package.zsh'
[2.396s] Level 1:colcon.colcon_core.environment:create_file_with_runtime_dependencies(/home/cc/ee106a/fa25/class/ee106a-ado/ros_workspaces/106AProject_Drone/install/ros2_aruco_interfaces/share/colcon-core/packages/ros2_aruco_interfaces)
[2.398s] DEBUG:colcon.colcon_parallel_executor.executor.parallel:closing loop
[2.398s] DEBUG:colcon.colcon_parallel_executor.executor.parallel:loop closed
[2.398s] DEBUG:colcon.colcon_parallel_executor.executor.parallel:run_until_complete finished with '0'
[2.399s] DEBUG:colcon.colcon_core.event_reactor:joining thread
[2.413s] INFO:colcon.colcon_core.plugin_system:Skipping extension 'colcon_notification.desktop_notification.notify_send': Could not find 'notify-send'
[2.413s] INFO:colcon.colcon_core.plugin_system:Skipping extension 'colcon_notification.desktop_notification.terminal_notifier': Not used on non-Darwin systems
[2.413s] INFO:colcon.colcon_core.plugin_system:Skipping extension 'colcon_notification.desktop_notification.win32': Not used on non-Windows systems
[2.413s] INFO:colcon.colcon_notification.desktop_notification:Sending desktop notification using 'notify2'
[2.519s] DEBUG:colcon.colcon_core.event_reactor:joined thread
[2.520s] INFO:colcon.colcon_core.shell:Creating prefix script '/home/cc/ee106a/fa25/class/ee106a-ado/ros_workspaces/106AProject_Drone/install/local_setup.ps1'
[2.522s] INFO:colcon.colcon_core.shell:Creating prefix util module '/home/cc/ee106a/fa25/class/ee106a-ado/ros_workspaces/106AProject_Drone/install/_local_setup_util_ps1.py'
[2.526s] INFO:colcon.colcon_core.shell:Creating prefix chain script '/home/cc/ee106a/fa25/class/ee106a-ado/ros_workspaces/106AProject_Drone/install/setup.ps1'
[2.532s] INFO:colcon.colcon_core.shell:Creating prefix script '/home/cc/ee106a/fa25/class/ee106a-ado/ros_workspaces/106AProject_Drone/install/local_setup.sh'
[2.534s] INFO:colcon.colcon_core.shell:Creating prefix util module '/home/cc/ee106a/fa25/class/ee106a-ado/ros_workspaces/106AProject_Drone/install/_local_setup_util_sh.py'
[2.537s] INFO:colcon.colcon_core.shell:Creating prefix chain script '/home/cc/ee106a/fa25/class/ee106a-ado/ros_workspaces/106AProject_Drone/install/setup.sh'
[2.546s] INFO:colcon.colcon_core.shell:Creating prefix script '/home/cc/ee106a/fa25/class/ee106a-ado/ros_workspaces/106AProject_Drone/install/local_setup.bash'
[2.548s] INFO:colcon.colcon_core.shell:Creating prefix chain script '/home/cc/ee106a/fa25/class/ee106a-ado/ros_workspaces/106AProject_Drone/install/setup.bash'
[2.557s] INFO:colcon.colcon_core.shell:Creating prefix script '/home/cc/ee106a/fa25/class/ee106a-ado/ros_workspaces/106AProject_Drone/install/local_setup.zsh'
[2.560s] INFO:colcon.colcon_core.shell:Creating prefix chain script '/home/cc/ee106a/fa25/class/ee106a-ado/ros_workspaces/106AProject_Drone/install/setup.zsh'
