running egg_info
creating ../../build/my_aruco_detector/my_aruco_detector.egg-info
writing ../../build/my_aruco_detector/my_aruco_detector.egg-info/PKG-INFO
writing dependency_links to ../../build/my_aruco_detector/my_aruco_detector.egg-info/dependency_links.txt
writing requirements to ../../build/my_aruco_detector/my_aruco_detector.egg-info/requires.txt
writing top-level names to ../../build/my_aruco_detector/my_aruco_detector.egg-info/top_level.txt
writing manifest file '../../build/my_aruco_detector/my_aruco_detector.egg-info/SOURCES.txt'
reading manifest file '../../build/my_aruco_detector/my_aruco_detector.egg-info/SOURCES.txt'
writing manifest file '../../build/my_aruco_detector/my_aruco_detector.egg-info/SOURCES.txt'
running build
running build_py
creating /home/hieu-hoang/106AProject_Drone/build/my_aruco_detector/build
creating /home/hieu-hoang/106AProject_Drone/build/my_aruco_detector/build/lib
creating /home/hieu-hoang/106AProject_Drone/build/my_aruco_detector/build/lib/my_aruco_detector
copying my_aruco_detector/__init__.py -> /home/hieu-hoang/106AProject_Drone/build/my_aruco_detector/build/lib/my_aruco_detector
running install
running install_lib
creating /home/hieu-hoang/106AProject_Drone/install/my_aruco_detector/lib/python3.12/site-packages/my_aruco_detector
copying /home/hieu-hoang/106AProject_Drone/build/my_aruco_detector/build/lib/my_aruco_detector/__init__.py -> /home/hieu-hoang/106AProject_Drone/install/my_aruco_detector/lib/python3.12/site-packages/my_aruco_detector
byte-compiling /home/hieu-hoang/106AProject_Drone/install/my_aruco_detector/lib/python3.12/site-packages/my_aruco_detector/__init__.py to __init__.cpython-312.pyc
running install_data
creating /home/hieu-hoang/106AProject_Drone/install/my_aruco_detector/share/ament_index
creating /home/hieu-hoang/106AProject_Drone/install/my_aruco_detector/share/ament_index/resource_index
creating /home/hieu-hoang/106AProject_Drone/install/my_aruco_detector/share/ament_index/resource_index/packages
copying resource/my_aruco_detector -> /home/hieu-hoang/106AProject_Drone/install/my_aruco_detector/share/ament_index/resource_index/packages
copying package.xml -> /home/hieu-hoang/106AProject_Drone/install/my_aruco_detector/share/my_aruco_detector
running install_egg_info
Copying ../../build/my_aruco_detector/my_aruco_detector.egg-info to /home/hieu-hoang/106AProject_Drone/install/my_aruco_detector/lib/python3.12/site-packages/my_aruco_detector-0.0.0-py3.12.egg-info
running install_scripts
writing list of installed files to '/home/hieu-hoang/106AProject_Drone/build/my_aruco_detector/install.log'
