[0.830s] Invoking command in '/home/hieu-hoang/106AProject_Drone/ros2_aruco_ws/my_aruco_detector': DEBUGINFOD_URLS=https://debuginfod.ubuntu.com PYTHONPATH=/home/hieu-hoang/106AProject_Drone/build/my_aruco_detector/prefix_override:/usr/lib/python3/dist-packages/colcon_core/task/python/colcon_distutils_commands:/home/hieu-hoang/106AProject_Drone/install/my_aruco_detector/lib/python3.12/site-packages:${PYTHONPATH} /usr/bin/python3 -W ignore:setup.py install is deprecated -W ignore:easy_install command is deprecated setup.py egg_info --egg-base ../../build/my_aruco_detector build --build-base /home/hieu-hoang/106AProject_Drone/build/my_aruco_detector/build install --record /home/hieu-hoang/106AProject_Drone/build/my_aruco_detector/install.log --single-version-externally-managed install_data
[1.041s] running egg_info
[1.041s] creating ../../build/my_aruco_detector/my_aruco_detector.egg-info
[1.057s] writing ../../build/my_aruco_detector/my_aruco_detector.egg-info/PKG-INFO
[1.057s] writing dependency_links to ../../build/my_aruco_detector/my_aruco_detector.egg-info/dependency_links.txt
[1.057s] writing requirements to ../../build/my_aruco_detector/my_aruco_detector.egg-info/requires.txt
[1.057s] writing top-level names to ../../build/my_aruco_detector/my_aruco_detector.egg-info/top_level.txt
[1.057s] writing manifest file '../../build/my_aruco_detector/my_aruco_detector.egg-info/SOURCES.txt'
[1.089s] reading manifest file '../../build/my_aruco_detector/my_aruco_detector.egg-info/SOURCES.txt'
[1.089s] writing manifest file '../../build/my_aruco_detector/my_aruco_detector.egg-info/SOURCES.txt'
[1.090s] running build
[1.090s] running build_py
[1.090s] creating /home/hieu-hoang/106AProject_Drone/build/my_aruco_detector/build
[1.090s] creating /home/hieu-hoang/106AProject_Drone/build/my_aruco_detector/build/lib
[1.090s] creating /home/hieu-hoang/106AProject_Drone/build/my_aruco_detector/build/lib/my_aruco_detector
[1.090s] copying my_aruco_detector/__init__.py -> /home/hieu-hoang/106AProject_Drone/build/my_aruco_detector/build/lib/my_aruco_detector
[1.090s] running install
[1.095s] running install_lib
[1.111s] creating /home/hieu-hoang/106AProject_Drone/install/my_aruco_detector/lib/python3.12/site-packages/my_aruco_detector
[1.112s] copying /home/hieu-hoang/106AProject_Drone/build/my_aruco_detector/build/lib/my_aruco_detector/__init__.py -> /home/hieu-hoang/106AProject_Drone/install/my_aruco_detector/lib/python3.12/site-packages/my_aruco_detector
[1.112s] byte-compiling /home/hieu-hoang/106AProject_Drone/install/my_aruco_detector/lib/python3.12/site-packages/my_aruco_detector/__init__.py to __init__.cpython-312.pyc
[1.112s] running install_data
[1.112s] creating /home/hieu-hoang/106AProject_Drone/install/my_aruco_detector/share/ament_index
[1.112s] creating /home/hieu-hoang/106AProject_Drone/install/my_aruco_detector/share/ament_index/resource_index
[1.112s] creating /home/hieu-hoang/106AProject_Drone/install/my_aruco_detector/share/ament_index/resource_index/packages
[1.112s] copying resource/my_aruco_detector -> /home/hieu-hoang/106AProject_Drone/install/my_aruco_detector/share/ament_index/resource_index/packages
[1.112s] copying package.xml -> /home/hieu-hoang/106AProject_Drone/install/my_aruco_detector/share/my_aruco_detector
[1.112s] running install_egg_info
[1.129s] Copying ../../build/my_aruco_detector/my_aruco_detector.egg-info to /home/hieu-hoang/106AProject_Drone/install/my_aruco_detector/lib/python3.12/site-packages/my_aruco_detector-0.0.0-py3.12.egg-info
[1.130s] running install_scripts
[1.237s] writing list of installed files to '/home/hieu-hoang/106AProject_Drone/build/my_aruco_detector/install.log'
[1.263s] Invoked command in '/home/hieu-hoang/106AProject_Drone/ros2_aruco_ws/my_aruco_detector' returned '0': DEBUGINFOD_URLS=https://debuginfod.ubuntu.com PYTHONPATH=/home/hieu-hoang/106AProject_Drone/build/my_aruco_detector/prefix_override:/usr/lib/python3/dist-packages/colcon_core/task/python/colcon_distutils_commands:/home/hieu-hoang/106AProject_Drone/install/my_aruco_detector/lib/python3.12/site-packages:${PYTHONPATH} /usr/bin/python3 -W ignore:setup.py install is deprecated -W ignore:easy_install command is deprecated setup.py egg_info --egg-base ../../build/my_aruco_detector build --build-base /home/hieu-hoang/106AProject_Drone/build/my_aruco_detector/build install --record /home/hieu-hoang/106AProject_Drone/build/my_aruco_detector/install.log --single-version-externally-managed install_data
