[0.073s] DEBUG:colcon:Command line arguments: ['/usr/bin/colcon', 'build']
[0.073s] DEBUG:colcon:Parsed command line arguments: Namespace(log_base=None, log_level=None, verb_name='build', build_base='build', install_base='install', merge_install=False, symlink_install=False, test_result_base=None, continue_on_error=False, executor='parallel', parallel_workers=12, event_handlers=None, ignore_user_meta=False, metas=['./colcon.meta'], base_paths=['.'], packages_ignore=None, packages_ignore_regex=None, paths=None, packages_up_to=None, packages_up_to_regex=None, packages_above=None, packages_above_and_dependencies=None, packages_above_depth=None, packages_select_by_dep=None, packages_skip_by_dep=None, packages_skip_up_to=None, packages_select_build_failed=False, packages_skip_build_finished=False, packages_select_test_failures=False, packages_skip_test_passed=False, packages_select=None, packages_skip=None, packages_select_regex=None, packages_skip_regex=None, packages_start=None, packages_end=None, allow_overriding=[], cmake_args=None, cmake_target=None, cmake_target_skip_unavailable=False, cmake_clean_cache=False, cmake_clean_first=False, cmake_force_configure=False, ament_cmake_args=None, catkin_cmake_args=None, catkin_skip_building_tests=False, verb_parser=<colcon_defaults.argument_parser.defaults.DefaultArgumentsDecorator object at 0x7bbd87126e60>, verb_extension=<colcon_core.verb.build.BuildVerb object at 0x7bbd87268280>, main=<bound method BuildVerb.main of <colcon_core.verb.build.BuildVerb object at 0x7bbd87268280>>)
[0.188s] Level 1:colcon.colcon_core.package_discovery:discover_packages(colcon_meta) check parameters
[0.188s] Level 1:colcon.colcon_core.package_discovery:discover_packages(recursive) check parameters
[0.188s] Level 1:colcon.colcon_core.package_discovery:discover_packages(ignore) check parameters
[0.188s] Level 1:colcon.colcon_core.package_discovery:discover_packages(path) check parameters
[0.188s] Level 1:colcon.colcon_core.package_discovery:discover_packages(colcon_meta) discover
[0.188s] Level 1:colcon.colcon_core.package_discovery:discover_packages(recursive) discover
[0.188s] INFO:colcon.colcon_core.package_discovery:Crawling recursively for packages in '/home/hieu/Documents/106AProject_Drone'
[0.188s] Level 1:colcon.colcon_core.package_identification:_identify(.) by extensions ['ignore', 'ignore_ament_install']
[0.188s] Level 1:colcon.colcon_core.package_identification:_identify(.) by extension 'ignore'
[0.188s] Level 1:colcon.colcon_core.package_identification:_identify(.) by extension 'ignore_ament_install'
[0.188s] Level 1:colcon.colcon_core.package_identification:_identify(.) by extensions ['colcon_pkg']
[0.188s] Level 1:colcon.colcon_core.package_identification:_identify(.) by extension 'colcon_pkg'
[0.188s] Level 1:colcon.colcon_core.package_identification:_identify(.) by extensions ['colcon_meta']
[0.188s] Level 1:colcon.colcon_core.package_identification:_identify(.) by extension 'colcon_meta'
[0.188s] Level 1:colcon.colcon_core.package_identification:_identify(.) by extensions ['ros']
[0.189s] Level 1:colcon.colcon_core.package_identification:_identify(.) by extension 'ros'
[0.197s] Level 1:colcon.colcon_core.package_identification:_identify(.) by extensions ['cmake', 'python']
[0.197s] Level 1:colcon.colcon_core.package_identification:_identify(.) by extension 'cmake'
[0.197s] Level 1:colcon.colcon_core.package_identification:_identify(.) by extension 'python'
[0.197s] Level 1:colcon.colcon_core.package_identification:_identify(.) by extensions ['python_setup_py']
[0.197s] Level 1:colcon.colcon_core.package_identification:_identify(.) by extension 'python_setup_py'
[0.197s] Level 1:colcon.colcon_core.package_identification:_identify(aruco_stuff) by extensions ['ignore', 'ignore_ament_install']
[0.197s] Level 1:colcon.colcon_core.package_identification:_identify(aruco_stuff) by extension 'ignore'
[0.197s] Level 1:colcon.colcon_core.package_identification:_identify(aruco_stuff) by extension 'ignore_ament_install'
[0.197s] Level 1:colcon.colcon_core.package_identification:_identify(aruco_stuff) by extensions ['colcon_pkg']
[0.197s] Level 1:colcon.colcon_core.package_identification:_identify(aruco_stuff) by extension 'colcon_pkg'
[0.197s] Level 1:colcon.colcon_core.package_identification:_identify(aruco_stuff) by extensions ['colcon_meta']
[0.197s] Level 1:colcon.colcon_core.package_identification:_identify(aruco_stuff) by extension 'colcon_meta'
[0.197s] Level 1:colcon.colcon_core.package_identification:_identify(aruco_stuff) by extensions ['ros']
[0.197s] Level 1:colcon.colcon_core.package_identification:_identify(aruco_stuff) by extension 'ros'
[0.197s] Level 1:colcon.colcon_core.package_identification:_identify(aruco_stuff) by extensions ['cmake', 'python']
[0.197s] Level 1:colcon.colcon_core.package_identification:_identify(aruco_stuff) by extension 'cmake'
[0.197s] Level 1:colcon.colcon_core.package_identification:_identify(aruco_stuff) by extension 'python'
[0.197s] Level 1:colcon.colcon_core.package_identification:_identify(aruco_stuff) by extensions ['python_setup_py']
[0.197s] Level 1:colcon.colcon_core.package_identification:_identify(aruco_stuff) by extension 'python_setup_py'
[0.197s] Level 1:colcon.colcon_core.package_identification:_identify(build) by extensions ['ignore', 'ignore_ament_install']
[0.197s] Level 1:colcon.colcon_core.package_identification:_identify(build) by extension 'ignore'
[0.197s] Level 1:colcon.colcon_core.package_identification:_identify(build) ignored
[0.197s] Level 1:colcon.colcon_core.package_identification:_identify(install) by extensions ['ignore', 'ignore_ament_install']
[0.198s] Level 1:colcon.colcon_core.package_identification:_identify(install) by extension 'ignore'
[0.198s] Level 1:colcon.colcon_core.package_identification:_identify(install) ignored
[0.198s] Level 1:colcon.colcon_core.package_identification:_identify(log) by extensions ['ignore', 'ignore_ament_install']
[0.198s] Level 1:colcon.colcon_core.package_identification:_identify(log) by extension 'ignore'
[0.198s] Level 1:colcon.colcon_core.package_identification:_identify(log) ignored
[0.198s] Level 1:colcon.colcon_core.package_identification:_identify(ros2_aruco_ws) by extensions ['ignore', 'ignore_ament_install']
[0.198s] Level 1:colcon.colcon_core.package_identification:_identify(ros2_aruco_ws) by extension 'ignore'
[0.198s] Level 1:colcon.colcon_core.package_identification:_identify(ros2_aruco_ws) by extension 'ignore_ament_install'
[0.198s] Level 1:colcon.colcon_core.package_identification:_identify(ros2_aruco_ws) by extensions ['colcon_pkg']
[0.198s] Level 1:colcon.colcon_core.package_identification:_identify(ros2_aruco_ws) by extension 'colcon_pkg'
[0.198s] Level 1:colcon.colcon_core.package_identification:_identify(ros2_aruco_ws) by extensions ['colcon_meta']
[0.198s] Level 1:colcon.colcon_core.package_identification:_identify(ros2_aruco_ws) by extension 'colcon_meta'
[0.198s] Level 1:colcon.colcon_core.package_identification:_identify(ros2_aruco_ws) by extensions ['ros']
[0.198s] Level 1:colcon.colcon_core.package_identification:_identify(ros2_aruco_ws) by extension 'ros'
[0.198s] Level 1:colcon.colcon_core.package_identification:_identify(ros2_aruco_ws) by extensions ['cmake', 'python']
[0.198s] Level 1:colcon.colcon_core.package_identification:_identify(ros2_aruco_ws) by extension 'cmake'
[0.198s] Level 1:colcon.colcon_core.package_identification:_identify(ros2_aruco_ws) by extension 'python'
[0.198s] Level 1:colcon.colcon_core.package_identification:_identify(ros2_aruco_ws) by extensions ['python_setup_py']
[0.198s] Level 1:colcon.colcon_core.package_identification:_identify(ros2_aruco_ws) by extension 'python_setup_py'
[0.198s] Level 1:colcon.colcon_core.package_identification:_identify(ros2_aruco_ws/build) by extensions ['ignore', 'ignore_ament_install']
[0.198s] Level 1:colcon.colcon_core.package_identification:_identify(ros2_aruco_ws/build) by extension 'ignore'
[0.198s] Level 1:colcon.colcon_core.package_identification:_identify(ros2_aruco_ws/build) ignored
[0.198s] Level 1:colcon.colcon_core.package_identification:_identify(ros2_aruco_ws/config) by extensions ['ignore', 'ignore_ament_install']
[0.198s] Level 1:colcon.colcon_core.package_identification:_identify(ros2_aruco_ws/config) by extension 'ignore'
[0.198s] Level 1:colcon.colcon_core.package_identification:_identify(ros2_aruco_ws/config) by extension 'ignore_ament_install'
[0.199s] Level 1:colcon.colcon_core.package_identification:_identify(ros2_aruco_ws/config) by extensions ['colcon_pkg']
[0.199s] Level 1:colcon.colcon_core.package_identification:_identify(ros2_aruco_ws/config) by extension 'colcon_pkg'
[0.199s] Level 1:colcon.colcon_core.package_identification:_identify(ros2_aruco_ws/config) by extensions ['colcon_meta']
[0.199s] Level 1:colcon.colcon_core.package_identification:_identify(ros2_aruco_ws/config) by extension 'colcon_meta'
[0.199s] Level 1:colcon.colcon_core.package_identification:_identify(ros2_aruco_ws/config) by extensions ['ros']
[0.199s] Level 1:colcon.colcon_core.package_identification:_identify(ros2_aruco_ws/config) by extension 'ros'
[0.199s] Level 1:colcon.colcon_core.package_identification:_identify(ros2_aruco_ws/config) by extensions ['cmake', 'python']
[0.199s] Level 1:colcon.colcon_core.package_identification:_identify(ros2_aruco_ws/config) by extension 'cmake'
[0.199s] Level 1:colcon.colcon_core.package_identification:_identify(ros2_aruco_ws/config) by extension 'python'
[0.199s] Level 1:colcon.colcon_core.package_identification:_identify(ros2_aruco_ws/config) by extensions ['python_setup_py']
[0.199s] Level 1:colcon.colcon_core.package_identification:_identify(ros2_aruco_ws/config) by extension 'python_setup_py'
[0.199s] Level 1:colcon.colcon_core.package_identification:_identify(ros2_aruco_ws/config2) by extensions ['ignore', 'ignore_ament_install']
[0.199s] Level 1:colcon.colcon_core.package_identification:_identify(ros2_aruco_ws/config2) by extension 'ignore'
[0.199s] Level 1:colcon.colcon_core.package_identification:_identify(ros2_aruco_ws/config2) by extension 'ignore_ament_install'
[0.199s] Level 1:colcon.colcon_core.package_identification:_identify(ros2_aruco_ws/config2) by extensions ['colcon_pkg']
[0.199s] Level 1:colcon.colcon_core.package_identification:_identify(ros2_aruco_ws/config2) by extension 'colcon_pkg'
[0.199s] Level 1:colcon.colcon_core.package_identification:_identify(ros2_aruco_ws/config2) by extensions ['colcon_meta']
[0.199s] Level 1:colcon.colcon_core.package_identification:_identify(ros2_aruco_ws/config2) by extension 'colcon_meta'
[0.199s] Level 1:colcon.colcon_core.package_identification:_identify(ros2_aruco_ws/config2) by extensions ['ros']
[0.199s] Level 1:colcon.colcon_core.package_identification:_identify(ros2_aruco_ws/config2) by extension 'ros'
[0.199s] Level 1:colcon.colcon_core.package_identification:_identify(ros2_aruco_ws/config2) by extensions ['cmake', 'python']
[0.199s] Level 1:colcon.colcon_core.package_identification:_identify(ros2_aruco_ws/config2) by extension 'cmake'
[0.199s] Level 1:colcon.colcon_core.package_identification:_identify(ros2_aruco_ws/config2) by extension 'python'
[0.199s] Level 1:colcon.colcon_core.package_identification:_identify(ros2_aruco_ws/config2) by extensions ['python_setup_py']
[0.199s] Level 1:colcon.colcon_core.package_identification:_identify(ros2_aruco_ws/config2) by extension 'python_setup_py'
[0.199s] Level 1:colcon.colcon_core.package_identification:_identify(ros2_aruco_ws/install) by extensions ['ignore', 'ignore_ament_install']
[0.199s] Level 1:colcon.colcon_core.package_identification:_identify(ros2_aruco_ws/install) by extension 'ignore'
[0.200s] Level 1:colcon.colcon_core.package_identification:_identify(ros2_aruco_ws/install) ignored
[0.200s] Level 1:colcon.colcon_core.package_identification:_identify(ros2_aruco_ws/log) by extensions ['ignore', 'ignore_ament_install']
[0.200s] Level 1:colcon.colcon_core.package_identification:_identify(ros2_aruco_ws/log) by extension 'ignore'
[0.200s] Level 1:colcon.colcon_core.package_identification:_identify(ros2_aruco_ws/log) ignored
[0.200s] Level 1:colcon.colcon_core.package_identification:_identify(ros2_aruco_ws/my_aruco_detector) by extensions ['ignore', 'ignore_ament_install']
[0.200s] Level 1:colcon.colcon_core.package_identification:_identify(ros2_aruco_ws/my_aruco_detector) by extension 'ignore'
[0.200s] Level 1:colcon.colcon_core.package_identification:_identify(ros2_aruco_ws/my_aruco_detector) by extension 'ignore_ament_install'
[0.200s] Level 1:colcon.colcon_core.package_identification:_identify(ros2_aruco_ws/my_aruco_detector) by extensions ['colcon_pkg']
[0.200s] Level 1:colcon.colcon_core.package_identification:_identify(ros2_aruco_ws/my_aruco_detector) by extension 'colcon_pkg'
[0.200s] Level 1:colcon.colcon_core.package_identification:_identify(ros2_aruco_ws/my_aruco_detector) by extensions ['colcon_meta']
[0.200s] Level 1:colcon.colcon_core.package_identification:_identify(ros2_aruco_ws/my_aruco_detector) by extension 'colcon_meta'
[0.200s] Level 1:colcon.colcon_core.package_identification:_identify(ros2_aruco_ws/my_aruco_detector) by extensions ['ros']
[0.200s] Level 1:colcon.colcon_core.package_identification:_identify(ros2_aruco_ws/my_aruco_detector) by extension 'ros'
[0.202s] DEBUG:colcon.colcon_core.package_identification:Package 'ros2_aruco_ws/my_aruco_detector' with type 'ros.ament_python' and name 'my_aruco_detector'
[0.202s] Level 1:colcon.colcon_core.package_identification:_identify(ros2_aruco_ws/src) by extensions ['ignore', 'ignore_ament_install']
[0.202s] Level 1:colcon.colcon_core.package_identification:_identify(ros2_aruco_ws/src) by extension 'ignore'
[0.202s] Level 1:colcon.colcon_core.package_identification:_identify(ros2_aruco_ws/src) by extension 'ignore_ament_install'
[0.202s] Level 1:colcon.colcon_core.package_identification:_identify(ros2_aruco_ws/src) by extensions ['colcon_pkg']
[0.202s] Level 1:colcon.colcon_core.package_identification:_identify(ros2_aruco_ws/src) by extension 'colcon_pkg'
[0.202s] Level 1:colcon.colcon_core.package_identification:_identify(ros2_aruco_ws/src) by extensions ['colcon_meta']
[0.202s] Level 1:colcon.colcon_core.package_identification:_identify(ros2_aruco_ws/src) by extension 'colcon_meta'
[0.202s] Level 1:colcon.colcon_core.package_identification:_identify(ros2_aruco_ws/src) by extensions ['ros']
[0.202s] Level 1:colcon.colcon_core.package_identification:_identify(ros2_aruco_ws/src) by extension 'ros'
[0.202s] Level 1:colcon.colcon_core.package_identification:_identify(ros2_aruco_ws/src) by extensions ['cmake', 'python']
[0.202s] Level 1:colcon.colcon_core.package_identification:_identify(ros2_aruco_ws/src) by extension 'cmake'
[0.202s] Level 1:colcon.colcon_core.package_identification:_identify(ros2_aruco_ws/src) by extension 'python'
[0.202s] Level 1:colcon.colcon_core.package_identification:_identify(ros2_aruco_ws/src) by extensions ['python_setup_py']
[0.202s] Level 1:colcon.colcon_core.package_identification:_identify(ros2_aruco_ws/src) by extension 'python_setup_py'
[0.202s] Level 1:colcon.colcon_core.package_identification:_identify(ros2_aruco_ws/src/ros2_aruco) by extensions ['ignore', 'ignore_ament_install']
[0.202s] Level 1:colcon.colcon_core.package_identification:_identify(ros2_aruco_ws/src/ros2_aruco) by extension 'ignore'
[0.202s] Level 1:colcon.colcon_core.package_identification:_identify(ros2_aruco_ws/src/ros2_aruco) by extension 'ignore_ament_install'
[0.202s] Level 1:colcon.colcon_core.package_identification:_identify(ros2_aruco_ws/src/ros2_aruco) by extensions ['colcon_pkg']
[0.202s] Level 1:colcon.colcon_core.package_identification:_identify(ros2_aruco_ws/src/ros2_aruco) by extension 'colcon_pkg'
[0.202s] Level 1:colcon.colcon_core.package_identification:_identify(ros2_aruco_ws/src/ros2_aruco) by extensions ['colcon_meta']
[0.202s] Level 1:colcon.colcon_core.package_identification:_identify(ros2_aruco_ws/src/ros2_aruco) by extension 'colcon_meta'
[0.202s] Level 1:colcon.colcon_core.package_identification:_identify(ros2_aruco_ws/src/ros2_aruco) by extensions ['ros']
[0.202s] Level 1:colcon.colcon_core.package_identification:_identify(ros2_aruco_ws/src/ros2_aruco) by extension 'ros'
[0.202s] Level 1:colcon.colcon_core.package_identification:_identify(ros2_aruco_ws/src/ros2_aruco) by extensions ['cmake', 'python']
[0.203s] Level 1:colcon.colcon_core.package_identification:_identify(ros2_aruco_ws/src/ros2_aruco) by extension 'cmake'
[0.203s] Level 1:colcon.colcon_core.package_identification:_identify(ros2_aruco_ws/src/ros2_aruco) by extension 'python'
[0.203s] Level 1:colcon.colcon_core.package_identification:_identify(ros2_aruco_ws/src/ros2_aruco) by extensions ['python_setup_py']
[0.203s] Level 1:colcon.colcon_core.package_identification:_identify(ros2_aruco_ws/src/ros2_aruco) by extension 'python_setup_py'
[0.203s] Level 1:colcon.colcon_core.package_identification:_identify(ros2_aruco_ws/src/ros2_aruco/ros2_aruco) by extensions ['ignore', 'ignore_ament_install']
[0.203s] Level 1:colcon.colcon_core.package_identification:_identify(ros2_aruco_ws/src/ros2_aruco/ros2_aruco) by extension 'ignore'
[0.203s] Level 1:colcon.colcon_core.package_identification:_identify(ros2_aruco_ws/src/ros2_aruco/ros2_aruco) by extension 'ignore_ament_install'
[0.203s] Level 1:colcon.colcon_core.package_identification:_identify(ros2_aruco_ws/src/ros2_aruco/ros2_aruco) by extensions ['colcon_pkg']
[0.203s] Level 1:colcon.colcon_core.package_identification:_identify(ros2_aruco_ws/src/ros2_aruco/ros2_aruco) by extension 'colcon_pkg'
[0.203s] Level 1:colcon.colcon_core.package_identification:_identify(ros2_aruco_ws/src/ros2_aruco/ros2_aruco) by extensions ['colcon_meta']
[0.203s] Level 1:colcon.colcon_core.package_identification:_identify(ros2_aruco_ws/src/ros2_aruco/ros2_aruco) by extension 'colcon_meta'
[0.203s] Level 1:colcon.colcon_core.package_identification:_identify(ros2_aruco_ws/src/ros2_aruco/ros2_aruco) by extensions ['ros']
[0.203s] Level 1:colcon.colcon_core.package_identification:_identify(ros2_aruco_ws/src/ros2_aruco/ros2_aruco) by extension 'ros'
[0.203s] DEBUG:colcon.colcon_core.package_identification:Package 'ros2_aruco_ws/src/ros2_aruco/ros2_aruco' with type 'ros.ament_python' and name 'ros2_aruco'
[0.203s] Level 1:colcon.colcon_core.package_identification:_identify(ros2_aruco_ws/src/ros2_aruco/ros2_aruco_interfaces) by extensions ['ignore', 'ignore_ament_install']
[0.203s] Level 1:colcon.colcon_core.package_identification:_identify(ros2_aruco_ws/src/ros2_aruco/ros2_aruco_interfaces) by extension 'ignore'
[0.203s] Level 1:colcon.colcon_core.package_identification:_identify(ros2_aruco_ws/src/ros2_aruco/ros2_aruco_interfaces) by extension 'ignore_ament_install'
[0.203s] Level 1:colcon.colcon_core.package_identification:_identify(ros2_aruco_ws/src/ros2_aruco/ros2_aruco_interfaces) by extensions ['colcon_pkg']
[0.204s] Level 1:colcon.colcon_core.package_identification:_identify(ros2_aruco_ws/src/ros2_aruco/ros2_aruco_interfaces) by extension 'colcon_pkg'
[0.204s] Level 1:colcon.colcon_core.package_identification:_identify(ros2_aruco_ws/src/ros2_aruco/ros2_aruco_interfaces) by extensions ['colcon_meta']
[0.204s] Level 1:colcon.colcon_core.package_identification:_identify(ros2_aruco_ws/src/ros2_aruco/ros2_aruco_interfaces) by extension 'colcon_meta'
[0.204s] Level 1:colcon.colcon_core.package_identification:_identify(ros2_aruco_ws/src/ros2_aruco/ros2_aruco_interfaces) by extensions ['ros']
[0.204s] Level 1:colcon.colcon_core.package_identification:_identify(ros2_aruco_ws/src/ros2_aruco/ros2_aruco_interfaces) by extension 'ros'
[0.204s] DEBUG:colcon.colcon_core.package_identification:Package 'ros2_aruco_ws/src/ros2_aruco/ros2_aruco_interfaces' with type 'ros.ament_cmake' and name 'ros2_aruco_interfaces'
[0.204s] Level 1:colcon.colcon_core.package_identification:_identify(ros2_aruco_ws/src/usb_cam) by extensions ['ignore', 'ignore_ament_install']
[0.204s] Level 1:colcon.colcon_core.package_identification:_identify(ros2_aruco_ws/src/usb_cam) by extension 'ignore'
[0.204s] Level 1:colcon.colcon_core.package_identification:_identify(ros2_aruco_ws/src/usb_cam) by extension 'ignore_ament_install'
[0.204s] Level 1:colcon.colcon_core.package_identification:_identify(ros2_aruco_ws/src/usb_cam) by extensions ['colcon_pkg']
[0.204s] Level 1:colcon.colcon_core.package_identification:_identify(ros2_aruco_ws/src/usb_cam) by extension 'colcon_pkg'
[0.204s] Level 1:colcon.colcon_core.package_identification:_identify(ros2_aruco_ws/src/usb_cam) by extensions ['colcon_meta']
[0.204s] Level 1:colcon.colcon_core.package_identification:_identify(ros2_aruco_ws/src/usb_cam) by extension 'colcon_meta'
[0.204s] Level 1:colcon.colcon_core.package_identification:_identify(ros2_aruco_ws/src/usb_cam) by extensions ['ros']
[0.204s] Level 1:colcon.colcon_core.package_identification:_identify(ros2_aruco_ws/src/usb_cam) by extension 'ros'
[0.206s] DEBUG:colcon.colcon_core.package_identification:Package 'ros2_aruco_ws/src/usb_cam' with type 'ros.ament_cmake' and name 'usb_cam'
[0.206s] Level 1:colcon.colcon_core.package_discovery:discover_packages(recursive) using defaults
[0.206s] Level 1:colcon.colcon_core.package_discovery:discover_packages(ignore) discover
[0.206s] Level 1:colcon.colcon_core.package_discovery:discover_packages(ignore) using defaults
[0.206s] Level 1:colcon.colcon_core.package_discovery:discover_packages(path) discover
[0.206s] Level 1:colcon.colcon_core.package_discovery:discover_packages(path) using defaults
[0.220s] Level 1:colcon.colcon_core.package_discovery:discover_packages(prefix_path) check parameters
[0.220s] Level 1:colcon.colcon_core.package_discovery:discover_packages(prefix_path) discover
[0.222s] DEBUG:colcon.colcon_installed_package_information.package_discovery:Found 278 installed packages in /opt/ros/humble
[0.223s] Level 1:colcon.colcon_core.package_discovery:discover_packages(prefix_path) using defaults
[0.257s] Level 5:colcon.colcon_core.verb:set package 'my_aruco_detector' build argument 'cmake_args' from command line to 'None'
[0.257s] Level 5:colcon.colcon_core.verb:set package 'my_aruco_detector' build argument 'cmake_target' from command line to 'None'
[0.257s] Level 5:colcon.colcon_core.verb:set package 'my_aruco_detector' build argument 'cmake_target_skip_unavailable' from command line to 'False'
[0.257s] Level 5:colcon.colcon_core.verb:set package 'my_aruco_detector' build argument 'cmake_clean_cache' from command line to 'False'
[0.257s] Level 5:colcon.colcon_core.verb:set package 'my_aruco_detector' build argument 'cmake_clean_first' from command line to 'False'
[0.257s] Level 5:colcon.colcon_core.verb:set package 'my_aruco_detector' build argument 'cmake_force_configure' from command line to 'False'
[0.257s] Level 5:colcon.colcon_core.verb:set package 'my_aruco_detector' build argument 'ament_cmake_args' from command line to 'None'
[0.257s] Level 5:colcon.colcon_core.verb:set package 'my_aruco_detector' build argument 'catkin_cmake_args' from command line to 'None'
[0.257s] Level 5:colcon.colcon_core.verb:set package 'my_aruco_detector' build argument 'catkin_skip_building_tests' from command line to 'False'
[0.257s] DEBUG:colcon.colcon_core.verb:Building package 'my_aruco_detector' with the following arguments: {'ament_cmake_args': None, 'build_base': '/home/hieu/Documents/106AProject_Drone/build/my_aruco_detector', 'catkin_cmake_args': None, 'catkin_skip_building_tests': False, 'cmake_args': None, 'cmake_clean_cache': False, 'cmake_clean_first': False, 'cmake_force_configure': False, 'cmake_target': None, 'cmake_target_skip_unavailable': False, 'install_base': '/home/hieu/Documents/106AProject_Drone/install/my_aruco_detector', 'merge_install': False, 'path': '/home/hieu/Documents/106AProject_Drone/ros2_aruco_ws/my_aruco_detector', 'symlink_install': False, 'test_result_base': None}
[0.257s] Level 5:colcon.colcon_core.verb:set package 'ros2_aruco' build argument 'cmake_args' from command line to 'None'
[0.257s] Level 5:colcon.colcon_core.verb:set package 'ros2_aruco' build argument 'cmake_target' from command line to 'None'
[0.257s] Level 5:colcon.colcon_core.verb:set package 'ros2_aruco' build argument 'cmake_target_skip_unavailable' from command line to 'False'
[0.257s] Level 5:colcon.colcon_core.verb:set package 'ros2_aruco' build argument 'cmake_clean_cache' from command line to 'False'
[0.257s] Level 5:colcon.colcon_core.verb:set package 'ros2_aruco' build argument 'cmake_clean_first' from command line to 'False'
[0.257s] Level 5:colcon.colcon_core.verb:set package 'ros2_aruco' build argument 'cmake_force_configure' from command line to 'False'
[0.257s] Level 5:colcon.colcon_core.verb:set package 'ros2_aruco' build argument 'ament_cmake_args' from command line to 'None'
[0.257s] Level 5:colcon.colcon_core.verb:set package 'ros2_aruco' build argument 'catkin_cmake_args' from command line to 'None'
[0.257s] Level 5:colcon.colcon_core.verb:set package 'ros2_aruco' build argument 'catkin_skip_building_tests' from command line to 'False'
[0.257s] DEBUG:colcon.colcon_core.verb:Building package 'ros2_aruco' with the following arguments: {'ament_cmake_args': None, 'build_base': '/home/hieu/Documents/106AProject_Drone/build/ros2_aruco', 'catkin_cmake_args': None, 'catkin_skip_building_tests': False, 'cmake_args': None, 'cmake_clean_cache': False, 'cmake_clean_first': False, 'cmake_force_configure': False, 'cmake_target': None, 'cmake_target_skip_unavailable': False, 'install_base': '/home/hieu/Documents/106AProject_Drone/install/ros2_aruco', 'merge_install': False, 'path': '/home/hieu/Documents/106AProject_Drone/ros2_aruco_ws/src/ros2_aruco/ros2_aruco', 'symlink_install': False, 'test_result_base': None}
[0.258s] Level 5:colcon.colcon_core.verb:set package 'ros2_aruco_interfaces' build argument 'cmake_args' from command line to 'None'
[0.258s] Level 5:colcon.colcon_core.verb:set package 'ros2_aruco_interfaces' build argument 'cmake_target' from command line to 'None'
[0.258s] Level 5:colcon.colcon_core.verb:set package 'ros2_aruco_interfaces' build argument 'cmake_target_skip_unavailable' from command line to 'False'
[0.258s] Level 5:colcon.colcon_core.verb:set package 'ros2_aruco_interfaces' build argument 'cmake_clean_cache' from command line to 'False'
[0.258s] Level 5:colcon.colcon_core.verb:set package 'ros2_aruco_interfaces' build argument 'cmake_clean_first' from command line to 'False'
[0.258s] Level 5:colcon.colcon_core.verb:set package 'ros2_aruco_interfaces' build argument 'cmake_force_configure' from command line to 'False'
[0.258s] Level 5:colcon.colcon_core.verb:set package 'ros2_aruco_interfaces' build argument 'ament_cmake_args' from command line to 'None'
[0.258s] Level 5:colcon.colcon_core.verb:set package 'ros2_aruco_interfaces' build argument 'catkin_cmake_args' from command line to 'None'
[0.258s] Level 5:colcon.colcon_core.verb:set package 'ros2_aruco_interfaces' build argument 'catkin_skip_building_tests' from command line to 'False'
[0.258s] DEBUG:colcon.colcon_core.verb:Building package 'ros2_aruco_interfaces' with the following arguments: {'ament_cmake_args': None, 'build_base': '/home/hieu/Documents/106AProject_Drone/build/ros2_aruco_interfaces', 'catkin_cmake_args': None, 'catkin_skip_building_tests': False, 'cmake_args': None, 'cmake_clean_cache': False, 'cmake_clean_first': False, 'cmake_force_configure': False, 'cmake_target': None, 'cmake_target_skip_unavailable': False, 'install_base': '/home/hieu/Documents/106AProject_Drone/install/ros2_aruco_interfaces', 'merge_install': False, 'path': '/home/hieu/Documents/106AProject_Drone/ros2_aruco_ws/src/ros2_aruco/ros2_aruco_interfaces', 'symlink_install': False, 'test_result_base': None}
[0.258s] Level 5:colcon.colcon_core.verb:set package 'usb_cam' build argument 'cmake_args' from command line to 'None'
[0.258s] Level 5:colcon.colcon_core.verb:set package 'usb_cam' build argument 'cmake_target' from command line to 'None'
[0.258s] Level 5:colcon.colcon_core.verb:set package 'usb_cam' build argument 'cmake_target_skip_unavailable' from command line to 'False'
[0.258s] Level 5:colcon.colcon_core.verb:set package 'usb_cam' build argument 'cmake_clean_cache' from command line to 'False'
[0.258s] Level 5:colcon.colcon_core.verb:set package 'usb_cam' build argument 'cmake_clean_first' from command line to 'False'
[0.258s] Level 5:colcon.colcon_core.verb:set package 'usb_cam' build argument 'cmake_force_configure' from command line to 'False'
[0.258s] Level 5:colcon.colcon_core.verb:set package 'usb_cam' build argument 'ament_cmake_args' from command line to 'None'
[0.258s] Level 5:colcon.colcon_core.verb:set package 'usb_cam' build argument 'catkin_cmake_args' from command line to 'None'
[0.258s] Level 5:colcon.colcon_core.verb:set package 'usb_cam' build argument 'catkin_skip_building_tests' from command line to 'False'
[0.258s] DEBUG:colcon.colcon_core.verb:Building package 'usb_cam' with the following arguments: {'ament_cmake_args': None, 'build_base': '/home/hieu/Documents/106AProject_Drone/build/usb_cam', 'catkin_cmake_args': None, 'catkin_skip_building_tests': False, 'cmake_args': None, 'cmake_clean_cache': False, 'cmake_clean_first': False, 'cmake_force_configure': False, 'cmake_target': None, 'cmake_target_skip_unavailable': False, 'install_base': '/home/hieu/Documents/106AProject_Drone/install/usb_cam', 'merge_install': False, 'path': '/home/hieu/Documents/106AProject_Drone/ros2_aruco_ws/src/usb_cam', 'symlink_install': False, 'test_result_base': None}
[0.258s] INFO:colcon.colcon_core.executor:Executing jobs using 'parallel' executor
[0.259s] DEBUG:colcon.colcon_parallel_executor.executor.parallel:run_until_complete
[0.259s] INFO:colcon.colcon_ros.task.ament_python.build:Building ROS package in '/home/hieu/Documents/106AProject_Drone/ros2_aruco_ws/my_aruco_detector' with build type 'ament_python'
[0.259s] Level 1:colcon.colcon_core.shell:create_environment_hook('my_aruco_detector', 'ament_prefix_path')
[0.261s] INFO:colcon.colcon_core.plugin_system:Skipping extension 'colcon_core.shell.bat': Not used on non-Windows systems
[0.261s] INFO:colcon.colcon_core.shell:Creating environment hook '/home/hieu/Documents/106AProject_Drone/install/my_aruco_detector/share/my_aruco_detector/hook/ament_prefix_path.ps1'
[0.262s] INFO:colcon.colcon_core.shell:Creating environment descriptor '/home/hieu/Documents/106AProject_Drone/install/my_aruco_detector/share/my_aruco_detector/hook/ament_prefix_path.dsv'
[0.262s] INFO:colcon.colcon_core.shell:Creating environment hook '/home/hieu/Documents/106AProject_Drone/install/my_aruco_detector/share/my_aruco_detector/hook/ament_prefix_path.sh'
[0.262s] INFO:colcon.colcon_core.shell:Skip shell extension 'powershell' for command environment: Not usable outside of PowerShell
[0.262s] DEBUG:colcon.colcon_core.shell:Skip shell extension 'dsv' for command environment
[0.265s] INFO:colcon.colcon_ros.task.ament_python.build:Building ROS package in '/home/hieu/Documents/106AProject_Drone/ros2_aruco_ws/src/ros2_aruco/ros2_aruco' with build type 'ament_python'
[0.265s] Level 1:colcon.colcon_core.shell:create_environment_hook('ros2_aruco', 'ament_prefix_path')
[0.265s] INFO:colcon.colcon_core.shell:Creating environment hook '/home/hieu/Documents/106AProject_Drone/install/ros2_aruco/share/ros2_aruco/hook/ament_prefix_path.ps1'
[0.265s] INFO:colcon.colcon_core.shell:Creating environment descriptor '/home/hieu/Documents/106AProject_Drone/install/ros2_aruco/share/ros2_aruco/hook/ament_prefix_path.dsv'
[0.265s] INFO:colcon.colcon_core.shell:Creating environment hook '/home/hieu/Documents/106AProject_Drone/install/ros2_aruco/share/ros2_aruco/hook/ament_prefix_path.sh'
[0.266s] INFO:colcon.colcon_core.shell:Skip shell extension 'powershell' for command environment: Not usable outside of PowerShell
[0.266s] DEBUG:colcon.colcon_core.shell:Skip shell extension 'dsv' for command environment
[0.268s] INFO:colcon.colcon_ros.task.ament_cmake.build:Building ROS package in '/home/hieu/Documents/106AProject_Drone/ros2_aruco_ws/src/ros2_aruco/ros2_aruco_interfaces' with build type 'ament_cmake'
[0.268s] INFO:colcon.colcon_cmake.task.cmake.build:Building CMake package in '/home/hieu/Documents/106AProject_Drone/ros2_aruco_ws/src/ros2_aruco/ros2_aruco_interfaces'
[0.268s] INFO:colcon.colcon_core.shell:Skip shell extension 'powershell' for command environment: Not usable outside of PowerShell
[0.268s] DEBUG:colcon.colcon_core.shell:Skip shell extension 'dsv' for command environment
[0.270s] INFO:colcon.colcon_ros.task.ament_cmake.build:Building ROS package in '/home/hieu/Documents/106AProject_Drone/ros2_aruco_ws/src/usb_cam' with build type 'ament_cmake'
[0.270s] INFO:colcon.colcon_cmake.task.cmake.build:Building CMake package in '/home/hieu/Documents/106AProject_Drone/ros2_aruco_ws/src/usb_cam'
[0.270s] INFO:colcon.colcon_core.shell:Skip shell extension 'powershell' for command environment: Not usable outside of PowerShell
[0.270s] DEBUG:colcon.colcon_core.shell:Skip shell extension 'dsv' for command environment
[0.445s] INFO:colcon.colcon_core.task.python.build:Building Python package in '/home/hieu/Documents/106AProject_Drone/ros2_aruco_ws/my_aruco_detector'
[0.446s] INFO:colcon.colcon_core.shell:Skip shell extension 'powershell' for command environment: Not usable outside of PowerShell
[0.446s] DEBUG:colcon.colcon_core.shell:Skip shell extension 'dsv' for command environment
[0.622s] INFO:colcon.colcon_core.task.python.build:Building Python package in '/home/hieu/Documents/106AProject_Drone/ros2_aruco_ws/src/ros2_aruco/ros2_aruco'
[0.623s] INFO:colcon.colcon_core.shell:Skip shell extension 'powershell' for command environment: Not usable outside of PowerShell
[0.623s] DEBUG:colcon.colcon_core.shell:Skip shell extension 'dsv' for command environment
[0.631s] DEBUG:colcon.colcon_core.event_handler.log_command:Invoking command in '/home/hieu/Documents/106AProject_Drone/build/ros2_aruco_interfaces': CMAKE_PREFIX_PATH=/opt/ros/humble /usr/bin/cmake --build /home/hieu/Documents/106AProject_Drone/build/ros2_aruco_interfaces -- -j12 -l12
[0.635s] DEBUG:colcon.colcon_core.event_handler.log_command:Invoking command in '/home/hieu/Documents/106AProject_Drone/build/usb_cam': CMAKE_PREFIX_PATH=/opt/ros/humble /usr/bin/cmake --build /home/hieu/Documents/106AProject_Drone/build/usb_cam -- -j12 -l12
[0.729s] DEBUG:colcon.colcon_core.event_handler.log_command:Invoked command in '/home/hieu/Documents/106AProject_Drone/build/usb_cam' returned '0': CMAKE_PREFIX_PATH=/opt/ros/humble /usr/bin/cmake --build /home/hieu/Documents/106AProject_Drone/build/usb_cam -- -j12 -l12
[0.738s] DEBUG:colcon.colcon_core.event_handler.log_command:Invoking command in '/home/hieu/Documents/106AProject_Drone/build/usb_cam': CMAKE_PREFIX_PATH=/opt/ros/humble /usr/bin/cmake --install /home/hieu/Documents/106AProject_Drone/build/usb_cam
[0.749s] Level 1:colcon.colcon_core.environment:create_environment_scripts_only(usb_cam)
[0.750s] DEBUG:colcon.colcon_core.event_handler.log_command:Invoked command in '/home/hieu/Documents/106AProject_Drone/build/usb_cam' returned '0': CMAKE_PREFIX_PATH=/opt/ros/humble /usr/bin/cmake --install /home/hieu/Documents/106AProject_Drone/build/usb_cam
[0.752s] Level 1:colcon.colcon_core.environment:checking '/home/hieu/Documents/106AProject_Drone/install/usb_cam' for CMake module files
[0.753s] Level 1:colcon.colcon_core.environment:checking '/home/hieu/Documents/106AProject_Drone/install/usb_cam' for CMake config files
[0.753s] Level 1:colcon.colcon_core.shell:create_environment_hook('usb_cam', 'cmake_prefix_path')
[0.753s] INFO:colcon.colcon_core.shell:Creating environment hook '/home/hieu/Documents/106AProject_Drone/install/usb_cam/share/usb_cam/hook/cmake_prefix_path.ps1'
[0.753s] INFO:colcon.colcon_core.shell:Creating environment descriptor '/home/hieu/Documents/106AProject_Drone/install/usb_cam/share/usb_cam/hook/cmake_prefix_path.dsv'
[0.754s] INFO:colcon.colcon_core.shell:Creating environment hook '/home/hieu/Documents/106AProject_Drone/install/usb_cam/share/usb_cam/hook/cmake_prefix_path.sh'
[0.755s] Level 1:colcon.colcon_core.environment:checking '/home/hieu/Documents/106AProject_Drone/install/usb_cam/lib'
[0.755s] Level 1:colcon.colcon_core.shell:create_environment_hook('usb_cam', 'ld_library_path_lib')
[0.755s] INFO:colcon.colcon_core.shell:Creating environment hook '/home/hieu/Documents/106AProject_Drone/install/usb_cam/share/usb_cam/hook/ld_library_path_lib.ps1'
[0.755s] INFO:colcon.colcon_core.shell:Creating environment descriptor '/home/hieu/Documents/106AProject_Drone/install/usb_cam/share/usb_cam/hook/ld_library_path_lib.dsv'
[0.756s] INFO:colcon.colcon_core.shell:Creating environment hook '/home/hieu/Documents/106AProject_Drone/install/usb_cam/share/usb_cam/hook/ld_library_path_lib.sh'
[0.756s] Level 1:colcon.colcon_core.environment:checking '/home/hieu/Documents/106AProject_Drone/install/usb_cam/bin'
[0.756s] Level 1:colcon.colcon_core.environment:checking '/home/hieu/Documents/106AProject_Drone/install/usb_cam/lib/pkgconfig/usb_cam.pc'
[0.757s] Level 1:colcon.colcon_core.environment:checking '/home/hieu/Documents/106AProject_Drone/install/usb_cam/lib/python3.10/site-packages'
[0.757s] Level 1:colcon.colcon_core.environment:checking '/home/hieu/Documents/106AProject_Drone/install/usb_cam/bin'
[0.757s] INFO:colcon.colcon_core.shell:Creating package script '/home/hieu/Documents/106AProject_Drone/install/usb_cam/share/usb_cam/package.ps1'
[0.758s] INFO:colcon.colcon_core.shell:Creating package descriptor '/home/hieu/Documents/106AProject_Drone/install/usb_cam/share/usb_cam/package.dsv'
[0.759s] INFO:colcon.colcon_core.shell:Creating package script '/home/hieu/Documents/106AProject_Drone/install/usb_cam/share/usb_cam/package.sh'
[0.760s] INFO:colcon.colcon_core.shell:Creating package script '/home/hieu/Documents/106AProject_Drone/install/usb_cam/share/usb_cam/package.bash'
[0.761s] INFO:colcon.colcon_core.shell:Creating package script '/home/hieu/Documents/106AProject_Drone/install/usb_cam/share/usb_cam/package.zsh'
[0.761s] Level 1:colcon.colcon_core.environment:create_file_with_runtime_dependencies(/home/hieu/Documents/106AProject_Drone/install/usb_cam/share/colcon-core/packages/usb_cam)
[0.762s] Level 1:colcon.colcon_core.environment:create_environment_scripts_only(usb_cam)
[0.762s] Level 1:colcon.colcon_core.environment:checking '/home/hieu/Documents/106AProject_Drone/install/usb_cam' for CMake module files
[0.763s] Level 1:colcon.colcon_core.environment:checking '/home/hieu/Documents/106AProject_Drone/install/usb_cam' for CMake config files
[0.763s] Level 1:colcon.colcon_core.shell:create_environment_hook('usb_cam', 'cmake_prefix_path')
[0.763s] INFO:colcon.colcon_core.shell:Creating environment hook '/home/hieu/Documents/106AProject_Drone/install/usb_cam/share/usb_cam/hook/cmake_prefix_path.ps1'
[0.763s] INFO:colcon.colcon_core.shell:Creating environment descriptor '/home/hieu/Documents/106AProject_Drone/install/usb_cam/share/usb_cam/hook/cmake_prefix_path.dsv'
[0.764s] INFO:colcon.colcon_core.shell:Creating environment hook '/home/hieu/Documents/106AProject_Drone/install/usb_cam/share/usb_cam/hook/cmake_prefix_path.sh'
[0.764s] Level 1:colcon.colcon_core.environment:checking '/home/hieu/Documents/106AProject_Drone/install/usb_cam/lib'
[0.764s] Level 1:colcon.colcon_core.shell:create_environment_hook('usb_cam', 'ld_library_path_lib')
[0.765s] INFO:colcon.colcon_core.shell:Creating environment hook '/home/hieu/Documents/106AProject_Drone/install/usb_cam/share/usb_cam/hook/ld_library_path_lib.ps1'
[0.765s] INFO:colcon.colcon_core.shell:Creating environment descriptor '/home/hieu/Documents/106AProject_Drone/install/usb_cam/share/usb_cam/hook/ld_library_path_lib.dsv'
[0.765s] INFO:colcon.colcon_core.shell:Creating environment hook '/home/hieu/Documents/106AProject_Drone/install/usb_cam/share/usb_cam/hook/ld_library_path_lib.sh'
[0.766s] Level 1:colcon.colcon_core.environment:checking '/home/hieu/Documents/106AProject_Drone/install/usb_cam/bin'
[0.766s] Level 1:colcon.colcon_core.environment:checking '/home/hieu/Documents/106AProject_Drone/install/usb_cam/lib/pkgconfig/usb_cam.pc'
[0.766s] Level 1:colcon.colcon_core.environment:checking '/home/hieu/Documents/106AProject_Drone/install/usb_cam/lib/python3.10/site-packages'
[0.767s] Level 1:colcon.colcon_core.environment:checking '/home/hieu/Documents/106AProject_Drone/install/usb_cam/bin'
[0.767s] INFO:colcon.colcon_core.shell:Creating package script '/home/hieu/Documents/106AProject_Drone/install/usb_cam/share/usb_cam/package.ps1'
[0.767s] INFO:colcon.colcon_core.shell:Creating package descriptor '/home/hieu/Documents/106AProject_Drone/install/usb_cam/share/usb_cam/package.dsv'
[0.768s] INFO:colcon.colcon_core.shell:Creating package script '/home/hieu/Documents/106AProject_Drone/install/usb_cam/share/usb_cam/package.sh'
[0.768s] INFO:colcon.colcon_core.shell:Creating package script '/home/hieu/Documents/106AProject_Drone/install/usb_cam/share/usb_cam/package.bash'
[0.769s] INFO:colcon.colcon_core.shell:Creating package script '/home/hieu/Documents/106AProject_Drone/install/usb_cam/share/usb_cam/package.zsh'
[0.769s] Level 1:colcon.colcon_core.environment:create_file_with_runtime_dependencies(/home/hieu/Documents/106AProject_Drone/install/usb_cam/share/colcon-core/packages/usb_cam)
[0.888s] DEBUG:colcon.colcon_core.event_handler.log_command:Invoking command in '/home/hieu/Documents/106AProject_Drone/ros2_aruco_ws/my_aruco_detector': PYTHONPATH=/home/hieu/Documents/106AProject_Drone/build/my_aruco_detector/prefix_override:/usr/lib/python3/dist-packages/colcon_core/task/python/colcon_distutils_commands:/home/hieu/Documents/106AProject_Drone/install/my_aruco_detector/lib/python3.10/site-packages:${PYTHONPATH} /usr/bin/python3 -W ignore:setup.py install is deprecated -W ignore:easy_install command is deprecated setup.py egg_info --egg-base ../../build/my_aruco_detector build --build-base /home/hieu/Documents/106AProject_Drone/build/my_aruco_detector/build install --record /home/hieu/Documents/106AProject_Drone/build/my_aruco_detector/install.log --single-version-externally-managed install_data
[0.890s] DEBUG:colcon.colcon_core.event_handler.log_command:Invoking command in '/home/hieu/Documents/106AProject_Drone/ros2_aruco_ws/src/ros2_aruco/ros2_aruco': PYTHONPATH=/home/hieu/Documents/106AProject_Drone/build/ros2_aruco/prefix_override:/usr/lib/python3/dist-packages/colcon_core/task/python/colcon_distutils_commands:/home/hieu/Documents/106AProject_Drone/install/ros2_aruco/lib/python3.10/site-packages:${PYTHONPATH} /usr/bin/python3 -W ignore:setup.py install is deprecated -W ignore:easy_install command is deprecated setup.py egg_info --egg-base ../../../../build/ros2_aruco build --build-base /home/hieu/Documents/106AProject_Drone/build/ros2_aruco/build install --record /home/hieu/Documents/106AProject_Drone/build/ros2_aruco/install.log --single-version-externally-managed install_data
[0.907s] DEBUG:colcon.colcon_core.event_handler.log_command:Invoked command in '/home/hieu/Documents/106AProject_Drone/build/ros2_aruco_interfaces' returned '0': CMAKE_PREFIX_PATH=/opt/ros/humble /usr/bin/cmake --build /home/hieu/Documents/106AProject_Drone/build/ros2_aruco_interfaces -- -j12 -l12
[0.909s] DEBUG:colcon.colcon_core.event_handler.log_command:Invoking command in '/home/hieu/Documents/106AProject_Drone/build/ros2_aruco_interfaces': CMAKE_PREFIX_PATH=/opt/ros/humble /usr/bin/cmake --install /home/hieu/Documents/106AProject_Drone/build/ros2_aruco_interfaces
[0.952s] Level 1:colcon.colcon_core.environment:create_environment_scripts_only(ros2_aruco_interfaces)
[0.953s] Level 1:colcon.colcon_core.environment:checking '/home/hieu/Documents/106AProject_Drone/install/ros2_aruco_interfaces' for CMake module files
[0.953s] DEBUG:colcon.colcon_core.event_handler.log_command:Invoked command in '/home/hieu/Documents/106AProject_Drone/build/ros2_aruco_interfaces' returned '0': CMAKE_PREFIX_PATH=/opt/ros/humble /usr/bin/cmake --install /home/hieu/Documents/106AProject_Drone/build/ros2_aruco_interfaces
[0.954s] Level 1:colcon.colcon_core.environment:checking '/home/hieu/Documents/106AProject_Drone/install/ros2_aruco_interfaces' for CMake config files
[0.954s] Level 1:colcon.colcon_core.shell:create_environment_hook('ros2_aruco_interfaces', 'cmake_prefix_path')
[0.955s] INFO:colcon.colcon_core.shell:Creating environment hook '/home/hieu/Documents/106AProject_Drone/install/ros2_aruco_interfaces/share/ros2_aruco_interfaces/hook/cmake_prefix_path.ps1'
[0.955s] INFO:colcon.colcon_core.shell:Creating environment descriptor '/home/hieu/Documents/106AProject_Drone/install/ros2_aruco_interfaces/share/ros2_aruco_interfaces/hook/cmake_prefix_path.dsv'
[0.956s] INFO:colcon.colcon_core.shell:Creating environment hook '/home/hieu/Documents/106AProject_Drone/install/ros2_aruco_interfaces/share/ros2_aruco_interfaces/hook/cmake_prefix_path.sh'
[0.956s] Level 1:colcon.colcon_core.environment:checking '/home/hieu/Documents/106AProject_Drone/install/ros2_aruco_interfaces/lib'
[0.957s] Level 1:colcon.colcon_core.shell:create_environment_hook('ros2_aruco_interfaces', 'ld_library_path_lib')
[0.957s] INFO:colcon.colcon_core.shell:Creating environment hook '/home/hieu/Documents/106AProject_Drone/install/ros2_aruco_interfaces/share/ros2_aruco_interfaces/hook/ld_library_path_lib.ps1'
[0.957s] INFO:colcon.colcon_core.shell:Creating environment descriptor '/home/hieu/Documents/106AProject_Drone/install/ros2_aruco_interfaces/share/ros2_aruco_interfaces/hook/ld_library_path_lib.dsv'
[0.958s] INFO:colcon.colcon_core.shell:Creating environment hook '/home/hieu/Documents/106AProject_Drone/install/ros2_aruco_interfaces/share/ros2_aruco_interfaces/hook/ld_library_path_lib.sh'
[0.958s] Level 1:colcon.colcon_core.environment:checking '/home/hieu/Documents/106AProject_Drone/install/ros2_aruco_interfaces/bin'
[0.958s] Level 1:colcon.colcon_core.environment:checking '/home/hieu/Documents/106AProject_Drone/install/ros2_aruco_interfaces/lib/pkgconfig/ros2_aruco_interfaces.pc'
[0.959s] Level 1:colcon.colcon_core.environment:checking '/home/hieu/Documents/106AProject_Drone/install/ros2_aruco_interfaces/lib/python3.10/site-packages'
[0.959s] Level 1:colcon.colcon_core.environment:checking '/home/hieu/Documents/106AProject_Drone/install/ros2_aruco_interfaces/bin'
[0.960s] INFO:colcon.colcon_core.shell:Creating package script '/home/hieu/Documents/106AProject_Drone/install/ros2_aruco_interfaces/share/ros2_aruco_interfaces/package.ps1'
[0.960s] INFO:colcon.colcon_core.shell:Creating package descriptor '/home/hieu/Documents/106AProject_Drone/install/ros2_aruco_interfaces/share/ros2_aruco_interfaces/package.dsv'
[0.961s] INFO:colcon.colcon_core.shell:Creating package script '/home/hieu/Documents/106AProject_Drone/install/ros2_aruco_interfaces/share/ros2_aruco_interfaces/package.sh'
[0.962s] INFO:colcon.colcon_core.shell:Creating package script '/home/hieu/Documents/106AProject_Drone/install/ros2_aruco_interfaces/share/ros2_aruco_interfaces/package.bash'
[0.962s] INFO:colcon.colcon_core.shell:Creating package script '/home/hieu/Documents/106AProject_Drone/install/ros2_aruco_interfaces/share/ros2_aruco_interfaces/package.zsh'
[0.963s] Level 1:colcon.colcon_core.environment:create_file_with_runtime_dependencies(/home/hieu/Documents/106AProject_Drone/install/ros2_aruco_interfaces/share/colcon-core/packages/ros2_aruco_interfaces)
[0.963s] Level 1:colcon.colcon_core.environment:create_environment_scripts_only(ros2_aruco_interfaces)
[0.964s] Level 1:colcon.colcon_core.environment:checking '/home/hieu/Documents/106AProject_Drone/install/ros2_aruco_interfaces' for CMake module files
[0.965s] Level 1:colcon.colcon_core.environment:checking '/home/hieu/Documents/106AProject_Drone/install/ros2_aruco_interfaces' for CMake config files
[0.965s] Level 1:colcon.colcon_core.shell:create_environment_hook('ros2_aruco_interfaces', 'cmake_prefix_path')
[0.965s] INFO:colcon.colcon_core.shell:Creating environment hook '/home/hieu/Documents/106AProject_Drone/install/ros2_aruco_interfaces/share/ros2_aruco_interfaces/hook/cmake_prefix_path.ps1'
[0.966s] INFO:colcon.colcon_core.shell:Creating environment descriptor '/home/hieu/Documents/106AProject_Drone/install/ros2_aruco_interfaces/share/ros2_aruco_interfaces/hook/cmake_prefix_path.dsv'
[0.966s] INFO:colcon.colcon_core.shell:Creating environment hook '/home/hieu/Documents/106AProject_Drone/install/ros2_aruco_interfaces/share/ros2_aruco_interfaces/hook/cmake_prefix_path.sh'
[0.967s] Level 1:colcon.colcon_core.environment:checking '/home/hieu/Documents/106AProject_Drone/install/ros2_aruco_interfaces/lib'
[0.967s] Level 1:colcon.colcon_core.shell:create_environment_hook('ros2_aruco_interfaces', 'ld_library_path_lib')
[0.967s] INFO:colcon.colcon_core.shell:Creating environment hook '/home/hieu/Documents/106AProject_Drone/install/ros2_aruco_interfaces/share/ros2_aruco_interfaces/hook/ld_library_path_lib.ps1'
[0.968s] INFO:colcon.colcon_core.shell:Creating environment descriptor '/home/hieu/Documents/106AProject_Drone/install/ros2_aruco_interfaces/share/ros2_aruco_interfaces/hook/ld_library_path_lib.dsv'
[0.968s] INFO:colcon.colcon_core.shell:Creating environment hook '/home/hieu/Documents/106AProject_Drone/install/ros2_aruco_interfaces/share/ros2_aruco_interfaces/hook/ld_library_path_lib.sh'
[0.969s] Level 1:colcon.colcon_core.environment:checking '/home/hieu/Documents/106AProject_Drone/install/ros2_aruco_interfaces/bin'
[0.969s] Level 1:colcon.colcon_core.environment:checking '/home/hieu/Documents/106AProject_Drone/install/ros2_aruco_interfaces/lib/pkgconfig/ros2_aruco_interfaces.pc'
[0.969s] Level 1:colcon.colcon_core.environment:checking '/home/hieu/Documents/106AProject_Drone/install/ros2_aruco_interfaces/lib/python3.10/site-packages'
[0.970s] Level 1:colcon.colcon_core.environment:checking '/home/hieu/Documents/106AProject_Drone/install/ros2_aruco_interfaces/bin'
[0.970s] INFO:colcon.colcon_core.shell:Creating package script '/home/hieu/Documents/106AProject_Drone/install/ros2_aruco_interfaces/share/ros2_aruco_interfaces/package.ps1'
[0.971s] INFO:colcon.colcon_core.shell:Creating package descriptor '/home/hieu/Documents/106AProject_Drone/install/ros2_aruco_interfaces/share/ros2_aruco_interfaces/package.dsv'
[0.971s] INFO:colcon.colcon_core.shell:Creating package script '/home/hieu/Documents/106AProject_Drone/install/ros2_aruco_interfaces/share/ros2_aruco_interfaces/package.sh'
[0.972s] INFO:colcon.colcon_core.shell:Creating package script '/home/hieu/Documents/106AProject_Drone/install/ros2_aruco_interfaces/share/ros2_aruco_interfaces/package.bash'
[0.972s] INFO:colcon.colcon_core.shell:Creating package script '/home/hieu/Documents/106AProject_Drone/install/ros2_aruco_interfaces/share/ros2_aruco_interfaces/package.zsh'
[0.973s] Level 1:colcon.colcon_core.environment:create_file_with_runtime_dependencies(/home/hieu/Documents/106AProject_Drone/install/ros2_aruco_interfaces/share/colcon-core/packages/ros2_aruco_interfaces)
[1.095s] Level 1:colcon.colcon_core.environment:checking '/home/hieu/Documents/106AProject_Drone/install/my_aruco_detector' for CMake module files
[1.096s] DEBUG:colcon.colcon_core.event_handler.log_command:Invoked command in '/home/hieu/Documents/106AProject_Drone/ros2_aruco_ws/my_aruco_detector' returned '0': PYTHONPATH=/home/hieu/Documents/106AProject_Drone/build/my_aruco_detector/prefix_override:/usr/lib/python3/dist-packages/colcon_core/task/python/colcon_distutils_commands:/home/hieu/Documents/106AProject_Drone/install/my_aruco_detector/lib/python3.10/site-packages:${PYTHONPATH} /usr/bin/python3 -W ignore:setup.py install is deprecated -W ignore:easy_install command is deprecated setup.py egg_info --egg-base ../../build/my_aruco_detector build --build-base /home/hieu/Documents/106AProject_Drone/build/my_aruco_detector/build install --record /home/hieu/Documents/106AProject_Drone/build/my_aruco_detector/install.log --single-version-externally-managed install_data
[1.096s] Level 1:colcon.colcon_core.environment:checking '/home/hieu/Documents/106AProject_Drone/install/my_aruco_detector' for CMake config files
[1.097s] Level 1:colcon.colcon_core.environment:checking '/home/hieu/Documents/106AProject_Drone/install/my_aruco_detector/lib'
[1.097s] Level 1:colcon.colcon_core.environment:checking '/home/hieu/Documents/106AProject_Drone/install/my_aruco_detector/bin'
[1.097s] Level 1:colcon.colcon_core.environment:checking '/home/hieu/Documents/106AProject_Drone/install/my_aruco_detector/lib/pkgconfig/my_aruco_detector.pc'
[1.097s] Level 1:colcon.colcon_core.environment:checking '/home/hieu/Documents/106AProject_Drone/install/my_aruco_detector/lib/python3.10/site-packages'
[1.097s] Level 1:colcon.colcon_core.shell:create_environment_hook('my_aruco_detector', 'pythonpath')
[1.097s] INFO:colcon.colcon_core.shell:Creating environment hook '/home/hieu/Documents/106AProject_Drone/install/my_aruco_detector/share/my_aruco_detector/hook/pythonpath.ps1'
[1.098s] INFO:colcon.colcon_core.shell:Creating environment descriptor '/home/hieu/Documents/106AProject_Drone/install/my_aruco_detector/share/my_aruco_detector/hook/pythonpath.dsv'
[1.098s] INFO:colcon.colcon_core.shell:Creating environment hook '/home/hieu/Documents/106AProject_Drone/install/my_aruco_detector/share/my_aruco_detector/hook/pythonpath.sh'
[1.099s] Level 1:colcon.colcon_core.environment:checking '/home/hieu/Documents/106AProject_Drone/install/my_aruco_detector/bin'
[1.100s] Level 1:colcon.colcon_core.environment:create_environment_scripts_only(my_aruco_detector)
[1.100s] INFO:colcon.colcon_core.shell:Creating package script '/home/hieu/Documents/106AProject_Drone/install/my_aruco_detector/share/my_aruco_detector/package.ps1'
[1.101s] INFO:colcon.colcon_core.shell:Creating package descriptor '/home/hieu/Documents/106AProject_Drone/install/my_aruco_detector/share/my_aruco_detector/package.dsv'
[1.101s] INFO:colcon.colcon_core.shell:Creating package script '/home/hieu/Documents/106AProject_Drone/install/my_aruco_detector/share/my_aruco_detector/package.sh'
[1.102s] INFO:colcon.colcon_core.shell:Creating package script '/home/hieu/Documents/106AProject_Drone/install/my_aruco_detector/share/my_aruco_detector/package.bash'
[1.102s] INFO:colcon.colcon_core.shell:Creating package script '/home/hieu/Documents/106AProject_Drone/install/my_aruco_detector/share/my_aruco_detector/package.zsh'
[1.103s] Level 1:colcon.colcon_core.environment:create_file_with_runtime_dependencies(/home/hieu/Documents/106AProject_Drone/install/my_aruco_detector/share/colcon-core/packages/my_aruco_detector)
[1.104s] Level 1:colcon.colcon_core.environment:checking '/home/hieu/Documents/106AProject_Drone/install/ros2_aruco' for CMake module files
[1.105s] DEBUG:colcon.colcon_core.event_handler.log_command:Invoked command in '/home/hieu/Documents/106AProject_Drone/ros2_aruco_ws/src/ros2_aruco/ros2_aruco' returned '0': PYTHONPATH=/home/hieu/Documents/106AProject_Drone/build/ros2_aruco/prefix_override:/usr/lib/python3/dist-packages/colcon_core/task/python/colcon_distutils_commands:/home/hieu/Documents/106AProject_Drone/install/ros2_aruco/lib/python3.10/site-packages:${PYTHONPATH} /usr/bin/python3 -W ignore:setup.py install is deprecated -W ignore:easy_install command is deprecated setup.py egg_info --egg-base ../../../../build/ros2_aruco build --build-base /home/hieu/Documents/106AProject_Drone/build/ros2_aruco/build install --record /home/hieu/Documents/106AProject_Drone/build/ros2_aruco/install.log --single-version-externally-managed install_data
[1.105s] Level 1:colcon.colcon_core.environment:checking '/home/hieu/Documents/106AProject_Drone/install/ros2_aruco' for CMake config files
[1.106s] Level 1:colcon.colcon_core.environment:checking '/home/hieu/Documents/106AProject_Drone/install/ros2_aruco/lib'
[1.106s] Level 1:colcon.colcon_core.environment:checking '/home/hieu/Documents/106AProject_Drone/install/ros2_aruco/bin'
[1.106s] Level 1:colcon.colcon_core.environment:checking '/home/hieu/Documents/106AProject_Drone/install/ros2_aruco/lib/pkgconfig/ros2_aruco.pc'
[1.106s] Level 1:colcon.colcon_core.environment:checking '/home/hieu/Documents/106AProject_Drone/install/ros2_aruco/lib/python3.10/site-packages'
[1.106s] Level 1:colcon.colcon_core.shell:create_environment_hook('ros2_aruco', 'pythonpath')
[1.107s] INFO:colcon.colcon_core.shell:Creating environment hook '/home/hieu/Documents/106AProject_Drone/install/ros2_aruco/share/ros2_aruco/hook/pythonpath.ps1'
[1.107s] INFO:colcon.colcon_core.shell:Creating environment descriptor '/home/hieu/Documents/106AProject_Drone/install/ros2_aruco/share/ros2_aruco/hook/pythonpath.dsv'
[1.107s] INFO:colcon.colcon_core.shell:Creating environment hook '/home/hieu/Documents/106AProject_Drone/install/ros2_aruco/share/ros2_aruco/hook/pythonpath.sh'
[1.108s] Level 1:colcon.colcon_core.environment:checking '/home/hieu/Documents/106AProject_Drone/install/ros2_aruco/bin'
[1.108s] Level 1:colcon.colcon_core.environment:create_environment_scripts_only(ros2_aruco)
[1.109s] INFO:colcon.colcon_core.shell:Creating package script '/home/hieu/Documents/106AProject_Drone/install/ros2_aruco/share/ros2_aruco/package.ps1'
[1.109s] INFO:colcon.colcon_core.shell:Creating package descriptor '/home/hieu/Documents/106AProject_Drone/install/ros2_aruco/share/ros2_aruco/package.dsv'
[1.110s] INFO:colcon.colcon_core.shell:Creating package script '/home/hieu/Documents/106AProject_Drone/install/ros2_aruco/share/ros2_aruco/package.sh'
[1.111s] INFO:colcon.colcon_core.shell:Creating package script '/home/hieu/Documents/106AProject_Drone/install/ros2_aruco/share/ros2_aruco/package.bash'
[1.111s] INFO:colcon.colcon_core.shell:Creating package script '/home/hieu/Documents/106AProject_Drone/install/ros2_aruco/share/ros2_aruco/package.zsh'
[1.112s] Level 1:colcon.colcon_core.environment:create_file_with_runtime_dependencies(/home/hieu/Documents/106AProject_Drone/install/ros2_aruco/share/colcon-core/packages/ros2_aruco)
[1.112s] DEBUG:colcon.colcon_parallel_executor.executor.parallel:closing loop
[1.112s] DEBUG:colcon.colcon_parallel_executor.executor.parallel:loop closed
[1.112s] DEBUG:colcon.colcon_parallel_executor.executor.parallel:run_until_complete finished with '0'
[1.112s] DEBUG:colcon.colcon_core.event_reactor:joining thread
[1.119s] INFO:colcon.colcon_core.plugin_system:Skipping extension 'colcon_notification.desktop_notification.terminal_notifier': Not used on non-Darwin systems
[1.119s] INFO:colcon.colcon_core.plugin_system:Skipping extension 'colcon_notification.desktop_notification.win32': Not used on non-Windows systems
[1.119s] INFO:colcon.colcon_notification.desktop_notification:Sending desktop notification using 'notify2'
[1.132s] DEBUG:colcon.colcon_core.event_reactor:joined thread
[1.132s] INFO:colcon.colcon_core.shell:Creating prefix script '/home/hieu/Documents/106AProject_Drone/install/local_setup.ps1'
[1.133s] INFO:colcon.colcon_core.shell:Creating prefix util module '/home/hieu/Documents/106AProject_Drone/install/_local_setup_util_ps1.py'
[1.135s] INFO:colcon.colcon_core.shell:Creating prefix chain script '/home/hieu/Documents/106AProject_Drone/install/setup.ps1'
[1.136s] INFO:colcon.colcon_core.shell:Creating prefix script '/home/hieu/Documents/106AProject_Drone/install/local_setup.sh'
[1.137s] INFO:colcon.colcon_core.shell:Creating prefix util module '/home/hieu/Documents/106AProject_Drone/install/_local_setup_util_sh.py'
[1.138s] INFO:colcon.colcon_core.shell:Creating prefix chain script '/home/hieu/Documents/106AProject_Drone/install/setup.sh'
[1.139s] INFO:colcon.colcon_core.shell:Creating prefix script '/home/hieu/Documents/106AProject_Drone/install/local_setup.bash'
[1.140s] INFO:colcon.colcon_core.shell:Creating prefix chain script '/home/hieu/Documents/106AProject_Drone/install/setup.bash'
[1.141s] INFO:colcon.colcon_core.shell:Creating prefix script '/home/hieu/Documents/106AProject_Drone/install/local_setup.zsh'
[1.142s] INFO:colcon.colcon_core.shell:Creating prefix chain script '/home/hieu/Documents/106AProject_Drone/install/setup.zsh'
