[0.078s] DEBUG:colcon:Command line arguments: ['/usr/bin/colcon', 'build']
[0.078s] DEBUG:colcon:Parsed command line arguments: Namespace(log_base=None, log_level=None, verb_name='build', build_base='build', install_base='install', merge_install=False, symlink_install=False, test_result_base=None, continue_on_error=False, executor='parallel', parallel_workers=12, event_handlers=None, ignore_user_meta=False, metas=['./colcon.meta'], base_paths=['.'], packages_ignore=None, packages_ignore_regex=None, paths=None, packages_up_to=None, packages_up_to_regex=None, packages_above=None, packages_above_and_dependencies=None, packages_above_depth=None, packages_select_by_dep=None, packages_skip_by_dep=None, packages_skip_up_to=None, packages_select_build_failed=False, packages_skip_build_finished=False, packages_select_test_failures=False, packages_skip_test_passed=False, packages_select=None, packages_skip=None, packages_select_regex=None, packages_skip_regex=None, packages_start=None, packages_end=None, allow_overriding=[], cmake_args=None, cmake_target=None, cmake_target_skip_unavailable=False, cmake_clean_cache=False, cmake_clean_first=False, cmake_force_configure=False, ament_cmake_args=None, catkin_cmake_args=None, catkin_skip_building_tests=False, verb_parser=<colcon_defaults.argument_parser.defaults.DefaultArgumentsDecorator object at 0x73bb231afc10>, verb_extension=<colcon_core.verb.build.BuildVerb object at 0x73bb23364f10>, main=<bound method BuildVerb.main of <colcon_core.verb.build.BuildVerb object at 0x73bb23364f10>>)
[0.206s] Level 1:colcon.colcon_core.package_discovery:discover_packages(colcon_meta) check parameters
[0.207s] Level 1:colcon.colcon_core.package_discovery:discover_packages(recursive) check parameters
[0.207s] Level 1:colcon.colcon_core.package_discovery:discover_packages(ignore) check parameters
[0.207s] Level 1:colcon.colcon_core.package_discovery:discover_packages(path) check parameters
[0.207s] Level 1:colcon.colcon_core.package_discovery:discover_packages(colcon_meta) discover
[0.207s] Level 1:colcon.colcon_core.package_discovery:discover_packages(recursive) discover
[0.207s] INFO:colcon.colcon_core.package_discovery:Crawling recursively for packages in '/home/hieu/Documents/106AProject_Drone'
[0.207s] Level 1:colcon.colcon_core.package_identification:_identify(.) by extensions ['ignore', 'ignore_ament_install']
[0.207s] Level 1:colcon.colcon_core.package_identification:_identify(.) by extension 'ignore'
[0.207s] Level 1:colcon.colcon_core.package_identification:_identify(.) by extension 'ignore_ament_install'
[0.207s] Level 1:colcon.colcon_core.package_identification:_identify(.) by extensions ['colcon_pkg']
[0.207s] Level 1:colcon.colcon_core.package_identification:_identify(.) by extension 'colcon_pkg'
[0.207s] Level 1:colcon.colcon_core.package_identification:_identify(.) by extensions ['colcon_meta']
[0.207s] Level 1:colcon.colcon_core.package_identification:_identify(.) by extension 'colcon_meta'
[0.207s] Level 1:colcon.colcon_core.package_identification:_identify(.) by extensions ['ros']
[0.207s] Level 1:colcon.colcon_core.package_identification:_identify(.) by extension 'ros'
[0.217s] Level 1:colcon.colcon_core.package_identification:_identify(.) by extensions ['cmake', 'python']
[0.217s] Level 1:colcon.colcon_core.package_identification:_identify(.) by extension 'cmake'
[0.217s] Level 1:colcon.colcon_core.package_identification:_identify(.) by extension 'python'
[0.217s] Level 1:colcon.colcon_core.package_identification:_identify(.) by extensions ['python_setup_py']
[0.217s] Level 1:colcon.colcon_core.package_identification:_identify(.) by extension 'python_setup_py'
[0.217s] Level 1:colcon.colcon_core.package_identification:_identify(aruco_stuff) by extensions ['ignore', 'ignore_ament_install']
[0.217s] Level 1:colcon.colcon_core.package_identification:_identify(aruco_stuff) by extension 'ignore'
[0.217s] Level 1:colcon.colcon_core.package_identification:_identify(aruco_stuff) by extension 'ignore_ament_install'
[0.217s] Level 1:colcon.colcon_core.package_identification:_identify(aruco_stuff) by extensions ['colcon_pkg']
[0.217s] Level 1:colcon.colcon_core.package_identification:_identify(aruco_stuff) by extension 'colcon_pkg'
[0.217s] Level 1:colcon.colcon_core.package_identification:_identify(aruco_stuff) by extensions ['colcon_meta']
[0.218s] Level 1:colcon.colcon_core.package_identification:_identify(aruco_stuff) by extension 'colcon_meta'
[0.218s] Level 1:colcon.colcon_core.package_identification:_identify(aruco_stuff) by extensions ['ros']
[0.218s] Level 1:colcon.colcon_core.package_identification:_identify(aruco_stuff) by extension 'ros'
[0.218s] Level 1:colcon.colcon_core.package_identification:_identify(aruco_stuff) by extensions ['cmake', 'python']
[0.218s] Level 1:colcon.colcon_core.package_identification:_identify(aruco_stuff) by extension 'cmake'
[0.218s] Level 1:colcon.colcon_core.package_identification:_identify(aruco_stuff) by extension 'python'
[0.218s] Level 1:colcon.colcon_core.package_identification:_identify(aruco_stuff) by extensions ['python_setup_py']
[0.218s] Level 1:colcon.colcon_core.package_identification:_identify(aruco_stuff) by extension 'python_setup_py'
[0.218s] Level 1:colcon.colcon_core.package_identification:_identify(build) by extensions ['ignore', 'ignore_ament_install']
[0.218s] Level 1:colcon.colcon_core.package_identification:_identify(build) by extension 'ignore'
[0.218s] Level 1:colcon.colcon_core.package_identification:_identify(build) ignored
[0.218s] Level 1:colcon.colcon_core.package_identification:_identify(install) by extensions ['ignore', 'ignore_ament_install']
[0.218s] Level 1:colcon.colcon_core.package_identification:_identify(install) by extension 'ignore'
[0.218s] Level 1:colcon.colcon_core.package_identification:_identify(install) ignored
[0.218s] Level 1:colcon.colcon_core.package_identification:_identify(log) by extensions ['ignore', 'ignore_ament_install']
[0.218s] Level 1:colcon.colcon_core.package_identification:_identify(log) by extension 'ignore'
[0.218s] Level 1:colcon.colcon_core.package_identification:_identify(log) ignored
[0.218s] Level 1:colcon.colcon_core.package_identification:_identify(ros2_aruco_ws) by extensions ['ignore', 'ignore_ament_install']
[0.218s] Level 1:colcon.colcon_core.package_identification:_identify(ros2_aruco_ws) by extension 'ignore'
[0.218s] Level 1:colcon.colcon_core.package_identification:_identify(ros2_aruco_ws) by extension 'ignore_ament_install'
[0.218s] Level 1:colcon.colcon_core.package_identification:_identify(ros2_aruco_ws) by extensions ['colcon_pkg']
[0.218s] Level 1:colcon.colcon_core.package_identification:_identify(ros2_aruco_ws) by extension 'colcon_pkg'
[0.219s] Level 1:colcon.colcon_core.package_identification:_identify(ros2_aruco_ws) by extensions ['colcon_meta']
[0.219s] Level 1:colcon.colcon_core.package_identification:_identify(ros2_aruco_ws) by extension 'colcon_meta'
[0.219s] Level 1:colcon.colcon_core.package_identification:_identify(ros2_aruco_ws) by extensions ['ros']
[0.219s] Level 1:colcon.colcon_core.package_identification:_identify(ros2_aruco_ws) by extension 'ros'
[0.219s] Level 1:colcon.colcon_core.package_identification:_identify(ros2_aruco_ws) by extensions ['cmake', 'python']
[0.219s] Level 1:colcon.colcon_core.package_identification:_identify(ros2_aruco_ws) by extension 'cmake'
[0.219s] Level 1:colcon.colcon_core.package_identification:_identify(ros2_aruco_ws) by extension 'python'
[0.219s] Level 1:colcon.colcon_core.package_identification:_identify(ros2_aruco_ws) by extensions ['python_setup_py']
[0.219s] Level 1:colcon.colcon_core.package_identification:_identify(ros2_aruco_ws) by extension 'python_setup_py'
[0.219s] Level 1:colcon.colcon_core.package_identification:_identify(ros2_aruco_ws/build) by extensions ['ignore', 'ignore_ament_install']
[0.219s] Level 1:colcon.colcon_core.package_identification:_identify(ros2_aruco_ws/build) by extension 'ignore'
[0.219s] Level 1:colcon.colcon_core.package_identification:_identify(ros2_aruco_ws/build) ignored
[0.219s] Level 1:colcon.colcon_core.package_identification:_identify(ros2_aruco_ws/config) by extensions ['ignore', 'ignore_ament_install']
[0.219s] Level 1:colcon.colcon_core.package_identification:_identify(ros2_aruco_ws/config) by extension 'ignore'
[0.219s] Level 1:colcon.colcon_core.package_identification:_identify(ros2_aruco_ws/config) by extension 'ignore_ament_install'
[0.219s] Level 1:colcon.colcon_core.package_identification:_identify(ros2_aruco_ws/config) by extensions ['colcon_pkg']
[0.219s] Level 1:colcon.colcon_core.package_identification:_identify(ros2_aruco_ws/config) by extension 'colcon_pkg'
[0.219s] Level 1:colcon.colcon_core.package_identification:_identify(ros2_aruco_ws/config) by extensions ['colcon_meta']
[0.219s] Level 1:colcon.colcon_core.package_identification:_identify(ros2_aruco_ws/config) by extension 'colcon_meta'
[0.219s] Level 1:colcon.colcon_core.package_identification:_identify(ros2_aruco_ws/config) by extensions ['ros']
[0.219s] Level 1:colcon.colcon_core.package_identification:_identify(ros2_aruco_ws/config) by extension 'ros'
[0.219s] Level 1:colcon.colcon_core.package_identification:_identify(ros2_aruco_ws/config) by extensions ['cmake', 'python']
[0.219s] Level 1:colcon.colcon_core.package_identification:_identify(ros2_aruco_ws/config) by extension 'cmake'
[0.219s] Level 1:colcon.colcon_core.package_identification:_identify(ros2_aruco_ws/config) by extension 'python'
[0.219s] Level 1:colcon.colcon_core.package_identification:_identify(ros2_aruco_ws/config) by extensions ['python_setup_py']
[0.219s] Level 1:colcon.colcon_core.package_identification:_identify(ros2_aruco_ws/config) by extension 'python_setup_py'
[0.220s] Level 1:colcon.colcon_core.package_identification:_identify(ros2_aruco_ws/config2) by extensions ['ignore', 'ignore_ament_install']
[0.220s] Level 1:colcon.colcon_core.package_identification:_identify(ros2_aruco_ws/config2) by extension 'ignore'
[0.220s] Level 1:colcon.colcon_core.package_identification:_identify(ros2_aruco_ws/config2) by extension 'ignore_ament_install'
[0.220s] Level 1:colcon.colcon_core.package_identification:_identify(ros2_aruco_ws/config2) by extensions ['colcon_pkg']
[0.220s] Level 1:colcon.colcon_core.package_identification:_identify(ros2_aruco_ws/config2) by extension 'colcon_pkg'
[0.220s] Level 1:colcon.colcon_core.package_identification:_identify(ros2_aruco_ws/config2) by extensions ['colcon_meta']
[0.220s] Level 1:colcon.colcon_core.package_identification:_identify(ros2_aruco_ws/config2) by extension 'colcon_meta'
[0.220s] Level 1:colcon.colcon_core.package_identification:_identify(ros2_aruco_ws/config2) by extensions ['ros']
[0.220s] Level 1:colcon.colcon_core.package_identification:_identify(ros2_aruco_ws/config2) by extension 'ros'
[0.220s] Level 1:colcon.colcon_core.package_identification:_identify(ros2_aruco_ws/config2) by extensions ['cmake', 'python']
[0.220s] Level 1:colcon.colcon_core.package_identification:_identify(ros2_aruco_ws/config2) by extension 'cmake'
[0.220s] Level 1:colcon.colcon_core.package_identification:_identify(ros2_aruco_ws/config2) by extension 'python'
[0.220s] Level 1:colcon.colcon_core.package_identification:_identify(ros2_aruco_ws/config2) by extensions ['python_setup_py']
[0.220s] Level 1:colcon.colcon_core.package_identification:_identify(ros2_aruco_ws/config2) by extension 'python_setup_py'
[0.220s] Level 1:colcon.colcon_core.package_identification:_identify(ros2_aruco_ws/install) by extensions ['ignore', 'ignore_ament_install']
[0.220s] Level 1:colcon.colcon_core.package_identification:_identify(ros2_aruco_ws/install) by extension 'ignore'
[0.220s] Level 1:colcon.colcon_core.package_identification:_identify(ros2_aruco_ws/install) ignored
[0.220s] Level 1:colcon.colcon_core.package_identification:_identify(ros2_aruco_ws/log) by extensions ['ignore', 'ignore_ament_install']
[0.220s] Level 1:colcon.colcon_core.package_identification:_identify(ros2_aruco_ws/log) by extension 'ignore'
[0.220s] Level 1:colcon.colcon_core.package_identification:_identify(ros2_aruco_ws/log) ignored
[0.220s] Level 1:colcon.colcon_core.package_identification:_identify(ros2_aruco_ws/my_aruco_detector) by extensions ['ignore', 'ignore_ament_install']
[0.220s] Level 1:colcon.colcon_core.package_identification:_identify(ros2_aruco_ws/my_aruco_detector) by extension 'ignore'
[0.220s] Level 1:colcon.colcon_core.package_identification:_identify(ros2_aruco_ws/my_aruco_detector) by extension 'ignore_ament_install'
[0.221s] Level 1:colcon.colcon_core.package_identification:_identify(ros2_aruco_ws/my_aruco_detector) by extensions ['colcon_pkg']
[0.221s] Level 1:colcon.colcon_core.package_identification:_identify(ros2_aruco_ws/my_aruco_detector) by extension 'colcon_pkg'
[0.221s] Level 1:colcon.colcon_core.package_identification:_identify(ros2_aruco_ws/my_aruco_detector) by extensions ['colcon_meta']
[0.221s] Level 1:colcon.colcon_core.package_identification:_identify(ros2_aruco_ws/my_aruco_detector) by extension 'colcon_meta'
[0.221s] Level 1:colcon.colcon_core.package_identification:_identify(ros2_aruco_ws/my_aruco_detector) by extensions ['ros']
[0.221s] Level 1:colcon.colcon_core.package_identification:_identify(ros2_aruco_ws/my_aruco_detector) by extension 'ros'
[0.222s] DEBUG:colcon.colcon_core.package_identification:Package 'ros2_aruco_ws/my_aruco_detector' with type 'ros.ament_python' and name 'my_aruco_detector'
[0.222s] Level 1:colcon.colcon_core.package_identification:_identify(ros2_aruco_ws/src) by extensions ['ignore', 'ignore_ament_install']
[0.222s] Level 1:colcon.colcon_core.package_identification:_identify(ros2_aruco_ws/src) by extension 'ignore'
[0.223s] Level 1:colcon.colcon_core.package_identification:_identify(ros2_aruco_ws/src) by extension 'ignore_ament_install'
[0.223s] Level 1:colcon.colcon_core.package_identification:_identify(ros2_aruco_ws/src) by extensions ['colcon_pkg']
[0.223s] Level 1:colcon.colcon_core.package_identification:_identify(ros2_aruco_ws/src) by extension 'colcon_pkg'
[0.223s] Level 1:colcon.colcon_core.package_identification:_identify(ros2_aruco_ws/src) by extensions ['colcon_meta']
[0.223s] Level 1:colcon.colcon_core.package_identification:_identify(ros2_aruco_ws/src) by extension 'colcon_meta'
[0.223s] Level 1:colcon.colcon_core.package_identification:_identify(ros2_aruco_ws/src) by extensions ['ros']
[0.223s] Level 1:colcon.colcon_core.package_identification:_identify(ros2_aruco_ws/src) by extension 'ros'
[0.223s] Level 1:colcon.colcon_core.package_identification:_identify(ros2_aruco_ws/src) by extensions ['cmake', 'python']
[0.223s] Level 1:colcon.colcon_core.package_identification:_identify(ros2_aruco_ws/src) by extension 'cmake'
[0.223s] Level 1:colcon.colcon_core.package_identification:_identify(ros2_aruco_ws/src) by extension 'python'
[0.223s] Level 1:colcon.colcon_core.package_identification:_identify(ros2_aruco_ws/src) by extensions ['python_setup_py']
[0.223s] Level 1:colcon.colcon_core.package_identification:_identify(ros2_aruco_ws/src) by extension 'python_setup_py'
[0.223s] Level 1:colcon.colcon_core.package_identification:_identify(ros2_aruco_ws/src/ros2_aruco) by extensions ['ignore', 'ignore_ament_install']
[0.223s] Level 1:colcon.colcon_core.package_identification:_identify(ros2_aruco_ws/src/ros2_aruco) by extension 'ignore'
[0.223s] Level 1:colcon.colcon_core.package_identification:_identify(ros2_aruco_ws/src/ros2_aruco) by extension 'ignore_ament_install'
[0.223s] Level 1:colcon.colcon_core.package_identification:_identify(ros2_aruco_ws/src/ros2_aruco) by extensions ['colcon_pkg']
[0.223s] Level 1:colcon.colcon_core.package_identification:_identify(ros2_aruco_ws/src/ros2_aruco) by extension 'colcon_pkg'
[0.223s] Level 1:colcon.colcon_core.package_identification:_identify(ros2_aruco_ws/src/ros2_aruco) by extensions ['colcon_meta']
[0.223s] Level 1:colcon.colcon_core.package_identification:_identify(ros2_aruco_ws/src/ros2_aruco) by extension 'colcon_meta'
[0.223s] Level 1:colcon.colcon_core.package_identification:_identify(ros2_aruco_ws/src/ros2_aruco) by extensions ['ros']
[0.223s] Level 1:colcon.colcon_core.package_identification:_identify(ros2_aruco_ws/src/ros2_aruco) by extension 'ros'
[0.223s] Level 1:colcon.colcon_core.package_identification:_identify(ros2_aruco_ws/src/ros2_aruco) by extensions ['cmake', 'python']
[0.223s] Level 1:colcon.colcon_core.package_identification:_identify(ros2_aruco_ws/src/ros2_aruco) by extension 'cmake'
[0.223s] Level 1:colcon.colcon_core.package_identification:_identify(ros2_aruco_ws/src/ros2_aruco) by extension 'python'
[0.223s] Level 1:colcon.colcon_core.package_identification:_identify(ros2_aruco_ws/src/ros2_aruco) by extensions ['python_setup_py']
[0.223s] Level 1:colcon.colcon_core.package_identification:_identify(ros2_aruco_ws/src/ros2_aruco) by extension 'python_setup_py'
[0.224s] Level 1:colcon.colcon_core.package_identification:_identify(ros2_aruco_ws/src/ros2_aruco/ros2_aruco) by extensions ['ignore', 'ignore_ament_install']
[0.224s] Level 1:colcon.colcon_core.package_identification:_identify(ros2_aruco_ws/src/ros2_aruco/ros2_aruco) by extension 'ignore'
[0.224s] Level 1:colcon.colcon_core.package_identification:_identify(ros2_aruco_ws/src/ros2_aruco/ros2_aruco) by extension 'ignore_ament_install'
[0.224s] Level 1:colcon.colcon_core.package_identification:_identify(ros2_aruco_ws/src/ros2_aruco/ros2_aruco) by extensions ['colcon_pkg']
[0.224s] Level 1:colcon.colcon_core.package_identification:_identify(ros2_aruco_ws/src/ros2_aruco/ros2_aruco) by extension 'colcon_pkg'
[0.224s] Level 1:colcon.colcon_core.package_identification:_identify(ros2_aruco_ws/src/ros2_aruco/ros2_aruco) by extensions ['colcon_meta']
[0.224s] Level 1:colcon.colcon_core.package_identification:_identify(ros2_aruco_ws/src/ros2_aruco/ros2_aruco) by extension 'colcon_meta'
[0.224s] Level 1:colcon.colcon_core.package_identification:_identify(ros2_aruco_ws/src/ros2_aruco/ros2_aruco) by extensions ['ros']
[0.224s] Level 1:colcon.colcon_core.package_identification:_identify(ros2_aruco_ws/src/ros2_aruco/ros2_aruco) by extension 'ros'
[0.224s] DEBUG:colcon.colcon_core.package_identification:Package 'ros2_aruco_ws/src/ros2_aruco/ros2_aruco' with type 'ros.ament_python' and name 'ros2_aruco'
[0.224s] Level 1:colcon.colcon_core.package_identification:_identify(ros2_aruco_ws/src/ros2_aruco/ros2_aruco_interfaces) by extensions ['ignore', 'ignore_ament_install']
[0.224s] Level 1:colcon.colcon_core.package_identification:_identify(ros2_aruco_ws/src/ros2_aruco/ros2_aruco_interfaces) by extension 'ignore'
[0.224s] Level 1:colcon.colcon_core.package_identification:_identify(ros2_aruco_ws/src/ros2_aruco/ros2_aruco_interfaces) by extension 'ignore_ament_install'
[0.224s] Level 1:colcon.colcon_core.package_identification:_identify(ros2_aruco_ws/src/ros2_aruco/ros2_aruco_interfaces) by extensions ['colcon_pkg']
[0.224s] Level 1:colcon.colcon_core.package_identification:_identify(ros2_aruco_ws/src/ros2_aruco/ros2_aruco_interfaces) by extension 'colcon_pkg'
[0.224s] Level 1:colcon.colcon_core.package_identification:_identify(ros2_aruco_ws/src/ros2_aruco/ros2_aruco_interfaces) by extensions ['colcon_meta']
[0.224s] Level 1:colcon.colcon_core.package_identification:_identify(ros2_aruco_ws/src/ros2_aruco/ros2_aruco_interfaces) by extension 'colcon_meta'
[0.224s] Level 1:colcon.colcon_core.package_identification:_identify(ros2_aruco_ws/src/ros2_aruco/ros2_aruco_interfaces) by extensions ['ros']
[0.225s] Level 1:colcon.colcon_core.package_identification:_identify(ros2_aruco_ws/src/ros2_aruco/ros2_aruco_interfaces) by extension 'ros'
[0.225s] DEBUG:colcon.colcon_core.package_identification:Package 'ros2_aruco_ws/src/ros2_aruco/ros2_aruco_interfaces' with type 'ros.ament_cmake' and name 'ros2_aruco_interfaces'
[0.225s] Level 1:colcon.colcon_core.package_identification:_identify(ros2_aruco_ws/src/usb_cam) by extensions ['ignore', 'ignore_ament_install']
[0.225s] Level 1:colcon.colcon_core.package_identification:_identify(ros2_aruco_ws/src/usb_cam) by extension 'ignore'
[0.225s] Level 1:colcon.colcon_core.package_identification:_identify(ros2_aruco_ws/src/usb_cam) by extension 'ignore_ament_install'
[0.225s] Level 1:colcon.colcon_core.package_identification:_identify(ros2_aruco_ws/src/usb_cam) by extensions ['colcon_pkg']
[0.225s] Level 1:colcon.colcon_core.package_identification:_identify(ros2_aruco_ws/src/usb_cam) by extension 'colcon_pkg'
[0.225s] Level 1:colcon.colcon_core.package_identification:_identify(ros2_aruco_ws/src/usb_cam) by extensions ['colcon_meta']
[0.225s] Level 1:colcon.colcon_core.package_identification:_identify(ros2_aruco_ws/src/usb_cam) by extension 'colcon_meta'
[0.225s] Level 1:colcon.colcon_core.package_identification:_identify(ros2_aruco_ws/src/usb_cam) by extensions ['ros']
[0.225s] Level 1:colcon.colcon_core.package_identification:_identify(ros2_aruco_ws/src/usb_cam) by extension 'ros'
[0.227s] DEBUG:colcon.colcon_core.package_identification:Package 'ros2_aruco_ws/src/usb_cam' with type 'ros.ament_cmake' and name 'usb_cam'
[0.227s] Level 1:colcon.colcon_core.package_discovery:discover_packages(recursive) using defaults
[0.227s] Level 1:colcon.colcon_core.package_discovery:discover_packages(ignore) discover
[0.227s] Level 1:colcon.colcon_core.package_discovery:discover_packages(ignore) using defaults
[0.227s] Level 1:colcon.colcon_core.package_discovery:discover_packages(path) discover
[0.227s] Level 1:colcon.colcon_core.package_discovery:discover_packages(path) using defaults
[0.242s] Level 1:colcon.colcon_core.package_discovery:discover_packages(prefix_path) check parameters
[0.242s] Level 1:colcon.colcon_core.package_discovery:discover_packages(prefix_path) discover
[0.243s] DEBUG:colcon.colcon_installed_package_information.package_discovery:Found 4 installed packages in /home/hieu/Documents/106AProject_Drone/install
[0.244s] DEBUG:colcon.colcon_installed_package_information.package_discovery:Found 278 installed packages in /opt/ros/humble
[0.253s] Level 1:colcon.colcon_core.package_discovery:discover_packages(prefix_path) using defaults
[0.285s] Level 5:colcon.colcon_core.verb:set package 'my_aruco_detector' build argument 'cmake_args' from command line to 'None'
[0.285s] Level 5:colcon.colcon_core.verb:set package 'my_aruco_detector' build argument 'cmake_target' from command line to 'None'
[0.285s] Level 5:colcon.colcon_core.verb:set package 'my_aruco_detector' build argument 'cmake_target_skip_unavailable' from command line to 'False'
[0.285s] Level 5:colcon.colcon_core.verb:set package 'my_aruco_detector' build argument 'cmake_clean_cache' from command line to 'False'
[0.285s] Level 5:colcon.colcon_core.verb:set package 'my_aruco_detector' build argument 'cmake_clean_first' from command line to 'False'
[0.285s] Level 5:colcon.colcon_core.verb:set package 'my_aruco_detector' build argument 'cmake_force_configure' from command line to 'False'
[0.285s] Level 5:colcon.colcon_core.verb:set package 'my_aruco_detector' build argument 'ament_cmake_args' from command line to 'None'
[0.285s] Level 5:colcon.colcon_core.verb:set package 'my_aruco_detector' build argument 'catkin_cmake_args' from command line to 'None'
[0.285s] Level 5:colcon.colcon_core.verb:set package 'my_aruco_detector' build argument 'catkin_skip_building_tests' from command line to 'False'
[0.285s] DEBUG:colcon.colcon_core.verb:Building package 'my_aruco_detector' with the following arguments: {'ament_cmake_args': None, 'build_base': '/home/hieu/Documents/106AProject_Drone/build/my_aruco_detector', 'catkin_cmake_args': None, 'catkin_skip_building_tests': False, 'cmake_args': None, 'cmake_clean_cache': False, 'cmake_clean_first': False, 'cmake_force_configure': False, 'cmake_target': None, 'cmake_target_skip_unavailable': False, 'install_base': '/home/hieu/Documents/106AProject_Drone/install/my_aruco_detector', 'merge_install': False, 'path': '/home/hieu/Documents/106AProject_Drone/ros2_aruco_ws/my_aruco_detector', 'symlink_install': False, 'test_result_base': None}
[0.285s] Level 5:colcon.colcon_core.verb:set package 'ros2_aruco' build argument 'cmake_args' from command line to 'None'
[0.285s] Level 5:colcon.colcon_core.verb:set package 'ros2_aruco' build argument 'cmake_target' from command line to 'None'
[0.285s] Level 5:colcon.colcon_core.verb:set package 'ros2_aruco' build argument 'cmake_target_skip_unavailable' from command line to 'False'
[0.285s] Level 5:colcon.colcon_core.verb:set package 'ros2_aruco' build argument 'cmake_clean_cache' from command line to 'False'
[0.285s] Level 5:colcon.colcon_core.verb:set package 'ros2_aruco' build argument 'cmake_clean_first' from command line to 'False'
[0.285s] Level 5:colcon.colcon_core.verb:set package 'ros2_aruco' build argument 'cmake_force_configure' from command line to 'False'
[0.285s] Level 5:colcon.colcon_core.verb:set package 'ros2_aruco' build argument 'ament_cmake_args' from command line to 'None'
[0.285s] Level 5:colcon.colcon_core.verb:set package 'ros2_aruco' build argument 'catkin_cmake_args' from command line to 'None'
[0.285s] Level 5:colcon.colcon_core.verb:set package 'ros2_aruco' build argument 'catkin_skip_building_tests' from command line to 'False'
[0.285s] DEBUG:colcon.colcon_core.verb:Building package 'ros2_aruco' with the following arguments: {'ament_cmake_args': None, 'build_base': '/home/hieu/Documents/106AProject_Drone/build/ros2_aruco', 'catkin_cmake_args': None, 'catkin_skip_building_tests': False, 'cmake_args': None, 'cmake_clean_cache': False, 'cmake_clean_first': False, 'cmake_force_configure': False, 'cmake_target': None, 'cmake_target_skip_unavailable': False, 'install_base': '/home/hieu/Documents/106AProject_Drone/install/ros2_aruco', 'merge_install': False, 'path': '/home/hieu/Documents/106AProject_Drone/ros2_aruco_ws/src/ros2_aruco/ros2_aruco', 'symlink_install': False, 'test_result_base': None}
[0.286s] Level 5:colcon.colcon_core.verb:set package 'ros2_aruco_interfaces' build argument 'cmake_args' from command line to 'None'
[0.286s] Level 5:colcon.colcon_core.verb:set package 'ros2_aruco_interfaces' build argument 'cmake_target' from command line to 'None'
[0.286s] Level 5:colcon.colcon_core.verb:set package 'ros2_aruco_interfaces' build argument 'cmake_target_skip_unavailable' from command line to 'False'
[0.286s] Level 5:colcon.colcon_core.verb:set package 'ros2_aruco_interfaces' build argument 'cmake_clean_cache' from command line to 'False'
[0.286s] Level 5:colcon.colcon_core.verb:set package 'ros2_aruco_interfaces' build argument 'cmake_clean_first' from command line to 'False'
[0.286s] Level 5:colcon.colcon_core.verb:set package 'ros2_aruco_interfaces' build argument 'cmake_force_configure' from command line to 'False'
[0.286s] Level 5:colcon.colcon_core.verb:set package 'ros2_aruco_interfaces' build argument 'ament_cmake_args' from command line to 'None'
[0.286s] Level 5:colcon.colcon_core.verb:set package 'ros2_aruco_interfaces' build argument 'catkin_cmake_args' from command line to 'None'
[0.286s] Level 5:colcon.colcon_core.verb:set package 'ros2_aruco_interfaces' build argument 'catkin_skip_building_tests' from command line to 'False'
[0.286s] DEBUG:colcon.colcon_core.verb:Building package 'ros2_aruco_interfaces' with the following arguments: {'ament_cmake_args': None, 'build_base': '/home/hieu/Documents/106AProject_Drone/build/ros2_aruco_interfaces', 'catkin_cmake_args': None, 'catkin_skip_building_tests': False, 'cmake_args': None, 'cmake_clean_cache': False, 'cmake_clean_first': False, 'cmake_force_configure': False, 'cmake_target': None, 'cmake_target_skip_unavailable': False, 'install_base': '/home/hieu/Documents/106AProject_Drone/install/ros2_aruco_interfaces', 'merge_install': False, 'path': '/home/hieu/Documents/106AProject_Drone/ros2_aruco_ws/src/ros2_aruco/ros2_aruco_interfaces', 'symlink_install': False, 'test_result_base': None}
[0.286s] Level 5:colcon.colcon_core.verb:set package 'usb_cam' build argument 'cmake_args' from command line to 'None'
[0.286s] Level 5:colcon.colcon_core.verb:set package 'usb_cam' build argument 'cmake_target' from command line to 'None'
[0.286s] Level 5:colcon.colcon_core.verb:set package 'usb_cam' build argument 'cmake_target_skip_unavailable' from command line to 'False'
[0.286s] Level 5:colcon.colcon_core.verb:set package 'usb_cam' build argument 'cmake_clean_cache' from command line to 'False'
[0.286s] Level 5:colcon.colcon_core.verb:set package 'usb_cam' build argument 'cmake_clean_first' from command line to 'False'
[0.286s] Level 5:colcon.colcon_core.verb:set package 'usb_cam' build argument 'cmake_force_configure' from command line to 'False'
[0.286s] Level 5:colcon.colcon_core.verb:set package 'usb_cam' build argument 'ament_cmake_args' from command line to 'None'
[0.286s] Level 5:colcon.colcon_core.verb:set package 'usb_cam' build argument 'catkin_cmake_args' from command line to 'None'
[0.286s] Level 5:colcon.colcon_core.verb:set package 'usb_cam' build argument 'catkin_skip_building_tests' from command line to 'False'
[0.286s] DEBUG:colcon.colcon_core.verb:Building package 'usb_cam' with the following arguments: {'ament_cmake_args': None, 'build_base': '/home/hieu/Documents/106AProject_Drone/build/usb_cam', 'catkin_cmake_args': None, 'catkin_skip_building_tests': False, 'cmake_args': None, 'cmake_clean_cache': False, 'cmake_clean_first': False, 'cmake_force_configure': False, 'cmake_target': None, 'cmake_target_skip_unavailable': False, 'install_base': '/home/hieu/Documents/106AProject_Drone/install/usb_cam', 'merge_install': False, 'path': '/home/hieu/Documents/106AProject_Drone/ros2_aruco_ws/src/usb_cam', 'symlink_install': False, 'test_result_base': None}
[0.286s] INFO:colcon.colcon_core.executor:Executing jobs using 'parallel' executor
[0.287s] DEBUG:colcon.colcon_parallel_executor.executor.parallel:run_until_complete
[0.287s] INFO:colcon.colcon_ros.task.ament_python.build:Building ROS package in '/home/hieu/Documents/106AProject_Drone/ros2_aruco_ws/my_aruco_detector' with build type 'ament_python'
[0.287s] Level 1:colcon.colcon_core.shell:create_environment_hook('my_aruco_detector', 'ament_prefix_path')
[0.289s] INFO:colcon.colcon_core.plugin_system:Skipping extension 'colcon_core.shell.bat': Not used on non-Windows systems
[0.289s] INFO:colcon.colcon_core.shell:Creating environment hook '/home/hieu/Documents/106AProject_Drone/install/my_aruco_detector/share/my_aruco_detector/hook/ament_prefix_path.ps1'
[0.290s] INFO:colcon.colcon_core.shell:Creating environment descriptor '/home/hieu/Documents/106AProject_Drone/install/my_aruco_detector/share/my_aruco_detector/hook/ament_prefix_path.dsv'
[0.290s] INFO:colcon.colcon_core.shell:Creating environment hook '/home/hieu/Documents/106AProject_Drone/install/my_aruco_detector/share/my_aruco_detector/hook/ament_prefix_path.sh'
[0.291s] INFO:colcon.colcon_core.shell:Skip shell extension 'powershell' for command environment: Not usable outside of PowerShell
[0.291s] DEBUG:colcon.colcon_core.shell:Skip shell extension 'dsv' for command environment
[0.293s] INFO:colcon.colcon_ros.task.ament_python.build:Building ROS package in '/home/hieu/Documents/106AProject_Drone/ros2_aruco_ws/src/ros2_aruco/ros2_aruco' with build type 'ament_python'
[0.294s] Level 1:colcon.colcon_core.shell:create_environment_hook('ros2_aruco', 'ament_prefix_path')
[0.294s] INFO:colcon.colcon_core.shell:Creating environment hook '/home/hieu/Documents/106AProject_Drone/install/ros2_aruco/share/ros2_aruco/hook/ament_prefix_path.ps1'
[0.294s] INFO:colcon.colcon_core.shell:Creating environment descriptor '/home/hieu/Documents/106AProject_Drone/install/ros2_aruco/share/ros2_aruco/hook/ament_prefix_path.dsv'
[0.294s] INFO:colcon.colcon_core.shell:Creating environment hook '/home/hieu/Documents/106AProject_Drone/install/ros2_aruco/share/ros2_aruco/hook/ament_prefix_path.sh'
[0.295s] INFO:colcon.colcon_core.shell:Skip shell extension 'powershell' for command environment: Not usable outside of PowerShell
[0.295s] DEBUG:colcon.colcon_core.shell:Skip shell extension 'dsv' for command environment
[0.297s] INFO:colcon.colcon_ros.task.ament_cmake.build:Building ROS package in '/home/hieu/Documents/106AProject_Drone/ros2_aruco_ws/src/ros2_aruco/ros2_aruco_interfaces' with build type 'ament_cmake'
[0.297s] INFO:colcon.colcon_cmake.task.cmake.build:Building CMake package in '/home/hieu/Documents/106AProject_Drone/ros2_aruco_ws/src/ros2_aruco/ros2_aruco_interfaces'
[0.298s] INFO:colcon.colcon_core.shell:Skip shell extension 'powershell' for command environment: Not usable outside of PowerShell
[0.298s] DEBUG:colcon.colcon_core.shell:Skip shell extension 'dsv' for command environment
[0.300s] INFO:colcon.colcon_ros.task.ament_cmake.build:Building ROS package in '/home/hieu/Documents/106AProject_Drone/ros2_aruco_ws/src/usb_cam' with build type 'ament_cmake'
[0.300s] INFO:colcon.colcon_cmake.task.cmake.build:Building CMake package in '/home/hieu/Documents/106AProject_Drone/ros2_aruco_ws/src/usb_cam'
[0.300s] INFO:colcon.colcon_core.shell:Skip shell extension 'powershell' for command environment: Not usable outside of PowerShell
[0.301s] DEBUG:colcon.colcon_core.shell:Skip shell extension 'dsv' for command environment
[0.486s] INFO:colcon.colcon_core.task.python.build:Building Python package in '/home/hieu/Documents/106AProject_Drone/ros2_aruco_ws/my_aruco_detector'
[0.486s] INFO:colcon.colcon_core.shell:Skip shell extension 'powershell' for command environment: Not usable outside of PowerShell
[0.487s] DEBUG:colcon.colcon_core.shell:Skip shell extension 'dsv' for command environment
[0.679s] INFO:colcon.colcon_core.task.python.build:Building Python package in '/home/hieu/Documents/106AProject_Drone/ros2_aruco_ws/src/ros2_aruco/ros2_aruco'
[0.679s] INFO:colcon.colcon_core.shell:Skip shell extension 'powershell' for command environment: Not usable outside of PowerShell
[0.679s] DEBUG:colcon.colcon_core.shell:Skip shell extension 'dsv' for command environment
[0.688s] DEBUG:colcon.colcon_core.event_handler.log_command:Invoking command in '/home/hieu/Documents/106AProject_Drone/build/ros2_aruco_interfaces': CMAKE_PREFIX_PATH=${CMAKE_PREFIX_PATH}:/home/hieu/Documents/106AProject_Drone/install/ros2_aruco:/home/hieu/Documents/106AProject_Drone/install/my_aruco_detector:/opt/ros/humble /usr/bin/cmake --build /home/hieu/Documents/106AProject_Drone/build/ros2_aruco_interfaces -- -j12 -l12
[0.695s] DEBUG:colcon.colcon_core.event_handler.log_command:Invoking command in '/home/hieu/Documents/106AProject_Drone/build/usb_cam': CMAKE_PREFIX_PATH=${CMAKE_PREFIX_PATH}:/home/hieu/Documents/106AProject_Drone/install/ros2_aruco:/home/hieu/Documents/106AProject_Drone/install/my_aruco_detector:/opt/ros/humble /usr/bin/cmake --build /home/hieu/Documents/106AProject_Drone/build/usb_cam -- -j12 -l12
[0.798s] DEBUG:colcon.colcon_core.event_handler.log_command:Invoked command in '/home/hieu/Documents/106AProject_Drone/build/usb_cam' returned '0': CMAKE_PREFIX_PATH=${CMAKE_PREFIX_PATH}:/home/hieu/Documents/106AProject_Drone/install/ros2_aruco:/home/hieu/Documents/106AProject_Drone/install/my_aruco_detector:/opt/ros/humble /usr/bin/cmake --build /home/hieu/Documents/106AProject_Drone/build/usb_cam -- -j12 -l12
[0.808s] DEBUG:colcon.colcon_core.event_handler.log_command:Invoking command in '/home/hieu/Documents/106AProject_Drone/build/usb_cam': CMAKE_PREFIX_PATH=${CMAKE_PREFIX_PATH}:/home/hieu/Documents/106AProject_Drone/install/ros2_aruco:/home/hieu/Documents/106AProject_Drone/install/my_aruco_detector:/opt/ros/humble /usr/bin/cmake --install /home/hieu/Documents/106AProject_Drone/build/usb_cam
[0.822s] Level 1:colcon.colcon_core.environment:create_environment_scripts_only(usb_cam)
[0.822s] DEBUG:colcon.colcon_core.event_handler.log_command:Invoked command in '/home/hieu/Documents/106AProject_Drone/build/usb_cam' returned '0': CMAKE_PREFIX_PATH=${CMAKE_PREFIX_PATH}:/home/hieu/Documents/106AProject_Drone/install/ros2_aruco:/home/hieu/Documents/106AProject_Drone/install/my_aruco_detector:/opt/ros/humble /usr/bin/cmake --install /home/hieu/Documents/106AProject_Drone/build/usb_cam
[0.825s] Level 1:colcon.colcon_core.environment:checking '/home/hieu/Documents/106AProject_Drone/install/usb_cam' for CMake module files
[0.825s] Level 1:colcon.colcon_core.environment:checking '/home/hieu/Documents/106AProject_Drone/install/usb_cam' for CMake config files
[0.825s] Level 1:colcon.colcon_core.shell:create_environment_hook('usb_cam', 'cmake_prefix_path')
[0.826s] INFO:colcon.colcon_core.shell:Creating environment hook '/home/hieu/Documents/106AProject_Drone/install/usb_cam/share/usb_cam/hook/cmake_prefix_path.ps1'
[0.826s] INFO:colcon.colcon_core.shell:Creating environment descriptor '/home/hieu/Documents/106AProject_Drone/install/usb_cam/share/usb_cam/hook/cmake_prefix_path.dsv'
[0.826s] INFO:colcon.colcon_core.shell:Creating environment hook '/home/hieu/Documents/106AProject_Drone/install/usb_cam/share/usb_cam/hook/cmake_prefix_path.sh'
[0.827s] Level 1:colcon.colcon_core.environment:checking '/home/hieu/Documents/106AProject_Drone/install/usb_cam/lib'
[0.827s] Level 1:colcon.colcon_core.shell:create_environment_hook('usb_cam', 'ld_library_path_lib')
[0.827s] INFO:colcon.colcon_core.shell:Creating environment hook '/home/hieu/Documents/106AProject_Drone/install/usb_cam/share/usb_cam/hook/ld_library_path_lib.ps1'
[0.828s] INFO:colcon.colcon_core.shell:Creating environment descriptor '/home/hieu/Documents/106AProject_Drone/install/usb_cam/share/usb_cam/hook/ld_library_path_lib.dsv'
[0.828s] INFO:colcon.colcon_core.shell:Creating environment hook '/home/hieu/Documents/106AProject_Drone/install/usb_cam/share/usb_cam/hook/ld_library_path_lib.sh'
[0.829s] Level 1:colcon.colcon_core.environment:checking '/home/hieu/Documents/106AProject_Drone/install/usb_cam/bin'
[0.829s] Level 1:colcon.colcon_core.environment:checking '/home/hieu/Documents/106AProject_Drone/install/usb_cam/lib/pkgconfig/usb_cam.pc'
[0.829s] Level 1:colcon.colcon_core.environment:checking '/home/hieu/Documents/106AProject_Drone/install/usb_cam/lib/python3.10/site-packages'
[0.829s] Level 1:colcon.colcon_core.environment:checking '/home/hieu/Documents/106AProject_Drone/install/usb_cam/bin'
[0.830s] INFO:colcon.colcon_core.shell:Creating package script '/home/hieu/Documents/106AProject_Drone/install/usb_cam/share/usb_cam/package.ps1'
[0.830s] INFO:colcon.colcon_core.shell:Creating package descriptor '/home/hieu/Documents/106AProject_Drone/install/usb_cam/share/usb_cam/package.dsv'
[0.831s] INFO:colcon.colcon_core.shell:Creating package script '/home/hieu/Documents/106AProject_Drone/install/usb_cam/share/usb_cam/package.sh'
[0.832s] INFO:colcon.colcon_core.shell:Creating package script '/home/hieu/Documents/106AProject_Drone/install/usb_cam/share/usb_cam/package.bash'
[0.833s] INFO:colcon.colcon_core.shell:Creating package script '/home/hieu/Documents/106AProject_Drone/install/usb_cam/share/usb_cam/package.zsh'
[0.834s] Level 1:colcon.colcon_core.environment:create_file_with_runtime_dependencies(/home/hieu/Documents/106AProject_Drone/install/usb_cam/share/colcon-core/packages/usb_cam)
[0.834s] Level 1:colcon.colcon_core.environment:create_environment_scripts_only(usb_cam)
[0.834s] Level 1:colcon.colcon_core.environment:checking '/home/hieu/Documents/106AProject_Drone/install/usb_cam' for CMake module files
[0.835s] Level 1:colcon.colcon_core.environment:checking '/home/hieu/Documents/106AProject_Drone/install/usb_cam' for CMake config files
[0.835s] Level 1:colcon.colcon_core.shell:create_environment_hook('usb_cam', 'cmake_prefix_path')
[0.835s] INFO:colcon.colcon_core.shell:Creating environment hook '/home/hieu/Documents/106AProject_Drone/install/usb_cam/share/usb_cam/hook/cmake_prefix_path.ps1'
[0.835s] INFO:colcon.colcon_core.shell:Creating environment descriptor '/home/hieu/Documents/106AProject_Drone/install/usb_cam/share/usb_cam/hook/cmake_prefix_path.dsv'
[0.836s] INFO:colcon.colcon_core.shell:Creating environment hook '/home/hieu/Documents/106AProject_Drone/install/usb_cam/share/usb_cam/hook/cmake_prefix_path.sh'
[0.836s] Level 1:colcon.colcon_core.environment:checking '/home/hieu/Documents/106AProject_Drone/install/usb_cam/lib'
[0.836s] Level 1:colcon.colcon_core.shell:create_environment_hook('usb_cam', 'ld_library_path_lib')
[0.836s] INFO:colcon.colcon_core.shell:Creating environment hook '/home/hieu/Documents/106AProject_Drone/install/usb_cam/share/usb_cam/hook/ld_library_path_lib.ps1'
[0.837s] INFO:colcon.colcon_core.shell:Creating environment descriptor '/home/hieu/Documents/106AProject_Drone/install/usb_cam/share/usb_cam/hook/ld_library_path_lib.dsv'
[0.837s] INFO:colcon.colcon_core.shell:Creating environment hook '/home/hieu/Documents/106AProject_Drone/install/usb_cam/share/usb_cam/hook/ld_library_path_lib.sh'
[0.837s] Level 1:colcon.colcon_core.environment:checking '/home/hieu/Documents/106AProject_Drone/install/usb_cam/bin'
[0.837s] Level 1:colcon.colcon_core.environment:checking '/home/hieu/Documents/106AProject_Drone/install/usb_cam/lib/pkgconfig/usb_cam.pc'
[0.837s] Level 1:colcon.colcon_core.environment:checking '/home/hieu/Documents/106AProject_Drone/install/usb_cam/lib/python3.10/site-packages'
[0.838s] Level 1:colcon.colcon_core.environment:checking '/home/hieu/Documents/106AProject_Drone/install/usb_cam/bin'
[0.838s] INFO:colcon.colcon_core.shell:Creating package script '/home/hieu/Documents/106AProject_Drone/install/usb_cam/share/usb_cam/package.ps1'
[0.838s] INFO:colcon.colcon_core.shell:Creating package descriptor '/home/hieu/Documents/106AProject_Drone/install/usb_cam/share/usb_cam/package.dsv'
[0.838s] INFO:colcon.colcon_core.shell:Creating package script '/home/hieu/Documents/106AProject_Drone/install/usb_cam/share/usb_cam/package.sh'
[0.839s] INFO:colcon.colcon_core.shell:Creating package script '/home/hieu/Documents/106AProject_Drone/install/usb_cam/share/usb_cam/package.bash'
[0.839s] INFO:colcon.colcon_core.shell:Creating package script '/home/hieu/Documents/106AProject_Drone/install/usb_cam/share/usb_cam/package.zsh'
[0.839s] Level 1:colcon.colcon_core.environment:create_file_with_runtime_dependencies(/home/hieu/Documents/106AProject_Drone/install/usb_cam/share/colcon-core/packages/usb_cam)
[0.947s] DEBUG:colcon.colcon_core.event_handler.log_command:Invoking command in '/home/hieu/Documents/106AProject_Drone/ros2_aruco_ws/src/ros2_aruco/ros2_aruco': PYTHONPATH=/home/hieu/Documents/106AProject_Drone/build/ros2_aruco/prefix_override:/usr/lib/python3/dist-packages/colcon_core/task/python/colcon_distutils_commands:/home/hieu/Documents/106AProject_Drone/install/ros2_aruco/lib/python3.10/site-packages:${PYTHONPATH} /usr/bin/python3 -W ignore:setup.py install is deprecated -W ignore:easy_install command is deprecated setup.py egg_info --egg-base ../../../../build/ros2_aruco build --build-base /home/hieu/Documents/106AProject_Drone/build/ros2_aruco/build install --record /home/hieu/Documents/106AProject_Drone/build/ros2_aruco/install.log --single-version-externally-managed install_data
[0.958s] DEBUG:colcon.colcon_core.event_handler.log_command:Invoking command in '/home/hieu/Documents/106AProject_Drone/ros2_aruco_ws/my_aruco_detector': PYTHONPATH=/home/hieu/Documents/106AProject_Drone/build/my_aruco_detector/prefix_override:/usr/lib/python3/dist-packages/colcon_core/task/python/colcon_distutils_commands:/home/hieu/Documents/106AProject_Drone/install/my_aruco_detector/lib/python3.10/site-packages:${PYTHONPATH} /usr/bin/python3 -W ignore:setup.py install is deprecated -W ignore:easy_install command is deprecated setup.py egg_info --egg-base ../../build/my_aruco_detector build --build-base /home/hieu/Documents/106AProject_Drone/build/my_aruco_detector/build install --record /home/hieu/Documents/106AProject_Drone/build/my_aruco_detector/install.log --single-version-externally-managed install_data
[0.990s] DEBUG:colcon.colcon_core.event_handler.log_command:Invoked command in '/home/hieu/Documents/106AProject_Drone/build/ros2_aruco_interfaces' returned '0': CMAKE_PREFIX_PATH=${CMAKE_PREFIX_PATH}:/home/hieu/Documents/106AProject_Drone/install/ros2_aruco:/home/hieu/Documents/106AProject_Drone/install/my_aruco_detector:/opt/ros/humble /usr/bin/cmake --build /home/hieu/Documents/106AProject_Drone/build/ros2_aruco_interfaces -- -j12 -l12
[0.992s] DEBUG:colcon.colcon_core.event_handler.log_command:Invoking command in '/home/hieu/Documents/106AProject_Drone/build/ros2_aruco_interfaces': CMAKE_PREFIX_PATH=${CMAKE_PREFIX_PATH}:/home/hieu/Documents/106AProject_Drone/install/ros2_aruco:/home/hieu/Documents/106AProject_Drone/install/my_aruco_detector:/opt/ros/humble /usr/bin/cmake --install /home/hieu/Documents/106AProject_Drone/build/ros2_aruco_interfaces
[1.041s] Level 1:colcon.colcon_core.environment:create_environment_scripts_only(ros2_aruco_interfaces)
[1.041s] Level 1:colcon.colcon_core.environment:checking '/home/hieu/Documents/106AProject_Drone/install/ros2_aruco_interfaces' for CMake module files
[1.042s] DEBUG:colcon.colcon_core.event_handler.log_command:Invoked command in '/home/hieu/Documents/106AProject_Drone/build/ros2_aruco_interfaces' returned '0': CMAKE_PREFIX_PATH=${CMAKE_PREFIX_PATH}:/home/hieu/Documents/106AProject_Drone/install/ros2_aruco:/home/hieu/Documents/106AProject_Drone/install/my_aruco_detector:/opt/ros/humble /usr/bin/cmake --install /home/hieu/Documents/106AProject_Drone/build/ros2_aruco_interfaces
[1.043s] Level 1:colcon.colcon_core.environment:checking '/home/hieu/Documents/106AProject_Drone/install/ros2_aruco_interfaces' for CMake config files
[1.043s] Level 1:colcon.colcon_core.shell:create_environment_hook('ros2_aruco_interfaces', 'cmake_prefix_path')
[1.043s] INFO:colcon.colcon_core.shell:Creating environment hook '/home/hieu/Documents/106AProject_Drone/install/ros2_aruco_interfaces/share/ros2_aruco_interfaces/hook/cmake_prefix_path.ps1'
[1.044s] INFO:colcon.colcon_core.shell:Creating environment descriptor '/home/hieu/Documents/106AProject_Drone/install/ros2_aruco_interfaces/share/ros2_aruco_interfaces/hook/cmake_prefix_path.dsv'
[1.044s] INFO:colcon.colcon_core.shell:Creating environment hook '/home/hieu/Documents/106AProject_Drone/install/ros2_aruco_interfaces/share/ros2_aruco_interfaces/hook/cmake_prefix_path.sh'
[1.045s] Level 1:colcon.colcon_core.environment:checking '/home/hieu/Documents/106AProject_Drone/install/ros2_aruco_interfaces/lib'
[1.045s] Level 1:colcon.colcon_core.shell:create_environment_hook('ros2_aruco_interfaces', 'ld_library_path_lib')
[1.045s] INFO:colcon.colcon_core.shell:Creating environment hook '/home/hieu/Documents/106AProject_Drone/install/ros2_aruco_interfaces/share/ros2_aruco_interfaces/hook/ld_library_path_lib.ps1'
[1.045s] INFO:colcon.colcon_core.shell:Creating environment descriptor '/home/hieu/Documents/106AProject_Drone/install/ros2_aruco_interfaces/share/ros2_aruco_interfaces/hook/ld_library_path_lib.dsv'
[1.046s] INFO:colcon.colcon_core.shell:Creating environment hook '/home/hieu/Documents/106AProject_Drone/install/ros2_aruco_interfaces/share/ros2_aruco_interfaces/hook/ld_library_path_lib.sh'
[1.046s] Level 1:colcon.colcon_core.environment:checking '/home/hieu/Documents/106AProject_Drone/install/ros2_aruco_interfaces/bin'
[1.046s] Level 1:colcon.colcon_core.environment:checking '/home/hieu/Documents/106AProject_Drone/install/ros2_aruco_interfaces/lib/pkgconfig/ros2_aruco_interfaces.pc'
[1.046s] Level 1:colcon.colcon_core.environment:checking '/home/hieu/Documents/106AProject_Drone/install/ros2_aruco_interfaces/lib/python3.10/site-packages'
[1.047s] Level 1:colcon.colcon_core.environment:checking '/home/hieu/Documents/106AProject_Drone/install/ros2_aruco_interfaces/bin'
[1.047s] INFO:colcon.colcon_core.shell:Creating package script '/home/hieu/Documents/106AProject_Drone/install/ros2_aruco_interfaces/share/ros2_aruco_interfaces/package.ps1'
[1.048s] INFO:colcon.colcon_core.shell:Creating package descriptor '/home/hieu/Documents/106AProject_Drone/install/ros2_aruco_interfaces/share/ros2_aruco_interfaces/package.dsv'
[1.048s] INFO:colcon.colcon_core.shell:Creating package script '/home/hieu/Documents/106AProject_Drone/install/ros2_aruco_interfaces/share/ros2_aruco_interfaces/package.sh'
[1.049s] INFO:colcon.colcon_core.shell:Creating package script '/home/hieu/Documents/106AProject_Drone/install/ros2_aruco_interfaces/share/ros2_aruco_interfaces/package.bash'
[1.049s] INFO:colcon.colcon_core.shell:Creating package script '/home/hieu/Documents/106AProject_Drone/install/ros2_aruco_interfaces/share/ros2_aruco_interfaces/package.zsh'
[1.049s] Level 1:colcon.colcon_core.environment:create_file_with_runtime_dependencies(/home/hieu/Documents/106AProject_Drone/install/ros2_aruco_interfaces/share/colcon-core/packages/ros2_aruco_interfaces)
[1.050s] Level 1:colcon.colcon_core.environment:create_environment_scripts_only(ros2_aruco_interfaces)
[1.050s] Level 1:colcon.colcon_core.environment:checking '/home/hieu/Documents/106AProject_Drone/install/ros2_aruco_interfaces' for CMake module files
[1.051s] Level 1:colcon.colcon_core.environment:checking '/home/hieu/Documents/106AProject_Drone/install/ros2_aruco_interfaces' for CMake config files
[1.051s] Level 1:colcon.colcon_core.shell:create_environment_hook('ros2_aruco_interfaces', 'cmake_prefix_path')
[1.052s] INFO:colcon.colcon_core.shell:Creating environment hook '/home/hieu/Documents/106AProject_Drone/install/ros2_aruco_interfaces/share/ros2_aruco_interfaces/hook/cmake_prefix_path.ps1'
[1.052s] INFO:colcon.colcon_core.shell:Creating environment descriptor '/home/hieu/Documents/106AProject_Drone/install/ros2_aruco_interfaces/share/ros2_aruco_interfaces/hook/cmake_prefix_path.dsv'
[1.052s] INFO:colcon.colcon_core.shell:Creating environment hook '/home/hieu/Documents/106AProject_Drone/install/ros2_aruco_interfaces/share/ros2_aruco_interfaces/hook/cmake_prefix_path.sh'
[1.053s] Level 1:colcon.colcon_core.environment:checking '/home/hieu/Documents/106AProject_Drone/install/ros2_aruco_interfaces/lib'
[1.053s] Level 1:colcon.colcon_core.shell:create_environment_hook('ros2_aruco_interfaces', 'ld_library_path_lib')
[1.053s] INFO:colcon.colcon_core.shell:Creating environment hook '/home/hieu/Documents/106AProject_Drone/install/ros2_aruco_interfaces/share/ros2_aruco_interfaces/hook/ld_library_path_lib.ps1'
[1.054s] INFO:colcon.colcon_core.shell:Creating environment descriptor '/home/hieu/Documents/106AProject_Drone/install/ros2_aruco_interfaces/share/ros2_aruco_interfaces/hook/ld_library_path_lib.dsv'
[1.054s] INFO:colcon.colcon_core.shell:Creating environment hook '/home/hieu/Documents/106AProject_Drone/install/ros2_aruco_interfaces/share/ros2_aruco_interfaces/hook/ld_library_path_lib.sh'
[1.055s] Level 1:colcon.colcon_core.environment:checking '/home/hieu/Documents/106AProject_Drone/install/ros2_aruco_interfaces/bin'
[1.055s] Level 1:colcon.colcon_core.environment:checking '/home/hieu/Documents/106AProject_Drone/install/ros2_aruco_interfaces/lib/pkgconfig/ros2_aruco_interfaces.pc'
[1.055s] Level 1:colcon.colcon_core.environment:checking '/home/hieu/Documents/106AProject_Drone/install/ros2_aruco_interfaces/lib/python3.10/site-packages'
[1.055s] Level 1:colcon.colcon_core.environment:checking '/home/hieu/Documents/106AProject_Drone/install/ros2_aruco_interfaces/bin'
[1.056s] INFO:colcon.colcon_core.shell:Creating package script '/home/hieu/Documents/106AProject_Drone/install/ros2_aruco_interfaces/share/ros2_aruco_interfaces/package.ps1'
[1.056s] INFO:colcon.colcon_core.shell:Creating package descriptor '/home/hieu/Documents/106AProject_Drone/install/ros2_aruco_interfaces/share/ros2_aruco_interfaces/package.dsv'
[1.057s] INFO:colcon.colcon_core.shell:Creating package script '/home/hieu/Documents/106AProject_Drone/install/ros2_aruco_interfaces/share/ros2_aruco_interfaces/package.sh'
[1.057s] INFO:colcon.colcon_core.shell:Creating package script '/home/hieu/Documents/106AProject_Drone/install/ros2_aruco_interfaces/share/ros2_aruco_interfaces/package.bash'
[1.058s] INFO:colcon.colcon_core.shell:Creating package script '/home/hieu/Documents/106AProject_Drone/install/ros2_aruco_interfaces/share/ros2_aruco_interfaces/package.zsh'
[1.058s] Level 1:colcon.colcon_core.environment:create_file_with_runtime_dependencies(/home/hieu/Documents/106AProject_Drone/install/ros2_aruco_interfaces/share/colcon-core/packages/ros2_aruco_interfaces)
[1.164s] Level 1:colcon.colcon_core.environment:checking '/home/hieu/Documents/106AProject_Drone/install/ros2_aruco' for CMake module files
[1.164s] DEBUG:colcon.colcon_core.event_handler.log_command:Invoked command in '/home/hieu/Documents/106AProject_Drone/ros2_aruco_ws/src/ros2_aruco/ros2_aruco' returned '0': PYTHONPATH=/home/hieu/Documents/106AProject_Drone/build/ros2_aruco/prefix_override:/usr/lib/python3/dist-packages/colcon_core/task/python/colcon_distutils_commands:/home/hieu/Documents/106AProject_Drone/install/ros2_aruco/lib/python3.10/site-packages:${PYTHONPATH} /usr/bin/python3 -W ignore:setup.py install is deprecated -W ignore:easy_install command is deprecated setup.py egg_info --egg-base ../../../../build/ros2_aruco build --build-base /home/hieu/Documents/106AProject_Drone/build/ros2_aruco/build install --record /home/hieu/Documents/106AProject_Drone/build/ros2_aruco/install.log --single-version-externally-managed install_data
[1.165s] Level 1:colcon.colcon_core.environment:checking '/home/hieu/Documents/106AProject_Drone/install/ros2_aruco' for CMake config files
[1.165s] Level 1:colcon.colcon_core.environment:checking '/home/hieu/Documents/106AProject_Drone/install/ros2_aruco/lib'
[1.165s] Level 1:colcon.colcon_core.environment:checking '/home/hieu/Documents/106AProject_Drone/install/ros2_aruco/bin'
[1.165s] Level 1:colcon.colcon_core.environment:checking '/home/hieu/Documents/106AProject_Drone/install/ros2_aruco/lib/pkgconfig/ros2_aruco.pc'
[1.165s] Level 1:colcon.colcon_core.environment:checking '/home/hieu/Documents/106AProject_Drone/install/ros2_aruco/lib/python3.10/site-packages'
[1.165s] Level 1:colcon.colcon_core.shell:create_environment_hook('ros2_aruco', 'pythonpath')
[1.166s] INFO:colcon.colcon_core.shell:Creating environment hook '/home/hieu/Documents/106AProject_Drone/install/ros2_aruco/share/ros2_aruco/hook/pythonpath.ps1'
[1.166s] INFO:colcon.colcon_core.shell:Creating environment descriptor '/home/hieu/Documents/106AProject_Drone/install/ros2_aruco/share/ros2_aruco/hook/pythonpath.dsv'
[1.166s] INFO:colcon.colcon_core.shell:Creating environment hook '/home/hieu/Documents/106AProject_Drone/install/ros2_aruco/share/ros2_aruco/hook/pythonpath.sh'
[1.167s] Level 1:colcon.colcon_core.environment:checking '/home/hieu/Documents/106AProject_Drone/install/ros2_aruco/bin'
[1.167s] Level 1:colcon.colcon_core.environment:create_environment_scripts_only(ros2_aruco)
[1.167s] INFO:colcon.colcon_core.shell:Creating package script '/home/hieu/Documents/106AProject_Drone/install/ros2_aruco/share/ros2_aruco/package.ps1'
[1.167s] INFO:colcon.colcon_core.shell:Creating package descriptor '/home/hieu/Documents/106AProject_Drone/install/ros2_aruco/share/ros2_aruco/package.dsv'
[1.168s] INFO:colcon.colcon_core.shell:Creating package script '/home/hieu/Documents/106AProject_Drone/install/ros2_aruco/share/ros2_aruco/package.sh'
[1.168s] INFO:colcon.colcon_core.shell:Creating package script '/home/hieu/Documents/106AProject_Drone/install/ros2_aruco/share/ros2_aruco/package.bash'
[1.168s] INFO:colcon.colcon_core.shell:Creating package script '/home/hieu/Documents/106AProject_Drone/install/ros2_aruco/share/ros2_aruco/package.zsh'
[1.169s] Level 1:colcon.colcon_core.environment:create_file_with_runtime_dependencies(/home/hieu/Documents/106AProject_Drone/install/ros2_aruco/share/colcon-core/packages/ros2_aruco)
[1.185s] Level 1:colcon.colcon_core.environment:checking '/home/hieu/Documents/106AProject_Drone/install/my_aruco_detector' for CMake module files
[1.186s] DEBUG:colcon.colcon_core.event_handler.log_command:Invoked command in '/home/hieu/Documents/106AProject_Drone/ros2_aruco_ws/my_aruco_detector' returned '0': PYTHONPATH=/home/hieu/Documents/106AProject_Drone/build/my_aruco_detector/prefix_override:/usr/lib/python3/dist-packages/colcon_core/task/python/colcon_distutils_commands:/home/hieu/Documents/106AProject_Drone/install/my_aruco_detector/lib/python3.10/site-packages:${PYTHONPATH} /usr/bin/python3 -W ignore:setup.py install is deprecated -W ignore:easy_install command is deprecated setup.py egg_info --egg-base ../../build/my_aruco_detector build --build-base /home/hieu/Documents/106AProject_Drone/build/my_aruco_detector/build install --record /home/hieu/Documents/106AProject_Drone/build/my_aruco_detector/install.log --single-version-externally-managed install_data
[1.186s] Level 1:colcon.colcon_core.environment:checking '/home/hieu/Documents/106AProject_Drone/install/my_aruco_detector' for CMake config files
[1.186s] Level 1:colcon.colcon_core.environment:checking '/home/hieu/Documents/106AProject_Drone/install/my_aruco_detector/lib'
[1.186s] Level 1:colcon.colcon_core.environment:checking '/home/hieu/Documents/106AProject_Drone/install/my_aruco_detector/bin'
[1.187s] Level 1:colcon.colcon_core.environment:checking '/home/hieu/Documents/106AProject_Drone/install/my_aruco_detector/lib/pkgconfig/my_aruco_detector.pc'
[1.187s] Level 1:colcon.colcon_core.environment:checking '/home/hieu/Documents/106AProject_Drone/install/my_aruco_detector/lib/python3.10/site-packages'
[1.187s] Level 1:colcon.colcon_core.shell:create_environment_hook('my_aruco_detector', 'pythonpath')
[1.187s] INFO:colcon.colcon_core.shell:Creating environment hook '/home/hieu/Documents/106AProject_Drone/install/my_aruco_detector/share/my_aruco_detector/hook/pythonpath.ps1'
[1.187s] INFO:colcon.colcon_core.shell:Creating environment descriptor '/home/hieu/Documents/106AProject_Drone/install/my_aruco_detector/share/my_aruco_detector/hook/pythonpath.dsv'
[1.187s] INFO:colcon.colcon_core.shell:Creating environment hook '/home/hieu/Documents/106AProject_Drone/install/my_aruco_detector/share/my_aruco_detector/hook/pythonpath.sh'
[1.188s] Level 1:colcon.colcon_core.environment:checking '/home/hieu/Documents/106AProject_Drone/install/my_aruco_detector/bin'
[1.188s] Level 1:colcon.colcon_core.environment:create_environment_scripts_only(my_aruco_detector)
[1.188s] INFO:colcon.colcon_core.shell:Creating package script '/home/hieu/Documents/106AProject_Drone/install/my_aruco_detector/share/my_aruco_detector/package.ps1'
[1.189s] INFO:colcon.colcon_core.shell:Creating package descriptor '/home/hieu/Documents/106AProject_Drone/install/my_aruco_detector/share/my_aruco_detector/package.dsv'
[1.189s] INFO:colcon.colcon_core.shell:Creating package script '/home/hieu/Documents/106AProject_Drone/install/my_aruco_detector/share/my_aruco_detector/package.sh'
[1.189s] INFO:colcon.colcon_core.shell:Creating package script '/home/hieu/Documents/106AProject_Drone/install/my_aruco_detector/share/my_aruco_detector/package.bash'
[1.190s] INFO:colcon.colcon_core.shell:Creating package script '/home/hieu/Documents/106AProject_Drone/install/my_aruco_detector/share/my_aruco_detector/package.zsh'
[1.190s] Level 1:colcon.colcon_core.environment:create_file_with_runtime_dependencies(/home/hieu/Documents/106AProject_Drone/install/my_aruco_detector/share/colcon-core/packages/my_aruco_detector)
[1.190s] DEBUG:colcon.colcon_parallel_executor.executor.parallel:closing loop
[1.190s] DEBUG:colcon.colcon_parallel_executor.executor.parallel:loop closed
[1.190s] DEBUG:colcon.colcon_parallel_executor.executor.parallel:run_until_complete finished with '0'
[1.190s] DEBUG:colcon.colcon_core.event_reactor:joining thread
[1.197s] INFO:colcon.colcon_core.plugin_system:Skipping extension 'colcon_notification.desktop_notification.terminal_notifier': Not used on non-Darwin systems
[1.197s] INFO:colcon.colcon_core.plugin_system:Skipping extension 'colcon_notification.desktop_notification.win32': Not used on non-Windows systems
[1.197s] INFO:colcon.colcon_notification.desktop_notification:Sending desktop notification using 'notify2'
[1.209s] DEBUG:colcon.colcon_core.event_reactor:joined thread
[1.209s] INFO:colcon.colcon_core.shell:Creating prefix script '/home/hieu/Documents/106AProject_Drone/install/local_setup.ps1'
[1.211s] INFO:colcon.colcon_core.shell:Creating prefix util module '/home/hieu/Documents/106AProject_Drone/install/_local_setup_util_ps1.py'
[1.213s] INFO:colcon.colcon_core.shell:Creating prefix chain script '/home/hieu/Documents/106AProject_Drone/install/setup.ps1'
[1.214s] INFO:colcon.colcon_core.shell:Creating prefix script '/home/hieu/Documents/106AProject_Drone/install/local_setup.sh'
[1.215s] INFO:colcon.colcon_core.shell:Creating prefix util module '/home/hieu/Documents/106AProject_Drone/install/_local_setup_util_sh.py'
[1.216s] INFO:colcon.colcon_core.shell:Creating prefix chain script '/home/hieu/Documents/106AProject_Drone/install/setup.sh'
[1.217s] INFO:colcon.colcon_core.shell:Creating prefix script '/home/hieu/Documents/106AProject_Drone/install/local_setup.bash'
[1.218s] INFO:colcon.colcon_core.shell:Creating prefix chain script '/home/hieu/Documents/106AProject_Drone/install/setup.bash'
[1.220s] INFO:colcon.colcon_core.shell:Creating prefix script '/home/hieu/Documents/106AProject_Drone/install/local_setup.zsh'
[1.220s] INFO:colcon.colcon_core.shell:Creating prefix chain script '/home/hieu/Documents/106AProject_Drone/install/setup.zsh'
