[0.482s] Invoking command in '/home/cc/ee106a/fa25/class/ee106a-ado/ros_workspaces/106AProject_Drone/build/usb_cam': CMAKE_PREFIX_PATH=${CMAKE_PREFIX_PATH}:/opt/ros/turtlebot3_ws/install/turtlebot3_teleop:/opt/ros/turtlebot3_ws/install/turtlebot3_example:/opt/ros/humble /usr/bin/cmake --build /home/cc/ee106a/fa25/class/ee106a-ado/ros_workspaces/106AProject_Drone/build/usb_cam -- -j32 -l32
[0.630s] [ 14%] Built target gtest_main
[0.656s] [ 57%] Built target usb_cam
[0.656s] [ 57%] Built target usb_cam_node_exe
[0.657s] [ 57%] Built target gtest
[0.788s] [ 78%] Built target test_usb_cam_utils
[0.792s] [100%] Built target usb_cam_node
[0.792s] [100%] Built target test_pixel_formats
[0.821s] Invoked command in '/home/cc/ee106a/fa25/class/ee106a-ado/ros_workspaces/106AProject_Drone/build/usb_cam' returned '0': CMAKE_PREFIX_PATH=${CMAKE_PREFIX_PATH}:/opt/ros/turtlebot3_ws/install/turtlebot3_teleop:/opt/ros/turtlebot3_ws/install/turtlebot3_example:/opt/ros/humble /usr/bin/cmake --build /home/cc/ee106a/fa25/class/ee106a-ado/ros_workspaces/106AProject_Drone/build/usb_cam -- -j32 -l32
[0.842s] Invoking command in '/home/cc/ee106a/fa25/class/ee106a-ado/ros_workspaces/106AProject_Drone/build/usb_cam': CMAKE_PREFIX_PATH=${CMAKE_PREFIX_PATH}:/opt/ros/turtlebot3_ws/install/turtlebot3_teleop:/opt/ros/turtlebot3_ws/install/turtlebot3_example:/opt/ros/humble /usr/bin/cmake --install /home/cc/ee106a/fa25/class/ee106a-ado/ros_workspaces/106AProject_Drone/build/usb_cam
[0.855s] -- Install configuration: ""
[0.857s] -- Up-to-date: /home/cc/ee106a/fa25/class/ee106a-ado/ros_workspaces/106AProject_Drone/install/usb_cam/share/usb_cam/environment/library_path.sh
[0.858s] -- Up-to-date: /home/cc/ee106a/fa25/class/ee106a-ado/ros_workspaces/106AProject_Drone/install/usb_cam/share/usb_cam/environment/library_path.dsv
[0.862s] -- Up-to-date: /home/cc/ee106a/fa25/class/ee106a-ado/ros_workspaces/106AProject_Drone/install/usb_cam/lib/usb_cam/usb_cam_node_exe
[0.867s] -- Up-to-date: /home/cc/ee106a/fa25/class/ee106a-ado/ros_workspaces/106AProject_Drone/install/usb_cam/lib/usb_cam/show_image.py
[0.870s] -- Up-to-date: /home/cc/ee106a/fa25/class/ee106a-ado/ros_workspaces/106AProject_Drone/install/usb_cam/lib/libusb_cam.so
[0.874s] -- Up-to-date: /home/cc/ee106a/fa25/class/ee106a-ado/ros_workspaces/106AProject_Drone/install/usb_cam/lib/libusb_cam_node.so
[0.877s] -- Up-to-date: /home/cc/ee106a/fa25/class/ee106a-ado/ros_workspaces/106AProject_Drone/install/usb_cam/include
[0.878s] -- Up-to-date: /home/cc/ee106a/fa25/class/ee106a-ado/ros_workspaces/106AProject_Drone/install/usb_cam/include/usb_cam
[0.880s] -- Up-to-date: /home/cc/ee106a/fa25/class/ee106a-ado/ros_workspaces/106AProject_Drone/install/usb_cam/include/usb_cam/constants.hpp
[0.881s] -- Up-to-date: /home/cc/ee106a/fa25/class/ee106a-ado/ros_workspaces/106AProject_Drone/install/usb_cam/include/usb_cam/conversions.hpp
[0.881s] -- Up-to-date: /home/cc/ee106a/fa25/class/ee106a-ado/ros_workspaces/106AProject_Drone/install/usb_cam/include/usb_cam/formats
[0.883s] -- Up-to-date: /home/cc/ee106a/fa25/class/ee106a-ado/ros_workspaces/106AProject_Drone/install/usb_cam/include/usb_cam/formats/av_pixel_format_helper.hpp
[0.883s] -- Up-to-date: /home/cc/ee106a/fa25/class/ee106a-ado/ros_workspaces/106AProject_Drone/install/usb_cam/include/usb_cam/formats/m420.hpp
[0.884s] -- Up-to-date: /home/cc/ee106a/fa25/class/ee106a-ado/ros_workspaces/106AProject_Drone/install/usb_cam/include/usb_cam/formats/mjpeg.hpp
[0.885s] -- Up-to-date: /home/cc/ee106a/fa25/class/ee106a-ado/ros_workspaces/106AProject_Drone/install/usb_cam/include/usb_cam/formats/mono.hpp
[0.886s] -- Up-to-date: /home/cc/ee106a/fa25/class/ee106a-ado/ros_workspaces/106AProject_Drone/install/usb_cam/include/usb_cam/formats/pixel_format_base.hpp
[0.887s] -- Up-to-date: /home/cc/ee106a/fa25/class/ee106a-ado/ros_workspaces/106AProject_Drone/install/usb_cam/include/usb_cam/formats/rgb.hpp
[0.888s] -- Up-to-date: /home/cc/ee106a/fa25/class/ee106a-ado/ros_workspaces/106AProject_Drone/install/usb_cam/include/usb_cam/formats/utils.hpp
[0.889s] -- Up-to-date: /home/cc/ee106a/fa25/class/ee106a-ado/ros_workspaces/106AProject_Drone/install/usb_cam/include/usb_cam/formats/uyvy.hpp
[0.890s] -- Up-to-date: /home/cc/ee106a/fa25/class/ee106a-ado/ros_workspaces/106AProject_Drone/install/usb_cam/include/usb_cam/formats/yuyv.hpp
[0.890s] -- Up-to-date: /home/cc/ee106a/fa25/class/ee106a-ado/ros_workspaces/106AProject_Drone/install/usb_cam/include/usb_cam/usb_cam.hpp
[0.891s] -- Up-to-date: /home/cc/ee106a/fa25/class/ee106a-ado/ros_workspaces/106AProject_Drone/install/usb_cam/include/usb_cam/usb_cam_node.hpp
[0.892s] -- Up-to-date: /home/cc/ee106a/fa25/class/ee106a-ado/ros_workspaces/106AProject_Drone/install/usb_cam/include/usb_cam/utils.hpp
[0.895s] -- Up-to-date: /home/cc/ee106a/fa25/class/ee106a-ado/ros_workspaces/106AProject_Drone/install/usb_cam/lib/libusb_cam_node.so
[0.898s] -- Up-to-date: /home/cc/ee106a/fa25/class/ee106a-ado/ros_workspaces/106AProject_Drone/install/usb_cam/share/usb_cam/launch
[0.900s] -- Up-to-date: /home/cc/ee106a/fa25/class/ee106a-ado/ros_workspaces/106AProject_Drone/install/usb_cam/share/usb_cam/launch/__init__.py
[0.902s] -- Up-to-date: /home/cc/ee106a/fa25/class/ee106a-ado/ros_workspaces/106AProject_Drone/install/usb_cam/share/usb_cam/launch/camera.launch.py
[0.903s] -- Up-to-date: /home/cc/ee106a/fa25/class/ee106a-ado/ros_workspaces/106AProject_Drone/install/usb_cam/share/usb_cam/launch/camera_config.py
[0.903s] -- Up-to-date: /home/cc/ee106a/fa25/class/ee106a-ado/ros_workspaces/106AProject_Drone/install/usb_cam/share/usb_cam/config
[0.905s] -- Up-to-date: /home/cc/ee106a/fa25/class/ee106a-ado/ros_workspaces/106AProject_Drone/install/usb_cam/share/usb_cam/config/camera_info.yaml
[0.906s] -- Up-to-date: /home/cc/ee106a/fa25/class/ee106a-ado/ros_workspaces/106AProject_Drone/install/usb_cam/share/usb_cam/config/params_1.yaml
[0.908s] -- Up-to-date: /home/cc/ee106a/fa25/class/ee106a-ado/ros_workspaces/106AProject_Drone/install/usb_cam/share/usb_cam/config/params_2.yaml
[0.909s] -- Up-to-date: /home/cc/ee106a/fa25/class/ee106a-ado/ros_workspaces/106AProject_Drone/install/usb_cam/share/ament_index/resource_index/package_run_dependencies/usb_cam
[0.910s] -- Up-to-date: /home/cc/ee106a/fa25/class/ee106a-ado/ros_workspaces/106AProject_Drone/install/usb_cam/share/ament_index/resource_index/parent_prefix_path/usb_cam
[0.911s] -- Up-to-date: /home/cc/ee106a/fa25/class/ee106a-ado/ros_workspaces/106AProject_Drone/install/usb_cam/share/usb_cam/environment/ament_prefix_path.sh
[0.912s] -- Up-to-date: /home/cc/ee106a/fa25/class/ee106a-ado/ros_workspaces/106AProject_Drone/install/usb_cam/share/usb_cam/environment/ament_prefix_path.dsv
[0.913s] -- Up-to-date: /home/cc/ee106a/fa25/class/ee106a-ado/ros_workspaces/106AProject_Drone/install/usb_cam/share/usb_cam/environment/path.sh
[0.914s] -- Up-to-date: /home/cc/ee106a/fa25/class/ee106a-ado/ros_workspaces/106AProject_Drone/install/usb_cam/share/usb_cam/environment/path.dsv
[0.915s] -- Up-to-date: /home/cc/ee106a/fa25/class/ee106a-ado/ros_workspaces/106AProject_Drone/install/usb_cam/share/usb_cam/local_setup.bash
[0.915s] -- Up-to-date: /home/cc/ee106a/fa25/class/ee106a-ado/ros_workspaces/106AProject_Drone/install/usb_cam/share/usb_cam/local_setup.sh
[0.916s] -- Up-to-date: /home/cc/ee106a/fa25/class/ee106a-ado/ros_workspaces/106AProject_Drone/install/usb_cam/share/usb_cam/local_setup.zsh
[0.917s] -- Up-to-date: /home/cc/ee106a/fa25/class/ee106a-ado/ros_workspaces/106AProject_Drone/install/usb_cam/share/usb_cam/local_setup.dsv
[0.919s] -- Installing: /home/cc/ee106a/fa25/class/ee106a-ado/ros_workspaces/106AProject_Drone/install/usb_cam/share/usb_cam/package.dsv
[0.924s] -- Up-to-date: /home/cc/ee106a/fa25/class/ee106a-ado/ros_workspaces/106AProject_Drone/install/usb_cam/share/ament_index/resource_index/packages/usb_cam
[0.925s] -- Up-to-date: /home/cc/ee106a/fa25/class/ee106a-ado/ros_workspaces/106AProject_Drone/install/usb_cam/share/ament_index/resource_index/rclcpp_components/usb_cam
[0.926s] -- Up-to-date: /home/cc/ee106a/fa25/class/ee106a-ado/ros_workspaces/106AProject_Drone/install/usb_cam/share/usb_cam/cmake/ament_cmake_export_libraries-extras.cmake
[0.927s] -- Up-to-date: /home/cc/ee106a/fa25/class/ee106a-ado/ros_workspaces/106AProject_Drone/install/usb_cam/share/usb_cam/cmake/ament_cmake_export_dependencies-extras.cmake
[0.927s] -- Up-to-date: /home/cc/ee106a/fa25/class/ee106a-ado/ros_workspaces/106AProject_Drone/install/usb_cam/share/usb_cam/cmake/ament_cmake_export_include_directories-extras.cmake
[0.928s] -- Up-to-date: /home/cc/ee106a/fa25/class/ee106a-ado/ros_workspaces/106AProject_Drone/install/usb_cam/share/usb_cam/cmake/usb_camConfig.cmake
[0.928s] -- Up-to-date: /home/cc/ee106a/fa25/class/ee106a-ado/ros_workspaces/106AProject_Drone/install/usb_cam/share/usb_cam/cmake/usb_camConfig-version.cmake
[0.929s] -- Up-to-date: /home/cc/ee106a/fa25/class/ee106a-ado/ros_workspaces/106AProject_Drone/install/usb_cam/share/usb_cam/package.xml
[0.936s] Invoked command in '/home/cc/ee106a/fa25/class/ee106a-ado/ros_workspaces/106AProject_Drone/build/usb_cam' returned '0': CMAKE_PREFIX_PATH=${CMAKE_PREFIX_PATH}:/opt/ros/turtlebot3_ws/install/turtlebot3_teleop:/opt/ros/turtlebot3_ws/install/turtlebot3_example:/opt/ros/humble /usr/bin/cmake --install /home/cc/ee106a/fa25/class/ee106a-ado/ros_workspaces/106AProject_Drone/build/usb_cam
