[0.108s] DEBUG:colcon:Command line arguments: ['/usr/bin/colcon', 'build']
[0.108s] DEBUG:colcon:Parsed command line arguments: Namespace(log_base=None, log_level=None, verb_name='build', build_base='build', install_base='install', merge_install=False, symlink_install=False, test_result_base=None, continue_on_error=False, executor='parallel', parallel_workers=32, event_handlers=None, ignore_user_meta=False, metas=['./colcon.meta'], base_paths=['.'], packages_ignore=None, packages_ignore_regex=None, paths=None, packages_up_to=None, packages_up_to_regex=None, packages_above=None, packages_above_and_dependencies=None, packages_above_depth=None, packages_select_by_dep=None, packages_skip_by_dep=None, packages_skip_up_to=None, packages_select_build_failed=False, packages_skip_build_finished=False, packages_select_test_failures=False, packages_skip_test_passed=False, packages_select=None, packages_skip=None, packages_select_regex=None, packages_skip_regex=None, packages_start=None, packages_end=None, cmake_args=None, cmake_target=None, cmake_target_skip_unavailable=False, cmake_clean_cache=False, cmake_clean_first=False, cmake_force_configure=False, ament_cmake_args=None, catkin_cmake_args=None, catkin_skip_building_tests=False, mixin_files=None, mixin=None, verb_parser=<colcon_mixin.mixin.mixin_argument.MixinArgumentDecorator object at 0x79432483b220>, verb_extension=<colcon_core.verb.build.BuildVerb object at 0x79432483a5c0>, main=<bound method BuildVerb.main of <colcon_core.verb.build.BuildVerb object at 0x79432483a5c0>>, mixin_verb=('build',))
[0.410s] Level 1:colcon.colcon_core.package_discovery:discover_packages(colcon_meta) check parameters
[0.410s] Level 1:colcon.colcon_core.package_discovery:discover_packages(recursive) check parameters
[0.410s] Level 1:colcon.colcon_core.package_discovery:discover_packages(ignore) check parameters
[0.410s] Level 1:colcon.colcon_core.package_discovery:discover_packages(path) check parameters
[0.410s] Level 1:colcon.colcon_core.package_discovery:discover_packages(colcon_meta) discover
[0.410s] Level 1:colcon.colcon_core.package_discovery:discover_packages(recursive) discover
[0.410s] INFO:colcon.colcon_core.package_discovery:Crawling recursively for packages in '/home/cc/ee106a/fa25/class/ee106a-ado/ros_workspaces/106AProject_Drone'
[0.411s] Level 1:colcon.colcon_core.package_identification:_identify(.) by extensions ['ignore', 'ignore_ament_install']
[0.411s] Level 1:colcon.colcon_core.package_identification:_identify(.) by extension 'ignore'
[0.411s] Level 1:colcon.colcon_core.package_identification:_identify(.) by extension 'ignore_ament_install'
[0.411s] Level 1:colcon.colcon_core.package_identification:_identify(.) by extensions ['colcon_pkg']
[0.411s] Level 1:colcon.colcon_core.package_identification:_identify(.) by extension 'colcon_pkg'
[0.411s] Level 1:colcon.colcon_core.package_identification:_identify(.) by extensions ['colcon_meta']
[0.411s] Level 1:colcon.colcon_core.package_identification:_identify(.) by extension 'colcon_meta'
[0.411s] Level 1:colcon.colcon_core.package_identification:_identify(.) by extensions ['ros']
[0.411s] Level 1:colcon.colcon_core.package_identification:_identify(.) by extension 'ros'
[0.420s] Level 1:colcon.colcon_core.package_identification:_identify(.) by extensions ['cmake', 'python']
[0.420s] Level 1:colcon.colcon_core.package_identification:_identify(.) by extension 'cmake'
[0.420s] Level 1:colcon.colcon_core.package_identification:_identify(.) by extension 'python'
[0.421s] Level 1:colcon.colcon_core.package_identification:_identify(.) by extensions ['python_setup_py']
[0.421s] Level 1:colcon.colcon_core.package_identification:_identify(.) by extension 'python_setup_py'
[0.421s] Level 1:colcon.colcon_core.package_identification:_identify(build) by extensions ['ignore', 'ignore_ament_install']
[0.421s] Level 1:colcon.colcon_core.package_identification:_identify(build) by extension 'ignore'
[0.421s] Level 1:colcon.colcon_core.package_identification:_identify(build) ignored
[0.421s] Level 1:colcon.colcon_core.package_identification:_identify(install) by extensions ['ignore', 'ignore_ament_install']
[0.421s] Level 1:colcon.colcon_core.package_identification:_identify(install) by extension 'ignore'
[0.421s] Level 1:colcon.colcon_core.package_identification:_identify(install) ignored
[0.423s] Level 1:colcon.colcon_core.package_identification:_identify(log) by extensions ['ignore', 'ignore_ament_install']
[0.423s] Level 1:colcon.colcon_core.package_identification:_identify(log) by extension 'ignore'
[0.423s] Level 1:colcon.colcon_core.package_identification:_identify(log) ignored
[0.423s] Level 1:colcon.colcon_core.package_identification:_identify(ros2_aruco_ws) by extensions ['ignore', 'ignore_ament_install']
[0.423s] Level 1:colcon.colcon_core.package_identification:_identify(ros2_aruco_ws) by extension 'ignore'
[0.423s] Level 1:colcon.colcon_core.package_identification:_identify(ros2_aruco_ws) by extension 'ignore_ament_install'
[0.423s] Level 1:colcon.colcon_core.package_identification:_identify(ros2_aruco_ws) by extensions ['colcon_pkg']
[0.423s] Level 1:colcon.colcon_core.package_identification:_identify(ros2_aruco_ws) by extension 'colcon_pkg'
[0.423s] Level 1:colcon.colcon_core.package_identification:_identify(ros2_aruco_ws) by extensions ['colcon_meta']
[0.423s] Level 1:colcon.colcon_core.package_identification:_identify(ros2_aruco_ws) by extension 'colcon_meta'
[0.423s] Level 1:colcon.colcon_core.package_identification:_identify(ros2_aruco_ws) by extensions ['ros']
[0.423s] Level 1:colcon.colcon_core.package_identification:_identify(ros2_aruco_ws) by extension 'ros'
[0.423s] Level 1:colcon.colcon_core.package_identification:_identify(ros2_aruco_ws) by extensions ['cmake', 'python']
[0.423s] Level 1:colcon.colcon_core.package_identification:_identify(ros2_aruco_ws) by extension 'cmake'
[0.423s] Level 1:colcon.colcon_core.package_identification:_identify(ros2_aruco_ws) by extension 'python'
[0.423s] Level 1:colcon.colcon_core.package_identification:_identify(ros2_aruco_ws) by extensions ['python_setup_py']
[0.423s] Level 1:colcon.colcon_core.package_identification:_identify(ros2_aruco_ws) by extension 'python_setup_py'
[0.423s] Level 1:colcon.colcon_core.package_identification:_identify(ros2_aruco_ws/build) by extensions ['ignore', 'ignore_ament_install']
[0.424s] Level 1:colcon.colcon_core.package_identification:_identify(ros2_aruco_ws/build) by extension 'ignore'
[0.424s] Level 1:colcon.colcon_core.package_identification:_identify(ros2_aruco_ws/build) ignored
[0.424s] Level 1:colcon.colcon_core.package_identification:_identify(ros2_aruco_ws/config) by extensions ['ignore', 'ignore_ament_install']
[0.424s] Level 1:colcon.colcon_core.package_identification:_identify(ros2_aruco_ws/config) by extension 'ignore'
[0.424s] Level 1:colcon.colcon_core.package_identification:_identify(ros2_aruco_ws/config) by extension 'ignore_ament_install'
[0.424s] Level 1:colcon.colcon_core.package_identification:_identify(ros2_aruco_ws/config) by extensions ['colcon_pkg']
[0.424s] Level 1:colcon.colcon_core.package_identification:_identify(ros2_aruco_ws/config) by extension 'colcon_pkg'
[0.424s] Level 1:colcon.colcon_core.package_identification:_identify(ros2_aruco_ws/config) by extensions ['colcon_meta']
[0.424s] Level 1:colcon.colcon_core.package_identification:_identify(ros2_aruco_ws/config) by extension 'colcon_meta'
[0.424s] Level 1:colcon.colcon_core.package_identification:_identify(ros2_aruco_ws/config) by extensions ['ros']
[0.424s] Level 1:colcon.colcon_core.package_identification:_identify(ros2_aruco_ws/config) by extension 'ros'
[0.424s] Level 1:colcon.colcon_core.package_identification:_identify(ros2_aruco_ws/config) by extensions ['cmake', 'python']
[0.424s] Level 1:colcon.colcon_core.package_identification:_identify(ros2_aruco_ws/config) by extension 'cmake'
[0.424s] Level 1:colcon.colcon_core.package_identification:_identify(ros2_aruco_ws/config) by extension 'python'
[0.424s] Level 1:colcon.colcon_core.package_identification:_identify(ros2_aruco_ws/config) by extensions ['python_setup_py']
[0.424s] Level 1:colcon.colcon_core.package_identification:_identify(ros2_aruco_ws/config) by extension 'python_setup_py'
[0.425s] Level 1:colcon.colcon_core.package_identification:_identify(ros2_aruco_ws/install) by extensions ['ignore', 'ignore_ament_install']
[0.425s] Level 1:colcon.colcon_core.package_identification:_identify(ros2_aruco_ws/install) by extension 'ignore'
[0.425s] Level 1:colcon.colcon_core.package_identification:_identify(ros2_aruco_ws/install) ignored
[0.426s] Level 1:colcon.colcon_core.package_identification:_identify(ros2_aruco_ws/log) by extensions ['ignore', 'ignore_ament_install']
[0.426s] Level 1:colcon.colcon_core.package_identification:_identify(ros2_aruco_ws/log) by extension 'ignore'
[0.426s] Level 1:colcon.colcon_core.package_identification:_identify(ros2_aruco_ws/log) ignored
[0.427s] Level 1:colcon.colcon_core.package_identification:_identify(ros2_aruco_ws/my_aruco_detector) by extensions ['ignore', 'ignore_ament_install']
[0.427s] Level 1:colcon.colcon_core.package_identification:_identify(ros2_aruco_ws/my_aruco_detector) by extension 'ignore'
[0.427s] Level 1:colcon.colcon_core.package_identification:_identify(ros2_aruco_ws/my_aruco_detector) by extension 'ignore_ament_install'
[0.427s] Level 1:colcon.colcon_core.package_identification:_identify(ros2_aruco_ws/my_aruco_detector) by extensions ['colcon_pkg']
[0.427s] Level 1:colcon.colcon_core.package_identification:_identify(ros2_aruco_ws/my_aruco_detector) by extension 'colcon_pkg'
[0.427s] Level 1:colcon.colcon_core.package_identification:_identify(ros2_aruco_ws/my_aruco_detector) by extensions ['colcon_meta']
[0.427s] Level 1:colcon.colcon_core.package_identification:_identify(ros2_aruco_ws/my_aruco_detector) by extension 'colcon_meta'
[0.427s] Level 1:colcon.colcon_core.package_identification:_identify(ros2_aruco_ws/my_aruco_detector) by extensions ['ros']
[0.427s] Level 1:colcon.colcon_core.package_identification:_identify(ros2_aruco_ws/my_aruco_detector) by extension 'ros'
[0.430s] DEBUG:colcon.colcon_core.package_identification:Package 'ros2_aruco_ws/my_aruco_detector' with type 'ros.ament_python' and name 'my_aruco_detector'
[0.430s] Level 1:colcon.colcon_core.package_identification:_identify(ros2_aruco_ws/src) by extensions ['ignore', 'ignore_ament_install']
[0.430s] Level 1:colcon.colcon_core.package_identification:_identify(ros2_aruco_ws/src) by extension 'ignore'
[0.430s] Level 1:colcon.colcon_core.package_identification:_identify(ros2_aruco_ws/src) by extension 'ignore_ament_install'
[0.430s] Level 1:colcon.colcon_core.package_identification:_identify(ros2_aruco_ws/src) by extensions ['colcon_pkg']
[0.430s] Level 1:colcon.colcon_core.package_identification:_identify(ros2_aruco_ws/src) by extension 'colcon_pkg'
[0.430s] Level 1:colcon.colcon_core.package_identification:_identify(ros2_aruco_ws/src) by extensions ['colcon_meta']
[0.430s] Level 1:colcon.colcon_core.package_identification:_identify(ros2_aruco_ws/src) by extension 'colcon_meta'
[0.430s] Level 1:colcon.colcon_core.package_identification:_identify(ros2_aruco_ws/src) by extensions ['ros']
[0.430s] Level 1:colcon.colcon_core.package_identification:_identify(ros2_aruco_ws/src) by extension 'ros'
[0.430s] Level 1:colcon.colcon_core.package_identification:_identify(ros2_aruco_ws/src) by extensions ['cmake', 'python']
[0.430s] Level 1:colcon.colcon_core.package_identification:_identify(ros2_aruco_ws/src) by extension 'cmake'
[0.430s] Level 1:colcon.colcon_core.package_identification:_identify(ros2_aruco_ws/src) by extension 'python'
[0.430s] Level 1:colcon.colcon_core.package_identification:_identify(ros2_aruco_ws/src) by extensions ['python_setup_py']
[0.430s] Level 1:colcon.colcon_core.package_identification:_identify(ros2_aruco_ws/src) by extension 'python_setup_py'
[0.431s] Level 1:colcon.colcon_core.package_identification:_identify(ros2_aruco_ws/src/ros2_aruco) by extensions ['ignore', 'ignore_ament_install']
[0.431s] Level 1:colcon.colcon_core.package_identification:_identify(ros2_aruco_ws/src/ros2_aruco) by extension 'ignore'
[0.431s] Level 1:colcon.colcon_core.package_identification:_identify(ros2_aruco_ws/src/ros2_aruco) by extension 'ignore_ament_install'
[0.431s] Level 1:colcon.colcon_core.package_identification:_identify(ros2_aruco_ws/src/ros2_aruco) by extensions ['colcon_pkg']
[0.431s] Level 1:colcon.colcon_core.package_identification:_identify(ros2_aruco_ws/src/ros2_aruco) by extension 'colcon_pkg'
[0.431s] Level 1:colcon.colcon_core.package_identification:_identify(ros2_aruco_ws/src/ros2_aruco) by extensions ['colcon_meta']
[0.431s] Level 1:colcon.colcon_core.package_identification:_identify(ros2_aruco_ws/src/ros2_aruco) by extension 'colcon_meta'
[0.431s] Level 1:colcon.colcon_core.package_identification:_identify(ros2_aruco_ws/src/ros2_aruco) by extensions ['ros']
[0.431s] Level 1:colcon.colcon_core.package_identification:_identify(ros2_aruco_ws/src/ros2_aruco) by extension 'ros'
[0.431s] Level 1:colcon.colcon_core.package_identification:_identify(ros2_aruco_ws/src/ros2_aruco) by extensions ['cmake', 'python']
[0.431s] Level 1:colcon.colcon_core.package_identification:_identify(ros2_aruco_ws/src/ros2_aruco) by extension 'cmake'
[0.431s] Level 1:colcon.colcon_core.package_identification:_identify(ros2_aruco_ws/src/ros2_aruco) by extension 'python'
[0.431s] Level 1:colcon.colcon_core.package_identification:_identify(ros2_aruco_ws/src/ros2_aruco) by extensions ['python_setup_py']
[0.431s] Level 1:colcon.colcon_core.package_identification:_identify(ros2_aruco_ws/src/ros2_aruco) by extension 'python_setup_py'
[0.431s] Level 1:colcon.colcon_core.package_identification:_identify(ros2_aruco_ws/src/ros2_aruco/ros2_aruco) by extensions ['ignore', 'ignore_ament_install']
[0.432s] Level 1:colcon.colcon_core.package_identification:_identify(ros2_aruco_ws/src/ros2_aruco/ros2_aruco) by extension 'ignore'
[0.432s] Level 1:colcon.colcon_core.package_identification:_identify(ros2_aruco_ws/src/ros2_aruco/ros2_aruco) by extension 'ignore_ament_install'
[0.432s] Level 1:colcon.colcon_core.package_identification:_identify(ros2_aruco_ws/src/ros2_aruco/ros2_aruco) by extensions ['colcon_pkg']
[0.432s] Level 1:colcon.colcon_core.package_identification:_identify(ros2_aruco_ws/src/ros2_aruco/ros2_aruco) by extension 'colcon_pkg'
[0.432s] Level 1:colcon.colcon_core.package_identification:_identify(ros2_aruco_ws/src/ros2_aruco/ros2_aruco) by extensions ['colcon_meta']
[0.432s] Level 1:colcon.colcon_core.package_identification:_identify(ros2_aruco_ws/src/ros2_aruco/ros2_aruco) by extension 'colcon_meta'
[0.432s] Level 1:colcon.colcon_core.package_identification:_identify(ros2_aruco_ws/src/ros2_aruco/ros2_aruco) by extensions ['ros']
[0.432s] Level 1:colcon.colcon_core.package_identification:_identify(ros2_aruco_ws/src/ros2_aruco/ros2_aruco) by extension 'ros'
[0.433s] DEBUG:colcon.colcon_core.package_identification:Package 'ros2_aruco_ws/src/ros2_aruco/ros2_aruco' with type 'ros.ament_python' and name 'ros2_aruco'
[0.434s] Level 1:colcon.colcon_core.package_identification:_identify(ros2_aruco_ws/src/ros2_aruco/ros2_aruco_interfaces) by extensions ['ignore', 'ignore_ament_install']
[0.434s] Level 1:colcon.colcon_core.package_identification:_identify(ros2_aruco_ws/src/ros2_aruco/ros2_aruco_interfaces) by extension 'ignore'
[0.434s] Level 1:colcon.colcon_core.package_identification:_identify(ros2_aruco_ws/src/ros2_aruco/ros2_aruco_interfaces) by extension 'ignore_ament_install'
[0.434s] Level 1:colcon.colcon_core.package_identification:_identify(ros2_aruco_ws/src/ros2_aruco/ros2_aruco_interfaces) by extensions ['colcon_pkg']
[0.434s] Level 1:colcon.colcon_core.package_identification:_identify(ros2_aruco_ws/src/ros2_aruco/ros2_aruco_interfaces) by extension 'colcon_pkg'
[0.434s] Level 1:colcon.colcon_core.package_identification:_identify(ros2_aruco_ws/src/ros2_aruco/ros2_aruco_interfaces) by extensions ['colcon_meta']
[0.434s] Level 1:colcon.colcon_core.package_identification:_identify(ros2_aruco_ws/src/ros2_aruco/ros2_aruco_interfaces) by extension 'colcon_meta'
[0.434s] Level 1:colcon.colcon_core.package_identification:_identify(ros2_aruco_ws/src/ros2_aruco/ros2_aruco_interfaces) by extensions ['ros']
[0.434s] Level 1:colcon.colcon_core.package_identification:_identify(ros2_aruco_ws/src/ros2_aruco/ros2_aruco_interfaces) by extension 'ros'
[0.435s] DEBUG:colcon.colcon_core.package_identification:Package 'ros2_aruco_ws/src/ros2_aruco/ros2_aruco_interfaces' with type 'ros.ament_cmake' and name 'ros2_aruco_interfaces'
[0.436s] Level 1:colcon.colcon_core.package_identification:_identify(ros2_aruco_ws/src/usb_cam) by extensions ['ignore', 'ignore_ament_install']
[0.436s] Level 1:colcon.colcon_core.package_identification:_identify(ros2_aruco_ws/src/usb_cam) by extension 'ignore'
[0.436s] Level 1:colcon.colcon_core.package_identification:_identify(ros2_aruco_ws/src/usb_cam) by extension 'ignore_ament_install'
[0.436s] Level 1:colcon.colcon_core.package_identification:_identify(ros2_aruco_ws/src/usb_cam) by extensions ['colcon_pkg']
[0.436s] Level 1:colcon.colcon_core.package_identification:_identify(ros2_aruco_ws/src/usb_cam) by extension 'colcon_pkg'
[0.436s] Level 1:colcon.colcon_core.package_identification:_identify(ros2_aruco_ws/src/usb_cam) by extensions ['colcon_meta']
[0.436s] Level 1:colcon.colcon_core.package_identification:_identify(ros2_aruco_ws/src/usb_cam) by extension 'colcon_meta'
[0.436s] Level 1:colcon.colcon_core.package_identification:_identify(ros2_aruco_ws/src/usb_cam) by extensions ['ros']
[0.436s] Level 1:colcon.colcon_core.package_identification:_identify(ros2_aruco_ws/src/usb_cam) by extension 'ros'
[0.439s] DEBUG:colcon.colcon_core.package_identification:Package 'ros2_aruco_ws/src/usb_cam' with type 'ros.ament_cmake' and name 'usb_cam'
[0.439s] Level 1:colcon.colcon_core.package_discovery:discover_packages(recursive) using defaults
[0.439s] Level 1:colcon.colcon_core.package_discovery:discover_packages(ignore) discover
[0.440s] Level 1:colcon.colcon_core.package_discovery:discover_packages(ignore) using defaults
[0.440s] Level 1:colcon.colcon_core.package_discovery:discover_packages(path) discover
[0.440s] Level 1:colcon.colcon_core.package_discovery:discover_packages(path) using defaults
[0.469s] Level 5:colcon.colcon_core.verb:set package 'my_aruco_detector' build argument 'cmake_args' from command line to 'None'
[0.469s] Level 5:colcon.colcon_core.verb:set package 'my_aruco_detector' build argument 'cmake_target' from command line to 'None'
[0.469s] Level 5:colcon.colcon_core.verb:set package 'my_aruco_detector' build argument 'cmake_target_skip_unavailable' from command line to 'False'
[0.469s] Level 5:colcon.colcon_core.verb:set package 'my_aruco_detector' build argument 'cmake_clean_cache' from command line to 'False'
[0.469s] Level 5:colcon.colcon_core.verb:set package 'my_aruco_detector' build argument 'cmake_clean_first' from command line to 'False'
[0.469s] Level 5:colcon.colcon_core.verb:set package 'my_aruco_detector' build argument 'cmake_force_configure' from command line to 'False'
[0.469s] Level 5:colcon.colcon_core.verb:set package 'my_aruco_detector' build argument 'ament_cmake_args' from command line to 'None'
[0.469s] Level 5:colcon.colcon_core.verb:set package 'my_aruco_detector' build argument 'catkin_cmake_args' from command line to 'None'
[0.469s] Level 5:colcon.colcon_core.verb:set package 'my_aruco_detector' build argument 'catkin_skip_building_tests' from command line to 'False'
[0.469s] DEBUG:colcon.colcon_core.verb:Building package 'my_aruco_detector' with the following arguments: {'ament_cmake_args': None, 'build_base': '/home/cc/ee106a/fa25/class/ee106a-ado/ros_workspaces/106AProject_Drone/build/my_aruco_detector', 'catkin_cmake_args': None, 'catkin_skip_building_tests': False, 'cmake_args': None, 'cmake_clean_cache': False, 'cmake_clean_first': False, 'cmake_force_configure': False, 'cmake_target': None, 'cmake_target_skip_unavailable': False, 'install_base': '/home/cc/ee106a/fa25/class/ee106a-ado/ros_workspaces/106AProject_Drone/install/my_aruco_detector', 'merge_install': False, 'path': '/home/cc/ee106a/fa25/class/ee106a-ado/ros_workspaces/106AProject_Drone/ros2_aruco_ws/my_aruco_detector', 'symlink_install': False, 'test_result_base': None}
[0.470s] Level 5:colcon.colcon_core.verb:set package 'ros2_aruco' build argument 'cmake_args' from command line to 'None'
[0.470s] Level 5:colcon.colcon_core.verb:set package 'ros2_aruco' build argument 'cmake_target' from command line to 'None'
[0.470s] Level 5:colcon.colcon_core.verb:set package 'ros2_aruco' build argument 'cmake_target_skip_unavailable' from command line to 'False'
[0.470s] Level 5:colcon.colcon_core.verb:set package 'ros2_aruco' build argument 'cmake_clean_cache' from command line to 'False'
[0.470s] Level 5:colcon.colcon_core.verb:set package 'ros2_aruco' build argument 'cmake_clean_first' from command line to 'False'
[0.470s] Level 5:colcon.colcon_core.verb:set package 'ros2_aruco' build argument 'cmake_force_configure' from command line to 'False'
[0.470s] Level 5:colcon.colcon_core.verb:set package 'ros2_aruco' build argument 'ament_cmake_args' from command line to 'None'
[0.470s] Level 5:colcon.colcon_core.verb:set package 'ros2_aruco' build argument 'catkin_cmake_args' from command line to 'None'
[0.470s] Level 5:colcon.colcon_core.verb:set package 'ros2_aruco' build argument 'catkin_skip_building_tests' from command line to 'False'
[0.470s] DEBUG:colcon.colcon_core.verb:Building package 'ros2_aruco' with the following arguments: {'ament_cmake_args': None, 'build_base': '/home/cc/ee106a/fa25/class/ee106a-ado/ros_workspaces/106AProject_Drone/build/ros2_aruco', 'catkin_cmake_args': None, 'catkin_skip_building_tests': False, 'cmake_args': None, 'cmake_clean_cache': False, 'cmake_clean_first': False, 'cmake_force_configure': False, 'cmake_target': None, 'cmake_target_skip_unavailable': False, 'install_base': '/home/cc/ee106a/fa25/class/ee106a-ado/ros_workspaces/106AProject_Drone/install/ros2_aruco', 'merge_install': False, 'path': '/home/cc/ee106a/fa25/class/ee106a-ado/ros_workspaces/106AProject_Drone/ros2_aruco_ws/src/ros2_aruco/ros2_aruco', 'symlink_install': False, 'test_result_base': None}
[0.470s] Level 5:colcon.colcon_core.verb:set package 'ros2_aruco_interfaces' build argument 'cmake_args' from command line to 'None'
[0.470s] Level 5:colcon.colcon_core.verb:set package 'ros2_aruco_interfaces' build argument 'cmake_target' from command line to 'None'
[0.470s] Level 5:colcon.colcon_core.verb:set package 'ros2_aruco_interfaces' build argument 'cmake_target_skip_unavailable' from command line to 'False'
[0.470s] Level 5:colcon.colcon_core.verb:set package 'ros2_aruco_interfaces' build argument 'cmake_clean_cache' from command line to 'False'
[0.470s] Level 5:colcon.colcon_core.verb:set package 'ros2_aruco_interfaces' build argument 'cmake_clean_first' from command line to 'False'
[0.470s] Level 5:colcon.colcon_core.verb:set package 'ros2_aruco_interfaces' build argument 'cmake_force_configure' from command line to 'False'
[0.470s] Level 5:colcon.colcon_core.verb:set package 'ros2_aruco_interfaces' build argument 'ament_cmake_args' from command line to 'None'
[0.470s] Level 5:colcon.colcon_core.verb:set package 'ros2_aruco_interfaces' build argument 'catkin_cmake_args' from command line to 'None'
[0.470s] Level 5:colcon.colcon_core.verb:set package 'ros2_aruco_interfaces' build argument 'catkin_skip_building_tests' from command line to 'False'
[0.470s] DEBUG:colcon.colcon_core.verb:Building package 'ros2_aruco_interfaces' with the following arguments: {'ament_cmake_args': None, 'build_base': '/home/cc/ee106a/fa25/class/ee106a-ado/ros_workspaces/106AProject_Drone/build/ros2_aruco_interfaces', 'catkin_cmake_args': None, 'catkin_skip_building_tests': False, 'cmake_args': None, 'cmake_clean_cache': False, 'cmake_clean_first': False, 'cmake_force_configure': False, 'cmake_target': None, 'cmake_target_skip_unavailable': False, 'install_base': '/home/cc/ee106a/fa25/class/ee106a-ado/ros_workspaces/106AProject_Drone/install/ros2_aruco_interfaces', 'merge_install': False, 'path': '/home/cc/ee106a/fa25/class/ee106a-ado/ros_workspaces/106AProject_Drone/ros2_aruco_ws/src/ros2_aruco/ros2_aruco_interfaces', 'symlink_install': False, 'test_result_base': None}
[0.471s] Level 5:colcon.colcon_core.verb:set package 'usb_cam' build argument 'cmake_args' from command line to 'None'
[0.471s] Level 5:colcon.colcon_core.verb:set package 'usb_cam' build argument 'cmake_target' from command line to 'None'
[0.471s] Level 5:colcon.colcon_core.verb:set package 'usb_cam' build argument 'cmake_target_skip_unavailable' from command line to 'False'
[0.471s] Level 5:colcon.colcon_core.verb:set package 'usb_cam' build argument 'cmake_clean_cache' from command line to 'False'
[0.471s] Level 5:colcon.colcon_core.verb:set package 'usb_cam' build argument 'cmake_clean_first' from command line to 'False'
[0.471s] Level 5:colcon.colcon_core.verb:set package 'usb_cam' build argument 'cmake_force_configure' from command line to 'False'
[0.471s] Level 5:colcon.colcon_core.verb:set package 'usb_cam' build argument 'ament_cmake_args' from command line to 'None'
[0.471s] Level 5:colcon.colcon_core.verb:set package 'usb_cam' build argument 'catkin_cmake_args' from command line to 'None'
[0.471s] Level 5:colcon.colcon_core.verb:set package 'usb_cam' build argument 'catkin_skip_building_tests' from command line to 'False'
[0.471s] DEBUG:colcon.colcon_core.verb:Building package 'usb_cam' with the following arguments: {'ament_cmake_args': None, 'build_base': '/home/cc/ee106a/fa25/class/ee106a-ado/ros_workspaces/106AProject_Drone/build/usb_cam', 'catkin_cmake_args': None, 'catkin_skip_building_tests': False, 'cmake_args': None, 'cmake_clean_cache': False, 'cmake_clean_first': False, 'cmake_force_configure': False, 'cmake_target': None, 'cmake_target_skip_unavailable': False, 'install_base': '/home/cc/ee106a/fa25/class/ee106a-ado/ros_workspaces/106AProject_Drone/install/usb_cam', 'merge_install': False, 'path': '/home/cc/ee106a/fa25/class/ee106a-ado/ros_workspaces/106AProject_Drone/ros2_aruco_ws/src/usb_cam', 'symlink_install': False, 'test_result_base': None}
[0.471s] INFO:colcon.colcon_core.executor:Executing jobs using 'parallel' executor
[0.471s] DEBUG:colcon.colcon_parallel_executor.executor.parallel:run_until_complete
[0.472s] INFO:colcon.colcon_ros.task.ament_python.build:Building ROS package in '/home/cc/ee106a/fa25/class/ee106a-ado/ros_workspaces/106AProject_Drone/ros2_aruco_ws/my_aruco_detector' with build type 'ament_python'
[0.472s] Level 1:colcon.colcon_core.shell:create_environment_hook('my_aruco_detector', 'ament_prefix_path')
[0.479s] INFO:colcon.colcon_core.plugin_system:Skipping extension 'colcon_core.shell.bat': Not used on non-Windows systems
[0.479s] INFO:colcon.colcon_core.shell:Creating environment hook '/home/cc/ee106a/fa25/class/ee106a-ado/ros_workspaces/106AProject_Drone/install/my_aruco_detector/share/my_aruco_detector/hook/ament_prefix_path.ps1'
[0.483s] INFO:colcon.colcon_core.shell:Creating environment descriptor '/home/cc/ee106a/fa25/class/ee106a-ado/ros_workspaces/106AProject_Drone/install/my_aruco_detector/share/my_aruco_detector/hook/ament_prefix_path.dsv'
[0.485s] INFO:colcon.colcon_core.shell:Creating environment hook '/home/cc/ee106a/fa25/class/ee106a-ado/ros_workspaces/106AProject_Drone/install/my_aruco_detector/share/my_aruco_detector/hook/ament_prefix_path.sh'
[0.488s] INFO:colcon.colcon_core.shell:Skip shell extension 'powershell' for command environment: Not usable outside of PowerShell
[0.488s] DEBUG:colcon.colcon_core.shell:Skip shell extension 'dsv' for command environment
[0.514s] INFO:colcon.colcon_ros.task.ament_python.build:Building ROS package in '/home/cc/ee106a/fa25/class/ee106a-ado/ros_workspaces/106AProject_Drone/ros2_aruco_ws/src/ros2_aruco/ros2_aruco' with build type 'ament_python'
[0.514s] Level 1:colcon.colcon_core.shell:create_environment_hook('ros2_aruco', 'ament_prefix_path')
[0.514s] INFO:colcon.colcon_core.shell:Creating environment hook '/home/cc/ee106a/fa25/class/ee106a-ado/ros_workspaces/106AProject_Drone/install/ros2_aruco/share/ros2_aruco/hook/ament_prefix_path.ps1'
[0.517s] INFO:colcon.colcon_core.shell:Creating environment descriptor '/home/cc/ee106a/fa25/class/ee106a-ado/ros_workspaces/106AProject_Drone/install/ros2_aruco/share/ros2_aruco/hook/ament_prefix_path.dsv'
[0.519s] INFO:colcon.colcon_core.shell:Creating environment hook '/home/cc/ee106a/fa25/class/ee106a-ado/ros_workspaces/106AProject_Drone/install/ros2_aruco/share/ros2_aruco/hook/ament_prefix_path.sh'
[0.522s] INFO:colcon.colcon_core.shell:Skip shell extension 'powershell' for command environment: Not usable outside of PowerShell
[0.522s] DEBUG:colcon.colcon_core.shell:Skip shell extension 'dsv' for command environment
[0.535s] INFO:colcon.colcon_ros.task.ament_cmake.build:Building ROS package in '/home/cc/ee106a/fa25/class/ee106a-ado/ros_workspaces/106AProject_Drone/ros2_aruco_ws/src/ros2_aruco/ros2_aruco_interfaces' with build type 'ament_cmake'
[0.536s] INFO:colcon.colcon_cmake.task.cmake.build:Building CMake package in '/home/cc/ee106a/fa25/class/ee106a-ado/ros_workspaces/106AProject_Drone/ros2_aruco_ws/src/ros2_aruco/ros2_aruco_interfaces'
[0.536s] INFO:colcon.colcon_core.shell:Skip shell extension 'powershell' for command environment: Not usable outside of PowerShell
[0.536s] DEBUG:colcon.colcon_core.shell:Skip shell extension 'dsv' for command environment
[0.556s] INFO:colcon.colcon_ros.task.ament_cmake.build:Building ROS package in '/home/cc/ee106a/fa25/class/ee106a-ado/ros_workspaces/106AProject_Drone/ros2_aruco_ws/src/usb_cam' with build type 'ament_cmake'
[0.556s] INFO:colcon.colcon_cmake.task.cmake.build:Building CMake package in '/home/cc/ee106a/fa25/class/ee106a-ado/ros_workspaces/106AProject_Drone/ros2_aruco_ws/src/usb_cam'
[0.556s] INFO:colcon.colcon_core.shell:Skip shell extension 'powershell' for command environment: Not usable outside of PowerShell
[0.556s] DEBUG:colcon.colcon_core.shell:Skip shell extension 'dsv' for command environment
[0.871s] INFO:colcon.colcon_core.task.python.build:Building Python package in '/home/cc/ee106a/fa25/class/ee106a-ado/ros_workspaces/106AProject_Drone/ros2_aruco_ws/my_aruco_detector'
[0.871s] INFO:colcon.colcon_core.shell:Skip shell extension 'powershell' for command environment: Not usable outside of PowerShell
[0.871s] DEBUG:colcon.colcon_core.shell:Skip shell extension 'dsv' for command environment
[1.139s] INFO:colcon.colcon_core.task.python.build:Building Python package in '/home/cc/ee106a/fa25/class/ee106a-ado/ros_workspaces/106AProject_Drone/ros2_aruco_ws/src/ros2_aruco/ros2_aruco'
[1.140s] INFO:colcon.colcon_core.shell:Skip shell extension 'powershell' for command environment: Not usable outside of PowerShell
[1.140s] DEBUG:colcon.colcon_core.shell:Skip shell extension 'dsv' for command environment
[1.164s] DEBUG:colcon.colcon_core.event_handler.log_command:Invoking command in '/home/cc/ee106a/fa25/class/ee106a-ado/ros_workspaces/106AProject_Drone/build/ros2_aruco_interfaces': CMAKE_PREFIX_PATH=${CMAKE_PREFIX_PATH}:/home/cc/ee106a/fa25/class/ee106a-ado/ros_workspaces/106AProject_Drone/install/ros2_aruco:/home/cc/ee106a/fa25/class/ee106a-ado/ros_workspaces/106AProject_Drone/install/my_aruco_detector:/opt/ros/turtlebot3_ws/install/turtlebot3_teleop:/opt/ros/turtlebot3_ws/install/turtlebot3_example:/opt/ros/humble /usr/bin/cmake --build /home/cc/ee106a/fa25/class/ee106a-ado/ros_workspaces/106AProject_Drone/build/ros2_aruco_interfaces -- -j32 -l32
[1.181s] DEBUG:colcon.colcon_core.event_handler.log_command:Invoking command in '/home/cc/ee106a/fa25/class/ee106a-ado/ros_workspaces/106AProject_Drone/build/usb_cam': CMAKE_PREFIX_PATH=${CMAKE_PREFIX_PATH}:/home/cc/ee106a/fa25/class/ee106a-ado/ros_workspaces/106AProject_Drone/install/ros2_aruco:/home/cc/ee106a/fa25/class/ee106a-ado/ros_workspaces/106AProject_Drone/install/my_aruco_detector:/opt/ros/turtlebot3_ws/install/turtlebot3_teleop:/opt/ros/turtlebot3_ws/install/turtlebot3_example:/opt/ros/humble /usr/bin/cmake --build /home/cc/ee106a/fa25/class/ee106a-ado/ros_workspaces/106AProject_Drone/build/usb_cam -- -j32 -l32
[1.559s] DEBUG:colcon.colcon_core.event_handler.log_command:Invoked command in '/home/cc/ee106a/fa25/class/ee106a-ado/ros_workspaces/106AProject_Drone/build/usb_cam' returned '0': CMAKE_PREFIX_PATH=${CMAKE_PREFIX_PATH}:/home/cc/ee106a/fa25/class/ee106a-ado/ros_workspaces/106AProject_Drone/install/ros2_aruco:/home/cc/ee106a/fa25/class/ee106a-ado/ros_workspaces/106AProject_Drone/install/my_aruco_detector:/opt/ros/turtlebot3_ws/install/turtlebot3_teleop:/opt/ros/turtlebot3_ws/install/turtlebot3_example:/opt/ros/humble /usr/bin/cmake --build /home/cc/ee106a/fa25/class/ee106a-ado/ros_workspaces/106AProject_Drone/build/usb_cam -- -j32 -l32
[1.583s] DEBUG:colcon.colcon_core.event_handler.log_command:Invoking command in '/home/cc/ee106a/fa25/class/ee106a-ado/ros_workspaces/106AProject_Drone/build/usb_cam': CMAKE_PREFIX_PATH=${CMAKE_PREFIX_PATH}:/home/cc/ee106a/fa25/class/ee106a-ado/ros_workspaces/106AProject_Drone/install/ros2_aruco:/home/cc/ee106a/fa25/class/ee106a-ado/ros_workspaces/106AProject_Drone/install/my_aruco_detector:/opt/ros/turtlebot3_ws/install/turtlebot3_teleop:/opt/ros/turtlebot3_ws/install/turtlebot3_example:/opt/ros/humble /usr/bin/cmake --install /home/cc/ee106a/fa25/class/ee106a-ado/ros_workspaces/106AProject_Drone/build/usb_cam
[1.671s] Level 1:colcon.colcon_core.environment:create_environment_scripts_only(usb_cam)
[1.671s] DEBUG:colcon.colcon_core.event_handler.log_command:Invoked command in '/home/cc/ee106a/fa25/class/ee106a-ado/ros_workspaces/106AProject_Drone/build/usb_cam' returned '0': CMAKE_PREFIX_PATH=${CMAKE_PREFIX_PATH}:/home/cc/ee106a/fa25/class/ee106a-ado/ros_workspaces/106AProject_Drone/install/ros2_aruco:/home/cc/ee106a/fa25/class/ee106a-ado/ros_workspaces/106AProject_Drone/install/my_aruco_detector:/opt/ros/turtlebot3_ws/install/turtlebot3_teleop:/opt/ros/turtlebot3_ws/install/turtlebot3_example:/opt/ros/humble /usr/bin/cmake --install /home/cc/ee106a/fa25/class/ee106a-ado/ros_workspaces/106AProject_Drone/build/usb_cam
[1.676s] Level 1:colcon.colcon_core.environment:checking '/home/cc/ee106a/fa25/class/ee106a-ado/ros_workspaces/106AProject_Drone/install/usb_cam' for CMake module files
[1.678s] Level 1:colcon.colcon_core.environment:checking '/home/cc/ee106a/fa25/class/ee106a-ado/ros_workspaces/106AProject_Drone/install/usb_cam' for CMake config files
[1.699s] Level 1:colcon.colcon_core.shell:create_environment_hook('usb_cam', 'cmake_prefix_path')
[1.699s] INFO:colcon.colcon_core.shell:Creating environment hook '/home/cc/ee106a/fa25/class/ee106a-ado/ros_workspaces/106AProject_Drone/install/usb_cam/share/usb_cam/hook/cmake_prefix_path.ps1'
[1.704s] INFO:colcon.colcon_core.shell:Creating environment descriptor '/home/cc/ee106a/fa25/class/ee106a-ado/ros_workspaces/106AProject_Drone/install/usb_cam/share/usb_cam/hook/cmake_prefix_path.dsv'
[1.707s] INFO:colcon.colcon_core.shell:Creating environment hook '/home/cc/ee106a/fa25/class/ee106a-ado/ros_workspaces/106AProject_Drone/install/usb_cam/share/usb_cam/hook/cmake_prefix_path.sh'
[1.710s] Level 1:colcon.colcon_core.environment:checking '/home/cc/ee106a/fa25/class/ee106a-ado/ros_workspaces/106AProject_Drone/install/usb_cam/lib'
[1.710s] Level 1:colcon.colcon_core.shell:create_environment_hook('usb_cam', 'ld_library_path_lib')
[1.711s] INFO:colcon.colcon_core.shell:Creating environment hook '/home/cc/ee106a/fa25/class/ee106a-ado/ros_workspaces/106AProject_Drone/install/usb_cam/share/usb_cam/hook/ld_library_path_lib.ps1'
[1.713s] INFO:colcon.colcon_core.shell:Creating environment descriptor '/home/cc/ee106a/fa25/class/ee106a-ado/ros_workspaces/106AProject_Drone/install/usb_cam/share/usb_cam/hook/ld_library_path_lib.dsv'
[1.716s] INFO:colcon.colcon_core.shell:Creating environment hook '/home/cc/ee106a/fa25/class/ee106a-ado/ros_workspaces/106AProject_Drone/install/usb_cam/share/usb_cam/hook/ld_library_path_lib.sh'
[1.718s] Level 1:colcon.colcon_core.environment:checking '/home/cc/ee106a/fa25/class/ee106a-ado/ros_workspaces/106AProject_Drone/install/usb_cam/bin'
[1.718s] Level 1:colcon.colcon_core.environment:checking '/home/cc/ee106a/fa25/class/ee106a-ado/ros_workspaces/106AProject_Drone/install/usb_cam/lib/pkgconfig/usb_cam.pc'
[1.718s] Level 1:colcon.colcon_core.environment:checking '/home/cc/ee106a/fa25/class/ee106a-ado/ros_workspaces/106AProject_Drone/install/usb_cam/lib/python3.10/site-packages'
[1.719s] Level 1:colcon.colcon_core.environment:checking '/home/cc/ee106a/fa25/class/ee106a-ado/ros_workspaces/106AProject_Drone/install/usb_cam/bin'
[1.719s] INFO:colcon.colcon_core.shell:Creating package script '/home/cc/ee106a/fa25/class/ee106a-ado/ros_workspaces/106AProject_Drone/install/usb_cam/share/usb_cam/package.ps1'
[1.721s] INFO:colcon.colcon_core.shell:Creating package descriptor '/home/cc/ee106a/fa25/class/ee106a-ado/ros_workspaces/106AProject_Drone/install/usb_cam/share/usb_cam/package.dsv'
[1.725s] INFO:colcon.colcon_core.shell:Creating package script '/home/cc/ee106a/fa25/class/ee106a-ado/ros_workspaces/106AProject_Drone/install/usb_cam/share/usb_cam/package.sh'
[1.729s] INFO:colcon.colcon_core.shell:Creating package script '/home/cc/ee106a/fa25/class/ee106a-ado/ros_workspaces/106AProject_Drone/install/usb_cam/share/usb_cam/package.bash'
[1.731s] INFO:colcon.colcon_core.shell:Creating package script '/home/cc/ee106a/fa25/class/ee106a-ado/ros_workspaces/106AProject_Drone/install/usb_cam/share/usb_cam/package.zsh'
[1.734s] Level 1:colcon.colcon_core.environment:create_file_with_runtime_dependencies(/home/cc/ee106a/fa25/class/ee106a-ado/ros_workspaces/106AProject_Drone/install/usb_cam/share/colcon-core/packages/usb_cam)
[1.738s] Level 1:colcon.colcon_core.environment:create_environment_scripts_only(usb_cam)
[1.739s] Level 1:colcon.colcon_core.environment:checking '/home/cc/ee106a/fa25/class/ee106a-ado/ros_workspaces/106AProject_Drone/install/usb_cam' for CMake module files
[1.741s] Level 1:colcon.colcon_core.environment:checking '/home/cc/ee106a/fa25/class/ee106a-ado/ros_workspaces/106AProject_Drone/install/usb_cam' for CMake config files
[1.743s] Level 1:colcon.colcon_core.shell:create_environment_hook('usb_cam', 'cmake_prefix_path')
[1.744s] INFO:colcon.colcon_core.shell:Creating environment hook '/home/cc/ee106a/fa25/class/ee106a-ado/ros_workspaces/106AProject_Drone/install/usb_cam/share/usb_cam/hook/cmake_prefix_path.ps1'
[1.746s] INFO:colcon.colcon_core.shell:Creating environment descriptor '/home/cc/ee106a/fa25/class/ee106a-ado/ros_workspaces/106AProject_Drone/install/usb_cam/share/usb_cam/hook/cmake_prefix_path.dsv'
[1.749s] INFO:colcon.colcon_core.shell:Creating environment hook '/home/cc/ee106a/fa25/class/ee106a-ado/ros_workspaces/106AProject_Drone/install/usb_cam/share/usb_cam/hook/cmake_prefix_path.sh'
[1.751s] Level 1:colcon.colcon_core.environment:checking '/home/cc/ee106a/fa25/class/ee106a-ado/ros_workspaces/106AProject_Drone/install/usb_cam/lib'
[1.752s] Level 1:colcon.colcon_core.shell:create_environment_hook('usb_cam', 'ld_library_path_lib')
[1.752s] INFO:colcon.colcon_core.shell:Creating environment hook '/home/cc/ee106a/fa25/class/ee106a-ado/ros_workspaces/106AProject_Drone/install/usb_cam/share/usb_cam/hook/ld_library_path_lib.ps1'
[1.754s] INFO:colcon.colcon_core.shell:Creating environment descriptor '/home/cc/ee106a/fa25/class/ee106a-ado/ros_workspaces/106AProject_Drone/install/usb_cam/share/usb_cam/hook/ld_library_path_lib.dsv'
[1.756s] INFO:colcon.colcon_core.shell:Creating environment hook '/home/cc/ee106a/fa25/class/ee106a-ado/ros_workspaces/106AProject_Drone/install/usb_cam/share/usb_cam/hook/ld_library_path_lib.sh'
[1.758s] Level 1:colcon.colcon_core.environment:checking '/home/cc/ee106a/fa25/class/ee106a-ado/ros_workspaces/106AProject_Drone/install/usb_cam/bin'
[1.758s] Level 1:colcon.colcon_core.environment:checking '/home/cc/ee106a/fa25/class/ee106a-ado/ros_workspaces/106AProject_Drone/install/usb_cam/lib/pkgconfig/usb_cam.pc'
[1.758s] Level 1:colcon.colcon_core.environment:checking '/home/cc/ee106a/fa25/class/ee106a-ado/ros_workspaces/106AProject_Drone/install/usb_cam/lib/python3.10/site-packages'
[1.758s] Level 1:colcon.colcon_core.environment:checking '/home/cc/ee106a/fa25/class/ee106a-ado/ros_workspaces/106AProject_Drone/install/usb_cam/bin'
[1.758s] INFO:colcon.colcon_core.shell:Creating package script '/home/cc/ee106a/fa25/class/ee106a-ado/ros_workspaces/106AProject_Drone/install/usb_cam/share/usb_cam/package.ps1'
[1.760s] INFO:colcon.colcon_core.shell:Creating package descriptor '/home/cc/ee106a/fa25/class/ee106a-ado/ros_workspaces/106AProject_Drone/install/usb_cam/share/usb_cam/package.dsv'
[1.762s] INFO:colcon.colcon_core.shell:Creating package script '/home/cc/ee106a/fa25/class/ee106a-ado/ros_workspaces/106AProject_Drone/install/usb_cam/share/usb_cam/package.sh'
[1.765s] INFO:colcon.colcon_core.shell:Creating package script '/home/cc/ee106a/fa25/class/ee106a-ado/ros_workspaces/106AProject_Drone/install/usb_cam/share/usb_cam/package.bash'
[1.767s] INFO:colcon.colcon_core.shell:Creating package script '/home/cc/ee106a/fa25/class/ee106a-ado/ros_workspaces/106AProject_Drone/install/usb_cam/share/usb_cam/package.zsh'
[1.770s] Level 1:colcon.colcon_core.environment:create_file_with_runtime_dependencies(/home/cc/ee106a/fa25/class/ee106a-ado/ros_workspaces/106AProject_Drone/install/usb_cam/share/colcon-core/packages/usb_cam)
[1.827s] DEBUG:colcon.colcon_core.event_handler.log_command:Invoking command in '/home/cc/ee106a/fa25/class/ee106a-ado/ros_workspaces/106AProject_Drone/ros2_aruco_ws/my_aruco_detector': PYTHONPATH=/home/cc/ee106a/fa25/class/ee106a-ado/ros_workspaces/106AProject_Drone/build/my_aruco_detector/prefix_override:/usr/lib/python3/dist-packages/colcon_core/task/python/colcon_distutils_commands:/home/cc/ee106a/fa25/class/ee106a-ado/ros_workspaces/106AProject_Drone/install/my_aruco_detector/lib/python3.10/site-packages:${PYTHONPATH} /usr/bin/python3 -W ignore:setup.py install is deprecated -W ignore:easy_install command is deprecated setup.py egg_info --egg-base ../../build/my_aruco_detector build --build-base /home/cc/ee106a/fa25/class/ee106a-ado/ros_workspaces/106AProject_Drone/build/my_aruco_detector/build install --record /home/cc/ee106a/fa25/class/ee106a-ado/ros_workspaces/106AProject_Drone/build/my_aruco_detector/install.log --single-version-externally-managed install_data
[1.831s] DEBUG:colcon.colcon_core.event_handler.log_command:Invoking command in '/home/cc/ee106a/fa25/class/ee106a-ado/ros_workspaces/106AProject_Drone/ros2_aruco_ws/src/ros2_aruco/ros2_aruco': PYTHONPATH=/home/cc/ee106a/fa25/class/ee106a-ado/ros_workspaces/106AProject_Drone/build/ros2_aruco/prefix_override:/usr/lib/python3/dist-packages/colcon_core/task/python/colcon_distutils_commands:/home/cc/ee106a/fa25/class/ee106a-ado/ros_workspaces/106AProject_Drone/install/ros2_aruco/lib/python3.10/site-packages:${PYTHONPATH} /usr/bin/python3 -W ignore:setup.py install is deprecated -W ignore:easy_install command is deprecated setup.py egg_info --egg-base ../../../../build/ros2_aruco build --build-base /home/cc/ee106a/fa25/class/ee106a-ado/ros_workspaces/106AProject_Drone/build/ros2_aruco/build install --record /home/cc/ee106a/fa25/class/ee106a-ado/ros_workspaces/106AProject_Drone/build/ros2_aruco/install.log --single-version-externally-managed install_data
[1.945s] DEBUG:colcon.colcon_core.event_handler.log_command:Invoked command in '/home/cc/ee106a/fa25/class/ee106a-ado/ros_workspaces/106AProject_Drone/build/ros2_aruco_interfaces' returned '0': CMAKE_PREFIX_PATH=${CMAKE_PREFIX_PATH}:/home/cc/ee106a/fa25/class/ee106a-ado/ros_workspaces/106AProject_Drone/install/ros2_aruco:/home/cc/ee106a/fa25/class/ee106a-ado/ros_workspaces/106AProject_Drone/install/my_aruco_detector:/opt/ros/turtlebot3_ws/install/turtlebot3_teleop:/opt/ros/turtlebot3_ws/install/turtlebot3_example:/opt/ros/humble /usr/bin/cmake --build /home/cc/ee106a/fa25/class/ee106a-ado/ros_workspaces/106AProject_Drone/build/ros2_aruco_interfaces -- -j32 -l32
[1.956s] DEBUG:colcon.colcon_core.event_handler.log_command:Invoking command in '/home/cc/ee106a/fa25/class/ee106a-ado/ros_workspaces/106AProject_Drone/build/ros2_aruco_interfaces': CMAKE_PREFIX_PATH=${CMAKE_PREFIX_PATH}:/home/cc/ee106a/fa25/class/ee106a-ado/ros_workspaces/106AProject_Drone/install/ros2_aruco:/home/cc/ee106a/fa25/class/ee106a-ado/ros_workspaces/106AProject_Drone/install/my_aruco_detector:/opt/ros/turtlebot3_ws/install/turtlebot3_teleop:/opt/ros/turtlebot3_ws/install/turtlebot3_example:/opt/ros/humble /usr/bin/cmake --install /home/cc/ee106a/fa25/class/ee106a-ado/ros_workspaces/106AProject_Drone/build/ros2_aruco_interfaces
[2.271s] Level 1:colcon.colcon_core.environment:checking '/home/cc/ee106a/fa25/class/ee106a-ado/ros_workspaces/106AProject_Drone/install/my_aruco_detector' for CMake module files
[2.272s] DEBUG:colcon.colcon_core.event_handler.log_command:Invoked command in '/home/cc/ee106a/fa25/class/ee106a-ado/ros_workspaces/106AProject_Drone/ros2_aruco_ws/my_aruco_detector' returned '0': PYTHONPATH=/home/cc/ee106a/fa25/class/ee106a-ado/ros_workspaces/106AProject_Drone/build/my_aruco_detector/prefix_override:/usr/lib/python3/dist-packages/colcon_core/task/python/colcon_distutils_commands:/home/cc/ee106a/fa25/class/ee106a-ado/ros_workspaces/106AProject_Drone/install/my_aruco_detector/lib/python3.10/site-packages:${PYTHONPATH} /usr/bin/python3 -W ignore:setup.py install is deprecated -W ignore:easy_install command is deprecated setup.py egg_info --egg-base ../../build/my_aruco_detector build --build-base /home/cc/ee106a/fa25/class/ee106a-ado/ros_workspaces/106AProject_Drone/build/my_aruco_detector/build install --record /home/cc/ee106a/fa25/class/ee106a-ado/ros_workspaces/106AProject_Drone/build/my_aruco_detector/install.log --single-version-externally-managed install_data
[2.274s] Level 1:colcon.colcon_core.environment:checking '/home/cc/ee106a/fa25/class/ee106a-ado/ros_workspaces/106AProject_Drone/install/my_aruco_detector' for CMake config files
[2.279s] Level 1:colcon.colcon_core.environment:checking '/home/cc/ee106a/fa25/class/ee106a-ado/ros_workspaces/106AProject_Drone/install/my_aruco_detector/lib'
[2.280s] Level 1:colcon.colcon_core.environment:checking '/home/cc/ee106a/fa25/class/ee106a-ado/ros_workspaces/106AProject_Drone/install/my_aruco_detector/bin'
[2.280s] Level 1:colcon.colcon_core.environment:checking '/home/cc/ee106a/fa25/class/ee106a-ado/ros_workspaces/106AProject_Drone/install/my_aruco_detector/lib/pkgconfig/my_aruco_detector.pc'
[2.280s] Level 1:colcon.colcon_core.environment:checking '/home/cc/ee106a/fa25/class/ee106a-ado/ros_workspaces/106AProject_Drone/install/my_aruco_detector/lib/python3.10/site-packages'
[2.280s] Level 1:colcon.colcon_core.shell:create_environment_hook('my_aruco_detector', 'pythonpath')
[2.280s] INFO:colcon.colcon_core.shell:Creating environment hook '/home/cc/ee106a/fa25/class/ee106a-ado/ros_workspaces/106AProject_Drone/install/my_aruco_detector/share/my_aruco_detector/hook/pythonpath.ps1'
[2.283s] INFO:colcon.colcon_core.shell:Creating environment descriptor '/home/cc/ee106a/fa25/class/ee106a-ado/ros_workspaces/106AProject_Drone/install/my_aruco_detector/share/my_aruco_detector/hook/pythonpath.dsv'
[2.285s] INFO:colcon.colcon_core.shell:Creating environment hook '/home/cc/ee106a/fa25/class/ee106a-ado/ros_workspaces/106AProject_Drone/install/my_aruco_detector/share/my_aruco_detector/hook/pythonpath.sh'
[2.288s] Level 1:colcon.colcon_core.environment:checking '/home/cc/ee106a/fa25/class/ee106a-ado/ros_workspaces/106AProject_Drone/install/my_aruco_detector/bin'
[2.288s] Level 1:colcon.colcon_core.environment:create_environment_scripts_only(my_aruco_detector)
[2.288s] INFO:colcon.colcon_core.shell:Creating package script '/home/cc/ee106a/fa25/class/ee106a-ado/ros_workspaces/106AProject_Drone/install/my_aruco_detector/share/my_aruco_detector/package.ps1'
[2.291s] INFO:colcon.colcon_core.shell:Creating package descriptor '/home/cc/ee106a/fa25/class/ee106a-ado/ros_workspaces/106AProject_Drone/install/my_aruco_detector/share/my_aruco_detector/package.dsv'
[2.293s] INFO:colcon.colcon_core.shell:Creating package script '/home/cc/ee106a/fa25/class/ee106a-ado/ros_workspaces/106AProject_Drone/install/my_aruco_detector/share/my_aruco_detector/package.sh'
[2.295s] INFO:colcon.colcon_core.shell:Creating package script '/home/cc/ee106a/fa25/class/ee106a-ado/ros_workspaces/106AProject_Drone/install/my_aruco_detector/share/my_aruco_detector/package.bash'
[2.297s] INFO:colcon.colcon_core.shell:Creating package script '/home/cc/ee106a/fa25/class/ee106a-ado/ros_workspaces/106AProject_Drone/install/my_aruco_detector/share/my_aruco_detector/package.zsh'
[2.299s] Level 1:colcon.colcon_core.environment:create_file_with_runtime_dependencies(/home/cc/ee106a/fa25/class/ee106a-ado/ros_workspaces/106AProject_Drone/install/my_aruco_detector/share/colcon-core/packages/my_aruco_detector)
[2.301s] Level 1:colcon.colcon_core.environment:create_environment_scripts_only(ros2_aruco_interfaces)
[2.301s] Level 1:colcon.colcon_core.environment:checking '/home/cc/ee106a/fa25/class/ee106a-ado/ros_workspaces/106AProject_Drone/install/ros2_aruco_interfaces' for CMake module files
[2.303s] Level 1:colcon.colcon_core.environment:checking '/home/cc/ee106a/fa25/class/ee106a-ado/ros_workspaces/106AProject_Drone/install/ros2_aruco_interfaces' for CMake config files
[2.306s] DEBUG:colcon.colcon_core.event_handler.log_command:Invoked command in '/home/cc/ee106a/fa25/class/ee106a-ado/ros_workspaces/106AProject_Drone/build/ros2_aruco_interfaces' returned '0': CMAKE_PREFIX_PATH=${CMAKE_PREFIX_PATH}:/home/cc/ee106a/fa25/class/ee106a-ado/ros_workspaces/106AProject_Drone/install/ros2_aruco:/home/cc/ee106a/fa25/class/ee106a-ado/ros_workspaces/106AProject_Drone/install/my_aruco_detector:/opt/ros/turtlebot3_ws/install/turtlebot3_teleop:/opt/ros/turtlebot3_ws/install/turtlebot3_example:/opt/ros/humble /usr/bin/cmake --install /home/cc/ee106a/fa25/class/ee106a-ado/ros_workspaces/106AProject_Drone/build/ros2_aruco_interfaces
[2.307s] Level 1:colcon.colcon_core.shell:create_environment_hook('ros2_aruco_interfaces', 'cmake_prefix_path')
[2.307s] INFO:colcon.colcon_core.shell:Creating environment hook '/home/cc/ee106a/fa25/class/ee106a-ado/ros_workspaces/106AProject_Drone/install/ros2_aruco_interfaces/share/ros2_aruco_interfaces/hook/cmake_prefix_path.ps1'
[2.309s] INFO:colcon.colcon_core.shell:Creating environment descriptor '/home/cc/ee106a/fa25/class/ee106a-ado/ros_workspaces/106AProject_Drone/install/ros2_aruco_interfaces/share/ros2_aruco_interfaces/hook/cmake_prefix_path.dsv'
[2.312s] INFO:colcon.colcon_core.shell:Creating environment hook '/home/cc/ee106a/fa25/class/ee106a-ado/ros_workspaces/106AProject_Drone/install/ros2_aruco_interfaces/share/ros2_aruco_interfaces/hook/cmake_prefix_path.sh'
[2.314s] Level 1:colcon.colcon_core.environment:checking '/home/cc/ee106a/fa25/class/ee106a-ado/ros_workspaces/106AProject_Drone/install/ros2_aruco_interfaces/lib'
[2.314s] Level 1:colcon.colcon_core.shell:create_environment_hook('ros2_aruco_interfaces', 'ld_library_path_lib')
[2.314s] INFO:colcon.colcon_core.shell:Creating environment hook '/home/cc/ee106a/fa25/class/ee106a-ado/ros_workspaces/106AProject_Drone/install/ros2_aruco_interfaces/share/ros2_aruco_interfaces/hook/ld_library_path_lib.ps1'
[2.317s] INFO:colcon.colcon_core.shell:Creating environment descriptor '/home/cc/ee106a/fa25/class/ee106a-ado/ros_workspaces/106AProject_Drone/install/ros2_aruco_interfaces/share/ros2_aruco_interfaces/hook/ld_library_path_lib.dsv'
[2.319s] INFO:colcon.colcon_core.shell:Creating environment hook '/home/cc/ee106a/fa25/class/ee106a-ado/ros_workspaces/106AProject_Drone/install/ros2_aruco_interfaces/share/ros2_aruco_interfaces/hook/ld_library_path_lib.sh'
[2.322s] Level 1:colcon.colcon_core.environment:checking '/home/cc/ee106a/fa25/class/ee106a-ado/ros_workspaces/106AProject_Drone/install/ros2_aruco_interfaces/bin'
[2.322s] Level 1:colcon.colcon_core.environment:checking '/home/cc/ee106a/fa25/class/ee106a-ado/ros_workspaces/106AProject_Drone/install/ros2_aruco_interfaces/lib/pkgconfig/ros2_aruco_interfaces.pc'
[2.322s] Level 1:colcon.colcon_core.environment:checking '/home/cc/ee106a/fa25/class/ee106a-ado/ros_workspaces/106AProject_Drone/install/ros2_aruco_interfaces/lib/python3.10/site-packages'
[2.323s] Level 1:colcon.colcon_core.environment:checking '/home/cc/ee106a/fa25/class/ee106a-ado/ros_workspaces/106AProject_Drone/install/ros2_aruco_interfaces/bin'
[2.323s] INFO:colcon.colcon_core.shell:Creating package script '/home/cc/ee106a/fa25/class/ee106a-ado/ros_workspaces/106AProject_Drone/install/ros2_aruco_interfaces/share/ros2_aruco_interfaces/package.ps1'
[2.325s] INFO:colcon.colcon_core.shell:Creating package descriptor '/home/cc/ee106a/fa25/class/ee106a-ado/ros_workspaces/106AProject_Drone/install/ros2_aruco_interfaces/share/ros2_aruco_interfaces/package.dsv'
[2.327s] INFO:colcon.colcon_core.shell:Creating package script '/home/cc/ee106a/fa25/class/ee106a-ado/ros_workspaces/106AProject_Drone/install/ros2_aruco_interfaces/share/ros2_aruco_interfaces/package.sh'
[2.330s] INFO:colcon.colcon_core.shell:Creating package script '/home/cc/ee106a/fa25/class/ee106a-ado/ros_workspaces/106AProject_Drone/install/ros2_aruco_interfaces/share/ros2_aruco_interfaces/package.bash'
[2.332s] INFO:colcon.colcon_core.shell:Creating package script '/home/cc/ee106a/fa25/class/ee106a-ado/ros_workspaces/106AProject_Drone/install/ros2_aruco_interfaces/share/ros2_aruco_interfaces/package.zsh'
[2.335s] Level 1:colcon.colcon_core.environment:create_file_with_runtime_dependencies(/home/cc/ee106a/fa25/class/ee106a-ado/ros_workspaces/106AProject_Drone/install/ros2_aruco_interfaces/share/colcon-core/packages/ros2_aruco_interfaces)
[2.341s] Level 1:colcon.colcon_core.environment:create_environment_scripts_only(ros2_aruco_interfaces)
[2.341s] Level 1:colcon.colcon_core.environment:checking '/home/cc/ee106a/fa25/class/ee106a-ado/ros_workspaces/106AProject_Drone/install/ros2_aruco_interfaces' for CMake module files
[2.344s] Level 1:colcon.colcon_core.environment:checking '/home/cc/ee106a/fa25/class/ee106a-ado/ros_workspaces/106AProject_Drone/install/ros2_aruco_interfaces' for CMake config files
[2.348s] Level 1:colcon.colcon_core.shell:create_environment_hook('ros2_aruco_interfaces', 'cmake_prefix_path')
[2.348s] INFO:colcon.colcon_core.shell:Creating environment hook '/home/cc/ee106a/fa25/class/ee106a-ado/ros_workspaces/106AProject_Drone/install/ros2_aruco_interfaces/share/ros2_aruco_interfaces/hook/cmake_prefix_path.ps1'
[2.351s] INFO:colcon.colcon_core.shell:Creating environment descriptor '/home/cc/ee106a/fa25/class/ee106a-ado/ros_workspaces/106AProject_Drone/install/ros2_aruco_interfaces/share/ros2_aruco_interfaces/hook/cmake_prefix_path.dsv'
[2.353s] INFO:colcon.colcon_core.shell:Creating environment hook '/home/cc/ee106a/fa25/class/ee106a-ado/ros_workspaces/106AProject_Drone/install/ros2_aruco_interfaces/share/ros2_aruco_interfaces/hook/cmake_prefix_path.sh'
[2.357s] Level 1:colcon.colcon_core.environment:checking '/home/cc/ee106a/fa25/class/ee106a-ado/ros_workspaces/106AProject_Drone/install/ros2_aruco_interfaces/lib'
[2.358s] Level 1:colcon.colcon_core.shell:create_environment_hook('ros2_aruco_interfaces', 'ld_library_path_lib')
[2.358s] INFO:colcon.colcon_core.shell:Creating environment hook '/home/cc/ee106a/fa25/class/ee106a-ado/ros_workspaces/106AProject_Drone/install/ros2_aruco_interfaces/share/ros2_aruco_interfaces/hook/ld_library_path_lib.ps1'
[2.361s] INFO:colcon.colcon_core.shell:Creating environment descriptor '/home/cc/ee106a/fa25/class/ee106a-ado/ros_workspaces/106AProject_Drone/install/ros2_aruco_interfaces/share/ros2_aruco_interfaces/hook/ld_library_path_lib.dsv'
[2.364s] INFO:colcon.colcon_core.shell:Creating environment hook '/home/cc/ee106a/fa25/class/ee106a-ado/ros_workspaces/106AProject_Drone/install/ros2_aruco_interfaces/share/ros2_aruco_interfaces/hook/ld_library_path_lib.sh'
[2.368s] Level 1:colcon.colcon_core.environment:checking '/home/cc/ee106a/fa25/class/ee106a-ado/ros_workspaces/106AProject_Drone/install/ros2_aruco_interfaces/bin'
[2.368s] Level 1:colcon.colcon_core.environment:checking '/home/cc/ee106a/fa25/class/ee106a-ado/ros_workspaces/106AProject_Drone/install/ros2_aruco_interfaces/lib/pkgconfig/ros2_aruco_interfaces.pc'
[2.369s] Level 1:colcon.colcon_core.environment:checking '/home/cc/ee106a/fa25/class/ee106a-ado/ros_workspaces/106AProject_Drone/install/ros2_aruco_interfaces/lib/python3.10/site-packages'
[2.369s] Level 1:colcon.colcon_core.environment:checking '/home/cc/ee106a/fa25/class/ee106a-ado/ros_workspaces/106AProject_Drone/install/ros2_aruco_interfaces/bin'
[2.370s] INFO:colcon.colcon_core.shell:Creating package script '/home/cc/ee106a/fa25/class/ee106a-ado/ros_workspaces/106AProject_Drone/install/ros2_aruco_interfaces/share/ros2_aruco_interfaces/package.ps1'
[2.375s] INFO:colcon.colcon_core.shell:Creating package descriptor '/home/cc/ee106a/fa25/class/ee106a-ado/ros_workspaces/106AProject_Drone/install/ros2_aruco_interfaces/share/ros2_aruco_interfaces/package.dsv'
[2.379s] INFO:colcon.colcon_core.shell:Creating package script '/home/cc/ee106a/fa25/class/ee106a-ado/ros_workspaces/106AProject_Drone/install/ros2_aruco_interfaces/share/ros2_aruco_interfaces/package.sh'
[2.381s] INFO:colcon.colcon_core.shell:Creating package script '/home/cc/ee106a/fa25/class/ee106a-ado/ros_workspaces/106AProject_Drone/install/ros2_aruco_interfaces/share/ros2_aruco_interfaces/package.bash'
[2.384s] INFO:colcon.colcon_core.shell:Creating package script '/home/cc/ee106a/fa25/class/ee106a-ado/ros_workspaces/106AProject_Drone/install/ros2_aruco_interfaces/share/ros2_aruco_interfaces/package.zsh'
[2.386s] Level 1:colcon.colcon_core.environment:create_file_with_runtime_dependencies(/home/cc/ee106a/fa25/class/ee106a-ado/ros_workspaces/106AProject_Drone/install/ros2_aruco_interfaces/share/colcon-core/packages/ros2_aruco_interfaces)
[2.389s] Level 1:colcon.colcon_core.environment:checking '/home/cc/ee106a/fa25/class/ee106a-ado/ros_workspaces/106AProject_Drone/install/ros2_aruco' for CMake module files
[2.392s] Level 1:colcon.colcon_core.environment:checking '/home/cc/ee106a/fa25/class/ee106a-ado/ros_workspaces/106AProject_Drone/install/ros2_aruco' for CMake config files
[2.399s] DEBUG:colcon.colcon_core.event_handler.log_command:Invoked command in '/home/cc/ee106a/fa25/class/ee106a-ado/ros_workspaces/106AProject_Drone/ros2_aruco_ws/src/ros2_aruco/ros2_aruco' returned '0': PYTHONPATH=/home/cc/ee106a/fa25/class/ee106a-ado/ros_workspaces/106AProject_Drone/build/ros2_aruco/prefix_override:/usr/lib/python3/dist-packages/colcon_core/task/python/colcon_distutils_commands:/home/cc/ee106a/fa25/class/ee106a-ado/ros_workspaces/106AProject_Drone/install/ros2_aruco/lib/python3.10/site-packages:${PYTHONPATH} /usr/bin/python3 -W ignore:setup.py install is deprecated -W ignore:easy_install command is deprecated setup.py egg_info --egg-base ../../../../build/ros2_aruco build --build-base /home/cc/ee106a/fa25/class/ee106a-ado/ros_workspaces/106AProject_Drone/build/ros2_aruco/build install --record /home/cc/ee106a/fa25/class/ee106a-ado/ros_workspaces/106AProject_Drone/build/ros2_aruco/install.log --single-version-externally-managed install_data
[2.403s] Level 1:colcon.colcon_core.environment:checking '/home/cc/ee106a/fa25/class/ee106a-ado/ros_workspaces/106AProject_Drone/install/ros2_aruco/lib'
[2.404s] Level 1:colcon.colcon_core.environment:checking '/home/cc/ee106a/fa25/class/ee106a-ado/ros_workspaces/106AProject_Drone/install/ros2_aruco/bin'
[2.404s] Level 1:colcon.colcon_core.environment:checking '/home/cc/ee106a/fa25/class/ee106a-ado/ros_workspaces/106AProject_Drone/install/ros2_aruco/lib/pkgconfig/ros2_aruco.pc'
[2.405s] Level 1:colcon.colcon_core.environment:checking '/home/cc/ee106a/fa25/class/ee106a-ado/ros_workspaces/106AProject_Drone/install/ros2_aruco/lib/python3.10/site-packages'
[2.405s] Level 1:colcon.colcon_core.shell:create_environment_hook('ros2_aruco', 'pythonpath')
[2.406s] INFO:colcon.colcon_core.shell:Creating environment hook '/home/cc/ee106a/fa25/class/ee106a-ado/ros_workspaces/106AProject_Drone/install/ros2_aruco/share/ros2_aruco/hook/pythonpath.ps1'
[2.409s] INFO:colcon.colcon_core.shell:Creating environment descriptor '/home/cc/ee106a/fa25/class/ee106a-ado/ros_workspaces/106AProject_Drone/install/ros2_aruco/share/ros2_aruco/hook/pythonpath.dsv'
[2.413s] INFO:colcon.colcon_core.shell:Creating environment hook '/home/cc/ee106a/fa25/class/ee106a-ado/ros_workspaces/106AProject_Drone/install/ros2_aruco/share/ros2_aruco/hook/pythonpath.sh'
[2.416s] Level 1:colcon.colcon_core.environment:checking '/home/cc/ee106a/fa25/class/ee106a-ado/ros_workspaces/106AProject_Drone/install/ros2_aruco/bin'
[2.416s] Level 1:colcon.colcon_core.environment:create_environment_scripts_only(ros2_aruco)
[2.416s] INFO:colcon.colcon_core.shell:Creating package script '/home/cc/ee106a/fa25/class/ee106a-ado/ros_workspaces/106AProject_Drone/install/ros2_aruco/share/ros2_aruco/package.ps1'
[2.419s] INFO:colcon.colcon_core.shell:Creating package descriptor '/home/cc/ee106a/fa25/class/ee106a-ado/ros_workspaces/106AProject_Drone/install/ros2_aruco/share/ros2_aruco/package.dsv'
[2.422s] INFO:colcon.colcon_core.shell:Creating package script '/home/cc/ee106a/fa25/class/ee106a-ado/ros_workspaces/106AProject_Drone/install/ros2_aruco/share/ros2_aruco/package.sh'
[2.425s] INFO:colcon.colcon_core.shell:Creating package script '/home/cc/ee106a/fa25/class/ee106a-ado/ros_workspaces/106AProject_Drone/install/ros2_aruco/share/ros2_aruco/package.bash'
[2.427s] INFO:colcon.colcon_core.shell:Creating package script '/home/cc/ee106a/fa25/class/ee106a-ado/ros_workspaces/106AProject_Drone/install/ros2_aruco/share/ros2_aruco/package.zsh'
[2.430s] Level 1:colcon.colcon_core.environment:create_file_with_runtime_dependencies(/home/cc/ee106a/fa25/class/ee106a-ado/ros_workspaces/106AProject_Drone/install/ros2_aruco/share/colcon-core/packages/ros2_aruco)
[2.431s] DEBUG:colcon.colcon_parallel_executor.executor.parallel:closing loop
[2.431s] DEBUG:colcon.colcon_parallel_executor.executor.parallel:loop closed
[2.431s] DEBUG:colcon.colcon_parallel_executor.executor.parallel:run_until_complete finished with '0'
[2.431s] DEBUG:colcon.colcon_core.event_reactor:joining thread
[2.456s] INFO:colcon.colcon_core.plugin_system:Skipping extension 'colcon_notification.desktop_notification.notify_send': Could not find 'notify-send'
[2.456s] INFO:colcon.colcon_core.plugin_system:Skipping extension 'colcon_notification.desktop_notification.terminal_notifier': Not used on non-Darwin systems
[2.456s] INFO:colcon.colcon_core.plugin_system:Skipping extension 'colcon_notification.desktop_notification.win32': Not used on non-Windows systems
[2.456s] INFO:colcon.colcon_notification.desktop_notification:Sending desktop notification using 'notify2'
[2.582s] DEBUG:colcon.colcon_core.event_reactor:joined thread
[2.582s] INFO:colcon.colcon_core.shell:Creating prefix script '/home/cc/ee106a/fa25/class/ee106a-ado/ros_workspaces/106AProject_Drone/install/local_setup.ps1'
[2.585s] INFO:colcon.colcon_core.shell:Creating prefix util module '/home/cc/ee106a/fa25/class/ee106a-ado/ros_workspaces/106AProject_Drone/install/_local_setup_util_ps1.py'
[2.588s] INFO:colcon.colcon_core.shell:Creating prefix chain script '/home/cc/ee106a/fa25/class/ee106a-ado/ros_workspaces/106AProject_Drone/install/setup.ps1'
[2.596s] INFO:colcon.colcon_core.shell:Creating prefix script '/home/cc/ee106a/fa25/class/ee106a-ado/ros_workspaces/106AProject_Drone/install/local_setup.sh'
[2.598s] INFO:colcon.colcon_core.shell:Creating prefix util module '/home/cc/ee106a/fa25/class/ee106a-ado/ros_workspaces/106AProject_Drone/install/_local_setup_util_sh.py'
[2.602s] INFO:colcon.colcon_core.shell:Creating prefix chain script '/home/cc/ee106a/fa25/class/ee106a-ado/ros_workspaces/106AProject_Drone/install/setup.sh'
[2.610s] INFO:colcon.colcon_core.shell:Creating prefix script '/home/cc/ee106a/fa25/class/ee106a-ado/ros_workspaces/106AProject_Drone/install/local_setup.bash'
[2.613s] INFO:colcon.colcon_core.shell:Creating prefix chain script '/home/cc/ee106a/fa25/class/ee106a-ado/ros_workspaces/106AProject_Drone/install/setup.bash'
[2.620s] INFO:colcon.colcon_core.shell:Creating prefix script '/home/cc/ee106a/fa25/class/ee106a-ado/ros_workspaces/106AProject_Drone/install/local_setup.zsh'
[2.623s] INFO:colcon.colcon_core.shell:Creating prefix chain script '/home/cc/ee106a/fa25/class/ee106a-ado/ros_workspaces/106AProject_Drone/install/setup.zsh'
