[0.560s] Invoking command in '/home/cc/ee106a/fa25/class/ee106a-ado/ros_workspaces/106AProject_Drone/ros2_aruco_ws/build/usb_cam': CMAKE_PREFIX_PATH=${CMAKE_PREFIX_PATH}:/home/cc/ee106a/fa25/class/ee106a-ado/ros_workspaces/106AProject_Drone/ros2_aruco_ws/install/ros2_aruco:/home/cc/ee106a/fa25/class/ee106a-ado/ros_workspaces/106AProject_Drone/ros2_aruco_ws/install/my_aruco_detector:/home/cc/ee106a/fa25/class/ee106a-ado/ros_workspaces/106AProject_Drone/install/ros2_aruco:/home/cc/ee106a/fa25/class/ee106a-ado/ros_workspaces/106AProject_Drone/install/my_aruco_detector:/opt/ros/turtlebot3_ws/install/turtlebot3_teleop:/opt/ros/turtlebot3_ws/install/turtlebot3_example:/opt/ros/humble /usr/bin/cmake --build /home/cc/ee106a/fa25/class/ee106a-ado/ros_workspaces/106AProject_Drone/ros2_aruco_ws/build/usb_cam -- -j32 -l32
[0.742s] [ 28%] Built target gtest_main
[0.743s] [ 35%] Built target usb_cam
[0.751s] [ 50%] Built target usb_cam_node_exe
[0.757s] [ 57%] Built target gtest
[0.850s] [ 71%] Built target usb_cam_node
[0.869s] [ 85%] Built target test_usb_cam_utils
[0.876s] [100%] Built target test_pixel_formats
[0.905s] Invoked command in '/home/cc/ee106a/fa25/class/ee106a-ado/ros_workspaces/106AProject_Drone/ros2_aruco_ws/build/usb_cam' returned '0': CMAKE_PREFIX_PATH=${CMAKE_PREFIX_PATH}:/home/cc/ee106a/fa25/class/ee106a-ado/ros_workspaces/106AProject_Drone/ros2_aruco_ws/install/ros2_aruco:/home/cc/ee106a/fa25/class/ee106a-ado/ros_workspaces/106AProject_Drone/ros2_aruco_ws/install/my_aruco_detector:/home/cc/ee106a/fa25/class/ee106a-ado/ros_workspaces/106AProject_Drone/install/ros2_aruco:/home/cc/ee106a/fa25/class/ee106a-ado/ros_workspaces/106AProject_Drone/install/my_aruco_detector:/opt/ros/turtlebot3_ws/install/turtlebot3_teleop:/opt/ros/turtlebot3_ws/install/turtlebot3_example:/opt/ros/humble /usr/bin/cmake --build /home/cc/ee106a/fa25/class/ee106a-ado/ros_workspaces/106AProject_Drone/ros2_aruco_ws/build/usb_cam -- -j32 -l32
[0.924s] Invoking command in '/home/cc/ee106a/fa25/class/ee106a-ado/ros_workspaces/106AProject_Drone/ros2_aruco_ws/build/usb_cam': CMAKE_PREFIX_PATH=${CMAKE_PREFIX_PATH}:/home/cc/ee106a/fa25/class/ee106a-ado/ros_workspaces/106AProject_Drone/ros2_aruco_ws/install/ros2_aruco:/home/cc/ee106a/fa25/class/ee106a-ado/ros_workspaces/106AProject_Drone/ros2_aruco_ws/install/my_aruco_detector:/home/cc/ee106a/fa25/class/ee106a-ado/ros_workspaces/106AProject_Drone/install/ros2_aruco:/home/cc/ee106a/fa25/class/ee106a-ado/ros_workspaces/106AProject_Drone/install/my_aruco_detector:/opt/ros/turtlebot3_ws/install/turtlebot3_teleop:/opt/ros/turtlebot3_ws/install/turtlebot3_example:/opt/ros/humble /usr/bin/cmake --install /home/cc/ee106a/fa25/class/ee106a-ado/ros_workspaces/106AProject_Drone/ros2_aruco_ws/build/usb_cam
[0.934s] -- Install configuration: ""
[0.935s] -- Up-to-date: /home/cc/ee106a/fa25/class/ee106a-ado/ros_workspaces/106AProject_Drone/ros2_aruco_ws/install/usb_cam/share/usb_cam/environment/library_path.sh
[0.936s] -- Up-to-date: /home/cc/ee106a/fa25/class/ee106a-ado/ros_workspaces/106AProject_Drone/ros2_aruco_ws/install/usb_cam/share/usb_cam/environment/library_path.dsv
[0.939s] -- Up-to-date: /home/cc/ee106a/fa25/class/ee106a-ado/ros_workspaces/106AProject_Drone/ros2_aruco_ws/install/usb_cam/lib/usb_cam/usb_cam_node_exe
[0.942s] -- Up-to-date: /home/cc/ee106a/fa25/class/ee106a-ado/ros_workspaces/106AProject_Drone/ros2_aruco_ws/install/usb_cam/lib/usb_cam/show_image.py
[0.945s] -- Up-to-date: /home/cc/ee106a/fa25/class/ee106a-ado/ros_workspaces/106AProject_Drone/ros2_aruco_ws/install/usb_cam/lib/libusb_cam.so
[0.949s] -- Up-to-date: /home/cc/ee106a/fa25/class/ee106a-ado/ros_workspaces/106AProject_Drone/ros2_aruco_ws/install/usb_cam/lib/libusb_cam_node.so
[0.957s] -- Up-to-date: /home/cc/ee106a/fa25/class/ee106a-ado/ros_workspaces/106AProject_Drone/ros2_aruco_ws/install/usb_cam/include
[0.959s] -- Up-to-date: /home/cc/ee106a/fa25/class/ee106a-ado/ros_workspaces/106AProject_Drone/ros2_aruco_ws/install/usb_cam/include/usb_cam
[0.960s] -- Up-to-date: /home/cc/ee106a/fa25/class/ee106a-ado/ros_workspaces/106AProject_Drone/ros2_aruco_ws/install/usb_cam/include/usb_cam/constants.hpp
[0.961s] -- Up-to-date: /home/cc/ee106a/fa25/class/ee106a-ado/ros_workspaces/106AProject_Drone/ros2_aruco_ws/install/usb_cam/include/usb_cam/conversions.hpp
[0.961s] -- Up-to-date: /home/cc/ee106a/fa25/class/ee106a-ado/ros_workspaces/106AProject_Drone/ros2_aruco_ws/install/usb_cam/include/usb_cam/formats
[0.962s] -- Up-to-date: /home/cc/ee106a/fa25/class/ee106a-ado/ros_workspaces/106AProject_Drone/ros2_aruco_ws/install/usb_cam/include/usb_cam/formats/av_pixel_format_helper.hpp
[0.963s] -- Up-to-date: /home/cc/ee106a/fa25/class/ee106a-ado/ros_workspaces/106AProject_Drone/ros2_aruco_ws/install/usb_cam/include/usb_cam/formats/m420.hpp
[0.965s] -- Up-to-date: /home/cc/ee106a/fa25/class/ee106a-ado/ros_workspaces/106AProject_Drone/ros2_aruco_ws/install/usb_cam/include/usb_cam/formats/mjpeg.hpp
[0.966s] -- Up-to-date: /home/cc/ee106a/fa25/class/ee106a-ado/ros_workspaces/106AProject_Drone/ros2_aruco_ws/install/usb_cam/include/usb_cam/formats/mono.hpp
[0.967s] -- Up-to-date: /home/cc/ee106a/fa25/class/ee106a-ado/ros_workspaces/106AProject_Drone/ros2_aruco_ws/install/usb_cam/include/usb_cam/formats/pixel_format_base.hpp
[0.969s] -- Up-to-date: /home/cc/ee106a/fa25/class/ee106a-ado/ros_workspaces/106AProject_Drone/ros2_aruco_ws/install/usb_cam/include/usb_cam/formats/rgb.hpp
[0.970s] -- Up-to-date: /home/cc/ee106a/fa25/class/ee106a-ado/ros_workspaces/106AProject_Drone/ros2_aruco_ws/install/usb_cam/include/usb_cam/formats/utils.hpp
[0.971s] -- Up-to-date: /home/cc/ee106a/fa25/class/ee106a-ado/ros_workspaces/106AProject_Drone/ros2_aruco_ws/install/usb_cam/include/usb_cam/formats/uyvy.hpp
[0.972s] -- Up-to-date: /home/cc/ee106a/fa25/class/ee106a-ado/ros_workspaces/106AProject_Drone/ros2_aruco_ws/install/usb_cam/include/usb_cam/formats/yuyv.hpp
[0.973s] -- Up-to-date: /home/cc/ee106a/fa25/class/ee106a-ado/ros_workspaces/106AProject_Drone/ros2_aruco_ws/install/usb_cam/include/usb_cam/usb_cam.hpp
[0.973s] -- Up-to-date: /home/cc/ee106a/fa25/class/ee106a-ado/ros_workspaces/106AProject_Drone/ros2_aruco_ws/install/usb_cam/include/usb_cam/usb_cam_node.hpp
[0.975s] -- Up-to-date: /home/cc/ee106a/fa25/class/ee106a-ado/ros_workspaces/106AProject_Drone/ros2_aruco_ws/install/usb_cam/include/usb_cam/utils.hpp
[0.977s] -- Up-to-date: /home/cc/ee106a/fa25/class/ee106a-ado/ros_workspaces/106AProject_Drone/ros2_aruco_ws/install/usb_cam/lib/libusb_cam_node.so
[0.981s] -- Up-to-date: /home/cc/ee106a/fa25/class/ee106a-ado/ros_workspaces/106AProject_Drone/ros2_aruco_ws/install/usb_cam/share/usb_cam/launch
[0.983s] -- Up-to-date: /home/cc/ee106a/fa25/class/ee106a-ado/ros_workspaces/106AProject_Drone/ros2_aruco_ws/install/usb_cam/share/usb_cam/launch/__init__.py
[0.984s] -- Up-to-date: /home/cc/ee106a/fa25/class/ee106a-ado/ros_workspaces/106AProject_Drone/ros2_aruco_ws/install/usb_cam/share/usb_cam/launch/camera.launch.py
[0.985s] -- Up-to-date: /home/cc/ee106a/fa25/class/ee106a-ado/ros_workspaces/106AProject_Drone/ros2_aruco_ws/install/usb_cam/share/usb_cam/launch/camera_config.py
[0.986s] -- Up-to-date: /home/cc/ee106a/fa25/class/ee106a-ado/ros_workspaces/106AProject_Drone/ros2_aruco_ws/install/usb_cam/share/usb_cam/config
[0.990s] -- Up-to-date: /home/cc/ee106a/fa25/class/ee106a-ado/ros_workspaces/106AProject_Drone/ros2_aruco_ws/install/usb_cam/share/usb_cam/config/camera_info.yaml
[0.991s] -- Up-to-date: /home/cc/ee106a/fa25/class/ee106a-ado/ros_workspaces/106AProject_Drone/ros2_aruco_ws/install/usb_cam/share/usb_cam/config/params_1.yaml
[0.992s] -- Up-to-date: /home/cc/ee106a/fa25/class/ee106a-ado/ros_workspaces/106AProject_Drone/ros2_aruco_ws/install/usb_cam/share/usb_cam/config/params_2.yaml
[0.993s] -- Up-to-date: /home/cc/ee106a/fa25/class/ee106a-ado/ros_workspaces/106AProject_Drone/ros2_aruco_ws/install/usb_cam/share/ament_index/resource_index/package_run_dependencies/usb_cam
[0.994s] -- Up-to-date: /home/cc/ee106a/fa25/class/ee106a-ado/ros_workspaces/106AProject_Drone/ros2_aruco_ws/install/usb_cam/share/ament_index/resource_index/parent_prefix_path/usb_cam
[0.995s] -- Up-to-date: /home/cc/ee106a/fa25/class/ee106a-ado/ros_workspaces/106AProject_Drone/ros2_aruco_ws/install/usb_cam/share/usb_cam/environment/ament_prefix_path.sh
[0.996s] -- Up-to-date: /home/cc/ee106a/fa25/class/ee106a-ado/ros_workspaces/106AProject_Drone/ros2_aruco_ws/install/usb_cam/share/usb_cam/environment/ament_prefix_path.dsv
[0.998s] -- Up-to-date: /home/cc/ee106a/fa25/class/ee106a-ado/ros_workspaces/106AProject_Drone/ros2_aruco_ws/install/usb_cam/share/usb_cam/environment/path.sh
[0.999s] -- Up-to-date: /home/cc/ee106a/fa25/class/ee106a-ado/ros_workspaces/106AProject_Drone/ros2_aruco_ws/install/usb_cam/share/usb_cam/environment/path.dsv
[1.000s] -- Up-to-date: /home/cc/ee106a/fa25/class/ee106a-ado/ros_workspaces/106AProject_Drone/ros2_aruco_ws/install/usb_cam/share/usb_cam/local_setup.bash
[1.001s] -- Up-to-date: /home/cc/ee106a/fa25/class/ee106a-ado/ros_workspaces/106AProject_Drone/ros2_aruco_ws/install/usb_cam/share/usb_cam/local_setup.sh
[1.002s] -- Up-to-date: /home/cc/ee106a/fa25/class/ee106a-ado/ros_workspaces/106AProject_Drone/ros2_aruco_ws/install/usb_cam/share/usb_cam/local_setup.zsh
[1.003s] -- Up-to-date: /home/cc/ee106a/fa25/class/ee106a-ado/ros_workspaces/106AProject_Drone/ros2_aruco_ws/install/usb_cam/share/usb_cam/local_setup.dsv
[1.005s] -- Installing: /home/cc/ee106a/fa25/class/ee106a-ado/ros_workspaces/106AProject_Drone/ros2_aruco_ws/install/usb_cam/share/usb_cam/package.dsv
[1.012s] -- Up-to-date: /home/cc/ee106a/fa25/class/ee106a-ado/ros_workspaces/106AProject_Drone/ros2_aruco_ws/install/usb_cam/share/ament_index/resource_index/packages/usb_cam
[1.013s] -- Up-to-date: /home/cc/ee106a/fa25/class/ee106a-ado/ros_workspaces/106AProject_Drone/ros2_aruco_ws/install/usb_cam/share/ament_index/resource_index/rclcpp_components/usb_cam
[1.014s] -- Up-to-date: /home/cc/ee106a/fa25/class/ee106a-ado/ros_workspaces/106AProject_Drone/ros2_aruco_ws/install/usb_cam/share/usb_cam/cmake/ament_cmake_export_libraries-extras.cmake
[1.015s] -- Up-to-date: /home/cc/ee106a/fa25/class/ee106a-ado/ros_workspaces/106AProject_Drone/ros2_aruco_ws/install/usb_cam/share/usb_cam/cmake/ament_cmake_export_dependencies-extras.cmake
[1.016s] -- Up-to-date: /home/cc/ee106a/fa25/class/ee106a-ado/ros_workspaces/106AProject_Drone/ros2_aruco_ws/install/usb_cam/share/usb_cam/cmake/ament_cmake_export_include_directories-extras.cmake
[1.017s] -- Up-to-date: /home/cc/ee106a/fa25/class/ee106a-ado/ros_workspaces/106AProject_Drone/ros2_aruco_ws/install/usb_cam/share/usb_cam/cmake/usb_camConfig.cmake
[1.017s] -- Up-to-date: /home/cc/ee106a/fa25/class/ee106a-ado/ros_workspaces/106AProject_Drone/ros2_aruco_ws/install/usb_cam/share/usb_cam/cmake/usb_camConfig-version.cmake
[1.018s] -- Up-to-date: /home/cc/ee106a/fa25/class/ee106a-ado/ros_workspaces/106AProject_Drone/ros2_aruco_ws/install/usb_cam/share/usb_cam/package.xml
[1.024s] Invoked command in '/home/cc/ee106a/fa25/class/ee106a-ado/ros_workspaces/106AProject_Drone/ros2_aruco_ws/build/usb_cam' returned '0': CMAKE_PREFIX_PATH=${CMAKE_PREFIX_PATH}:/home/cc/ee106a/fa25/class/ee106a-ado/ros_workspaces/106AProject_Drone/ros2_aruco_ws/install/ros2_aruco:/home/cc/ee106a/fa25/class/ee106a-ado/ros_workspaces/106AProject_Drone/ros2_aruco_ws/install/my_aruco_detector:/home/cc/ee106a/fa25/class/ee106a-ado/ros_workspaces/106AProject_Drone/install/ros2_aruco:/home/cc/ee106a/fa25/class/ee106a-ado/ros_workspaces/106AProject_Drone/install/my_aruco_detector:/opt/ros/turtlebot3_ws/install/turtlebot3_teleop:/opt/ros/turtlebot3_ws/install/turtlebot3_example:/opt/ros/humble /usr/bin/cmake --install /home/cc/ee106a/fa25/class/ee106a-ado/ros_workspaces/106AProject_Drone/ros2_aruco_ws/build/usb_cam
