[  3%] Built target ros2_aruco_interfaces__cpp
[ 12%] Built target ros2_aruco_interfaces__rosidl_generator_c
[ 12%] Built target ament_cmake_python_copy_ros2_aruco_interfaces
[ 25%] Built target ros2_aruco_interfaces__rosidl_typesupport_fastrtps_cpp
[ 32%] Built target ros2_aruco_interfaces__rosidl_typesupport_introspection_cpp
[ 41%] Built target ros2_aruco_interfaces__rosidl_typesupport_cpp
[ 51%] Built target ros2_aruco_interfaces__rosidl_typesupport_introspection_c
[ 70%] Built target ros2_aruco_interfaces__rosidl_typesupport_c
[ 70%] Built target ros2_aruco_interfaces__rosidl_typesupport_fastrtps_c
[ 70%] Built target ros2_aruco_interfaces
[ 74%] Built target ros2_aruco_interfaces__py
[ 80%] Built target ros2_aruco_interfaces__rosidl_generator_py
[ 87%] Built target ros2_aruco_interfaces__rosidl_typesupport_c__pyext
[ 93%] Built target ros2_aruco_interfaces__rosidl_typesupport_introspection_c__pyext
[100%] Built target ros2_aruco_interfaces__rosidl_typesupport_fastrtps_c__pyext
running egg_info
writing ros2_aruco_interfaces.egg-info/PKG-INFO
writing dependency_links to ros2_aruco_interfaces.egg-info/dependency_links.txt
writing top-level names to ros2_aruco_interfaces.egg-info/top_level.txt
reading manifest file 'ros2_aruco_interfaces.egg-info/SOURCES.txt'
writing manifest file 'ros2_aruco_interfaces.egg-info/SOURCES.txt'
[100%] Built target ament_cmake_python_build_ros2_aruco_interfaces_egg
