[0.860s] Invoking command in '/home/hieu-hoang/106AProject_Drone/ros2_aruco_ws/src/ros2_aruco/ros2_aruco': DEBUGINFOD_URLS=https://debuginfod.ubuntu.com PS1=(venv) \[\e]0;\u@\h: \w\a\]${debian_chroot:+($debian_chroot)}\[\033[01;32m\]\u@\h\[\033[00m\]:\[\033[01;34m\]\w\[\033[00m\]\$ PYTHONPATH=/home/hieu-hoang/106AProject_Drone/ros2_aruco_ws/build/ros2_aruco/prefix_override:/usr/lib/python3/dist-packages/colcon_core/task/python/colcon_distutils_commands:/home/hieu-hoang/106AProject_Drone/ros2_aruco_ws/install/ros2_aruco/lib/python3.12/site-packages:${PYTHONPATH} VIRTUAL_ENV_PROMPT=(venv) /usr/bin/python3 -W ignore:setup.py install is deprecated -W ignore:easy_install command is deprecated setup.py egg_info --egg-base ../../../build/ros2_aruco build --build-base /home/hieu-hoang/106AProject_Drone/ros2_aruco_ws/build/ros2_aruco/build install --record /home/hieu-hoang/106AProject_Drone/ros2_aruco_ws/build/ros2_aruco/install.log --single-version-externally-managed install_data
[1.073s] running egg_info
[1.073s] creating ../../../build/ros2_aruco/ros2_aruco.egg-info
[1.088s] writing ../../../build/ros2_aruco/ros2_aruco.egg-info/PKG-INFO
[1.088s] writing dependency_links to ../../../build/ros2_aruco/ros2_aruco.egg-info/dependency_links.txt
[1.089s] writing entry points to ../../../build/ros2_aruco/ros2_aruco.egg-info/entry_points.txt
[1.089s] writing requirements to ../../../build/ros2_aruco/ros2_aruco.egg-info/requires.txt
[1.089s] writing top-level names to ../../../build/ros2_aruco/ros2_aruco.egg-info/top_level.txt
[1.089s] writing manifest file '../../../build/ros2_aruco/ros2_aruco.egg-info/SOURCES.txt'
[1.120s] reading manifest file '../../../build/ros2_aruco/ros2_aruco.egg-info/SOURCES.txt'
[1.121s] writing manifest file '../../../build/ros2_aruco/ros2_aruco.egg-info/SOURCES.txt'
[1.121s] running build
[1.121s] running build_py
[1.121s] creating /home/hieu-hoang/106AProject_Drone/ros2_aruco_ws/build/ros2_aruco/build
[1.121s] creating /home/hieu-hoang/106AProject_Drone/ros2_aruco_ws/build/ros2_aruco/build/lib
[1.121s] creating /home/hieu-hoang/106AProject_Drone/ros2_aruco_ws/build/ros2_aruco/build/lib/ros2_aruco
[1.121s] copying ros2_aruco/aruco_generate_marker.py -> /home/hieu-hoang/106AProject_Drone/ros2_aruco_ws/build/ros2_aruco/build/lib/ros2_aruco
[1.122s] copying ros2_aruco/aruco_node.py -> /home/hieu-hoang/106AProject_Drone/ros2_aruco_ws/build/ros2_aruco/build/lib/ros2_aruco
[1.122s] copying ros2_aruco/__init__.py -> /home/hieu-hoang/106AProject_Drone/ros2_aruco_ws/build/ros2_aruco/build/lib/ros2_aruco
[1.122s] running install
[1.127s] running install_lib
[1.143s] creating /home/hieu-hoang/106AProject_Drone/ros2_aruco_ws/install/ros2_aruco/lib/python3.12/site-packages/ros2_aruco
[1.143s] copying /home/hieu-hoang/106AProject_Drone/ros2_aruco_ws/build/ros2_aruco/build/lib/ros2_aruco/aruco_generate_marker.py -> /home/hieu-hoang/106AProject_Drone/ros2_aruco_ws/install/ros2_aruco/lib/python3.12/site-packages/ros2_aruco
[1.143s] copying /home/hieu-hoang/106AProject_Drone/ros2_aruco_ws/build/ros2_aruco/build/lib/ros2_aruco/aruco_node.py -> /home/hieu-hoang/106AProject_Drone/ros2_aruco_ws/install/ros2_aruco/lib/python3.12/site-packages/ros2_aruco
[1.144s] copying /home/hieu-hoang/106AProject_Drone/ros2_aruco_ws/build/ros2_aruco/build/lib/ros2_aruco/__init__.py -> /home/hieu-hoang/106AProject_Drone/ros2_aruco_ws/install/ros2_aruco/lib/python3.12/site-packages/ros2_aruco
[1.144s] byte-compiling /home/hieu-hoang/106AProject_Drone/ros2_aruco_ws/install/ros2_aruco/lib/python3.12/site-packages/ros2_aruco/aruco_generate_marker.py to aruco_generate_marker.cpython-312.pyc
[1.144s] byte-compiling /home/hieu-hoang/106AProject_Drone/ros2_aruco_ws/install/ros2_aruco/lib/python3.12/site-packages/ros2_aruco/aruco_node.py to aruco_node.cpython-312.pyc
[1.146s] byte-compiling /home/hieu-hoang/106AProject_Drone/ros2_aruco_ws/install/ros2_aruco/lib/python3.12/site-packages/ros2_aruco/__init__.py to __init__.cpython-312.pyc
[1.146s] running install_data
[1.146s] creating /home/hieu-hoang/106AProject_Drone/ros2_aruco_ws/install/ros2_aruco/share/ament_index
[1.146s] creating /home/hieu-hoang/106AProject_Drone/ros2_aruco_ws/install/ros2_aruco/share/ament_index/resource_index
[1.146s] creating /home/hieu-hoang/106AProject_Drone/ros2_aruco_ws/install/ros2_aruco/share/ament_index/resource_index/packages
[1.146s] copying resource/ros2_aruco -> /home/hieu-hoang/106AProject_Drone/ros2_aruco_ws/install/ros2_aruco/share/ament_index/resource_index/packages
[1.146s] copying package.xml -> /home/hieu-hoang/106AProject_Drone/ros2_aruco_ws/install/ros2_aruco/share/ros2_aruco
[1.146s] creating /home/hieu-hoang/106AProject_Drone/ros2_aruco_ws/install/ros2_aruco/share/ros2_aruco/launch
[1.146s] copying launch/aruco_recognition.launch.py -> /home/hieu-hoang/106AProject_Drone/ros2_aruco_ws/install/ros2_aruco/share/ros2_aruco/launch
[1.147s] creating /home/hieu-hoang/106AProject_Drone/ros2_aruco_ws/install/ros2_aruco/share/ros2_aruco/config
[1.147s] copying config/aruco_parameters.yaml -> /home/hieu-hoang/106AProject_Drone/ros2_aruco_ws/install/ros2_aruco/share/ros2_aruco/config
[1.147s] running install_egg_info
[1.163s] Copying ../../../build/ros2_aruco/ros2_aruco.egg-info to /home/hieu-hoang/106AProject_Drone/ros2_aruco_ws/install/ros2_aruco/lib/python3.12/site-packages/ros2_aruco-0.1.0-py3.12.egg-info
[1.164s] running install_scripts
[1.272s] Installing aruco_generate_marker script to /home/hieu-hoang/106AProject_Drone/ros2_aruco_ws/install/ros2_aruco/lib/ros2_aruco
[1.272s] Installing aruco_node script to /home/hieu-hoang/106AProject_Drone/ros2_aruco_ws/install/ros2_aruco/lib/ros2_aruco
[1.272s] writing list of installed files to '/home/hieu-hoang/106AProject_Drone/ros2_aruco_ws/build/ros2_aruco/install.log'
