[0.597s] Invoking command in '/home/hieu/Documents/106AProject_Drone/ros2_aruco_ws/my_aruco_detector': PYTHONPATH=/home/hieu/Documents/106AProject_Drone/build/my_aruco_detector/prefix_override:/usr/lib/python3/dist-packages/colcon_core/task/python/colcon_distutils_commands:/home/hieu/Documents/106AProject_Drone/install/my_aruco_detector/lib/python3.10/site-packages:${PYTHONPATH} /usr/bin/python3 -W ignore:setup.py install is deprecated -W ignore:easy_install command is deprecated setup.py egg_info --egg-base ../../build/my_aruco_detector build --build-base /home/hieu/Documents/106AProject_Drone/build/my_aruco_detector/build install --record /home/hieu/Documents/106AProject_Drone/build/my_aruco_detector/install.log --single-version-externally-managed install_data
[0.761s] running egg_info
[0.761s] creating ../../build/my_aruco_detector/my_aruco_detector.egg-info
[0.762s] writing ../../build/my_aruco_detector/my_aruco_detector.egg-info/PKG-INFO
[0.762s] writing dependency_links to ../../build/my_aruco_detector/my_aruco_detector.egg-info/dependency_links.txt
[0.762s] writing entry points to ../../build/my_aruco_detector/my_aruco_detector.egg-info/entry_points.txt
[0.762s] writing requirements to ../../build/my_aruco_detector/my_aruco_detector.egg-info/requires.txt
[0.762s] writing top-level names to ../../build/my_aruco_detector/my_aruco_detector.egg-info/top_level.txt
[0.762s] writing manifest file '../../build/my_aruco_detector/my_aruco_detector.egg-info/SOURCES.txt'
[0.763s] reading manifest file '../../build/my_aruco_detector/my_aruco_detector.egg-info/SOURCES.txt'
[0.764s] writing manifest file '../../build/my_aruco_detector/my_aruco_detector.egg-info/SOURCES.txt'
[0.764s] running build
[0.764s] running build_py
[0.764s] creating /home/hieu/Documents/106AProject_Drone/build/my_aruco_detector/build
[0.764s] creating /home/hieu/Documents/106AProject_Drone/build/my_aruco_detector/build/lib
[0.764s] creating /home/hieu/Documents/106AProject_Drone/build/my_aruco_detector/build/lib/my_aruco_detector
[0.764s] copying my_aruco_detector/__init__.py -> /home/hieu/Documents/106AProject_Drone/build/my_aruco_detector/build/lib/my_aruco_detector
[0.764s] running install
[0.764s] running install_lib
[0.765s] creating /home/hieu/Documents/106AProject_Drone/install/my_aruco_detector/lib/python3.10/site-packages/my_aruco_detector
[0.765s] copying /home/hieu/Documents/106AProject_Drone/build/my_aruco_detector/build/lib/my_aruco_detector/__init__.py -> /home/hieu/Documents/106AProject_Drone/install/my_aruco_detector/lib/python3.10/site-packages/my_aruco_detector
[0.765s] byte-compiling /home/hieu/Documents/106AProject_Drone/install/my_aruco_detector/lib/python3.10/site-packages/my_aruco_detector/__init__.py to __init__.cpython-310.pyc
[0.765s] running install_data
[0.766s] creating /home/hieu/Documents/106AProject_Drone/install/my_aruco_detector/share/ament_index
[0.766s] creating /home/hieu/Documents/106AProject_Drone/install/my_aruco_detector/share/ament_index/resource_index
[0.766s] creating /home/hieu/Documents/106AProject_Drone/install/my_aruco_detector/share/ament_index/resource_index/packages
[0.766s] copying resource/my_aruco_detector -> /home/hieu/Documents/106AProject_Drone/install/my_aruco_detector/share/ament_index/resource_index/packages
[0.766s] copying package.xml -> /home/hieu/Documents/106AProject_Drone/install/my_aruco_detector/share/my_aruco_detector
[0.766s] running install_egg_info
[0.767s] Copying ../../build/my_aruco_detector/my_aruco_detector.egg-info to /home/hieu/Documents/106AProject_Drone/install/my_aruco_detector/lib/python3.10/site-packages/my_aruco_detector-0.0.0-py3.10.egg-info
[0.768s] running install_scripts
[0.783s] writing list of installed files to '/home/hieu/Documents/106AProject_Drone/build/my_aruco_detector/install.log'
[0.798s] Invoked command in '/home/hieu/Documents/106AProject_Drone/ros2_aruco_ws/my_aruco_detector' returned '0': PYTHONPATH=/home/hieu/Documents/106AProject_Drone/build/my_aruco_detector/prefix_override:/usr/lib/python3/dist-packages/colcon_core/task/python/colcon_distutils_commands:/home/hieu/Documents/106AProject_Drone/install/my_aruco_detector/lib/python3.10/site-packages:${PYTHONPATH} /usr/bin/python3 -W ignore:setup.py install is deprecated -W ignore:easy_install command is deprecated setup.py egg_info --egg-base ../../build/my_aruco_detector build --build-base /home/hieu/Documents/106AProject_Drone/build/my_aruco_detector/build install --record /home/hieu/Documents/106AProject_Drone/build/my_aruco_detector/install.log --single-version-externally-managed install_data
