[0.343s] Invoking command in '/home/hieu-hoang/106AProject_Drone/ros2_aruco_ws/build/usb_cam': CMAKE_PREFIX_PATH=${CMAKE_PREFIX_PATH}:/home/hieu-hoang/106AProject_Drone/ros2_aruco_ws/install/ros2_aruco:/home/hieu-hoang/106AProject_Drone/ros2_aruco_ws/install/my_aruco_detector:/home/hieu-hoang/ros2_aruco_ws/install/ros2_aruco:/home/hieu-hoang/ros2_aruco_ws/install/my_aruco_detector:/home/hieu-hoang/install/ros2_aruco:/home/hieu-hoang/install/my_aruco_detector:/opt/ros/jazzy DEBUGINFOD_URLS=https://debuginfod.ubuntu.com PS1=\[\e]0;\u@\h: \w\a\]${debian_chroot:+($debian_chroot)}\[\033[01;32m\]\u@\h\[\033[00m\]:\[\033[01;34m\]\w\[\033[00m\]\$ /usr/bin/cmake /home/hieu-hoang/106AProject_Drone/ros2_aruco_ws/src/usb_cam -DCMAKE_INSTALL_PREFIX=/home/hieu-hoang/106AProject_Drone/ros2_aruco_ws/install/usb_cam
[0.353s] -- Found ament_cmake_auto: 2.5.4 (/opt/ros/jazzy/share/ament_cmake_auto/cmake)
[0.484s] -- Found Python3: /usr/bin/python3 (found version "3.12.3") found components: Interpreter 
[0.672s] -- Found rosidl_generator_c: 4.6.6 (/opt/ros/jazzy/share/rosidl_generator_c/cmake)
[0.688s] -- Found rosidl_generator_cpp: 4.6.6 (/opt/ros/jazzy/share/rosidl_generator_cpp/cmake)
[0.706s] -- Using all available rosidl_typesupport_c: rosidl_typesupport_fastrtps_c;rosidl_typesupport_introspection_c
[0.726s] -- Using all available rosidl_typesupport_cpp: rosidl_typesupport_fastrtps_cpp;rosidl_typesupport_introspection_cpp
[0.810s] -- Found rmw_implementation_cmake: 7.3.2 (/opt/ros/jazzy/share/rmw_implementation_cmake/cmake)
[0.814s] -- Found rmw_fastrtps_cpp: 8.4.3 (/opt/ros/jazzy/share/rmw_fastrtps_cpp/cmake)
[0.897s] -- Found OpenSSL: /usr/lib/x86_64-linux-gnu/libcrypto.so (found version "3.0.13")  
[0.915s] -- Found FastRTPS: /opt/ros/jazzy/include (Required is at least version "2.13") 
[0.935s] -- Using RMW implementation 'rmw_fastrtps_cpp' as default
[1.157s] -- Setting yaml-cpp_DIR to: '/opt/ros/jazzy/share/yaml_cpp_vendor/cmake/../../../opt/yaml_cpp_vendor/share/cmake/yaml-cpp'
[1.269s] -- Found rosidl_adapter: 4.6.6 (/opt/ros/jazzy/share/rosidl_adapter/cmake)
[1.275s] -- Found OpenCV: /usr (found version "4.6.0") 
[1.279s] -- Found PkgConfig: /usr/bin/pkg-config (found version "1.8.1") 
[1.280s] -- Checking for module 'libavcodec'
[1.296s] --   Found libavcodec, version 60.31.102
[1.332s] -- Checking for module 'libavutil'
[1.345s] --   Found libavutil, version 58.29.100
[1.378s] -- Checking for module 'libswscale'
[1.392s] --   Found libswscale, version 7.5.100
[1.434s] -- Found ament_lint_auto: 0.17.3 (/opt/ros/jazzy/share/ament_lint_auto/cmake)
[1.465s] -- Found gtest sources under '/opt/ros/jazzy/src/gtest_vendor': C++ tests using 'Google Test' will be built
[1.468s] -- Performing Test CMAKE_HAVE_LIBC_PTHREAD
[1.548s] -- Performing Test CMAKE_HAVE_LIBC_PTHREAD - Success
[1.549s] -- Found Threads: TRUE  
[1.551s] [0mIn this package, headers install destination is set to `include` by ament_auto_package. It is recommended to install `include/usb_cam` instead and will be the default behavior of ament_auto_package from ROS 2 Kilted Kaiju. On distributions before Kilted, ament_auto_package behaves the same way when you use USE_SCOPED_HEADER_INSTALL_DIR option.[0m
[1.554s] -- Added test 'copyright' to check source files copyright and LICENSE
[1.558s] -- Added test 'cppcheck' to perform static code analysis on C / C++ code
[1.558s] -- Configured cppcheck include dirs: /home/hieu-hoang/106AProject_Drone/ros2_aruco_ws/src/usb_cam/include
[1.558s] -- Configured cppcheck exclude dirs and/or files: 
[1.562s] -- Added test 'cpplint' to check C / C++ code against the Google style
[1.562s] -- Configured cpplint exclude dirs and/or files: 
[1.563s] -- Added test 'flake8' to check Python code syntax and style conventions
[1.563s] -- Configured 'flake8' exclude dirs and/or files: 
[1.565s] -- Added test 'lint_cmake' to check CMake code style
[1.566s] -- Added test 'pep257' to check Python code against some of the docstring style conventions in PEP 257
[1.570s] -- Added test 'uncrustify' to check C / C++ code style
[1.570s] -- Configured uncrustify additional arguments: 
[1.571s] -- Added test 'xmllint' to check XML markup files
[1.574s] -- Configuring done (1.2s)
[1.609s] -- Generating done (0.0s)
[1.617s] -- Build files have been written to: /home/hieu-hoang/106AProject_Drone/ros2_aruco_ws/build/usb_cam
[1.626s] Invoked command in '/home/hieu-hoang/106AProject_Drone/ros2_aruco_ws/build/usb_cam' returned '0': CMAKE_PREFIX_PATH=${CMAKE_PREFIX_PATH}:/home/hieu-hoang/106AProject_Drone/ros2_aruco_ws/install/ros2_aruco:/home/hieu-hoang/106AProject_Drone/ros2_aruco_ws/install/my_aruco_detector:/home/hieu-hoang/ros2_aruco_ws/install/ros2_aruco:/home/hieu-hoang/ros2_aruco_ws/install/my_aruco_detector:/home/hieu-hoang/install/ros2_aruco:/home/hieu-hoang/install/my_aruco_detector:/opt/ros/jazzy DEBUGINFOD_URLS=https://debuginfod.ubuntu.com PS1=\[\e]0;\u@\h: \w\a\]${debian_chroot:+($debian_chroot)}\[\033[01;32m\]\u@\h\[\033[00m\]:\[\033[01;34m\]\w\[\033[00m\]\$ /usr/bin/cmake /home/hieu-hoang/106AProject_Drone/ros2_aruco_ws/src/usb_cam -DCMAKE_INSTALL_PREFIX=/home/hieu-hoang/106AProject_Drone/ros2_aruco_ws/install/usb_cam
[1.627s] Invoking command in '/home/hieu-hoang/106AProject_Drone/ros2_aruco_ws/build/usb_cam': CMAKE_PREFIX_PATH=${CMAKE_PREFIX_PATH}:/home/hieu-hoang/106AProject_Drone/ros2_aruco_ws/install/ros2_aruco:/home/hieu-hoang/106AProject_Drone/ros2_aruco_ws/install/my_aruco_detector:/home/hieu-hoang/ros2_aruco_ws/install/ros2_aruco:/home/hieu-hoang/ros2_aruco_ws/install/my_aruco_detector:/home/hieu-hoang/install/ros2_aruco:/home/hieu-hoang/install/my_aruco_detector:/opt/ros/jazzy DEBUGINFOD_URLS=https://debuginfod.ubuntu.com PS1=\[\e]0;\u@\h: \w\a\]${debian_chroot:+($debian_chroot)}\[\033[01;32m\]\u@\h\[\033[00m\]:\[\033[01;34m\]\w\[\033[00m\]\$ /usr/bin/cmake --build /home/hieu-hoang/106AProject_Drone/ros2_aruco_ws/build/usb_cam -- -j12 -l12
[1.677s] [ 28%] [32mBuilding CXX object CMakeFiles/usb_cam_node_exe.dir/rclcpp_components/node_main_usb_cam_node_exe.cpp.o[0m
[1.677s] [ 28%] [32mBuilding CXX object gtest/CMakeFiles/gtest_main.dir/src/gtest_main.cc.o[0m
[1.677s] [ 28%] [32mBuilding CXX object CMakeFiles/usb_cam.dir/src/usb_cam.cpp.o[0m
[1.677s] [ 28%] [32mBuilding CXX object gtest/CMakeFiles/gtest.dir/src/gtest-all.cc.o[0m
[2.349s] [ 35%] [32m[1mLinking CXX static library libgtest_main.a[0m
[2.382s] [ 35%] Built target gtest_main
[3.109s] [ 42%] [32m[1mLinking CXX shared library libusb_cam.so[0m
[3.282s] [ 42%] Built target usb_cam
[3.303s] [ 50%] [32mBuilding CXX object CMakeFiles/usb_cam_node.dir/src/usb_cam_node.cpp.o[0m
[4.276s] [ 57%] [32m[1mLinking CXX executable usb_cam_node_exe[0m
[4.453s] [ 57%] Built target usb_cam_node_exe
[4.715s] [ 64%] [32m[1mLinking CXX static library libgtest.a[0m
[4.775s] [ 64%] Built target gtest
[4.794s] [ 78%] [32mBuilding CXX object CMakeFiles/test_pixel_formats.dir/test/test_pixel_formats.cpp.o[0m
[4.794s] [ 78%] [32mBuilding CXX object CMakeFiles/test_usb_cam_utils.dir/test/test_usb_cam_utils.cpp.o[0m
[5.756s] [ 85%] [32m[1mLinking CXX executable test_usb_cam_utils[0m
[5.940s] [ 85%] Built target test_usb_cam_utils
[5.946s] [ 92%] [32m[1mLinking CXX executable test_pixel_formats[0m
[6.115s] [ 92%] Built target test_pixel_formats
[9.437s] [100%] [32m[1mLinking CXX shared library libusb_cam_node.so[0m
[9.725s] [100%] Built target usb_cam_node
[9.737s] Invoked command in '/home/hieu-hoang/106AProject_Drone/ros2_aruco_ws/build/usb_cam' returned '0': CMAKE_PREFIX_PATH=${CMAKE_PREFIX_PATH}:/home/hieu-hoang/106AProject_Drone/ros2_aruco_ws/install/ros2_aruco:/home/hieu-hoang/106AProject_Drone/ros2_aruco_ws/install/my_aruco_detector:/home/hieu-hoang/ros2_aruco_ws/install/ros2_aruco:/home/hieu-hoang/ros2_aruco_ws/install/my_aruco_detector:/home/hieu-hoang/install/ros2_aruco:/home/hieu-hoang/install/my_aruco_detector:/opt/ros/jazzy DEBUGINFOD_URLS=https://debuginfod.ubuntu.com PS1=\[\e]0;\u@\h: \w\a\]${debian_chroot:+($debian_chroot)}\[\033[01;32m\]\u@\h\[\033[00m\]:\[\033[01;34m\]\w\[\033[00m\]\$ /usr/bin/cmake --build /home/hieu-hoang/106AProject_Drone/ros2_aruco_ws/build/usb_cam -- -j12 -l12
[9.738s] Invoking command in '/home/hieu-hoang/106AProject_Drone/ros2_aruco_ws/build/usb_cam': CMAKE_PREFIX_PATH=${CMAKE_PREFIX_PATH}:/home/hieu-hoang/106AProject_Drone/ros2_aruco_ws/install/ros2_aruco:/home/hieu-hoang/106AProject_Drone/ros2_aruco_ws/install/my_aruco_detector:/home/hieu-hoang/ros2_aruco_ws/install/ros2_aruco:/home/hieu-hoang/ros2_aruco_ws/install/my_aruco_detector:/home/hieu-hoang/install/ros2_aruco:/home/hieu-hoang/install/my_aruco_detector:/opt/ros/jazzy DEBUGINFOD_URLS=https://debuginfod.ubuntu.com PS1=\[\e]0;\u@\h: \w\a\]${debian_chroot:+($debian_chroot)}\[\033[01;32m\]\u@\h\[\033[00m\]:\[\033[01;34m\]\w\[\033[00m\]\$ /usr/bin/cmake --install /home/hieu-hoang/106AProject_Drone/ros2_aruco_ws/build/usb_cam
[9.746s] -- Install configuration: ""
[9.746s] -- Installing: /home/hieu-hoang/106AProject_Drone/ros2_aruco_ws/install/usb_cam/share/usb_cam/environment/library_path.sh
[9.746s] -- Installing: /home/hieu-hoang/106AProject_Drone/ros2_aruco_ws/install/usb_cam/share/usb_cam/environment/library_path.dsv
[9.746s] -- Installing: /home/hieu-hoang/106AProject_Drone/ros2_aruco_ws/install/usb_cam/lib/usb_cam/usb_cam_node_exe
[9.747s] -- Set non-toolchain portion of runtime path of "/home/hieu-hoang/106AProject_Drone/ros2_aruco_ws/install/usb_cam/lib/usb_cam/usb_cam_node_exe" to ""
[9.747s] -- Installing: /home/hieu-hoang/106AProject_Drone/ros2_aruco_ws/install/usb_cam/lib/usb_cam/show_image.py
[9.747s] -- Installing: /home/hieu-hoang/106AProject_Drone/ros2_aruco_ws/install/usb_cam/lib/libusb_cam.so
[9.747s] -- Installing: /home/hieu-hoang/106AProject_Drone/ros2_aruco_ws/install/usb_cam/lib/libusb_cam_node.so
[9.751s] -- Set non-toolchain portion of runtime path of "/home/hieu-hoang/106AProject_Drone/ros2_aruco_ws/install/usb_cam/lib/libusb_cam_node.so" to ""
[9.751s] -- Installing: /home/hieu-hoang/106AProject_Drone/ros2_aruco_ws/install/usb_cam/include
[9.751s] -- Installing: /home/hieu-hoang/106AProject_Drone/ros2_aruco_ws/install/usb_cam/include/usb_cam
[9.751s] -- Installing: /home/hieu-hoang/106AProject_Drone/ros2_aruco_ws/install/usb_cam/include/usb_cam/constants.hpp
[9.751s] -- Installing: /home/hieu-hoang/106AProject_Drone/ros2_aruco_ws/install/usb_cam/include/usb_cam/usb_cam_node.hpp
[9.751s] -- Installing: /home/hieu-hoang/106AProject_Drone/ros2_aruco_ws/install/usb_cam/include/usb_cam/usb_cam.hpp
[9.751s] -- Installing: /home/hieu-hoang/106AProject_Drone/ros2_aruco_ws/install/usb_cam/include/usb_cam/conversions.hpp
[9.751s] -- Installing: /home/hieu-hoang/106AProject_Drone/ros2_aruco_ws/install/usb_cam/include/usb_cam/utils.hpp
[9.751s] -- Installing: /home/hieu-hoang/106AProject_Drone/ros2_aruco_ws/install/usb_cam/include/usb_cam/formats
[9.752s] -- Installing: /home/hieu-hoang/106AProject_Drone/ros2_aruco_ws/install/usb_cam/include/usb_cam/formats/yuyv.hpp
[9.752s] -- Installing: /home/hieu-hoang/106AProject_Drone/ros2_aruco_ws/install/usb_cam/include/usb_cam/formats/av_pixel_format_helper.hpp
[9.752s] -- Installing: /home/hieu-hoang/106AProject_Drone/ros2_aruco_ws/install/usb_cam/include/usb_cam/formats/utils.hpp
[9.752s] -- Installing: /home/hieu-hoang/106AProject_Drone/ros2_aruco_ws/install/usb_cam/include/usb_cam/formats/mjpeg.hpp
[9.752s] -- Installing: /home/hieu-hoang/106AProject_Drone/ros2_aruco_ws/install/usb_cam/include/usb_cam/formats/mono.hpp
[9.752s] -- Installing: /home/hieu-hoang/106AProject_Drone/ros2_aruco_ws/install/usb_cam/include/usb_cam/formats/uyvy.hpp
[9.752s] -- Installing: /home/hieu-hoang/106AProject_Drone/ros2_aruco_ws/install/usb_cam/include/usb_cam/formats/m420.hpp
[9.752s] -- Installing: /home/hieu-hoang/106AProject_Drone/ros2_aruco_ws/install/usb_cam/include/usb_cam/formats/rgb.hpp
[9.752s] -- Installing: /home/hieu-hoang/106AProject_Drone/ros2_aruco_ws/install/usb_cam/include/usb_cam/formats/pixel_format_base.hpp
[9.753s] -- Up-to-date: /home/hieu-hoang/106AProject_Drone/ros2_aruco_ws/install/usb_cam/lib/libusb_cam_node.so
[9.753s] -- Installing: /home/hieu-hoang/106AProject_Drone/ros2_aruco_ws/install/usb_cam/share/usb_cam/launch
[9.753s] -- Installing: /home/hieu-hoang/106AProject_Drone/ros2_aruco_ws/install/usb_cam/share/usb_cam/launch/camera_config.py
[9.753s] -- Installing: /home/hieu-hoang/106AProject_Drone/ros2_aruco_ws/install/usb_cam/share/usb_cam/launch/camera.launch.py
[9.753s] -- Installing: /home/hieu-hoang/106AProject_Drone/ros2_aruco_ws/install/usb_cam/share/usb_cam/launch/__init__.py
[9.753s] -- Installing: /home/hieu-hoang/106AProject_Drone/ros2_aruco_ws/install/usb_cam/share/usb_cam/config
[9.753s] -- Installing: /home/hieu-hoang/106AProject_Drone/ros2_aruco_ws/install/usb_cam/share/usb_cam/config/params_2.yaml
[9.753s] -- Installing: /home/hieu-hoang/106AProject_Drone/ros2_aruco_ws/install/usb_cam/share/usb_cam/config/params_1.yaml
[9.754s] -- Installing: /home/hieu-hoang/106AProject_Drone/ros2_aruco_ws/install/usb_cam/share/usb_cam/config/camera_info.yaml
[9.754s] -- Installing: /home/hieu-hoang/106AProject_Drone/ros2_aruco_ws/install/usb_cam/share/ament_index/resource_index/package_run_dependencies/usb_cam
[9.754s] -- Installing: /home/hieu-hoang/106AProject_Drone/ros2_aruco_ws/install/usb_cam/share/ament_index/resource_index/parent_prefix_path/usb_cam
[9.754s] -- Installing: /home/hieu-hoang/106AProject_Drone/ros2_aruco_ws/install/usb_cam/share/usb_cam/environment/ament_prefix_path.sh
[9.754s] -- Installing: /home/hieu-hoang/106AProject_Drone/ros2_aruco_ws/install/usb_cam/share/usb_cam/environment/ament_prefix_path.dsv
[9.754s] -- Installing: /home/hieu-hoang/106AProject_Drone/ros2_aruco_ws/install/usb_cam/share/usb_cam/environment/path.sh
[9.755s] -- Installing: /home/hieu-hoang/106AProject_Drone/ros2_aruco_ws/install/usb_cam/share/usb_cam/environment/path.dsv
[9.755s] -- Installing: /home/hieu-hoang/106AProject_Drone/ros2_aruco_ws/install/usb_cam/share/usb_cam/local_setup.bash
[9.755s] -- Installing: /home/hieu-hoang/106AProject_Drone/ros2_aruco_ws/install/usb_cam/share/usb_cam/local_setup.sh
[9.755s] -- Installing: /home/hieu-hoang/106AProject_Drone/ros2_aruco_ws/install/usb_cam/share/usb_cam/local_setup.zsh
[9.755s] -- Installing: /home/hieu-hoang/106AProject_Drone/ros2_aruco_ws/install/usb_cam/share/usb_cam/local_setup.dsv
[9.755s] -- Installing: /home/hieu-hoang/106AProject_Drone/ros2_aruco_ws/install/usb_cam/share/usb_cam/package.dsv
[9.755s] -- Installing: /home/hieu-hoang/106AProject_Drone/ros2_aruco_ws/install/usb_cam/share/ament_index/resource_index/packages/usb_cam
[9.756s] -- Installing: /home/hieu-hoang/106AProject_Drone/ros2_aruco_ws/install/usb_cam/share/ament_index/resource_index/rclcpp_components/usb_cam
[9.756s] -- Installing: /home/hieu-hoang/106AProject_Drone/ros2_aruco_ws/install/usb_cam/share/usb_cam/cmake/ament_cmake_export_libraries-extras.cmake
[9.756s] -- Installing: /home/hieu-hoang/106AProject_Drone/ros2_aruco_ws/install/usb_cam/share/usb_cam/cmake/ament_cmake_export_dependencies-extras.cmake
[9.756s] -- Installing: /home/hieu-hoang/106AProject_Drone/ros2_aruco_ws/install/usb_cam/share/usb_cam/cmake/ament_cmake_export_include_directories-extras.cmake
[9.756s] -- Installing: /home/hieu-hoang/106AProject_Drone/ros2_aruco_ws/install/usb_cam/share/usb_cam/cmake/usb_camConfig.cmake
[9.756s] -- Installing: /home/hieu-hoang/106AProject_Drone/ros2_aruco_ws/install/usb_cam/share/usb_cam/cmake/usb_camConfig-version.cmake
[9.756s] -- Installing: /home/hieu-hoang/106AProject_Drone/ros2_aruco_ws/install/usb_cam/share/usb_cam/package.xml
[9.759s] Invoked command in '/home/hieu-hoang/106AProject_Drone/ros2_aruco_ws/build/usb_cam' returned '0': CMAKE_PREFIX_PATH=${CMAKE_PREFIX_PATH}:/home/hieu-hoang/106AProject_Drone/ros2_aruco_ws/install/ros2_aruco:/home/hieu-hoang/106AProject_Drone/ros2_aruco_ws/install/my_aruco_detector:/home/hieu-hoang/ros2_aruco_ws/install/ros2_aruco:/home/hieu-hoang/ros2_aruco_ws/install/my_aruco_detector:/home/hieu-hoang/install/ros2_aruco:/home/hieu-hoang/install/my_aruco_detector:/opt/ros/jazzy DEBUGINFOD_URLS=https://debuginfod.ubuntu.com PS1=\[\e]0;\u@\h: \w\a\]${debian_chroot:+($debian_chroot)}\[\033[01;32m\]\u@\h\[\033[00m\]:\[\033[01;34m\]\w\[\033[00m\]\$ /usr/bin/cmake --install /home/hieu-hoang/106AProject_Drone/ros2_aruco_ws/build/usb_cam
