[0.075s] DEBUG:colcon:Command line arguments: ['/usr/bin/colcon', 'build']
[0.075s] DEBUG:colcon:Parsed command line arguments: Namespace(log_base=None, log_level=None, verb_name='build', build_base='build', install_base='install', merge_install=False, symlink_install=False, test_result_base=None, continue_on_error=False, executor='parallel', parallel_workers=12, event_handlers=None, ignore_user_meta=False, metas=['./colcon.meta'], base_paths=['.'], packages_ignore=None, packages_ignore_regex=None, paths=None, packages_up_to=None, packages_up_to_regex=None, packages_above=None, packages_above_and_dependencies=None, packages_above_depth=None, packages_select_by_dep=None, packages_skip_by_dep=None, packages_skip_up_to=None, packages_select_build_failed=False, packages_skip_build_finished=False, packages_select_test_failures=False, packages_skip_test_passed=False, packages_select=None, packages_skip=None, packages_select_regex=None, packages_skip_regex=None, packages_start=None, packages_end=None, allow_overriding=[], cmake_args=None, cmake_target=None, cmake_target_skip_unavailable=False, cmake_clean_cache=False, cmake_clean_first=False, cmake_force_configure=False, ament_cmake_args=None, catkin_cmake_args=None, catkin_skip_building_tests=False, verb_parser=<colcon_defaults.argument_parser.defaults.DefaultArgumentsDecorator object at 0x74c9fb523c10>, verb_extension=<colcon_core.verb.build.BuildVerb object at 0x74c9fb658f10>, main=<bound method BuildVerb.main of <colcon_core.verb.build.BuildVerb object at 0x74c9fb658f10>>)
[0.192s] Level 1:colcon.colcon_core.package_discovery:discover_packages(colcon_meta) check parameters
[0.192s] Level 1:colcon.colcon_core.package_discovery:discover_packages(recursive) check parameters
[0.192s] Level 1:colcon.colcon_core.package_discovery:discover_packages(ignore) check parameters
[0.192s] Level 1:colcon.colcon_core.package_discovery:discover_packages(path) check parameters
[0.192s] Level 1:colcon.colcon_core.package_discovery:discover_packages(colcon_meta) discover
[0.192s] Level 1:colcon.colcon_core.package_discovery:discover_packages(recursive) discover
[0.193s] INFO:colcon.colcon_core.package_discovery:Crawling recursively for packages in '/home/hieu/Documents/106AProject_Drone'
[0.193s] Level 1:colcon.colcon_core.package_identification:_identify(.) by extensions ['ignore', 'ignore_ament_install']
[0.193s] Level 1:colcon.colcon_core.package_identification:_identify(.) by extension 'ignore'
[0.193s] Level 1:colcon.colcon_core.package_identification:_identify(.) by extension 'ignore_ament_install'
[0.193s] Level 1:colcon.colcon_core.package_identification:_identify(.) by extensions ['colcon_pkg']
[0.193s] Level 1:colcon.colcon_core.package_identification:_identify(.) by extension 'colcon_pkg'
[0.193s] Level 1:colcon.colcon_core.package_identification:_identify(.) by extensions ['colcon_meta']
[0.193s] Level 1:colcon.colcon_core.package_identification:_identify(.) by extension 'colcon_meta'
[0.193s] Level 1:colcon.colcon_core.package_identification:_identify(.) by extensions ['ros']
[0.193s] Level 1:colcon.colcon_core.package_identification:_identify(.) by extension 'ros'
[0.201s] Level 1:colcon.colcon_core.package_identification:_identify(.) by extensions ['cmake', 'python']
[0.201s] Level 1:colcon.colcon_core.package_identification:_identify(.) by extension 'cmake'
[0.201s] Level 1:colcon.colcon_core.package_identification:_identify(.) by extension 'python'
[0.201s] Level 1:colcon.colcon_core.package_identification:_identify(.) by extensions ['python_setup_py']
[0.201s] Level 1:colcon.colcon_core.package_identification:_identify(.) by extension 'python_setup_py'
[0.201s] Level 1:colcon.colcon_core.package_identification:_identify(aruco_stuff) by extensions ['ignore', 'ignore_ament_install']
[0.201s] Level 1:colcon.colcon_core.package_identification:_identify(aruco_stuff) by extension 'ignore'
[0.201s] Level 1:colcon.colcon_core.package_identification:_identify(aruco_stuff) by extension 'ignore_ament_install'
[0.201s] Level 1:colcon.colcon_core.package_identification:_identify(aruco_stuff) by extensions ['colcon_pkg']
[0.201s] Level 1:colcon.colcon_core.package_identification:_identify(aruco_stuff) by extension 'colcon_pkg'
[0.201s] Level 1:colcon.colcon_core.package_identification:_identify(aruco_stuff) by extensions ['colcon_meta']
[0.201s] Level 1:colcon.colcon_core.package_identification:_identify(aruco_stuff) by extension 'colcon_meta'
[0.202s] Level 1:colcon.colcon_core.package_identification:_identify(aruco_stuff) by extensions ['ros']
[0.202s] Level 1:colcon.colcon_core.package_identification:_identify(aruco_stuff) by extension 'ros'
[0.202s] Level 1:colcon.colcon_core.package_identification:_identify(aruco_stuff) by extensions ['cmake', 'python']
[0.202s] Level 1:colcon.colcon_core.package_identification:_identify(aruco_stuff) by extension 'cmake'
[0.202s] Level 1:colcon.colcon_core.package_identification:_identify(aruco_stuff) by extension 'python'
[0.202s] Level 1:colcon.colcon_core.package_identification:_identify(aruco_stuff) by extensions ['python_setup_py']
[0.202s] Level 1:colcon.colcon_core.package_identification:_identify(aruco_stuff) by extension 'python_setup_py'
[0.202s] Level 1:colcon.colcon_core.package_identification:_identify(build) by extensions ['ignore', 'ignore_ament_install']
[0.202s] Level 1:colcon.colcon_core.package_identification:_identify(build) by extension 'ignore'
[0.202s] Level 1:colcon.colcon_core.package_identification:_identify(build) ignored
[0.202s] Level 1:colcon.colcon_core.package_identification:_identify(install) by extensions ['ignore', 'ignore_ament_install']
[0.202s] Level 1:colcon.colcon_core.package_identification:_identify(install) by extension 'ignore'
[0.202s] Level 1:colcon.colcon_core.package_identification:_identify(install) ignored
[0.202s] Level 1:colcon.colcon_core.package_identification:_identify(log) by extensions ['ignore', 'ignore_ament_install']
[0.202s] Level 1:colcon.colcon_core.package_identification:_identify(log) by extension 'ignore'
[0.202s] Level 1:colcon.colcon_core.package_identification:_identify(log) ignored
[0.202s] Level 1:colcon.colcon_core.package_identification:_identify(ros2_aruco_ws) by extensions ['ignore', 'ignore_ament_install']
[0.202s] Level 1:colcon.colcon_core.package_identification:_identify(ros2_aruco_ws) by extension 'ignore'
[0.202s] Level 1:colcon.colcon_core.package_identification:_identify(ros2_aruco_ws) by extension 'ignore_ament_install'
[0.202s] Level 1:colcon.colcon_core.package_identification:_identify(ros2_aruco_ws) by extensions ['colcon_pkg']
[0.202s] Level 1:colcon.colcon_core.package_identification:_identify(ros2_aruco_ws) by extension 'colcon_pkg'
[0.202s] Level 1:colcon.colcon_core.package_identification:_identify(ros2_aruco_ws) by extensions ['colcon_meta']
[0.202s] Level 1:colcon.colcon_core.package_identification:_identify(ros2_aruco_ws) by extension 'colcon_meta'
[0.202s] Level 1:colcon.colcon_core.package_identification:_identify(ros2_aruco_ws) by extensions ['ros']
[0.203s] Level 1:colcon.colcon_core.package_identification:_identify(ros2_aruco_ws) by extension 'ros'
[0.203s] Level 1:colcon.colcon_core.package_identification:_identify(ros2_aruco_ws) by extensions ['cmake', 'python']
[0.203s] Level 1:colcon.colcon_core.package_identification:_identify(ros2_aruco_ws) by extension 'cmake'
[0.203s] Level 1:colcon.colcon_core.package_identification:_identify(ros2_aruco_ws) by extension 'python'
[0.203s] Level 1:colcon.colcon_core.package_identification:_identify(ros2_aruco_ws) by extensions ['python_setup_py']
[0.203s] Level 1:colcon.colcon_core.package_identification:_identify(ros2_aruco_ws) by extension 'python_setup_py'
[0.203s] Level 1:colcon.colcon_core.package_identification:_identify(ros2_aruco_ws/build) by extensions ['ignore', 'ignore_ament_install']
[0.203s] Level 1:colcon.colcon_core.package_identification:_identify(ros2_aruco_ws/build) by extension 'ignore'
[0.203s] Level 1:colcon.colcon_core.package_identification:_identify(ros2_aruco_ws/build) ignored
[0.203s] Level 1:colcon.colcon_core.package_identification:_identify(ros2_aruco_ws/config) by extensions ['ignore', 'ignore_ament_install']
[0.203s] Level 1:colcon.colcon_core.package_identification:_identify(ros2_aruco_ws/config) by extension 'ignore'
[0.203s] Level 1:colcon.colcon_core.package_identification:_identify(ros2_aruco_ws/config) by extension 'ignore_ament_install'
[0.203s] Level 1:colcon.colcon_core.package_identification:_identify(ros2_aruco_ws/config) by extensions ['colcon_pkg']
[0.203s] Level 1:colcon.colcon_core.package_identification:_identify(ros2_aruco_ws/config) by extension 'colcon_pkg'
[0.203s] Level 1:colcon.colcon_core.package_identification:_identify(ros2_aruco_ws/config) by extensions ['colcon_meta']
[0.203s] Level 1:colcon.colcon_core.package_identification:_identify(ros2_aruco_ws/config) by extension 'colcon_meta'
[0.203s] Level 1:colcon.colcon_core.package_identification:_identify(ros2_aruco_ws/config) by extensions ['ros']
[0.203s] Level 1:colcon.colcon_core.package_identification:_identify(ros2_aruco_ws/config) by extension 'ros'
[0.203s] Level 1:colcon.colcon_core.package_identification:_identify(ros2_aruco_ws/config) by extensions ['cmake', 'python']
[0.203s] Level 1:colcon.colcon_core.package_identification:_identify(ros2_aruco_ws/config) by extension 'cmake'
[0.203s] Level 1:colcon.colcon_core.package_identification:_identify(ros2_aruco_ws/config) by extension 'python'
[0.203s] Level 1:colcon.colcon_core.package_identification:_identify(ros2_aruco_ws/config) by extensions ['python_setup_py']
[0.203s] Level 1:colcon.colcon_core.package_identification:_identify(ros2_aruco_ws/config) by extension 'python_setup_py'
[0.203s] Level 1:colcon.colcon_core.package_identification:_identify(ros2_aruco_ws/config2) by extensions ['ignore', 'ignore_ament_install']
[0.203s] Level 1:colcon.colcon_core.package_identification:_identify(ros2_aruco_ws/config2) by extension 'ignore'
[0.204s] Level 1:colcon.colcon_core.package_identification:_identify(ros2_aruco_ws/config2) by extension 'ignore_ament_install'
[0.204s] Level 1:colcon.colcon_core.package_identification:_identify(ros2_aruco_ws/config2) by extensions ['colcon_pkg']
[0.204s] Level 1:colcon.colcon_core.package_identification:_identify(ros2_aruco_ws/config2) by extension 'colcon_pkg'
[0.204s] Level 1:colcon.colcon_core.package_identification:_identify(ros2_aruco_ws/config2) by extensions ['colcon_meta']
[0.204s] Level 1:colcon.colcon_core.package_identification:_identify(ros2_aruco_ws/config2) by extension 'colcon_meta'
[0.204s] Level 1:colcon.colcon_core.package_identification:_identify(ros2_aruco_ws/config2) by extensions ['ros']
[0.204s] Level 1:colcon.colcon_core.package_identification:_identify(ros2_aruco_ws/config2) by extension 'ros'
[0.204s] Level 1:colcon.colcon_core.package_identification:_identify(ros2_aruco_ws/config2) by extensions ['cmake', 'python']
[0.204s] Level 1:colcon.colcon_core.package_identification:_identify(ros2_aruco_ws/config2) by extension 'cmake'
[0.204s] Level 1:colcon.colcon_core.package_identification:_identify(ros2_aruco_ws/config2) by extension 'python'
[0.204s] Level 1:colcon.colcon_core.package_identification:_identify(ros2_aruco_ws/config2) by extensions ['python_setup_py']
[0.204s] Level 1:colcon.colcon_core.package_identification:_identify(ros2_aruco_ws/config2) by extension 'python_setup_py'
[0.204s] Level 1:colcon.colcon_core.package_identification:_identify(ros2_aruco_ws/install) by extensions ['ignore', 'ignore_ament_install']
[0.204s] Level 1:colcon.colcon_core.package_identification:_identify(ros2_aruco_ws/install) by extension 'ignore'
[0.204s] Level 1:colcon.colcon_core.package_identification:_identify(ros2_aruco_ws/install) ignored
[0.204s] Level 1:colcon.colcon_core.package_identification:_identify(ros2_aruco_ws/log) by extensions ['ignore', 'ignore_ament_install']
[0.204s] Level 1:colcon.colcon_core.package_identification:_identify(ros2_aruco_ws/log) by extension 'ignore'
[0.204s] Level 1:colcon.colcon_core.package_identification:_identify(ros2_aruco_ws/log) ignored
[0.204s] Level 1:colcon.colcon_core.package_identification:_identify(ros2_aruco_ws/my_aruco_detector) by extensions ['ignore', 'ignore_ament_install']
[0.204s] Level 1:colcon.colcon_core.package_identification:_identify(ros2_aruco_ws/my_aruco_detector) by extension 'ignore'
[0.204s] Level 1:colcon.colcon_core.package_identification:_identify(ros2_aruco_ws/my_aruco_detector) by extension 'ignore_ament_install'
[0.204s] Level 1:colcon.colcon_core.package_identification:_identify(ros2_aruco_ws/my_aruco_detector) by extensions ['colcon_pkg']
[0.204s] Level 1:colcon.colcon_core.package_identification:_identify(ros2_aruco_ws/my_aruco_detector) by extension 'colcon_pkg'
[0.204s] Level 1:colcon.colcon_core.package_identification:_identify(ros2_aruco_ws/my_aruco_detector) by extensions ['colcon_meta']
[0.204s] Level 1:colcon.colcon_core.package_identification:_identify(ros2_aruco_ws/my_aruco_detector) by extension 'colcon_meta'
[0.204s] Level 1:colcon.colcon_core.package_identification:_identify(ros2_aruco_ws/my_aruco_detector) by extensions ['ros']
[0.204s] Level 1:colcon.colcon_core.package_identification:_identify(ros2_aruco_ws/my_aruco_detector) by extension 'ros'
[0.206s] DEBUG:colcon.colcon_core.package_identification:Package 'ros2_aruco_ws/my_aruco_detector' with type 'ros.ament_python' and name 'my_aruco_detector'
[0.206s] Level 1:colcon.colcon_core.package_identification:_identify(ros2_aruco_ws/src) by extensions ['ignore', 'ignore_ament_install']
[0.206s] Level 1:colcon.colcon_core.package_identification:_identify(ros2_aruco_ws/src) by extension 'ignore'
[0.206s] Level 1:colcon.colcon_core.package_identification:_identify(ros2_aruco_ws/src) by extension 'ignore_ament_install'
[0.206s] Level 1:colcon.colcon_core.package_identification:_identify(ros2_aruco_ws/src) by extensions ['colcon_pkg']
[0.206s] Level 1:colcon.colcon_core.package_identification:_identify(ros2_aruco_ws/src) by extension 'colcon_pkg'
[0.206s] Level 1:colcon.colcon_core.package_identification:_identify(ros2_aruco_ws/src) by extensions ['colcon_meta']
[0.206s] Level 1:colcon.colcon_core.package_identification:_identify(ros2_aruco_ws/src) by extension 'colcon_meta'
[0.206s] Level 1:colcon.colcon_core.package_identification:_identify(ros2_aruco_ws/src) by extensions ['ros']
[0.206s] Level 1:colcon.colcon_core.package_identification:_identify(ros2_aruco_ws/src) by extension 'ros'
[0.206s] Level 1:colcon.colcon_core.package_identification:_identify(ros2_aruco_ws/src) by extensions ['cmake', 'python']
[0.206s] Level 1:colcon.colcon_core.package_identification:_identify(ros2_aruco_ws/src) by extension 'cmake'
[0.207s] Level 1:colcon.colcon_core.package_identification:_identify(ros2_aruco_ws/src) by extension 'python'
[0.207s] Level 1:colcon.colcon_core.package_identification:_identify(ros2_aruco_ws/src) by extensions ['python_setup_py']
[0.207s] Level 1:colcon.colcon_core.package_identification:_identify(ros2_aruco_ws/src) by extension 'python_setup_py'
[0.207s] Level 1:colcon.colcon_core.package_identification:_identify(ros2_aruco_ws/src/ros2_aruco) by extensions ['ignore', 'ignore_ament_install']
[0.207s] Level 1:colcon.colcon_core.package_identification:_identify(ros2_aruco_ws/src/ros2_aruco) by extension 'ignore'
[0.207s] Level 1:colcon.colcon_core.package_identification:_identify(ros2_aruco_ws/src/ros2_aruco) by extension 'ignore_ament_install'
[0.207s] Level 1:colcon.colcon_core.package_identification:_identify(ros2_aruco_ws/src/ros2_aruco) by extensions ['colcon_pkg']
[0.207s] Level 1:colcon.colcon_core.package_identification:_identify(ros2_aruco_ws/src/ros2_aruco) by extension 'colcon_pkg'
[0.207s] Level 1:colcon.colcon_core.package_identification:_identify(ros2_aruco_ws/src/ros2_aruco) by extensions ['colcon_meta']
[0.207s] Level 1:colcon.colcon_core.package_identification:_identify(ros2_aruco_ws/src/ros2_aruco) by extension 'colcon_meta'
[0.207s] Level 1:colcon.colcon_core.package_identification:_identify(ros2_aruco_ws/src/ros2_aruco) by extensions ['ros']
[0.207s] Level 1:colcon.colcon_core.package_identification:_identify(ros2_aruco_ws/src/ros2_aruco) by extension 'ros'
[0.207s] Level 1:colcon.colcon_core.package_identification:_identify(ros2_aruco_ws/src/ros2_aruco) by extensions ['cmake', 'python']
[0.207s] Level 1:colcon.colcon_core.package_identification:_identify(ros2_aruco_ws/src/ros2_aruco) by extension 'cmake'
[0.207s] Level 1:colcon.colcon_core.package_identification:_identify(ros2_aruco_ws/src/ros2_aruco) by extension 'python'
[0.207s] Level 1:colcon.colcon_core.package_identification:_identify(ros2_aruco_ws/src/ros2_aruco) by extensions ['python_setup_py']
[0.207s] Level 1:colcon.colcon_core.package_identification:_identify(ros2_aruco_ws/src/ros2_aruco) by extension 'python_setup_py'
[0.207s] Level 1:colcon.colcon_core.package_identification:_identify(ros2_aruco_ws/src/ros2_aruco/ros2_aruco) by extensions ['ignore', 'ignore_ament_install']
[0.207s] Level 1:colcon.colcon_core.package_identification:_identify(ros2_aruco_ws/src/ros2_aruco/ros2_aruco) by extension 'ignore'
[0.207s] Level 1:colcon.colcon_core.package_identification:_identify(ros2_aruco_ws/src/ros2_aruco/ros2_aruco) by extension 'ignore_ament_install'
[0.207s] Level 1:colcon.colcon_core.package_identification:_identify(ros2_aruco_ws/src/ros2_aruco/ros2_aruco) by extensions ['colcon_pkg']
[0.207s] Level 1:colcon.colcon_core.package_identification:_identify(ros2_aruco_ws/src/ros2_aruco/ros2_aruco) by extension 'colcon_pkg'
[0.207s] Level 1:colcon.colcon_core.package_identification:_identify(ros2_aruco_ws/src/ros2_aruco/ros2_aruco) by extensions ['colcon_meta']
[0.207s] Level 1:colcon.colcon_core.package_identification:_identify(ros2_aruco_ws/src/ros2_aruco/ros2_aruco) by extension 'colcon_meta'
[0.207s] Level 1:colcon.colcon_core.package_identification:_identify(ros2_aruco_ws/src/ros2_aruco/ros2_aruco) by extensions ['ros']
[0.207s] Level 1:colcon.colcon_core.package_identification:_identify(ros2_aruco_ws/src/ros2_aruco/ros2_aruco) by extension 'ros'
[0.208s] DEBUG:colcon.colcon_core.package_identification:Package 'ros2_aruco_ws/src/ros2_aruco/ros2_aruco' with type 'ros.ament_python' and name 'ros2_aruco'
[0.208s] Level 1:colcon.colcon_core.package_identification:_identify(ros2_aruco_ws/src/ros2_aruco/ros2_aruco_interfaces) by extensions ['ignore', 'ignore_ament_install']
[0.208s] Level 1:colcon.colcon_core.package_identification:_identify(ros2_aruco_ws/src/ros2_aruco/ros2_aruco_interfaces) by extension 'ignore'
[0.208s] Level 1:colcon.colcon_core.package_identification:_identify(ros2_aruco_ws/src/ros2_aruco/ros2_aruco_interfaces) by extension 'ignore_ament_install'
[0.208s] Level 1:colcon.colcon_core.package_identification:_identify(ros2_aruco_ws/src/ros2_aruco/ros2_aruco_interfaces) by extensions ['colcon_pkg']
[0.208s] Level 1:colcon.colcon_core.package_identification:_identify(ros2_aruco_ws/src/ros2_aruco/ros2_aruco_interfaces) by extension 'colcon_pkg'
[0.208s] Level 1:colcon.colcon_core.package_identification:_identify(ros2_aruco_ws/src/ros2_aruco/ros2_aruco_interfaces) by extensions ['colcon_meta']
[0.208s] Level 1:colcon.colcon_core.package_identification:_identify(ros2_aruco_ws/src/ros2_aruco/ros2_aruco_interfaces) by extension 'colcon_meta'
[0.208s] Level 1:colcon.colcon_core.package_identification:_identify(ros2_aruco_ws/src/ros2_aruco/ros2_aruco_interfaces) by extensions ['ros']
[0.208s] Level 1:colcon.colcon_core.package_identification:_identify(ros2_aruco_ws/src/ros2_aruco/ros2_aruco_interfaces) by extension 'ros'
[0.209s] DEBUG:colcon.colcon_core.package_identification:Package 'ros2_aruco_ws/src/ros2_aruco/ros2_aruco_interfaces' with type 'ros.ament_cmake' and name 'ros2_aruco_interfaces'
[0.209s] Level 1:colcon.colcon_core.package_identification:_identify(ros2_aruco_ws/src/usb_cam) by extensions ['ignore', 'ignore_ament_install']
[0.209s] Level 1:colcon.colcon_core.package_identification:_identify(ros2_aruco_ws/src/usb_cam) by extension 'ignore'
[0.209s] Level 1:colcon.colcon_core.package_identification:_identify(ros2_aruco_ws/src/usb_cam) by extension 'ignore_ament_install'
[0.209s] Level 1:colcon.colcon_core.package_identification:_identify(ros2_aruco_ws/src/usb_cam) by extensions ['colcon_pkg']
[0.209s] Level 1:colcon.colcon_core.package_identification:_identify(ros2_aruco_ws/src/usb_cam) by extension 'colcon_pkg'
[0.209s] Level 1:colcon.colcon_core.package_identification:_identify(ros2_aruco_ws/src/usb_cam) by extensions ['colcon_meta']
[0.209s] Level 1:colcon.colcon_core.package_identification:_identify(ros2_aruco_ws/src/usb_cam) by extension 'colcon_meta'
[0.209s] Level 1:colcon.colcon_core.package_identification:_identify(ros2_aruco_ws/src/usb_cam) by extensions ['ros']
[0.209s] Level 1:colcon.colcon_core.package_identification:_identify(ros2_aruco_ws/src/usb_cam) by extension 'ros'
[0.210s] DEBUG:colcon.colcon_core.package_identification:Package 'ros2_aruco_ws/src/usb_cam' with type 'ros.ament_cmake' and name 'usb_cam'
[0.210s] Level 1:colcon.colcon_core.package_discovery:discover_packages(recursive) using defaults
[0.210s] Level 1:colcon.colcon_core.package_discovery:discover_packages(ignore) discover
[0.210s] Level 1:colcon.colcon_core.package_discovery:discover_packages(ignore) using defaults
[0.210s] Level 1:colcon.colcon_core.package_discovery:discover_packages(path) discover
[0.210s] Level 1:colcon.colcon_core.package_discovery:discover_packages(path) using defaults
[0.225s] Level 1:colcon.colcon_core.package_discovery:discover_packages(prefix_path) check parameters
[0.225s] Level 1:colcon.colcon_core.package_discovery:discover_packages(prefix_path) discover
[0.226s] DEBUG:colcon.colcon_installed_package_information.package_discovery:Found 4 installed packages in /home/hieu/Documents/106AProject_Drone/install
[0.227s] DEBUG:colcon.colcon_installed_package_information.package_discovery:Found 277 installed packages in /opt/ros/humble
[0.234s] Level 1:colcon.colcon_core.package_discovery:discover_packages(prefix_path) using defaults
[0.262s] Level 5:colcon.colcon_core.verb:set package 'my_aruco_detector' build argument 'cmake_args' from command line to 'None'
[0.262s] Level 5:colcon.colcon_core.verb:set package 'my_aruco_detector' build argument 'cmake_target' from command line to 'None'
[0.262s] Level 5:colcon.colcon_core.verb:set package 'my_aruco_detector' build argument 'cmake_target_skip_unavailable' from command line to 'False'
[0.262s] Level 5:colcon.colcon_core.verb:set package 'my_aruco_detector' build argument 'cmake_clean_cache' from command line to 'False'
[0.262s] Level 5:colcon.colcon_core.verb:set package 'my_aruco_detector' build argument 'cmake_clean_first' from command line to 'False'
[0.262s] Level 5:colcon.colcon_core.verb:set package 'my_aruco_detector' build argument 'cmake_force_configure' from command line to 'False'
[0.262s] Level 5:colcon.colcon_core.verb:set package 'my_aruco_detector' build argument 'ament_cmake_args' from command line to 'None'
[0.262s] Level 5:colcon.colcon_core.verb:set package 'my_aruco_detector' build argument 'catkin_cmake_args' from command line to 'None'
[0.262s] Level 5:colcon.colcon_core.verb:set package 'my_aruco_detector' build argument 'catkin_skip_building_tests' from command line to 'False'
[0.262s] DEBUG:colcon.colcon_core.verb:Building package 'my_aruco_detector' with the following arguments: {'ament_cmake_args': None, 'build_base': '/home/hieu/Documents/106AProject_Drone/build/my_aruco_detector', 'catkin_cmake_args': None, 'catkin_skip_building_tests': False, 'cmake_args': None, 'cmake_clean_cache': False, 'cmake_clean_first': False, 'cmake_force_configure': False, 'cmake_target': None, 'cmake_target_skip_unavailable': False, 'install_base': '/home/hieu/Documents/106AProject_Drone/install/my_aruco_detector', 'merge_install': False, 'path': '/home/hieu/Documents/106AProject_Drone/ros2_aruco_ws/my_aruco_detector', 'symlink_install': False, 'test_result_base': None}
[0.263s] Level 5:colcon.colcon_core.verb:set package 'ros2_aruco' build argument 'cmake_args' from command line to 'None'
[0.263s] Level 5:colcon.colcon_core.verb:set package 'ros2_aruco' build argument 'cmake_target' from command line to 'None'
[0.263s] Level 5:colcon.colcon_core.verb:set package 'ros2_aruco' build argument 'cmake_target_skip_unavailable' from command line to 'False'
[0.263s] Level 5:colcon.colcon_core.verb:set package 'ros2_aruco' build argument 'cmake_clean_cache' from command line to 'False'
[0.263s] Level 5:colcon.colcon_core.verb:set package 'ros2_aruco' build argument 'cmake_clean_first' from command line to 'False'
[0.263s] Level 5:colcon.colcon_core.verb:set package 'ros2_aruco' build argument 'cmake_force_configure' from command line to 'False'
[0.263s] Level 5:colcon.colcon_core.verb:set package 'ros2_aruco' build argument 'ament_cmake_args' from command line to 'None'
[0.263s] Level 5:colcon.colcon_core.verb:set package 'ros2_aruco' build argument 'catkin_cmake_args' from command line to 'None'
[0.263s] Level 5:colcon.colcon_core.verb:set package 'ros2_aruco' build argument 'catkin_skip_building_tests' from command line to 'False'
[0.263s] DEBUG:colcon.colcon_core.verb:Building package 'ros2_aruco' with the following arguments: {'ament_cmake_args': None, 'build_base': '/home/hieu/Documents/106AProject_Drone/build/ros2_aruco', 'catkin_cmake_args': None, 'catkin_skip_building_tests': False, 'cmake_args': None, 'cmake_clean_cache': False, 'cmake_clean_first': False, 'cmake_force_configure': False, 'cmake_target': None, 'cmake_target_skip_unavailable': False, 'install_base': '/home/hieu/Documents/106AProject_Drone/install/ros2_aruco', 'merge_install': False, 'path': '/home/hieu/Documents/106AProject_Drone/ros2_aruco_ws/src/ros2_aruco/ros2_aruco', 'symlink_install': False, 'test_result_base': None}
[0.263s] Level 5:colcon.colcon_core.verb:set package 'ros2_aruco_interfaces' build argument 'cmake_args' from command line to 'None'
[0.263s] Level 5:colcon.colcon_core.verb:set package 'ros2_aruco_interfaces' build argument 'cmake_target' from command line to 'None'
[0.263s] Level 5:colcon.colcon_core.verb:set package 'ros2_aruco_interfaces' build argument 'cmake_target_skip_unavailable' from command line to 'False'
[0.263s] Level 5:colcon.colcon_core.verb:set package 'ros2_aruco_interfaces' build argument 'cmake_clean_cache' from command line to 'False'
[0.263s] Level 5:colcon.colcon_core.verb:set package 'ros2_aruco_interfaces' build argument 'cmake_clean_first' from command line to 'False'
[0.263s] Level 5:colcon.colcon_core.verb:set package 'ros2_aruco_interfaces' build argument 'cmake_force_configure' from command line to 'False'
[0.263s] Level 5:colcon.colcon_core.verb:set package 'ros2_aruco_interfaces' build argument 'ament_cmake_args' from command line to 'None'
[0.263s] Level 5:colcon.colcon_core.verb:set package 'ros2_aruco_interfaces' build argument 'catkin_cmake_args' from command line to 'None'
[0.263s] Level 5:colcon.colcon_core.verb:set package 'ros2_aruco_interfaces' build argument 'catkin_skip_building_tests' from command line to 'False'
[0.263s] DEBUG:colcon.colcon_core.verb:Building package 'ros2_aruco_interfaces' with the following arguments: {'ament_cmake_args': None, 'build_base': '/home/hieu/Documents/106AProject_Drone/build/ros2_aruco_interfaces', 'catkin_cmake_args': None, 'catkin_skip_building_tests': False, 'cmake_args': None, 'cmake_clean_cache': False, 'cmake_clean_first': False, 'cmake_force_configure': False, 'cmake_target': None, 'cmake_target_skip_unavailable': False, 'install_base': '/home/hieu/Documents/106AProject_Drone/install/ros2_aruco_interfaces', 'merge_install': False, 'path': '/home/hieu/Documents/106AProject_Drone/ros2_aruco_ws/src/ros2_aruco/ros2_aruco_interfaces', 'symlink_install': False, 'test_result_base': None}
[0.264s] Level 5:colcon.colcon_core.verb:set package 'usb_cam' build argument 'cmake_args' from command line to 'None'
[0.264s] Level 5:colcon.colcon_core.verb:set package 'usb_cam' build argument 'cmake_target' from command line to 'None'
[0.264s] Level 5:colcon.colcon_core.verb:set package 'usb_cam' build argument 'cmake_target_skip_unavailable' from command line to 'False'
[0.264s] Level 5:colcon.colcon_core.verb:set package 'usb_cam' build argument 'cmake_clean_cache' from command line to 'False'
[0.264s] Level 5:colcon.colcon_core.verb:set package 'usb_cam' build argument 'cmake_clean_first' from command line to 'False'
[0.264s] Level 5:colcon.colcon_core.verb:set package 'usb_cam' build argument 'cmake_force_configure' from command line to 'False'
[0.264s] Level 5:colcon.colcon_core.verb:set package 'usb_cam' build argument 'ament_cmake_args' from command line to 'None'
[0.264s] Level 5:colcon.colcon_core.verb:set package 'usb_cam' build argument 'catkin_cmake_args' from command line to 'None'
[0.264s] Level 5:colcon.colcon_core.verb:set package 'usb_cam' build argument 'catkin_skip_building_tests' from command line to 'False'
[0.264s] DEBUG:colcon.colcon_core.verb:Building package 'usb_cam' with the following arguments: {'ament_cmake_args': None, 'build_base': '/home/hieu/Documents/106AProject_Drone/build/usb_cam', 'catkin_cmake_args': None, 'catkin_skip_building_tests': False, 'cmake_args': None, 'cmake_clean_cache': False, 'cmake_clean_first': False, 'cmake_force_configure': False, 'cmake_target': None, 'cmake_target_skip_unavailable': False, 'install_base': '/home/hieu/Documents/106AProject_Drone/install/usb_cam', 'merge_install': False, 'path': '/home/hieu/Documents/106AProject_Drone/ros2_aruco_ws/src/usb_cam', 'symlink_install': False, 'test_result_base': None}
[0.264s] INFO:colcon.colcon_core.executor:Executing jobs using 'parallel' executor
[0.265s] DEBUG:colcon.colcon_parallel_executor.executor.parallel:run_until_complete
[0.265s] INFO:colcon.colcon_ros.task.ament_python.build:Building ROS package in '/home/hieu/Documents/106AProject_Drone/ros2_aruco_ws/my_aruco_detector' with build type 'ament_python'
[0.265s] Level 1:colcon.colcon_core.shell:create_environment_hook('my_aruco_detector', 'ament_prefix_path')
[0.266s] INFO:colcon.colcon_core.plugin_system:Skipping extension 'colcon_core.shell.bat': Not used on non-Windows systems
[0.266s] INFO:colcon.colcon_core.shell:Creating environment hook '/home/hieu/Documents/106AProject_Drone/install/my_aruco_detector/share/my_aruco_detector/hook/ament_prefix_path.ps1'
[0.267s] INFO:colcon.colcon_core.shell:Creating environment descriptor '/home/hieu/Documents/106AProject_Drone/install/my_aruco_detector/share/my_aruco_detector/hook/ament_prefix_path.dsv'
[0.267s] INFO:colcon.colcon_core.shell:Creating environment hook '/home/hieu/Documents/106AProject_Drone/install/my_aruco_detector/share/my_aruco_detector/hook/ament_prefix_path.sh'
[0.268s] INFO:colcon.colcon_core.shell:Skip shell extension 'powershell' for command environment: Not usable outside of PowerShell
[0.268s] DEBUG:colcon.colcon_core.shell:Skip shell extension 'dsv' for command environment
[0.270s] INFO:colcon.colcon_ros.task.ament_python.build:Building ROS package in '/home/hieu/Documents/106AProject_Drone/ros2_aruco_ws/src/ros2_aruco/ros2_aruco' with build type 'ament_python'
[0.270s] Level 1:colcon.colcon_core.shell:create_environment_hook('ros2_aruco', 'ament_prefix_path')
[0.271s] INFO:colcon.colcon_core.shell:Creating environment hook '/home/hieu/Documents/106AProject_Drone/install/ros2_aruco/share/ros2_aruco/hook/ament_prefix_path.ps1'
[0.271s] INFO:colcon.colcon_core.shell:Creating environment descriptor '/home/hieu/Documents/106AProject_Drone/install/ros2_aruco/share/ros2_aruco/hook/ament_prefix_path.dsv'
[0.271s] INFO:colcon.colcon_core.shell:Creating environment hook '/home/hieu/Documents/106AProject_Drone/install/ros2_aruco/share/ros2_aruco/hook/ament_prefix_path.sh'
[0.271s] INFO:colcon.colcon_core.shell:Skip shell extension 'powershell' for command environment: Not usable outside of PowerShell
[0.272s] DEBUG:colcon.colcon_core.shell:Skip shell extension 'dsv' for command environment
[0.274s] INFO:colcon.colcon_ros.task.ament_cmake.build:Building ROS package in '/home/hieu/Documents/106AProject_Drone/ros2_aruco_ws/src/ros2_aruco/ros2_aruco_interfaces' with build type 'ament_cmake'
[0.274s] INFO:colcon.colcon_cmake.task.cmake.build:Building CMake package in '/home/hieu/Documents/106AProject_Drone/ros2_aruco_ws/src/ros2_aruco/ros2_aruco_interfaces'
[0.274s] INFO:colcon.colcon_core.shell:Skip shell extension 'powershell' for command environment: Not usable outside of PowerShell
[0.274s] DEBUG:colcon.colcon_core.shell:Skip shell extension 'dsv' for command environment
[0.277s] INFO:colcon.colcon_ros.task.ament_cmake.build:Building ROS package in '/home/hieu/Documents/106AProject_Drone/ros2_aruco_ws/src/usb_cam' with build type 'ament_cmake'
[0.277s] INFO:colcon.colcon_cmake.task.cmake.build:Building CMake package in '/home/hieu/Documents/106AProject_Drone/ros2_aruco_ws/src/usb_cam'
[0.277s] INFO:colcon.colcon_core.shell:Skip shell extension 'powershell' for command environment: Not usable outside of PowerShell
[0.277s] DEBUG:colcon.colcon_core.shell:Skip shell extension 'dsv' for command environment
[0.455s] INFO:colcon.colcon_core.task.python.build:Building Python package in '/home/hieu/Documents/106AProject_Drone/ros2_aruco_ws/my_aruco_detector'
[0.455s] INFO:colcon.colcon_core.shell:Skip shell extension 'powershell' for command environment: Not usable outside of PowerShell
[0.455s] DEBUG:colcon.colcon_core.shell:Skip shell extension 'dsv' for command environment
[0.634s] INFO:colcon.colcon_core.task.python.build:Building Python package in '/home/hieu/Documents/106AProject_Drone/ros2_aruco_ws/src/ros2_aruco/ros2_aruco'
[0.634s] INFO:colcon.colcon_core.shell:Skip shell extension 'powershell' for command environment: Not usable outside of PowerShell
[0.634s] DEBUG:colcon.colcon_core.shell:Skip shell extension 'dsv' for command environment
[0.640s] DEBUG:colcon.colcon_core.event_handler.log_command:Invoking command in '/home/hieu/Documents/106AProject_Drone/build/ros2_aruco_interfaces': CMAKE_PREFIX_PATH=${CMAKE_PREFIX_PATH}:/home/hieu/Documents/106AProject_Drone/install/ros2_aruco:/home/hieu/Documents/106AProject_Drone/install/my_aruco_detector:/opt/ros/humble /usr/bin/cmake --build /home/hieu/Documents/106AProject_Drone/build/ros2_aruco_interfaces -- -j12 -l12
[0.643s] DEBUG:colcon.colcon_core.event_handler.log_command:Invoking command in '/home/hieu/Documents/106AProject_Drone/build/usb_cam': CMAKE_PREFIX_PATH=${CMAKE_PREFIX_PATH}:/home/hieu/Documents/106AProject_Drone/install/ros2_aruco:/home/hieu/Documents/106AProject_Drone/install/my_aruco_detector:/opt/ros/humble /usr/bin/cmake --build /home/hieu/Documents/106AProject_Drone/build/usb_cam -- -j12 -l12
[0.851s] DEBUG:colcon.colcon_core.event_handler.log_command:Invoked command in '/home/hieu/Documents/106AProject_Drone/build/usb_cam' returned '2': CMAKE_PREFIX_PATH=${CMAKE_PREFIX_PATH}:/home/hieu/Documents/106AProject_Drone/install/ros2_aruco:/home/hieu/Documents/106AProject_Drone/install/my_aruco_detector:/opt/ros/humble /usr/bin/cmake --build /home/hieu/Documents/106AProject_Drone/build/usb_cam -- -j12 -l12
[0.852s] Level 1:colcon.colcon_core.environment:create_environment_scripts_only(usb_cam)
[0.853s] Level 1:colcon.colcon_core.environment:checking '/home/hieu/Documents/106AProject_Drone/install/usb_cam' for CMake module files
[0.853s] Level 1:colcon.colcon_core.environment:checking '/home/hieu/Documents/106AProject_Drone/install/usb_cam' for CMake config files
[0.854s] Level 1:colcon.colcon_core.environment:checking '/home/hieu/Documents/106AProject_Drone/install/usb_cam/bin'
[0.854s] Level 1:colcon.colcon_core.environment:checking '/home/hieu/Documents/106AProject_Drone/install/usb_cam/lib/pkgconfig/usb_cam.pc'
[0.854s] Level 1:colcon.colcon_core.environment:checking '/home/hieu/Documents/106AProject_Drone/install/usb_cam/lib/python3.10/site-packages'
[0.854s] Level 1:colcon.colcon_core.environment:checking '/home/hieu/Documents/106AProject_Drone/install/usb_cam/bin'
[0.854s] INFO:colcon.colcon_core.shell:Creating package script '/home/hieu/Documents/106AProject_Drone/install/usb_cam/share/usb_cam/package.ps1'
[0.855s] INFO:colcon.colcon_core.shell:Creating package descriptor '/home/hieu/Documents/106AProject_Drone/install/usb_cam/share/usb_cam/package.dsv'
[0.855s] INFO:colcon.colcon_core.shell:Creating package script '/home/hieu/Documents/106AProject_Drone/install/usb_cam/share/usb_cam/package.sh'
[0.856s] INFO:colcon.colcon_core.shell:Creating package script '/home/hieu/Documents/106AProject_Drone/install/usb_cam/share/usb_cam/package.bash'
[0.856s] INFO:colcon.colcon_core.shell:Creating package script '/home/hieu/Documents/106AProject_Drone/install/usb_cam/share/usb_cam/package.zsh'
[0.857s] Level 1:colcon.colcon_core.environment:create_file_with_runtime_dependencies(/home/hieu/Documents/106AProject_Drone/install/usb_cam/share/colcon-core/packages/usb_cam)
[0.929s] DEBUG:colcon.colcon_parallel_executor.executor.parallel:closing loop
[0.929s] DEBUG:colcon.colcon_parallel_executor.executor.parallel:loop closed
[0.929s] DEBUG:colcon.colcon_parallel_executor.executor.parallel:run_until_complete finished with '2'
[0.929s] DEBUG:colcon.colcon_core.event_reactor:joining thread
[0.933s] INFO:colcon.colcon_core.plugin_system:Skipping extension 'colcon_notification.desktop_notification.terminal_notifier': Not used on non-Darwin systems
[0.933s] INFO:colcon.colcon_core.plugin_system:Skipping extension 'colcon_notification.desktop_notification.win32': Not used on non-Windows systems
[0.933s] INFO:colcon.colcon_notification.desktop_notification:Sending desktop notification using 'notify2'
[0.944s] DEBUG:colcon.colcon_core.event_reactor:joined thread
[0.944s] INFO:colcon.colcon_core.shell:Creating prefix script '/home/hieu/Documents/106AProject_Drone/install/local_setup.ps1'
[0.945s] INFO:colcon.colcon_core.shell:Creating prefix util module '/home/hieu/Documents/106AProject_Drone/install/_local_setup_util_ps1.py'
[0.947s] INFO:colcon.colcon_core.shell:Creating prefix chain script '/home/hieu/Documents/106AProject_Drone/install/setup.ps1'
[0.949s] INFO:colcon.colcon_core.shell:Creating prefix script '/home/hieu/Documents/106AProject_Drone/install/local_setup.sh'
[0.949s] INFO:colcon.colcon_core.shell:Creating prefix util module '/home/hieu/Documents/106AProject_Drone/install/_local_setup_util_sh.py'
[0.950s] INFO:colcon.colcon_core.shell:Creating prefix chain script '/home/hieu/Documents/106AProject_Drone/install/setup.sh'
[0.952s] INFO:colcon.colcon_core.shell:Creating prefix script '/home/hieu/Documents/106AProject_Drone/install/local_setup.bash'
[0.952s] INFO:colcon.colcon_core.shell:Creating prefix chain script '/home/hieu/Documents/106AProject_Drone/install/setup.bash'
[0.954s] INFO:colcon.colcon_core.shell:Creating prefix script '/home/hieu/Documents/106AProject_Drone/install/local_setup.zsh'
[0.955s] INFO:colcon.colcon_core.shell:Creating prefix chain script '/home/hieu/Documents/106AProject_Drone/install/setup.zsh'
