[0.567s] Invoking command in '/home/cc/ee106a/fa25/class/ee106a-ado/ros_workspaces/106AProject_Drone/ros2_aruco_ws/build/ros2_aruco_interfaces': CMAKE_PREFIX_PATH=${CMAKE_PREFIX_PATH}:/home/cc/ee106a/fa25/class/ee106a-ado/ros_workspaces/106AProject_Drone/ros2_aruco_ws/install/ros2_aruco:/home/cc/ee106a/fa25/class/ee106a-ado/ros_workspaces/106AProject_Drone/ros2_aruco_ws/install/my_aruco_detector:/home/cc/ee106a/fa25/class/ee106a-ado/ros_workspaces/106AProject_Drone/install/ros2_aruco:/home/cc/ee106a/fa25/class/ee106a-ado/ros_workspaces/106AProject_Drone/install/my_aruco_detector:/opt/ros/turtlebot3_ws/install/turtlebot3_teleop:/opt/ros/turtlebot3_ws/install/turtlebot3_example:/opt/ros/humble /usr/bin/cmake --build /home/cc/ee106a/fa25/class/ee106a-ado/ros_workspaces/106AProject_Drone/ros2_aruco_ws/build/ros2_aruco_interfaces -- -j32 -l32
[0.711s] [  3%] Built target ros2_aruco_interfaces__cpp
[0.783s] [ 12%] Built target ros2_aruco_interfaces__rosidl_generator_c
[0.823s] [ 22%] Built target ros2_aruco_interfaces__rosidl_typesupport_fastrtps_cpp
[0.852s] [ 32%] Built target ros2_aruco_interfaces__rosidl_typesupport_cpp
[0.863s] [ 41%] Built target ros2_aruco_interfaces__rosidl_typesupport_introspection_cpp
[0.865s] [ 41%] Built target ament_cmake_python_copy_ros2_aruco_interfaces
[0.912s] [ 70%] Built target ros2_aruco_interfaces__rosidl_typesupport_fastrtps_c
[0.912s] [ 70%] Built target ros2_aruco_interfaces__rosidl_typesupport_c
[0.913s] [ 70%] Built target ros2_aruco_interfaces__rosidl_typesupport_introspection_c
[0.950s] [ 70%] Built target ros2_aruco_interfaces
[0.997s] [ 74%] Built target ros2_aruco_interfaces__py
[1.049s] [ 80%] Built target ros2_aruco_interfaces__rosidl_generator_py
[1.128s] [100%] Built target ros2_aruco_interfaces__rosidl_typesupport_fastrtps_c__pyext
[1.128s] [100%] Built target ros2_aruco_interfaces__rosidl_typesupport_c__pyext
[1.128s] [100%] Built target ros2_aruco_interfaces__rosidl_typesupport_introspection_c__pyext
[1.191s] running egg_info
[1.192s] writing ros2_aruco_interfaces.egg-info/PKG-INFO
[1.195s] writing dependency_links to ros2_aruco_interfaces.egg-info/dependency_links.txt
[1.198s] writing top-level names to ros2_aruco_interfaces.egg-info/top_level.txt
[1.203s] reading manifest file 'ros2_aruco_interfaces.egg-info/SOURCES.txt'
[1.205s] writing manifest file 'ros2_aruco_interfaces.egg-info/SOURCES.txt'
[1.231s] [100%] Built target ament_cmake_python_build_ros2_aruco_interfaces_egg
[1.267s] Invoked command in '/home/cc/ee106a/fa25/class/ee106a-ado/ros_workspaces/106AProject_Drone/ros2_aruco_ws/build/ros2_aruco_interfaces' returned '0': CMAKE_PREFIX_PATH=${CMAKE_PREFIX_PATH}:/home/cc/ee106a/fa25/class/ee106a-ado/ros_workspaces/106AProject_Drone/ros2_aruco_ws/install/ros2_aruco:/home/cc/ee106a/fa25/class/ee106a-ado/ros_workspaces/106AProject_Drone/ros2_aruco_ws/install/my_aruco_detector:/home/cc/ee106a/fa25/class/ee106a-ado/ros_workspaces/106AProject_Drone/install/ros2_aruco:/home/cc/ee106a/fa25/class/ee106a-ado/ros_workspaces/106AProject_Drone/install/my_aruco_detector:/opt/ros/turtlebot3_ws/install/turtlebot3_teleop:/opt/ros/turtlebot3_ws/install/turtlebot3_example:/opt/ros/humble /usr/bin/cmake --build /home/cc/ee106a/fa25/class/ee106a-ado/ros_workspaces/106AProject_Drone/ros2_aruco_ws/build/ros2_aruco_interfaces -- -j32 -l32
[1.273s] Invoking command in '/home/cc/ee106a/fa25/class/ee106a-ado/ros_workspaces/106AProject_Drone/ros2_aruco_ws/build/ros2_aruco_interfaces': CMAKE_PREFIX_PATH=${CMAKE_PREFIX_PATH}:/home/cc/ee106a/fa25/class/ee106a-ado/ros_workspaces/106AProject_Drone/ros2_aruco_ws/install/ros2_aruco:/home/cc/ee106a/fa25/class/ee106a-ado/ros_workspaces/106AProject_Drone/ros2_aruco_ws/install/my_aruco_detector:/home/cc/ee106a/fa25/class/ee106a-ado/ros_workspaces/106AProject_Drone/install/ros2_aruco:/home/cc/ee106a/fa25/class/ee106a-ado/ros_workspaces/106AProject_Drone/install/my_aruco_detector:/opt/ros/turtlebot3_ws/install/turtlebot3_teleop:/opt/ros/turtlebot3_ws/install/turtlebot3_example:/opt/ros/humble /usr/bin/cmake --install /home/cc/ee106a/fa25/class/ee106a-ado/ros_workspaces/106AProject_Drone/ros2_aruco_ws/build/ros2_aruco_interfaces
[1.283s] -- Install configuration: ""
[1.284s] -- Up-to-date: /home/cc/ee106a/fa25/class/ee106a-ado/ros_workspaces/106AProject_Drone/ros2_aruco_ws/install/ros2_aruco_interfaces/share/ament_index/resource_index/rosidl_interfaces/ros2_aruco_interfaces
[1.285s] -- Up-to-date: /home/cc/ee106a/fa25/class/ee106a-ado/ros_workspaces/106AProject_Drone/ros2_aruco_ws/install/ros2_aruco_interfaces/include/ros2_aruco_interfaces/ros2_aruco_interfaces
[1.287s] -- Up-to-date: /home/cc/ee106a/fa25/class/ee106a-ado/ros_workspaces/106AProject_Drone/ros2_aruco_ws/install/ros2_aruco_interfaces/include/ros2_aruco_interfaces/ros2_aruco_interfaces/msg
[1.288s] -- Up-to-date: /home/cc/ee106a/fa25/class/ee106a-ado/ros_workspaces/106AProject_Drone/ros2_aruco_ws/install/ros2_aruco_interfaces/include/ros2_aruco_interfaces/ros2_aruco_interfaces/msg/aruco_markers.h
[1.289s] -- Up-to-date: /home/cc/ee106a/fa25/class/ee106a-ado/ros_workspaces/106AProject_Drone/ros2_aruco_ws/install/ros2_aruco_interfaces/include/ros2_aruco_interfaces/ros2_aruco_interfaces/msg/rosidl_generator_c__visibility_control.h
[1.290s] -- Up-to-date: /home/cc/ee106a/fa25/class/ee106a-ado/ros_workspaces/106AProject_Drone/ros2_aruco_ws/install/ros2_aruco_interfaces/include/ros2_aruco_interfaces/ros2_aruco_interfaces/msg/detail
[1.291s] -- Up-to-date: /home/cc/ee106a/fa25/class/ee106a-ado/ros_workspaces/106AProject_Drone/ros2_aruco_ws/install/ros2_aruco_interfaces/include/ros2_aruco_interfaces/ros2_aruco_interfaces/msg/detail/aruco_markers__functions.c
[1.292s] -- Up-to-date: /home/cc/ee106a/fa25/class/ee106a-ado/ros_workspaces/106AProject_Drone/ros2_aruco_ws/install/ros2_aruco_interfaces/include/ros2_aruco_interfaces/ros2_aruco_interfaces/msg/detail/aruco_markers__functions.h
[1.293s] -- Up-to-date: /home/cc/ee106a/fa25/class/ee106a-ado/ros_workspaces/106AProject_Drone/ros2_aruco_ws/install/ros2_aruco_interfaces/include/ros2_aruco_interfaces/ros2_aruco_interfaces/msg/detail/aruco_markers__struct.h
[1.294s] -- Up-to-date: /home/cc/ee106a/fa25/class/ee106a-ado/ros_workspaces/106AProject_Drone/ros2_aruco_ws/install/ros2_aruco_interfaces/include/ros2_aruco_interfaces/ros2_aruco_interfaces/msg/detail/aruco_markers__type_support.h
[1.295s] -- Up-to-date: /home/cc/ee106a/fa25/class/ee106a-ado/ros_workspaces/106AProject_Drone/ros2_aruco_ws/install/ros2_aruco_interfaces/share/ros2_aruco_interfaces/environment/library_path.sh
[1.296s] -- Up-to-date: /home/cc/ee106a/fa25/class/ee106a-ado/ros_workspaces/106AProject_Drone/ros2_aruco_ws/install/ros2_aruco_interfaces/share/ros2_aruco_interfaces/environment/library_path.dsv
[1.299s] -- Up-to-date: /home/cc/ee106a/fa25/class/ee106a-ado/ros_workspaces/106AProject_Drone/ros2_aruco_ws/install/ros2_aruco_interfaces/lib/libros2_aruco_interfaces__rosidl_generator_c.so
[1.303s] -- Up-to-date: /home/cc/ee106a/fa25/class/ee106a-ado/ros_workspaces/106AProject_Drone/ros2_aruco_ws/install/ros2_aruco_interfaces/include/ros2_aruco_interfaces/ros2_aruco_interfaces
[1.305s] -- Up-to-date: /home/cc/ee106a/fa25/class/ee106a-ado/ros_workspaces/106AProject_Drone/ros2_aruco_ws/install/ros2_aruco_interfaces/include/ros2_aruco_interfaces/ros2_aruco_interfaces/msg
[1.306s] -- Up-to-date: /home/cc/ee106a/fa25/class/ee106a-ado/ros_workspaces/106AProject_Drone/ros2_aruco_ws/install/ros2_aruco_interfaces/include/ros2_aruco_interfaces/ros2_aruco_interfaces/msg/detail
[1.307s] -- Up-to-date: /home/cc/ee106a/fa25/class/ee106a-ado/ros_workspaces/106AProject_Drone/ros2_aruco_ws/install/ros2_aruco_interfaces/include/ros2_aruco_interfaces/ros2_aruco_interfaces/msg/detail/aruco_markers__rosidl_typesupport_fastrtps_c.h
[1.308s] -- Up-to-date: /home/cc/ee106a/fa25/class/ee106a-ado/ros_workspaces/106AProject_Drone/ros2_aruco_ws/install/ros2_aruco_interfaces/include/ros2_aruco_interfaces/ros2_aruco_interfaces/msg/rosidl_typesupport_fastrtps_c__visibility_control.h
[1.312s] -- Up-to-date: /home/cc/ee106a/fa25/class/ee106a-ado/ros_workspaces/106AProject_Drone/ros2_aruco_ws/install/ros2_aruco_interfaces/lib/libros2_aruco_interfaces__rosidl_typesupport_fastrtps_c.so
[1.315s] -- Up-to-date: /home/cc/ee106a/fa25/class/ee106a-ado/ros_workspaces/106AProject_Drone/ros2_aruco_ws/install/ros2_aruco_interfaces/include/ros2_aruco_interfaces/ros2_aruco_interfaces
[1.316s] -- Up-to-date: /home/cc/ee106a/fa25/class/ee106a-ado/ros_workspaces/106AProject_Drone/ros2_aruco_ws/install/ros2_aruco_interfaces/include/ros2_aruco_interfaces/ros2_aruco_interfaces/msg
[1.318s] -- Up-to-date: /home/cc/ee106a/fa25/class/ee106a-ado/ros_workspaces/106AProject_Drone/ros2_aruco_ws/install/ros2_aruco_interfaces/include/ros2_aruco_interfaces/ros2_aruco_interfaces/msg/aruco_markers.hpp
[1.318s] -- Up-to-date: /home/cc/ee106a/fa25/class/ee106a-ado/ros_workspaces/106AProject_Drone/ros2_aruco_ws/install/ros2_aruco_interfaces/include/ros2_aruco_interfaces/ros2_aruco_interfaces/msg/rosidl_generator_cpp__visibility_control.hpp
[1.319s] -- Up-to-date: /home/cc/ee106a/fa25/class/ee106a-ado/ros_workspaces/106AProject_Drone/ros2_aruco_ws/install/ros2_aruco_interfaces/include/ros2_aruco_interfaces/ros2_aruco_interfaces/msg/detail
[1.320s] -- Up-to-date: /home/cc/ee106a/fa25/class/ee106a-ado/ros_workspaces/106AProject_Drone/ros2_aruco_ws/install/ros2_aruco_interfaces/include/ros2_aruco_interfaces/ros2_aruco_interfaces/msg/detail/aruco_markers__builder.hpp
[1.321s] -- Up-to-date: /home/cc/ee106a/fa25/class/ee106a-ado/ros_workspaces/106AProject_Drone/ros2_aruco_ws/install/ros2_aruco_interfaces/include/ros2_aruco_interfaces/ros2_aruco_interfaces/msg/detail/aruco_markers__struct.hpp
[1.322s] -- Up-to-date: /home/cc/ee106a/fa25/class/ee106a-ado/ros_workspaces/106AProject_Drone/ros2_aruco_ws/install/ros2_aruco_interfaces/include/ros2_aruco_interfaces/ros2_aruco_interfaces/msg/detail/aruco_markers__traits.hpp
[1.323s] -- Up-to-date: /home/cc/ee106a/fa25/class/ee106a-ado/ros_workspaces/106AProject_Drone/ros2_aruco_ws/install/ros2_aruco_interfaces/include/ros2_aruco_interfaces/ros2_aruco_interfaces/msg/detail/aruco_markers__type_support.hpp
[1.324s] -- Up-to-date: /home/cc/ee106a/fa25/class/ee106a-ado/ros_workspaces/106AProject_Drone/ros2_aruco_ws/install/ros2_aruco_interfaces/include/ros2_aruco_interfaces/ros2_aruco_interfaces
[1.325s] -- Up-to-date: /home/cc/ee106a/fa25/class/ee106a-ado/ros_workspaces/106AProject_Drone/ros2_aruco_ws/install/ros2_aruco_interfaces/include/ros2_aruco_interfaces/ros2_aruco_interfaces/msg
[1.327s] -- Up-to-date: /home/cc/ee106a/fa25/class/ee106a-ado/ros_workspaces/106AProject_Drone/ros2_aruco_ws/install/ros2_aruco_interfaces/include/ros2_aruco_interfaces/ros2_aruco_interfaces/msg/detail
[1.328s] -- Up-to-date: /home/cc/ee106a/fa25/class/ee106a-ado/ros_workspaces/106AProject_Drone/ros2_aruco_ws/install/ros2_aruco_interfaces/include/ros2_aruco_interfaces/ros2_aruco_interfaces/msg/detail/aruco_markers__rosidl_typesupport_fastrtps_cpp.hpp
[1.329s] -- Up-to-date: /home/cc/ee106a/fa25/class/ee106a-ado/ros_workspaces/106AProject_Drone/ros2_aruco_ws/install/ros2_aruco_interfaces/include/ros2_aruco_interfaces/ros2_aruco_interfaces/msg/detail/dds_fastrtps
[1.330s] -- Up-to-date: /home/cc/ee106a/fa25/class/ee106a-ado/ros_workspaces/106AProject_Drone/ros2_aruco_ws/install/ros2_aruco_interfaces/include/ros2_aruco_interfaces/ros2_aruco_interfaces/msg/rosidl_typesupport_fastrtps_cpp__visibility_control.h
[1.333s] -- Up-to-date: /home/cc/ee106a/fa25/class/ee106a-ado/ros_workspaces/106AProject_Drone/ros2_aruco_ws/install/ros2_aruco_interfaces/lib/libros2_aruco_interfaces__rosidl_typesupport_fastrtps_cpp.so
[1.337s] -- Up-to-date: /home/cc/ee106a/fa25/class/ee106a-ado/ros_workspaces/106AProject_Drone/ros2_aruco_ws/install/ros2_aruco_interfaces/include/ros2_aruco_interfaces/ros2_aruco_interfaces
[1.339s] -- Up-to-date: /home/cc/ee106a/fa25/class/ee106a-ado/ros_workspaces/106AProject_Drone/ros2_aruco_ws/install/ros2_aruco_interfaces/include/ros2_aruco_interfaces/ros2_aruco_interfaces/msg
[1.340s] -- Up-to-date: /home/cc/ee106a/fa25/class/ee106a-ado/ros_workspaces/106AProject_Drone/ros2_aruco_ws/install/ros2_aruco_interfaces/include/ros2_aruco_interfaces/ros2_aruco_interfaces/msg/detail
[1.341s] -- Up-to-date: /home/cc/ee106a/fa25/class/ee106a-ado/ros_workspaces/106AProject_Drone/ros2_aruco_ws/install/ros2_aruco_interfaces/include/ros2_aruco_interfaces/ros2_aruco_interfaces/msg/detail/aruco_markers__rosidl_typesupport_introspection_c.h
[1.343s] -- Up-to-date: /home/cc/ee106a/fa25/class/ee106a-ado/ros_workspaces/106AProject_Drone/ros2_aruco_ws/install/ros2_aruco_interfaces/include/ros2_aruco_interfaces/ros2_aruco_interfaces/msg/detail/aruco_markers__type_support.c
[1.343s] -- Up-to-date: /home/cc/ee106a/fa25/class/ee106a-ado/ros_workspaces/106AProject_Drone/ros2_aruco_ws/install/ros2_aruco_interfaces/include/ros2_aruco_interfaces/ros2_aruco_interfaces/msg/rosidl_typesupport_introspection_c__visibility_control.h
[1.346s] -- Up-to-date: /home/cc/ee106a/fa25/class/ee106a-ado/ros_workspaces/106AProject_Drone/ros2_aruco_ws/install/ros2_aruco_interfaces/lib/libros2_aruco_interfaces__rosidl_typesupport_introspection_c.so
[1.351s] -- Up-to-date: /home/cc/ee106a/fa25/class/ee106a-ado/ros_workspaces/106AProject_Drone/ros2_aruco_ws/install/ros2_aruco_interfaces/lib/libros2_aruco_interfaces__rosidl_typesupport_c.so
[1.354s] -- Up-to-date: /home/cc/ee106a/fa25/class/ee106a-ado/ros_workspaces/106AProject_Drone/ros2_aruco_ws/install/ros2_aruco_interfaces/include/ros2_aruco_interfaces/ros2_aruco_interfaces
[1.355s] -- Up-to-date: /home/cc/ee106a/fa25/class/ee106a-ado/ros_workspaces/106AProject_Drone/ros2_aruco_ws/install/ros2_aruco_interfaces/include/ros2_aruco_interfaces/ros2_aruco_interfaces/msg
[1.358s] -- Up-to-date: /home/cc/ee106a/fa25/class/ee106a-ado/ros_workspaces/106AProject_Drone/ros2_aruco_ws/install/ros2_aruco_interfaces/include/ros2_aruco_interfaces/ros2_aruco_interfaces/msg/detail
[1.359s] -- Up-to-date: /home/cc/ee106a/fa25/class/ee106a-ado/ros_workspaces/106AProject_Drone/ros2_aruco_ws/install/ros2_aruco_interfaces/include/ros2_aruco_interfaces/ros2_aruco_interfaces/msg/detail/aruco_markers__rosidl_typesupport_introspection_cpp.hpp
[1.360s] -- Up-to-date: /home/cc/ee106a/fa25/class/ee106a-ado/ros_workspaces/106AProject_Drone/ros2_aruco_ws/install/ros2_aruco_interfaces/include/ros2_aruco_interfaces/ros2_aruco_interfaces/msg/detail/aruco_markers__type_support.cpp
[1.362s] -- Up-to-date: /home/cc/ee106a/fa25/class/ee106a-ado/ros_workspaces/106AProject_Drone/ros2_aruco_ws/install/ros2_aruco_interfaces/lib/libros2_aruco_interfaces__rosidl_typesupport_introspection_cpp.so
[1.367s] -- Up-to-date: /home/cc/ee106a/fa25/class/ee106a-ado/ros_workspaces/106AProject_Drone/ros2_aruco_ws/install/ros2_aruco_interfaces/lib/libros2_aruco_interfaces__rosidl_typesupport_cpp.so
[1.371s] -- Up-to-date: /home/cc/ee106a/fa25/class/ee106a-ado/ros_workspaces/106AProject_Drone/ros2_aruco_ws/install/ros2_aruco_interfaces/share/ros2_aruco_interfaces/environment/pythonpath.sh
[1.372s] -- Up-to-date: /home/cc/ee106a/fa25/class/ee106a-ado/ros_workspaces/106AProject_Drone/ros2_aruco_ws/install/ros2_aruco_interfaces/share/ros2_aruco_interfaces/environment/pythonpath.dsv
[1.373s] -- Up-to-date: /home/cc/ee106a/fa25/class/ee106a-ado/ros_workspaces/106AProject_Drone/ros2_aruco_ws/install/ros2_aruco_interfaces/local/lib/python3.10/dist-packages/ros2_aruco_interfaces-0.1.0-py3.10.egg-info
[1.374s] -- Installing: /home/cc/ee106a/fa25/class/ee106a-ado/ros_workspaces/106AProject_Drone/ros2_aruco_ws/install/ros2_aruco_interfaces/local/lib/python3.10/dist-packages/ros2_aruco_interfaces-0.1.0-py3.10.egg-info/PKG-INFO
[1.382s] -- Installing: /home/cc/ee106a/fa25/class/ee106a-ado/ros_workspaces/106AProject_Drone/ros2_aruco_ws/install/ros2_aruco_interfaces/local/lib/python3.10/dist-packages/ros2_aruco_interfaces-0.1.0-py3.10.egg-info/dependency_links.txt
[1.388s] -- Installing: /home/cc/ee106a/fa25/class/ee106a-ado/ros_workspaces/106AProject_Drone/ros2_aruco_ws/install/ros2_aruco_interfaces/local/lib/python3.10/dist-packages/ros2_aruco_interfaces-0.1.0-py3.10.egg-info/top_level.txt
[1.394s] -- Installing: /home/cc/ee106a/fa25/class/ee106a-ado/ros_workspaces/106AProject_Drone/ros2_aruco_ws/install/ros2_aruco_interfaces/local/lib/python3.10/dist-packages/ros2_aruco_interfaces-0.1.0-py3.10.egg-info/SOURCES.txt
[1.403s] -- Up-to-date: /home/cc/ee106a/fa25/class/ee106a-ado/ros_workspaces/106AProject_Drone/ros2_aruco_ws/install/ros2_aruco_interfaces/local/lib/python3.10/dist-packages/ros2_aruco_interfaces
[1.405s] -- Up-to-date: /home/cc/ee106a/fa25/class/ee106a-ado/ros_workspaces/106AProject_Drone/ros2_aruco_ws/install/ros2_aruco_interfaces/local/lib/python3.10/dist-packages/ros2_aruco_interfaces/__init__.py
[1.405s] -- Up-to-date: /home/cc/ee106a/fa25/class/ee106a-ado/ros_workspaces/106AProject_Drone/ros2_aruco_ws/install/ros2_aruco_interfaces/local/lib/python3.10/dist-packages/ros2_aruco_interfaces/msg
[1.406s] -- Up-to-date: /home/cc/ee106a/fa25/class/ee106a-ado/ros_workspaces/106AProject_Drone/ros2_aruco_ws/install/ros2_aruco_interfaces/local/lib/python3.10/dist-packages/ros2_aruco_interfaces/msg/_aruco_markers.py
[1.407s] -- Up-to-date: /home/cc/ee106a/fa25/class/ee106a-ado/ros_workspaces/106AProject_Drone/ros2_aruco_ws/install/ros2_aruco_interfaces/local/lib/python3.10/dist-packages/ros2_aruco_interfaces/msg/_aruco_markers_s.c
[1.408s] -- Up-to-date: /home/cc/ee106a/fa25/class/ee106a-ado/ros_workspaces/106AProject_Drone/ros2_aruco_ws/install/ros2_aruco_interfaces/local/lib/python3.10/dist-packages/ros2_aruco_interfaces/msg/__init__.py
[1.408s] -- Up-to-date: /home/cc/ee106a/fa25/class/ee106a-ado/ros_workspaces/106AProject_Drone/ros2_aruco_ws/install/ros2_aruco_interfaces/local/lib/python3.10/dist-packages/ros2_aruco_interfaces/_ros2_aruco_interfaces_s.ep.rosidl_typesupport_fastrtps_c.c
[1.409s] -- Up-to-date: /home/cc/ee106a/fa25/class/ee106a-ado/ros_workspaces/106AProject_Drone/ros2_aruco_ws/install/ros2_aruco_interfaces/local/lib/python3.10/dist-packages/ros2_aruco_interfaces/_ros2_aruco_interfaces_s.ep.rosidl_typesupport_introspection_c.c
[1.410s] -- Up-to-date: /home/cc/ee106a/fa25/class/ee106a-ado/ros_workspaces/106AProject_Drone/ros2_aruco_ws/install/ros2_aruco_interfaces/local/lib/python3.10/dist-packages/ros2_aruco_interfaces/_ros2_aruco_interfaces_s.ep.rosidl_typesupport_c.c
[1.412s] -- Up-to-date: /home/cc/ee106a/fa25/class/ee106a-ado/ros_workspaces/106AProject_Drone/ros2_aruco_ws/install/ros2_aruco_interfaces/local/lib/python3.10/dist-packages/ros2_aruco_interfaces/libros2_aruco_interfaces__rosidl_generator_py.so
[1.412s] -- Up-to-date: /home/cc/ee106a/fa25/class/ee106a-ado/ros_workspaces/106AProject_Drone/ros2_aruco_ws/install/ros2_aruco_interfaces/local/lib/python3.10/dist-packages/ros2_aruco_interfaces/ros2_aruco_interfaces_s__rosidl_typesupport_fastrtps_c.cpython-310-x86_64-linux-gnu.so
[1.413s] -- Up-to-date: /home/cc/ee106a/fa25/class/ee106a-ado/ros_workspaces/106AProject_Drone/ros2_aruco_ws/install/ros2_aruco_interfaces/local/lib/python3.10/dist-packages/ros2_aruco_interfaces/ros2_aruco_interfaces_s__rosidl_typesupport_c.cpython-310-x86_64-linux-gnu.so
[1.414s] -- Up-to-date: /home/cc/ee106a/fa25/class/ee106a-ado/ros_workspaces/106AProject_Drone/ros2_aruco_ws/install/ros2_aruco_interfaces/local/lib/python3.10/dist-packages/ros2_aruco_interfaces/ros2_aruco_interfaces_s__rosidl_typesupport_introspection_c.cpython-310-x86_64-linux-gnu.so
[1.478s] Listing '/home/cc/ee106a/fa25/class/ee106a-ado/ros_workspaces/106AProject_Drone/ros2_aruco_ws/install/ros2_aruco_interfaces/local/lib/python3.10/dist-packages/ros2_aruco_interfaces'...
[1.480s] Listing '/home/cc/ee106a/fa25/class/ee106a-ado/ros_workspaces/106AProject_Drone/ros2_aruco_ws/install/ros2_aruco_interfaces/local/lib/python3.10/dist-packages/ros2_aruco_interfaces/msg'...
[1.484s] -- Up-to-date: /home/cc/ee106a/fa25/class/ee106a-ado/ros_workspaces/106AProject_Drone/ros2_aruco_ws/install/ros2_aruco_interfaces/local/lib/python3.10/dist-packages/ros2_aruco_interfaces/ros2_aruco_interfaces_s__rosidl_typesupport_fastrtps_c.cpython-310-x86_64-linux-gnu.so
[1.489s] -- Up-to-date: /home/cc/ee106a/fa25/class/ee106a-ado/ros_workspaces/106AProject_Drone/ros2_aruco_ws/install/ros2_aruco_interfaces/local/lib/python3.10/dist-packages/ros2_aruco_interfaces/ros2_aruco_interfaces_s__rosidl_typesupport_introspection_c.cpython-310-x86_64-linux-gnu.so
[1.494s] -- Up-to-date: /home/cc/ee106a/fa25/class/ee106a-ado/ros_workspaces/106AProject_Drone/ros2_aruco_ws/install/ros2_aruco_interfaces/local/lib/python3.10/dist-packages/ros2_aruco_interfaces/ros2_aruco_interfaces_s__rosidl_typesupport_c.cpython-310-x86_64-linux-gnu.so
[1.501s] -- Up-to-date: /home/cc/ee106a/fa25/class/ee106a-ado/ros_workspaces/106AProject_Drone/ros2_aruco_ws/install/ros2_aruco_interfaces/lib/libros2_aruco_interfaces__rosidl_generator_py.so
[1.505s] -- Up-to-date: /home/cc/ee106a/fa25/class/ee106a-ado/ros_workspaces/106AProject_Drone/ros2_aruco_ws/install/ros2_aruco_interfaces/share/ros2_aruco_interfaces/msg/ArucoMarkers.idl
[1.506s] -- Up-to-date: /home/cc/ee106a/fa25/class/ee106a-ado/ros_workspaces/106AProject_Drone/ros2_aruco_ws/install/ros2_aruco_interfaces/share/ros2_aruco_interfaces/msg/ArucoMarkers.msg
[1.508s] -- Up-to-date: /home/cc/ee106a/fa25/class/ee106a-ado/ros_workspaces/106AProject_Drone/ros2_aruco_ws/install/ros2_aruco_interfaces/share/ament_index/resource_index/package_run_dependencies/ros2_aruco_interfaces
[1.508s] -- Up-to-date: /home/cc/ee106a/fa25/class/ee106a-ado/ros_workspaces/106AProject_Drone/ros2_aruco_ws/install/ros2_aruco_interfaces/share/ament_index/resource_index/parent_prefix_path/ros2_aruco_interfaces
[1.509s] -- Up-to-date: /home/cc/ee106a/fa25/class/ee106a-ado/ros_workspaces/106AProject_Drone/ros2_aruco_ws/install/ros2_aruco_interfaces/share/ros2_aruco_interfaces/environment/ament_prefix_path.sh
[1.510s] -- Up-to-date: /home/cc/ee106a/fa25/class/ee106a-ado/ros_workspaces/106AProject_Drone/ros2_aruco_ws/install/ros2_aruco_interfaces/share/ros2_aruco_interfaces/environment/ament_prefix_path.dsv
[1.510s] -- Up-to-date: /home/cc/ee106a/fa25/class/ee106a-ado/ros_workspaces/106AProject_Drone/ros2_aruco_ws/install/ros2_aruco_interfaces/share/ros2_aruco_interfaces/environment/path.sh
[1.511s] -- Up-to-date: /home/cc/ee106a/fa25/class/ee106a-ado/ros_workspaces/106AProject_Drone/ros2_aruco_ws/install/ros2_aruco_interfaces/share/ros2_aruco_interfaces/environment/path.dsv
[1.512s] -- Up-to-date: /home/cc/ee106a/fa25/class/ee106a-ado/ros_workspaces/106AProject_Drone/ros2_aruco_ws/install/ros2_aruco_interfaces/share/ros2_aruco_interfaces/local_setup.bash
[1.512s] -- Up-to-date: /home/cc/ee106a/fa25/class/ee106a-ado/ros_workspaces/106AProject_Drone/ros2_aruco_ws/install/ros2_aruco_interfaces/share/ros2_aruco_interfaces/local_setup.sh
[1.513s] -- Up-to-date: /home/cc/ee106a/fa25/class/ee106a-ado/ros_workspaces/106AProject_Drone/ros2_aruco_ws/install/ros2_aruco_interfaces/share/ros2_aruco_interfaces/local_setup.zsh
[1.514s] -- Up-to-date: /home/cc/ee106a/fa25/class/ee106a-ado/ros_workspaces/106AProject_Drone/ros2_aruco_ws/install/ros2_aruco_interfaces/share/ros2_aruco_interfaces/local_setup.dsv
[1.516s] -- Installing: /home/cc/ee106a/fa25/class/ee106a-ado/ros_workspaces/106AProject_Drone/ros2_aruco_ws/install/ros2_aruco_interfaces/share/ros2_aruco_interfaces/package.dsv
[1.522s] -- Up-to-date: /home/cc/ee106a/fa25/class/ee106a-ado/ros_workspaces/106AProject_Drone/ros2_aruco_ws/install/ros2_aruco_interfaces/share/ament_index/resource_index/packages/ros2_aruco_interfaces
[1.527s] -- Up-to-date: /home/cc/ee106a/fa25/class/ee106a-ado/ros_workspaces/106AProject_Drone/ros2_aruco_ws/install/ros2_aruco_interfaces/share/ros2_aruco_interfaces/cmake/export_ros2_aruco_interfaces__rosidl_generator_cExport.cmake
[1.528s] -- Up-to-date: /home/cc/ee106a/fa25/class/ee106a-ado/ros_workspaces/106AProject_Drone/ros2_aruco_ws/install/ros2_aruco_interfaces/share/ros2_aruco_interfaces/cmake/export_ros2_aruco_interfaces__rosidl_generator_cExport-noconfig.cmake
[1.532s] -- Up-to-date: /home/cc/ee106a/fa25/class/ee106a-ado/ros_workspaces/106AProject_Drone/ros2_aruco_ws/install/ros2_aruco_interfaces/share/ros2_aruco_interfaces/cmake/export_ros2_aruco_interfaces__rosidl_typesupport_fastrtps_cExport.cmake
[1.534s] -- Up-to-date: /home/cc/ee106a/fa25/class/ee106a-ado/ros_workspaces/106AProject_Drone/ros2_aruco_ws/install/ros2_aruco_interfaces/share/ros2_aruco_interfaces/cmake/export_ros2_aruco_interfaces__rosidl_typesupport_fastrtps_cExport-noconfig.cmake
[1.538s] -- Up-to-date: /home/cc/ee106a/fa25/class/ee106a-ado/ros_workspaces/106AProject_Drone/ros2_aruco_ws/install/ros2_aruco_interfaces/share/ros2_aruco_interfaces/cmake/export_ros2_aruco_interfaces__rosidl_generator_cppExport.cmake
[1.541s] -- Up-to-date: /home/cc/ee106a/fa25/class/ee106a-ado/ros_workspaces/106AProject_Drone/ros2_aruco_ws/install/ros2_aruco_interfaces/share/ros2_aruco_interfaces/cmake/export_ros2_aruco_interfaces__rosidl_typesupport_fastrtps_cppExport.cmake
[1.543s] -- Up-to-date: /home/cc/ee106a/fa25/class/ee106a-ado/ros_workspaces/106AProject_Drone/ros2_aruco_ws/install/ros2_aruco_interfaces/share/ros2_aruco_interfaces/cmake/export_ros2_aruco_interfaces__rosidl_typesupport_fastrtps_cppExport-noconfig.cmake
[1.547s] -- Up-to-date: /home/cc/ee106a/fa25/class/ee106a-ado/ros_workspaces/106AProject_Drone/ros2_aruco_ws/install/ros2_aruco_interfaces/share/ros2_aruco_interfaces/cmake/ros2_aruco_interfaces__rosidl_typesupport_introspection_cExport.cmake
[1.548s] -- Up-to-date: /home/cc/ee106a/fa25/class/ee106a-ado/ros_workspaces/106AProject_Drone/ros2_aruco_ws/install/ros2_aruco_interfaces/share/ros2_aruco_interfaces/cmake/ros2_aruco_interfaces__rosidl_typesupport_introspection_cExport-noconfig.cmake
[1.551s] -- Up-to-date: /home/cc/ee106a/fa25/class/ee106a-ado/ros_workspaces/106AProject_Drone/ros2_aruco_ws/install/ros2_aruco_interfaces/share/ros2_aruco_interfaces/cmake/ros2_aruco_interfaces__rosidl_typesupport_cExport.cmake
[1.552s] -- Up-to-date: /home/cc/ee106a/fa25/class/ee106a-ado/ros_workspaces/106AProject_Drone/ros2_aruco_ws/install/ros2_aruco_interfaces/share/ros2_aruco_interfaces/cmake/ros2_aruco_interfaces__rosidl_typesupport_cExport-noconfig.cmake
[1.558s] -- Up-to-date: /home/cc/ee106a/fa25/class/ee106a-ado/ros_workspaces/106AProject_Drone/ros2_aruco_ws/install/ros2_aruco_interfaces/share/ros2_aruco_interfaces/cmake/ros2_aruco_interfaces__rosidl_typesupport_introspection_cppExport.cmake
[1.558s] -- Up-to-date: /home/cc/ee106a/fa25/class/ee106a-ado/ros_workspaces/106AProject_Drone/ros2_aruco_ws/install/ros2_aruco_interfaces/share/ros2_aruco_interfaces/cmake/ros2_aruco_interfaces__rosidl_typesupport_introspection_cppExport-noconfig.cmake
[1.560s] -- Up-to-date: /home/cc/ee106a/fa25/class/ee106a-ado/ros_workspaces/106AProject_Drone/ros2_aruco_ws/install/ros2_aruco_interfaces/share/ros2_aruco_interfaces/cmake/ros2_aruco_interfaces__rosidl_typesupport_cppExport.cmake
[1.562s] -- Up-to-date: /home/cc/ee106a/fa25/class/ee106a-ado/ros_workspaces/106AProject_Drone/ros2_aruco_ws/install/ros2_aruco_interfaces/share/ros2_aruco_interfaces/cmake/ros2_aruco_interfaces__rosidl_typesupport_cppExport-noconfig.cmake
[1.565s] -- Up-to-date: /home/cc/ee106a/fa25/class/ee106a-ado/ros_workspaces/106AProject_Drone/ros2_aruco_ws/install/ros2_aruco_interfaces/share/ros2_aruco_interfaces/cmake/export_ros2_aruco_interfaces__rosidl_generator_pyExport.cmake
[1.567s] -- Up-to-date: /home/cc/ee106a/fa25/class/ee106a-ado/ros_workspaces/106AProject_Drone/ros2_aruco_ws/install/ros2_aruco_interfaces/share/ros2_aruco_interfaces/cmake/export_ros2_aruco_interfaces__rosidl_generator_pyExport-noconfig.cmake
[1.567s] -- Up-to-date: /home/cc/ee106a/fa25/class/ee106a-ado/ros_workspaces/106AProject_Drone/ros2_aruco_ws/install/ros2_aruco_interfaces/share/ros2_aruco_interfaces/cmake/rosidl_cmake-extras.cmake
[1.568s] -- Up-to-date: /home/cc/ee106a/fa25/class/ee106a-ado/ros_workspaces/106AProject_Drone/ros2_aruco_ws/install/ros2_aruco_interfaces/share/ros2_aruco_interfaces/cmake/ament_cmake_export_dependencies-extras.cmake
[1.569s] -- Up-to-date: /home/cc/ee106a/fa25/class/ee106a-ado/ros_workspaces/106AProject_Drone/ros2_aruco_ws/install/ros2_aruco_interfaces/share/ros2_aruco_interfaces/cmake/ament_cmake_export_include_directories-extras.cmake
[1.569s] -- Up-to-date: /home/cc/ee106a/fa25/class/ee106a-ado/ros_workspaces/106AProject_Drone/ros2_aruco_ws/install/ros2_aruco_interfaces/share/ros2_aruco_interfaces/cmake/ament_cmake_export_libraries-extras.cmake
[1.570s] -- Up-to-date: /home/cc/ee106a/fa25/class/ee106a-ado/ros_workspaces/106AProject_Drone/ros2_aruco_ws/install/ros2_aruco_interfaces/share/ros2_aruco_interfaces/cmake/ament_cmake_export_targets-extras.cmake
[1.572s] -- Up-to-date: /home/cc/ee106a/fa25/class/ee106a-ado/ros_workspaces/106AProject_Drone/ros2_aruco_ws/install/ros2_aruco_interfaces/share/ros2_aruco_interfaces/cmake/rosidl_cmake_export_typesupport_targets-extras.cmake
[1.572s] -- Up-to-date: /home/cc/ee106a/fa25/class/ee106a-ado/ros_workspaces/106AProject_Drone/ros2_aruco_ws/install/ros2_aruco_interfaces/share/ros2_aruco_interfaces/cmake/rosidl_cmake_export_typesupport_libraries-extras.cmake
[1.573s] -- Up-to-date: /home/cc/ee106a/fa25/class/ee106a-ado/ros_workspaces/106AProject_Drone/ros2_aruco_ws/install/ros2_aruco_interfaces/share/ros2_aruco_interfaces/cmake/ros2_aruco_interfacesConfig.cmake
[1.574s] -- Up-to-date: /home/cc/ee106a/fa25/class/ee106a-ado/ros_workspaces/106AProject_Drone/ros2_aruco_ws/install/ros2_aruco_interfaces/share/ros2_aruco_interfaces/cmake/ros2_aruco_interfacesConfig-version.cmake
[1.575s] -- Up-to-date: /home/cc/ee106a/fa25/class/ee106a-ado/ros_workspaces/106AProject_Drone/ros2_aruco_ws/install/ros2_aruco_interfaces/share/ros2_aruco_interfaces/package.xml
[1.596s] Invoked command in '/home/cc/ee106a/fa25/class/ee106a-ado/ros_workspaces/106AProject_Drone/ros2_aruco_ws/build/ros2_aruco_interfaces' returned '0': CMAKE_PREFIX_PATH=${CMAKE_PREFIX_PATH}:/home/cc/ee106a/fa25/class/ee106a-ado/ros_workspaces/106AProject_Drone/ros2_aruco_ws/install/ros2_aruco:/home/cc/ee106a/fa25/class/ee106a-ado/ros_workspaces/106AProject_Drone/ros2_aruco_ws/install/my_aruco_detector:/home/cc/ee106a/fa25/class/ee106a-ado/ros_workspaces/106AProject_Drone/install/ros2_aruco:/home/cc/ee106a/fa25/class/ee106a-ado/ros_workspaces/106AProject_Drone/install/my_aruco_detector:/opt/ros/turtlebot3_ws/install/turtlebot3_teleop:/opt/ros/turtlebot3_ws/install/turtlebot3_example:/opt/ros/humble /usr/bin/cmake --install /home/cc/ee106a/fa25/class/ee106a-ado/ros_workspaces/106AProject_Drone/ros2_aruco_ws/build/ros2_aruco_interfaces
