[0.374s] Invoking command in '/home/hieu/Documents/106AProject_Drone/build/usb_cam': CMAKE_PREFIX_PATH=${CMAKE_PREFIX_PATH}:/home/hieu/Documents/106AProject_Drone/install/ros2_aruco:/home/hieu/Documents/106AProject_Drone/install/my_aruco_detector:/opt/ros/humble /usr/bin/cmake /home/hieu/Documents/106AProject_Drone/ros2_aruco_ws/src/usb_cam -DCMAKE_INSTALL_PREFIX=/home/hieu/Documents/106AProject_Drone/install/usb_cam
[0.420s] -- The C compiler identification is GNU 11.4.0
[0.477s] -- The CXX compiler identification is GNU 11.4.0
[0.483s] -- Detecting C compiler ABI info
[0.544s] -- Detecting C compiler ABI info - done
[0.550s] -- Check for working C compiler: /usr/bin/cc - skipped
[0.551s] -- Detecting C compile features
[0.551s] -- Detecting C compile features - done
[0.553s] -- Detecting CXX compiler ABI info
[0.626s] -- Detecting CXX compiler ABI info - done
[0.633s] -- Check for working CXX compiler: /usr/bin/c++ - skipped
[0.633s] -- Detecting CXX compile features
[0.633s] -- Detecting CXX compile features - done
[0.635s] -- Found ament_cmake_auto: 1.3.12 (/opt/ros/humble/share/ament_cmake_auto/cmake)
[0.784s] -- Found Python3: /usr/bin/python3 (found version "3.10.12") found components: Interpreter 
[0.977s] -- Found rosidl_generator_c: 3.1.7 (/opt/ros/humble/share/rosidl_generator_c/cmake)
[0.982s] -- Found rosidl_adapter: 3.1.7 (/opt/ros/humble/share/rosidl_adapter/cmake)
[0.989s] -- Found rosidl_generator_cpp: 3.1.7 (/opt/ros/humble/share/rosidl_generator_cpp/cmake)
[0.999s] -- Using all available rosidl_typesupport_c: rosidl_typesupport_fastrtps_c;rosidl_typesupport_introspection_c
[1.013s] -- Using all available rosidl_typesupport_cpp: rosidl_typesupport_fastrtps_cpp;rosidl_typesupport_introspection_cpp
[1.051s] -- Found rmw_implementation_cmake: 6.1.2 (/opt/ros/humble/share/rmw_implementation_cmake/cmake)
[1.053s] -- Found rmw_fastrtps_cpp: 6.2.9 (/opt/ros/humble/share/rmw_fastrtps_cpp/cmake)
[1.143s] -- Found OpenSSL: /usr/lib/x86_64-linux-gnu/libcrypto.so (found version "3.0.2")  
[1.171s] -- Found FastRTPS: /opt/ros/humble/include  
[1.208s] -- Using RMW implementation 'rmw_fastrtps_cpp' as default
[1.215s] -- Looking for pthread.h
[1.278s] -- Looking for pthread.h - found
[1.278s] -- Performing Test CMAKE_HAVE_LIBC_PTHREAD
[1.343s] -- Performing Test CMAKE_HAVE_LIBC_PTHREAD - Success
[1.345s] -- Found Threads: TRUE  
[1.553s] -- Found OpenCV: /usr (found version "4.5.4") 
[1.558s] -- Found PkgConfig: /usr/bin/pkg-config (found version "0.29.2") 
[1.558s] -- Checking for module 'libavcodec'
[1.576s] --   Found libavcodec, version 58.134.100
[1.618s] -- Checking for module 'libavutil'
[1.638s] --   Found libavutil, version 56.70.100
[1.689s] -- Checking for module 'libswscale'
[1.711s] --   Found libswscale, version 5.9.100
[1.777s] -- Found ament_lint_auto: 0.12.14 (/opt/ros/humble/share/ament_lint_auto/cmake)
[1.805s] -- Found gtest sources under '/opt/ros/humble/src/gtest_vendor': C++ tests using 'Google Test' will be built
[1.811s] [0mIn this package, headers install destination is set to `include` by ament_auto_package. It is recommended to install `include/usb_cam` instead and will be the default behavior of ament_auto_package from ROS 2 Kilted Kaiju. On distributions before Kilted, ament_auto_package behaves the same way when you use USE_SCOPED_HEADER_INSTALL_DIR option.[0m
[1.814s] -- Added test 'copyright' to check source files copyright and LICENSE
[1.817s] -- Added test 'cppcheck' to perform static code analysis on C / C++ code
[1.817s] -- Configured cppcheck include dirs: /home/hieu/Documents/106AProject_Drone/ros2_aruco_ws/src/usb_cam/include
[1.818s] -- Configured cppcheck exclude dirs and/or files: 
[1.821s] -- Added test 'cpplint' to check C / C++ code against the Google style
[1.821s] -- Configured cpplint exclude dirs and/or files: 
[1.822s] -- Added test 'flake8' to check Python code syntax and style conventions
[1.823s] -- Added test 'lint_cmake' to check CMake code style
[1.824s] -- Added test 'pep257' to check Python code against some of the docstring style conventions in PEP 257
[1.827s] -- Added test 'uncrustify' to check C / C++ code style
[1.827s] -- Configured uncrustify additional arguments: 
[1.828s] -- Added test 'xmllint' to check XML markup files
[1.830s] -- Configuring done
[1.857s] -- Generating done
[1.866s] -- Build files have been written to: /home/hieu/Documents/106AProject_Drone/build/usb_cam
[1.874s] Invoked command in '/home/hieu/Documents/106AProject_Drone/build/usb_cam' returned '0': CMAKE_PREFIX_PATH=${CMAKE_PREFIX_PATH}:/home/hieu/Documents/106AProject_Drone/install/ros2_aruco:/home/hieu/Documents/106AProject_Drone/install/my_aruco_detector:/opt/ros/humble /usr/bin/cmake /home/hieu/Documents/106AProject_Drone/ros2_aruco_ws/src/usb_cam -DCMAKE_INSTALL_PREFIX=/home/hieu/Documents/106AProject_Drone/install/usb_cam
[1.876s] Invoking command in '/home/hieu/Documents/106AProject_Drone/build/usb_cam': CMAKE_PREFIX_PATH=${CMAKE_PREFIX_PATH}:/home/hieu/Documents/106AProject_Drone/install/ros2_aruco:/home/hieu/Documents/106AProject_Drone/install/my_aruco_detector:/opt/ros/humble /usr/bin/cmake --build /home/hieu/Documents/106AProject_Drone/build/usb_cam -- -j12 -l12
[1.924s] [ 14%] [32mBuilding CXX object CMakeFiles/usb_cam.dir/src/usb_cam.cpp.o[0m
[1.924s] [ 14%] [32mBuilding CXX object CMakeFiles/usb_cam_node_exe.dir/rclcpp_components/node_main_usb_cam_node_exe.cpp.o[0m
[1.924s] [ 21%] [32mBuilding CXX object gtest/CMakeFiles/gtest_main.dir/src/gtest_main.cc.o[0m
[1.924s] [ 28%] [32mBuilding CXX object gtest/CMakeFiles/gtest.dir/src/gtest-all.cc.o[0m
[2.583s] [ 35%] [32m[1mLinking CXX static library libgtest_main.a[0m
[2.612s] [ 35%] Built target gtest_main
[3.283s] [ 42%] [32m[1mLinking CXX shared library libusb_cam.so[0m
[3.445s] [ 42%] Built target usb_cam
[3.464s] [ 50%] [32mBuilding CXX object CMakeFiles/usb_cam_node.dir/src/usb_cam_node.cpp.o[0m
[4.159s] [ 57%] [32m[1mLinking CXX static library libgtest.a[0m
[4.183s] [ 64%] [32m[1mLinking CXX executable usb_cam_node_exe[0m
[4.214s] [ 64%] Built target gtest
[4.233s] [ 78%] [32mBuilding CXX object CMakeFiles/test_pixel_formats.dir/test/test_pixel_formats.cpp.o[0m
[4.233s] [ 78%] [32mBuilding CXX object CMakeFiles/test_usb_cam_utils.dir/test/test_usb_cam_utils.cpp.o[0m
[4.334s] [ 78%] Built target usb_cam_node_exe
[5.189s] [ 85%] [32m[1mLinking CXX executable test_usb_cam_utils[0m
[5.368s] [ 85%] Built target test_usb_cam_utils
[5.386s] [ 92%] [32m[1mLinking CXX executable test_pixel_formats[0m
[5.549s] [ 92%] Built target test_pixel_formats
[8.930s] [100%] [32m[1mLinking CXX shared library libusb_cam_node.so[0m
[9.239s] [100%] Built target usb_cam_node
[9.249s] Invoked command in '/home/hieu/Documents/106AProject_Drone/build/usb_cam' returned '0': CMAKE_PREFIX_PATH=${CMAKE_PREFIX_PATH}:/home/hieu/Documents/106AProject_Drone/install/ros2_aruco:/home/hieu/Documents/106AProject_Drone/install/my_aruco_detector:/opt/ros/humble /usr/bin/cmake --build /home/hieu/Documents/106AProject_Drone/build/usb_cam -- -j12 -l12
[9.250s] Invoking command in '/home/hieu/Documents/106AProject_Drone/build/usb_cam': CMAKE_PREFIX_PATH=${CMAKE_PREFIX_PATH}:/home/hieu/Documents/106AProject_Drone/install/ros2_aruco:/home/hieu/Documents/106AProject_Drone/install/my_aruco_detector:/opt/ros/humble /usr/bin/cmake --install /home/hieu/Documents/106AProject_Drone/build/usb_cam
[9.258s] -- Install configuration: ""
[9.258s] -- Installing: /home/hieu/Documents/106AProject_Drone/install/usb_cam/share/usb_cam/environment/library_path.sh
[9.258s] -- Installing: /home/hieu/Documents/106AProject_Drone/install/usb_cam/share/usb_cam/environment/library_path.dsv
[9.259s] -- Installing: /home/hieu/Documents/106AProject_Drone/install/usb_cam/lib/usb_cam/usb_cam_node_exe
[9.259s] -- Set runtime path of "/home/hieu/Documents/106AProject_Drone/install/usb_cam/lib/usb_cam/usb_cam_node_exe" to ""
[9.259s] -- Installing: /home/hieu/Documents/106AProject_Drone/install/usb_cam/lib/usb_cam/show_image.py
[9.259s] -- Installing: /home/hieu/Documents/106AProject_Drone/install/usb_cam/lib/libusb_cam.so
[9.260s] -- Installing: /home/hieu/Documents/106AProject_Drone/install/usb_cam/lib/libusb_cam_node.so
[9.264s] -- Set runtime path of "/home/hieu/Documents/106AProject_Drone/install/usb_cam/lib/libusb_cam_node.so" to ""
[9.264s] -- Installing: /home/hieu/Documents/106AProject_Drone/install/usb_cam/include
[9.264s] -- Installing: /home/hieu/Documents/106AProject_Drone/install/usb_cam/include/usb_cam
[9.264s] -- Installing: /home/hieu/Documents/106AProject_Drone/install/usb_cam/include/usb_cam/formats
[9.265s] -- Installing: /home/hieu/Documents/106AProject_Drone/install/usb_cam/include/usb_cam/formats/rgb.hpp
[9.265s] -- Installing: /home/hieu/Documents/106AProject_Drone/install/usb_cam/include/usb_cam/formats/av_pixel_format_helper.hpp
[9.265s] -- Installing: /home/hieu/Documents/106AProject_Drone/install/usb_cam/include/usb_cam/formats/mono.hpp
[9.265s] -- Installing: /home/hieu/Documents/106AProject_Drone/install/usb_cam/include/usb_cam/formats/mjpeg.hpp
[9.265s] -- Installing: /home/hieu/Documents/106AProject_Drone/install/usb_cam/include/usb_cam/formats/yuyv.hpp
[9.265s] -- Installing: /home/hieu/Documents/106AProject_Drone/install/usb_cam/include/usb_cam/formats/utils.hpp
[9.265s] -- Installing: /home/hieu/Documents/106AProject_Drone/install/usb_cam/include/usb_cam/formats/uyvy.hpp
[9.265s] -- Installing: /home/hieu/Documents/106AProject_Drone/install/usb_cam/include/usb_cam/formats/pixel_format_base.hpp
[9.265s] -- Installing: /home/hieu/Documents/106AProject_Drone/install/usb_cam/include/usb_cam/formats/m420.hpp
[9.265s] -- Installing: /home/hieu/Documents/106AProject_Drone/install/usb_cam/include/usb_cam/usb_cam_node.hpp
[9.266s] -- Installing: /home/hieu/Documents/106AProject_Drone/install/usb_cam/include/usb_cam/usb_cam.hpp
[9.266s] -- Installing: /home/hieu/Documents/106AProject_Drone/install/usb_cam/include/usb_cam/utils.hpp
[9.266s] -- Installing: /home/hieu/Documents/106AProject_Drone/install/usb_cam/include/usb_cam/conversions.hpp
[9.266s] -- Installing: /home/hieu/Documents/106AProject_Drone/install/usb_cam/include/usb_cam/constants.hpp
[9.266s] -- Up-to-date: /home/hieu/Documents/106AProject_Drone/install/usb_cam/lib/libusb_cam_node.so
[9.266s] -- Installing: /home/hieu/Documents/106AProject_Drone/install/usb_cam/share/usb_cam/launch
[9.266s] -- Installing: /home/hieu/Documents/106AProject_Drone/install/usb_cam/share/usb_cam/launch/camera.launch.py
[9.267s] -- Installing: /home/hieu/Documents/106AProject_Drone/install/usb_cam/share/usb_cam/launch/__init__.py
[9.267s] -- Installing: /home/hieu/Documents/106AProject_Drone/install/usb_cam/share/usb_cam/launch/camera_config.py
[9.267s] -- Installing: /home/hieu/Documents/106AProject_Drone/install/usb_cam/share/usb_cam/config
[9.267s] -- Installing: /home/hieu/Documents/106AProject_Drone/install/usb_cam/share/usb_cam/config/params_1.yaml
[9.267s] -- Installing: /home/hieu/Documents/106AProject_Drone/install/usb_cam/share/usb_cam/config/params_2.yaml
[9.267s] -- Installing: /home/hieu/Documents/106AProject_Drone/install/usb_cam/share/usb_cam/config/camera_info.yaml
[9.267s] -- Installing: /home/hieu/Documents/106AProject_Drone/install/usb_cam/share/ament_index/resource_index/package_run_dependencies/usb_cam
[9.267s] -- Installing: /home/hieu/Documents/106AProject_Drone/install/usb_cam/share/ament_index/resource_index/parent_prefix_path/usb_cam
[9.268s] -- Installing: /home/hieu/Documents/106AProject_Drone/install/usb_cam/share/usb_cam/environment/ament_prefix_path.sh
[9.268s] -- Installing: /home/hieu/Documents/106AProject_Drone/install/usb_cam/share/usb_cam/environment/ament_prefix_path.dsv
[9.268s] -- Installing: /home/hieu/Documents/106AProject_Drone/install/usb_cam/share/usb_cam/environment/path.sh
[9.268s] -- Installing: /home/hieu/Documents/106AProject_Drone/install/usb_cam/share/usb_cam/environment/path.dsv
[9.268s] -- Installing: /home/hieu/Documents/106AProject_Drone/install/usb_cam/share/usb_cam/local_setup.bash
[9.268s] -- Installing: /home/hieu/Documents/106AProject_Drone/install/usb_cam/share/usb_cam/local_setup.sh
[9.268s] -- Installing: /home/hieu/Documents/106AProject_Drone/install/usb_cam/share/usb_cam/local_setup.zsh
[9.269s] -- Installing: /home/hieu/Documents/106AProject_Drone/install/usb_cam/share/usb_cam/local_setup.dsv
[9.269s] -- Installing: /home/hieu/Documents/106AProject_Drone/install/usb_cam/share/usb_cam/package.dsv
[9.269s] -- Installing: /home/hieu/Documents/106AProject_Drone/install/usb_cam/share/ament_index/resource_index/packages/usb_cam
[9.269s] -- Installing: /home/hieu/Documents/106AProject_Drone/install/usb_cam/share/ament_index/resource_index/rclcpp_components/usb_cam
[9.269s] -- Installing: /home/hieu/Documents/106AProject_Drone/install/usb_cam/share/usb_cam/cmake/ament_cmake_export_libraries-extras.cmake
[9.269s] -- Installing: /home/hieu/Documents/106AProject_Drone/install/usb_cam/share/usb_cam/cmake/ament_cmake_export_dependencies-extras.cmake
[9.269s] -- Installing: /home/hieu/Documents/106AProject_Drone/install/usb_cam/share/usb_cam/cmake/ament_cmake_export_include_directories-extras.cmake
[9.270s] -- Installing: /home/hieu/Documents/106AProject_Drone/install/usb_cam/share/usb_cam/cmake/usb_camConfig.cmake
[9.270s] -- Installing: /home/hieu/Documents/106AProject_Drone/install/usb_cam/share/usb_cam/cmake/usb_camConfig-version.cmake
[9.270s] -- Installing: /home/hieu/Documents/106AProject_Drone/install/usb_cam/share/usb_cam/package.xml
[9.272s] Invoked command in '/home/hieu/Documents/106AProject_Drone/build/usb_cam' returned '0': CMAKE_PREFIX_PATH=${CMAKE_PREFIX_PATH}:/home/hieu/Documents/106AProject_Drone/install/ros2_aruco:/home/hieu/Documents/106AProject_Drone/install/my_aruco_detector:/opt/ros/humble /usr/bin/cmake --install /home/hieu/Documents/106AProject_Drone/build/usb_cam
