[0.865s] Invoking command in '/home/hieu-hoang/106AProject_Drone/ros2_aruco_ws/src/ros2_aruco/ros2_aruco': DEBUGINFOD_URLS=https://debuginfod.ubuntu.com PS1=\[\e]0;\u@\h: \w\a\]${debian_chroot:+($debian_chroot)}\[\033[01;32m\]\u@\h\[\033[00m\]:\[\033[01;34m\]\w\[\033[00m\]\$ PYTHONPATH=/home/hieu-hoang/106AProject_Drone/ros2_aruco_ws/build/ros2_aruco/prefix_override:/usr/lib/python3/dist-packages/colcon_core/task/python/colcon_distutils_commands:/home/hieu-hoang/106AProject_Drone/ros2_aruco_ws/install/ros2_aruco/lib/python3.12/site-packages:${PYTHONPATH} /usr/bin/python3 -W ignore:setup.py install is deprecated -W ignore:easy_install command is deprecated setup.py egg_info --egg-base ../../../build/ros2_aruco build --build-base /home/hieu-hoang/106AProject_Drone/ros2_aruco_ws/build/ros2_aruco/build install --record /home/hieu-hoang/106AProject_Drone/ros2_aruco_ws/build/ros2_aruco/install.log --single-version-externally-managed install_data
[1.081s] running egg_info
[1.097s] writing ../../../build/ros2_aruco/ros2_aruco.egg-info/PKG-INFO
[1.098s] writing dependency_links to ../../../build/ros2_aruco/ros2_aruco.egg-info/dependency_links.txt
[1.098s] writing entry points to ../../../build/ros2_aruco/ros2_aruco.egg-info/entry_points.txt
[1.098s] writing requirements to ../../../build/ros2_aruco/ros2_aruco.egg-info/requires.txt
[1.098s] writing top-level names to ../../../build/ros2_aruco/ros2_aruco.egg-info/top_level.txt
[1.135s] reading manifest file '../../../build/ros2_aruco/ros2_aruco.egg-info/SOURCES.txt'
[1.135s] writing manifest file '../../../build/ros2_aruco/ros2_aruco.egg-info/SOURCES.txt'
[1.135s] running build
[1.135s] running build_py
[1.136s] running install
[1.141s] running install_lib
[1.158s] running install_data
[1.158s] running install_egg_info
[1.175s] removing '/home/hieu-hoang/106AProject_Drone/ros2_aruco_ws/install/ros2_aruco/lib/python3.12/site-packages/ros2_aruco-0.1.0-py3.12.egg-info' (and everything under it)
[1.175s] Copying ../../../build/ros2_aruco/ros2_aruco.egg-info to /home/hieu-hoang/106AProject_Drone/ros2_aruco_ws/install/ros2_aruco/lib/python3.12/site-packages/ros2_aruco-0.1.0-py3.12.egg-info
[1.176s] running install_scripts
[1.285s] Installing aruco_generate_marker script to /home/hieu-hoang/106AProject_Drone/ros2_aruco_ws/install/ros2_aruco/lib/ros2_aruco
[1.285s] Installing aruco_node script to /home/hieu-hoang/106AProject_Drone/ros2_aruco_ws/install/ros2_aruco/lib/ros2_aruco
[1.286s] writing list of installed files to '/home/hieu-hoang/106AProject_Drone/ros2_aruco_ws/build/ros2_aruco/install.log'
[1.309s] Invoked command in '/home/hieu-hoang/106AProject_Drone/ros2_aruco_ws/src/ros2_aruco/ros2_aruco' returned '0': DEBUGINFOD_URLS=https://debuginfod.ubuntu.com PS1=\[\e]0;\u@\h: \w\a\]${debian_chroot:+($debian_chroot)}\[\033[01;32m\]\u@\h\[\033[00m\]:\[\033[01;34m\]\w\[\033[00m\]\$ PYTHONPATH=/home/hieu-hoang/106AProject_Drone/ros2_aruco_ws/build/ros2_aruco/prefix_override:/usr/lib/python3/dist-packages/colcon_core/task/python/colcon_distutils_commands:/home/hieu-hoang/106AProject_Drone/ros2_aruco_ws/install/ros2_aruco/lib/python3.12/site-packages:${PYTHONPATH} /usr/bin/python3 -W ignore:setup.py install is deprecated -W ignore:easy_install command is deprecated setup.py egg_info --egg-base ../../../build/ros2_aruco build --build-base /home/hieu-hoang/106AProject_Drone/ros2_aruco_ws/build/ros2_aruco/build install --record /home/hieu-hoang/106AProject_Drone/ros2_aruco_ws/build/ros2_aruco/install.log --single-version-externally-managed install_data
