[0.496s] Invoking command in '/home/cc/ee106a/fa25/class/ee106a-ado/ros_workspaces/106AProject_Drone/build/ros2_aruco_interfaces': CMAKE_PREFIX_PATH=${CMAKE_PREFIX_PATH}:/opt/ros/turtlebot3_ws/install/turtlebot3_teleop:/opt/ros/turtlebot3_ws/install/turtlebot3_example:/opt/ros/humble /usr/bin/cmake --build /home/cc/ee106a/fa25/class/ee106a-ado/ros_workspaces/106AProject_Drone/build/ros2_aruco_interfaces -- -j32 -l32
[0.659s] [35m[1mConsolidate compiler generated dependencies of target ros2_aruco_interfaces__rosidl_generator_c[0m
[0.662s] [  3%] Built target ros2_aruco_interfaces__cpp
[0.712s] [35m[1mConsolidate compiler generated dependencies of target ros2_aruco_interfaces__rosidl_typesupport_cpp[0m
[0.713s] [35m[1mConsolidate compiler generated dependencies of target ros2_aruco_interfaces__rosidl_typesupport_fastrtps_cpp[0m
[0.720s] [35m[1mConsolidate compiler generated dependencies of target ros2_aruco_interfaces__rosidl_typesupport_introspection_cpp[0m
[0.738s] [ 12%] Built target ros2_aruco_interfaces__rosidl_generator_c
[0.781s] [ 29%] Built target ros2_aruco_interfaces__rosidl_typesupport_cpp
[0.783s] [ 32%] Built target ros2_aruco_interfaces__rosidl_typesupport_fastrtps_cpp
[0.790s] [ 41%] Built target ros2_aruco_interfaces__rosidl_typesupport_introspection_cpp
[0.800s] [35m[1mConsolidate compiler generated dependencies of target ros2_aruco_interfaces__rosidl_typesupport_fastrtps_c[0m
[0.800s] [35m[1mConsolidate compiler generated dependencies of target ros2_aruco_interfaces__rosidl_typesupport_c[0m
[0.801s] [35m[1mConsolidate compiler generated dependencies of target ros2_aruco_interfaces__rosidl_typesupport_introspection_c[0m
[0.847s] [ 41%] Built target ament_cmake_python_copy_ros2_aruco_interfaces
[0.864s] [ 64%] Built target ros2_aruco_interfaces__rosidl_typesupport_c
[0.864s] [ 64%] Built target ros2_aruco_interfaces__rosidl_typesupport_introspection_c
[0.872s] [ 70%] Built target ros2_aruco_interfaces__rosidl_typesupport_fastrtps_c
[0.911s] [ 70%] Built target ros2_aruco_interfaces
[0.943s] [ 74%] Built target ros2_aruco_interfaces__py
[0.963s] [35m[1mConsolidate compiler generated dependencies of target ros2_aruco_interfaces__rosidl_generator_py[0m
[1.001s] [ 80%] Built target ros2_aruco_interfaces__rosidl_generator_py
[1.039s] [35m[1mConsolidate compiler generated dependencies of target ros2_aruco_interfaces__rosidl_typesupport_fastrtps_c__pyext[0m
[1.042s] [35m[1mConsolidate compiler generated dependencies of target ros2_aruco_interfaces__rosidl_typesupport_c__pyext[0m
[1.043s] [35m[1mConsolidate compiler generated dependencies of target ros2_aruco_interfaces__rosidl_typesupport_introspection_c__pyext[0m
[1.078s] [ 90%] Built target ros2_aruco_interfaces__rosidl_typesupport_fastrtps_c__pyext
[1.084s] [100%] Built target ros2_aruco_interfaces__rosidl_typesupport_c__pyext
[1.084s] [100%] Built target ros2_aruco_interfaces__rosidl_typesupport_introspection_c__pyext
[1.098s] running egg_info
[1.099s] writing ros2_aruco_interfaces.egg-info/PKG-INFO
[1.101s] writing dependency_links to ros2_aruco_interfaces.egg-info/dependency_links.txt
[1.105s] writing top-level names to ros2_aruco_interfaces.egg-info/top_level.txt
[1.115s] reading manifest file 'ros2_aruco_interfaces.egg-info/SOURCES.txt'
[1.117s] writing manifest file 'ros2_aruco_interfaces.egg-info/SOURCES.txt'
[1.141s] [100%] Built target ament_cmake_python_build_ros2_aruco_interfaces_egg
[1.177s] Invoked command in '/home/cc/ee106a/fa25/class/ee106a-ado/ros_workspaces/106AProject_Drone/build/ros2_aruco_interfaces' returned '0': CMAKE_PREFIX_PATH=${CMAKE_PREFIX_PATH}:/opt/ros/turtlebot3_ws/install/turtlebot3_teleop:/opt/ros/turtlebot3_ws/install/turtlebot3_example:/opt/ros/humble /usr/bin/cmake --build /home/cc/ee106a/fa25/class/ee106a-ado/ros_workspaces/106AProject_Drone/build/ros2_aruco_interfaces -- -j32 -l32
[1.182s] Invoking command in '/home/cc/ee106a/fa25/class/ee106a-ado/ros_workspaces/106AProject_Drone/build/ros2_aruco_interfaces': CMAKE_PREFIX_PATH=${CMAKE_PREFIX_PATH}:/opt/ros/turtlebot3_ws/install/turtlebot3_teleop:/opt/ros/turtlebot3_ws/install/turtlebot3_example:/opt/ros/humble /usr/bin/cmake --install /home/cc/ee106a/fa25/class/ee106a-ado/ros_workspaces/106AProject_Drone/build/ros2_aruco_interfaces
[1.196s] -- Install configuration: ""
[1.199s] -- Up-to-date: /home/cc/ee106a/fa25/class/ee106a-ado/ros_workspaces/106AProject_Drone/install/ros2_aruco_interfaces/share/ament_index/resource_index/rosidl_interfaces/ros2_aruco_interfaces
[1.201s] -- Up-to-date: /home/cc/ee106a/fa25/class/ee106a-ado/ros_workspaces/106AProject_Drone/install/ros2_aruco_interfaces/include/ros2_aruco_interfaces/ros2_aruco_interfaces
[1.202s] -- Up-to-date: /home/cc/ee106a/fa25/class/ee106a-ado/ros_workspaces/106AProject_Drone/install/ros2_aruco_interfaces/include/ros2_aruco_interfaces/ros2_aruco_interfaces/msg
[1.204s] -- Up-to-date: /home/cc/ee106a/fa25/class/ee106a-ado/ros_workspaces/106AProject_Drone/install/ros2_aruco_interfaces/include/ros2_aruco_interfaces/ros2_aruco_interfaces/msg/aruco_markers.h
[1.204s] -- Up-to-date: /home/cc/ee106a/fa25/class/ee106a-ado/ros_workspaces/106AProject_Drone/install/ros2_aruco_interfaces/include/ros2_aruco_interfaces/ros2_aruco_interfaces/msg/rosidl_generator_c__visibility_control.h
[1.205s] -- Up-to-date: /home/cc/ee106a/fa25/class/ee106a-ado/ros_workspaces/106AProject_Drone/install/ros2_aruco_interfaces/include/ros2_aruco_interfaces/ros2_aruco_interfaces/msg/detail
[1.206s] -- Up-to-date: /home/cc/ee106a/fa25/class/ee106a-ado/ros_workspaces/106AProject_Drone/install/ros2_aruco_interfaces/include/ros2_aruco_interfaces/ros2_aruco_interfaces/msg/detail/aruco_markers__functions.c
[1.207s] -- Up-to-date: /home/cc/ee106a/fa25/class/ee106a-ado/ros_workspaces/106AProject_Drone/install/ros2_aruco_interfaces/include/ros2_aruco_interfaces/ros2_aruco_interfaces/msg/detail/aruco_markers__functions.h
[1.208s] -- Up-to-date: /home/cc/ee106a/fa25/class/ee106a-ado/ros_workspaces/106AProject_Drone/install/ros2_aruco_interfaces/include/ros2_aruco_interfaces/ros2_aruco_interfaces/msg/detail/aruco_markers__struct.h
[1.208s] -- Up-to-date: /home/cc/ee106a/fa25/class/ee106a-ado/ros_workspaces/106AProject_Drone/install/ros2_aruco_interfaces/include/ros2_aruco_interfaces/ros2_aruco_interfaces/msg/detail/aruco_markers__type_support.h
[1.210s] -- Up-to-date: /home/cc/ee106a/fa25/class/ee106a-ado/ros_workspaces/106AProject_Drone/install/ros2_aruco_interfaces/share/ros2_aruco_interfaces/environment/library_path.sh
[1.211s] -- Up-to-date: /home/cc/ee106a/fa25/class/ee106a-ado/ros_workspaces/106AProject_Drone/install/ros2_aruco_interfaces/share/ros2_aruco_interfaces/environment/library_path.dsv
[1.232s] -- Up-to-date: /home/cc/ee106a/fa25/class/ee106a-ado/ros_workspaces/106AProject_Drone/install/ros2_aruco_interfaces/lib/libros2_aruco_interfaces__rosidl_generator_c.so
[1.235s] -- Up-to-date: /home/cc/ee106a/fa25/class/ee106a-ado/ros_workspaces/106AProject_Drone/install/ros2_aruco_interfaces/include/ros2_aruco_interfaces/ros2_aruco_interfaces
[1.237s] -- Up-to-date: /home/cc/ee106a/fa25/class/ee106a-ado/ros_workspaces/106AProject_Drone/install/ros2_aruco_interfaces/include/ros2_aruco_interfaces/ros2_aruco_interfaces/msg
[1.238s] -- Up-to-date: /home/cc/ee106a/fa25/class/ee106a-ado/ros_workspaces/106AProject_Drone/install/ros2_aruco_interfaces/include/ros2_aruco_interfaces/ros2_aruco_interfaces/msg/detail
[1.239s] -- Up-to-date: /home/cc/ee106a/fa25/class/ee106a-ado/ros_workspaces/106AProject_Drone/install/ros2_aruco_interfaces/include/ros2_aruco_interfaces/ros2_aruco_interfaces/msg/detail/aruco_markers__rosidl_typesupport_fastrtps_c.h
[1.240s] -- Up-to-date: /home/cc/ee106a/fa25/class/ee106a-ado/ros_workspaces/106AProject_Drone/install/ros2_aruco_interfaces/include/ros2_aruco_interfaces/ros2_aruco_interfaces/msg/rosidl_typesupport_fastrtps_c__visibility_control.h
[1.246s] -- Up-to-date: /home/cc/ee106a/fa25/class/ee106a-ado/ros_workspaces/106AProject_Drone/install/ros2_aruco_interfaces/lib/libros2_aruco_interfaces__rosidl_typesupport_fastrtps_c.so
[1.251s] -- Up-to-date: /home/cc/ee106a/fa25/class/ee106a-ado/ros_workspaces/106AProject_Drone/install/ros2_aruco_interfaces/include/ros2_aruco_interfaces/ros2_aruco_interfaces
[1.252s] -- Up-to-date: /home/cc/ee106a/fa25/class/ee106a-ado/ros_workspaces/106AProject_Drone/install/ros2_aruco_interfaces/include/ros2_aruco_interfaces/ros2_aruco_interfaces/msg
[1.254s] -- Up-to-date: /home/cc/ee106a/fa25/class/ee106a-ado/ros_workspaces/106AProject_Drone/install/ros2_aruco_interfaces/include/ros2_aruco_interfaces/ros2_aruco_interfaces/msg/aruco_markers.hpp
[1.254s] -- Up-to-date: /home/cc/ee106a/fa25/class/ee106a-ado/ros_workspaces/106AProject_Drone/install/ros2_aruco_interfaces/include/ros2_aruco_interfaces/ros2_aruco_interfaces/msg/rosidl_generator_cpp__visibility_control.hpp
[1.255s] -- Up-to-date: /home/cc/ee106a/fa25/class/ee106a-ado/ros_workspaces/106AProject_Drone/install/ros2_aruco_interfaces/include/ros2_aruco_interfaces/ros2_aruco_interfaces/msg/detail
[1.257s] -- Up-to-date: /home/cc/ee106a/fa25/class/ee106a-ado/ros_workspaces/106AProject_Drone/install/ros2_aruco_interfaces/include/ros2_aruco_interfaces/ros2_aruco_interfaces/msg/detail/aruco_markers__builder.hpp
[1.257s] -- Up-to-date: /home/cc/ee106a/fa25/class/ee106a-ado/ros_workspaces/106AProject_Drone/install/ros2_aruco_interfaces/include/ros2_aruco_interfaces/ros2_aruco_interfaces/msg/detail/aruco_markers__struct.hpp
[1.258s] -- Up-to-date: /home/cc/ee106a/fa25/class/ee106a-ado/ros_workspaces/106AProject_Drone/install/ros2_aruco_interfaces/include/ros2_aruco_interfaces/ros2_aruco_interfaces/msg/detail/aruco_markers__traits.hpp
[1.259s] -- Up-to-date: /home/cc/ee106a/fa25/class/ee106a-ado/ros_workspaces/106AProject_Drone/install/ros2_aruco_interfaces/include/ros2_aruco_interfaces/ros2_aruco_interfaces/msg/detail/aruco_markers__type_support.hpp
[1.260s] -- Up-to-date: /home/cc/ee106a/fa25/class/ee106a-ado/ros_workspaces/106AProject_Drone/install/ros2_aruco_interfaces/include/ros2_aruco_interfaces/ros2_aruco_interfaces
[1.261s] -- Up-to-date: /home/cc/ee106a/fa25/class/ee106a-ado/ros_workspaces/106AProject_Drone/install/ros2_aruco_interfaces/include/ros2_aruco_interfaces/ros2_aruco_interfaces/msg
[1.262s] -- Up-to-date: /home/cc/ee106a/fa25/class/ee106a-ado/ros_workspaces/106AProject_Drone/install/ros2_aruco_interfaces/include/ros2_aruco_interfaces/ros2_aruco_interfaces/msg/detail
[1.264s] -- Up-to-date: /home/cc/ee106a/fa25/class/ee106a-ado/ros_workspaces/106AProject_Drone/install/ros2_aruco_interfaces/include/ros2_aruco_interfaces/ros2_aruco_interfaces/msg/detail/aruco_markers__rosidl_typesupport_fastrtps_cpp.hpp
[1.265s] -- Up-to-date: /home/cc/ee106a/fa25/class/ee106a-ado/ros_workspaces/106AProject_Drone/install/ros2_aruco_interfaces/include/ros2_aruco_interfaces/ros2_aruco_interfaces/msg/detail/dds_fastrtps
[1.266s] -- Up-to-date: /home/cc/ee106a/fa25/class/ee106a-ado/ros_workspaces/106AProject_Drone/install/ros2_aruco_interfaces/include/ros2_aruco_interfaces/ros2_aruco_interfaces/msg/rosidl_typesupport_fastrtps_cpp__visibility_control.h
[1.287s] -- Up-to-date: /home/cc/ee106a/fa25/class/ee106a-ado/ros_workspaces/106AProject_Drone/install/ros2_aruco_interfaces/lib/libros2_aruco_interfaces__rosidl_typesupport_fastrtps_cpp.so
[1.290s] -- Up-to-date: /home/cc/ee106a/fa25/class/ee106a-ado/ros_workspaces/106AProject_Drone/install/ros2_aruco_interfaces/include/ros2_aruco_interfaces/ros2_aruco_interfaces
[1.291s] -- Up-to-date: /home/cc/ee106a/fa25/class/ee106a-ado/ros_workspaces/106AProject_Drone/install/ros2_aruco_interfaces/include/ros2_aruco_interfaces/ros2_aruco_interfaces/msg
[1.292s] -- Up-to-date: /home/cc/ee106a/fa25/class/ee106a-ado/ros_workspaces/106AProject_Drone/install/ros2_aruco_interfaces/include/ros2_aruco_interfaces/ros2_aruco_interfaces/msg/detail
[1.294s] -- Up-to-date: /home/cc/ee106a/fa25/class/ee106a-ado/ros_workspaces/106AProject_Drone/install/ros2_aruco_interfaces/include/ros2_aruco_interfaces/ros2_aruco_interfaces/msg/detail/aruco_markers__rosidl_typesupport_introspection_c.h
[1.294s] -- Up-to-date: /home/cc/ee106a/fa25/class/ee106a-ado/ros_workspaces/106AProject_Drone/install/ros2_aruco_interfaces/include/ros2_aruco_interfaces/ros2_aruco_interfaces/msg/detail/aruco_markers__type_support.c
[1.295s] -- Up-to-date: /home/cc/ee106a/fa25/class/ee106a-ado/ros_workspaces/106AProject_Drone/install/ros2_aruco_interfaces/include/ros2_aruco_interfaces/ros2_aruco_interfaces/msg/rosidl_typesupport_introspection_c__visibility_control.h
[1.298s] -- Up-to-date: /home/cc/ee106a/fa25/class/ee106a-ado/ros_workspaces/106AProject_Drone/install/ros2_aruco_interfaces/lib/libros2_aruco_interfaces__rosidl_typesupport_introspection_c.so
[1.303s] -- Up-to-date: /home/cc/ee106a/fa25/class/ee106a-ado/ros_workspaces/106AProject_Drone/install/ros2_aruco_interfaces/lib/libros2_aruco_interfaces__rosidl_typesupport_c.so
[1.306s] -- Up-to-date: /home/cc/ee106a/fa25/class/ee106a-ado/ros_workspaces/106AProject_Drone/install/ros2_aruco_interfaces/include/ros2_aruco_interfaces/ros2_aruco_interfaces
[1.307s] -- Up-to-date: /home/cc/ee106a/fa25/class/ee106a-ado/ros_workspaces/106AProject_Drone/install/ros2_aruco_interfaces/include/ros2_aruco_interfaces/ros2_aruco_interfaces/msg
[1.309s] -- Up-to-date: /home/cc/ee106a/fa25/class/ee106a-ado/ros_workspaces/106AProject_Drone/install/ros2_aruco_interfaces/include/ros2_aruco_interfaces/ros2_aruco_interfaces/msg/detail
[1.310s] -- Up-to-date: /home/cc/ee106a/fa25/class/ee106a-ado/ros_workspaces/106AProject_Drone/install/ros2_aruco_interfaces/include/ros2_aruco_interfaces/ros2_aruco_interfaces/msg/detail/aruco_markers__rosidl_typesupport_introspection_cpp.hpp
[1.311s] -- Up-to-date: /home/cc/ee106a/fa25/class/ee106a-ado/ros_workspaces/106AProject_Drone/install/ros2_aruco_interfaces/include/ros2_aruco_interfaces/ros2_aruco_interfaces/msg/detail/aruco_markers__type_support.cpp
[1.315s] -- Up-to-date: /home/cc/ee106a/fa25/class/ee106a-ado/ros_workspaces/106AProject_Drone/install/ros2_aruco_interfaces/lib/libros2_aruco_interfaces__rosidl_typesupport_introspection_cpp.so
[1.320s] -- Up-to-date: /home/cc/ee106a/fa25/class/ee106a-ado/ros_workspaces/106AProject_Drone/install/ros2_aruco_interfaces/lib/libros2_aruco_interfaces__rosidl_typesupport_cpp.so
[1.323s] -- Up-to-date: /home/cc/ee106a/fa25/class/ee106a-ado/ros_workspaces/106AProject_Drone/install/ros2_aruco_interfaces/share/ros2_aruco_interfaces/environment/pythonpath.sh
[1.324s] -- Up-to-date: /home/cc/ee106a/fa25/class/ee106a-ado/ros_workspaces/106AProject_Drone/install/ros2_aruco_interfaces/share/ros2_aruco_interfaces/environment/pythonpath.dsv
[1.327s] -- Up-to-date: /home/cc/ee106a/fa25/class/ee106a-ado/ros_workspaces/106AProject_Drone/install/ros2_aruco_interfaces/local/lib/python3.10/dist-packages/ros2_aruco_interfaces-0.1.0-py3.10.egg-info
[1.329s] -- Installing: /home/cc/ee106a/fa25/class/ee106a-ado/ros_workspaces/106AProject_Drone/install/ros2_aruco_interfaces/local/lib/python3.10/dist-packages/ros2_aruco_interfaces-0.1.0-py3.10.egg-info/PKG-INFO
[1.335s] -- Installing: /home/cc/ee106a/fa25/class/ee106a-ado/ros_workspaces/106AProject_Drone/install/ros2_aruco_interfaces/local/lib/python3.10/dist-packages/ros2_aruco_interfaces-0.1.0-py3.10.egg-info/dependency_links.txt
[1.343s] -- Installing: /home/cc/ee106a/fa25/class/ee106a-ado/ros_workspaces/106AProject_Drone/install/ros2_aruco_interfaces/local/lib/python3.10/dist-packages/ros2_aruco_interfaces-0.1.0-py3.10.egg-info/top_level.txt
[1.351s] -- Installing: /home/cc/ee106a/fa25/class/ee106a-ado/ros_workspaces/106AProject_Drone/install/ros2_aruco_interfaces/local/lib/python3.10/dist-packages/ros2_aruco_interfaces-0.1.0-py3.10.egg-info/SOURCES.txt
[1.364s] -- Up-to-date: /home/cc/ee106a/fa25/class/ee106a-ado/ros_workspaces/106AProject_Drone/install/ros2_aruco_interfaces/local/lib/python3.10/dist-packages/ros2_aruco_interfaces
[1.365s] -- Up-to-date: /home/cc/ee106a/fa25/class/ee106a-ado/ros_workspaces/106AProject_Drone/install/ros2_aruco_interfaces/local/lib/python3.10/dist-packages/ros2_aruco_interfaces/__init__.py
[1.365s] -- Up-to-date: /home/cc/ee106a/fa25/class/ee106a-ado/ros_workspaces/106AProject_Drone/install/ros2_aruco_interfaces/local/lib/python3.10/dist-packages/ros2_aruco_interfaces/msg
[1.365s] -- Up-to-date: /home/cc/ee106a/fa25/class/ee106a-ado/ros_workspaces/106AProject_Drone/install/ros2_aruco_interfaces/local/lib/python3.10/dist-packages/ros2_aruco_interfaces/msg/_aruco_markers.py
[1.365s] -- Up-to-date: /home/cc/ee106a/fa25/class/ee106a-ado/ros_workspaces/106AProject_Drone/install/ros2_aruco_interfaces/local/lib/python3.10/dist-packages/ros2_aruco_interfaces/msg/_aruco_markers_s.c
[1.365s] -- Up-to-date: /home/cc/ee106a/fa25/class/ee106a-ado/ros_workspaces/106AProject_Drone/install/ros2_aruco_interfaces/local/lib/python3.10/dist-packages/ros2_aruco_interfaces/msg/__init__.py
[1.365s] -- Up-to-date: /home/cc/ee106a/fa25/class/ee106a-ado/ros_workspaces/106AProject_Drone/install/ros2_aruco_interfaces/local/lib/python3.10/dist-packages/ros2_aruco_interfaces/_ros2_aruco_interfaces_s.ep.rosidl_typesupport_fastrtps_c.c
[1.365s] -- Up-to-date: /home/cc/ee106a/fa25/class/ee106a-ado/ros_workspaces/106AProject_Drone/install/ros2_aruco_interfaces/local/lib/python3.10/dist-packages/ros2_aruco_interfaces/_ros2_aruco_interfaces_s.ep.rosidl_typesupport_introspection_c.c
[1.366s] -- Up-to-date: /home/cc/ee106a/fa25/class/ee106a-ado/ros_workspaces/106AProject_Drone/install/ros2_aruco_interfaces/local/lib/python3.10/dist-packages/ros2_aruco_interfaces/_ros2_aruco_interfaces_s.ep.rosidl_typesupport_c.c
[1.366s] -- Up-to-date: /home/cc/ee106a/fa25/class/ee106a-ado/ros_workspaces/106AProject_Drone/install/ros2_aruco_interfaces/local/lib/python3.10/dist-packages/ros2_aruco_interfaces/libros2_aruco_interfaces__rosidl_generator_py.so
[1.367s] -- Up-to-date: /home/cc/ee106a/fa25/class/ee106a-ado/ros_workspaces/106AProject_Drone/install/ros2_aruco_interfaces/local/lib/python3.10/dist-packages/ros2_aruco_interfaces/ros2_aruco_interfaces_s__rosidl_typesupport_fastrtps_c.cpython-310-x86_64-linux-gnu.so
[1.368s] -- Up-to-date: /home/cc/ee106a/fa25/class/ee106a-ado/ros_workspaces/106AProject_Drone/install/ros2_aruco_interfaces/local/lib/python3.10/dist-packages/ros2_aruco_interfaces/ros2_aruco_interfaces_s__rosidl_typesupport_c.cpython-310-x86_64-linux-gnu.so
[1.368s] -- Up-to-date: /home/cc/ee106a/fa25/class/ee106a-ado/ros_workspaces/106AProject_Drone/install/ros2_aruco_interfaces/local/lib/python3.10/dist-packages/ros2_aruco_interfaces/ros2_aruco_interfaces_s__rosidl_typesupport_introspection_c.cpython-310-x86_64-linux-gnu.so
[1.440s] Listing '/home/cc/ee106a/fa25/class/ee106a-ado/ros_workspaces/106AProject_Drone/install/ros2_aruco_interfaces/local/lib/python3.10/dist-packages/ros2_aruco_interfaces'...
[1.440s] Listing '/home/cc/ee106a/fa25/class/ee106a-ado/ros_workspaces/106AProject_Drone/install/ros2_aruco_interfaces/local/lib/python3.10/dist-packages/ros2_aruco_interfaces/msg'...
[1.454s] -- Up-to-date: /home/cc/ee106a/fa25/class/ee106a-ado/ros_workspaces/106AProject_Drone/install/ros2_aruco_interfaces/local/lib/python3.10/dist-packages/ros2_aruco_interfaces/ros2_aruco_interfaces_s__rosidl_typesupport_fastrtps_c.cpython-310-x86_64-linux-gnu.so
[1.463s] -- Up-to-date: /home/cc/ee106a/fa25/class/ee106a-ado/ros_workspaces/106AProject_Drone/install/ros2_aruco_interfaces/local/lib/python3.10/dist-packages/ros2_aruco_interfaces/ros2_aruco_interfaces_s__rosidl_typesupport_introspection_c.cpython-310-x86_64-linux-gnu.so
[1.482s] -- Up-to-date: /home/cc/ee106a/fa25/class/ee106a-ado/ros_workspaces/106AProject_Drone/install/ros2_aruco_interfaces/local/lib/python3.10/dist-packages/ros2_aruco_interfaces/ros2_aruco_interfaces_s__rosidl_typesupport_c.cpython-310-x86_64-linux-gnu.so
[1.488s] -- Up-to-date: /home/cc/ee106a/fa25/class/ee106a-ado/ros_workspaces/106AProject_Drone/install/ros2_aruco_interfaces/lib/libros2_aruco_interfaces__rosidl_generator_py.so
[1.493s] -- Up-to-date: /home/cc/ee106a/fa25/class/ee106a-ado/ros_workspaces/106AProject_Drone/install/ros2_aruco_interfaces/share/ros2_aruco_interfaces/msg/ArucoMarkers.idl
[1.494s] -- Up-to-date: /home/cc/ee106a/fa25/class/ee106a-ado/ros_workspaces/106AProject_Drone/install/ros2_aruco_interfaces/share/ros2_aruco_interfaces/msg/ArucoMarkers.msg
[1.495s] -- Up-to-date: /home/cc/ee106a/fa25/class/ee106a-ado/ros_workspaces/106AProject_Drone/install/ros2_aruco_interfaces/share/ament_index/resource_index/package_run_dependencies/ros2_aruco_interfaces
[1.496s] -- Up-to-date: /home/cc/ee106a/fa25/class/ee106a-ado/ros_workspaces/106AProject_Drone/install/ros2_aruco_interfaces/share/ament_index/resource_index/parent_prefix_path/ros2_aruco_interfaces
[1.497s] -- Up-to-date: /home/cc/ee106a/fa25/class/ee106a-ado/ros_workspaces/106AProject_Drone/install/ros2_aruco_interfaces/share/ros2_aruco_interfaces/environment/ament_prefix_path.sh
[1.498s] -- Up-to-date: /home/cc/ee106a/fa25/class/ee106a-ado/ros_workspaces/106AProject_Drone/install/ros2_aruco_interfaces/share/ros2_aruco_interfaces/environment/ament_prefix_path.dsv
[1.498s] -- Up-to-date: /home/cc/ee106a/fa25/class/ee106a-ado/ros_workspaces/106AProject_Drone/install/ros2_aruco_interfaces/share/ros2_aruco_interfaces/environment/path.sh
[1.500s] -- Up-to-date: /home/cc/ee106a/fa25/class/ee106a-ado/ros_workspaces/106AProject_Drone/install/ros2_aruco_interfaces/share/ros2_aruco_interfaces/environment/path.dsv
[1.500s] -- Up-to-date: /home/cc/ee106a/fa25/class/ee106a-ado/ros_workspaces/106AProject_Drone/install/ros2_aruco_interfaces/share/ros2_aruco_interfaces/local_setup.bash
[1.501s] -- Up-to-date: /home/cc/ee106a/fa25/class/ee106a-ado/ros_workspaces/106AProject_Drone/install/ros2_aruco_interfaces/share/ros2_aruco_interfaces/local_setup.sh
[1.502s] -- Up-to-date: /home/cc/ee106a/fa25/class/ee106a-ado/ros_workspaces/106AProject_Drone/install/ros2_aruco_interfaces/share/ros2_aruco_interfaces/local_setup.zsh
[1.503s] -- Up-to-date: /home/cc/ee106a/fa25/class/ee106a-ado/ros_workspaces/106AProject_Drone/install/ros2_aruco_interfaces/share/ros2_aruco_interfaces/local_setup.dsv
[1.504s] -- Installing: /home/cc/ee106a/fa25/class/ee106a-ado/ros_workspaces/106AProject_Drone/install/ros2_aruco_interfaces/share/ros2_aruco_interfaces/package.dsv
[1.510s] -- Up-to-date: /home/cc/ee106a/fa25/class/ee106a-ado/ros_workspaces/106AProject_Drone/install/ros2_aruco_interfaces/share/ament_index/resource_index/packages/ros2_aruco_interfaces
[1.516s] -- Up-to-date: /home/cc/ee106a/fa25/class/ee106a-ado/ros_workspaces/106AProject_Drone/install/ros2_aruco_interfaces/share/ros2_aruco_interfaces/cmake/export_ros2_aruco_interfaces__rosidl_generator_cExport.cmake
[1.517s] -- Up-to-date: /home/cc/ee106a/fa25/class/ee106a-ado/ros_workspaces/106AProject_Drone/install/ros2_aruco_interfaces/share/ros2_aruco_interfaces/cmake/export_ros2_aruco_interfaces__rosidl_generator_cExport-noconfig.cmake
[1.531s] -- Up-to-date: /home/cc/ee106a/fa25/class/ee106a-ado/ros_workspaces/106AProject_Drone/install/ros2_aruco_interfaces/share/ros2_aruco_interfaces/cmake/export_ros2_aruco_interfaces__rosidl_typesupport_fastrtps_cExport.cmake
[1.532s] -- Up-to-date: /home/cc/ee106a/fa25/class/ee106a-ado/ros_workspaces/106AProject_Drone/install/ros2_aruco_interfaces/share/ros2_aruco_interfaces/cmake/export_ros2_aruco_interfaces__rosidl_typesupport_fastrtps_cExport-noconfig.cmake
[1.535s] -- Up-to-date: /home/cc/ee106a/fa25/class/ee106a-ado/ros_workspaces/106AProject_Drone/install/ros2_aruco_interfaces/share/ros2_aruco_interfaces/cmake/export_ros2_aruco_interfaces__rosidl_generator_cppExport.cmake
[1.539s] -- Up-to-date: /home/cc/ee106a/fa25/class/ee106a-ado/ros_workspaces/106AProject_Drone/install/ros2_aruco_interfaces/share/ros2_aruco_interfaces/cmake/export_ros2_aruco_interfaces__rosidl_typesupport_fastrtps_cppExport.cmake
[1.540s] -- Up-to-date: /home/cc/ee106a/fa25/class/ee106a-ado/ros_workspaces/106AProject_Drone/install/ros2_aruco_interfaces/share/ros2_aruco_interfaces/cmake/export_ros2_aruco_interfaces__rosidl_typesupport_fastrtps_cppExport-noconfig.cmake
[1.545s] -- Up-to-date: /home/cc/ee106a/fa25/class/ee106a-ado/ros_workspaces/106AProject_Drone/install/ros2_aruco_interfaces/share/ros2_aruco_interfaces/cmake/ros2_aruco_interfaces__rosidl_typesupport_introspection_cExport.cmake
[1.546s] -- Up-to-date: /home/cc/ee106a/fa25/class/ee106a-ado/ros_workspaces/106AProject_Drone/install/ros2_aruco_interfaces/share/ros2_aruco_interfaces/cmake/ros2_aruco_interfaces__rosidl_typesupport_introspection_cExport-noconfig.cmake
[1.562s] -- Up-to-date: /home/cc/ee106a/fa25/class/ee106a-ado/ros_workspaces/106AProject_Drone/install/ros2_aruco_interfaces/share/ros2_aruco_interfaces/cmake/ros2_aruco_interfaces__rosidl_typesupport_cExport.cmake
[1.563s] -- Up-to-date: /home/cc/ee106a/fa25/class/ee106a-ado/ros_workspaces/106AProject_Drone/install/ros2_aruco_interfaces/share/ros2_aruco_interfaces/cmake/ros2_aruco_interfaces__rosidl_typesupport_cExport-noconfig.cmake
[1.567s] -- Up-to-date: /home/cc/ee106a/fa25/class/ee106a-ado/ros_workspaces/106AProject_Drone/install/ros2_aruco_interfaces/share/ros2_aruco_interfaces/cmake/ros2_aruco_interfaces__rosidl_typesupport_introspection_cppExport.cmake
[1.568s] -- Up-to-date: /home/cc/ee106a/fa25/class/ee106a-ado/ros_workspaces/106AProject_Drone/install/ros2_aruco_interfaces/share/ros2_aruco_interfaces/cmake/ros2_aruco_interfaces__rosidl_typesupport_introspection_cppExport-noconfig.cmake
[1.571s] -- Up-to-date: /home/cc/ee106a/fa25/class/ee106a-ado/ros_workspaces/106AProject_Drone/install/ros2_aruco_interfaces/share/ros2_aruco_interfaces/cmake/ros2_aruco_interfaces__rosidl_typesupport_cppExport.cmake
[1.572s] -- Up-to-date: /home/cc/ee106a/fa25/class/ee106a-ado/ros_workspaces/106AProject_Drone/install/ros2_aruco_interfaces/share/ros2_aruco_interfaces/cmake/ros2_aruco_interfaces__rosidl_typesupport_cppExport-noconfig.cmake
[1.584s] -- Up-to-date: /home/cc/ee106a/fa25/class/ee106a-ado/ros_workspaces/106AProject_Drone/install/ros2_aruco_interfaces/share/ros2_aruco_interfaces/cmake/export_ros2_aruco_interfaces__rosidl_generator_pyExport.cmake
[1.585s] -- Up-to-date: /home/cc/ee106a/fa25/class/ee106a-ado/ros_workspaces/106AProject_Drone/install/ros2_aruco_interfaces/share/ros2_aruco_interfaces/cmake/export_ros2_aruco_interfaces__rosidl_generator_pyExport-noconfig.cmake
[1.586s] -- Up-to-date: /home/cc/ee106a/fa25/class/ee106a-ado/ros_workspaces/106AProject_Drone/install/ros2_aruco_interfaces/share/ros2_aruco_interfaces/cmake/rosidl_cmake-extras.cmake
[1.587s] -- Up-to-date: /home/cc/ee106a/fa25/class/ee106a-ado/ros_workspaces/106AProject_Drone/install/ros2_aruco_interfaces/share/ros2_aruco_interfaces/cmake/ament_cmake_export_dependencies-extras.cmake
[1.587s] -- Up-to-date: /home/cc/ee106a/fa25/class/ee106a-ado/ros_workspaces/106AProject_Drone/install/ros2_aruco_interfaces/share/ros2_aruco_interfaces/cmake/ament_cmake_export_include_directories-extras.cmake
[1.588s] -- Up-to-date: /home/cc/ee106a/fa25/class/ee106a-ado/ros_workspaces/106AProject_Drone/install/ros2_aruco_interfaces/share/ros2_aruco_interfaces/cmake/ament_cmake_export_libraries-extras.cmake
[1.589s] -- Up-to-date: /home/cc/ee106a/fa25/class/ee106a-ado/ros_workspaces/106AProject_Drone/install/ros2_aruco_interfaces/share/ros2_aruco_interfaces/cmake/ament_cmake_export_targets-extras.cmake
[1.589s] -- Up-to-date: /home/cc/ee106a/fa25/class/ee106a-ado/ros_workspaces/106AProject_Drone/install/ros2_aruco_interfaces/share/ros2_aruco_interfaces/cmake/rosidl_cmake_export_typesupport_targets-extras.cmake
[1.590s] -- Up-to-date: /home/cc/ee106a/fa25/class/ee106a-ado/ros_workspaces/106AProject_Drone/install/ros2_aruco_interfaces/share/ros2_aruco_interfaces/cmake/rosidl_cmake_export_typesupport_libraries-extras.cmake
[1.591s] -- Up-to-date: /home/cc/ee106a/fa25/class/ee106a-ado/ros_workspaces/106AProject_Drone/install/ros2_aruco_interfaces/share/ros2_aruco_interfaces/cmake/ros2_aruco_interfacesConfig.cmake
[1.591s] -- Up-to-date: /home/cc/ee106a/fa25/class/ee106a-ado/ros_workspaces/106AProject_Drone/install/ros2_aruco_interfaces/share/ros2_aruco_interfaces/cmake/ros2_aruco_interfacesConfig-version.cmake
[1.592s] -- Up-to-date: /home/cc/ee106a/fa25/class/ee106a-ado/ros_workspaces/106AProject_Drone/install/ros2_aruco_interfaces/share/ros2_aruco_interfaces/package.xml
[1.599s] Invoked command in '/home/cc/ee106a/fa25/class/ee106a-ado/ros_workspaces/106AProject_Drone/build/ros2_aruco_interfaces' returned '0': CMAKE_PREFIX_PATH=${CMAKE_PREFIX_PATH}:/opt/ros/turtlebot3_ws/install/turtlebot3_teleop:/opt/ros/turtlebot3_ws/install/turtlebot3_example:/opt/ros/humble /usr/bin/cmake --install /home/cc/ee106a/fa25/class/ee106a-ado/ros_workspaces/106AProject_Drone/build/ros2_aruco_interfaces
