[0.343s] Invoking command in '/home/hieu-hoang/ros2_aruco_ws/build/ros2_aruco_interfaces': CMAKE_PREFIX_PATH=${CMAKE_PREFIX_PATH}:/home/hieu-hoang/install/ros2_aruco:/home/hieu-hoang/install/my_aruco_detector:/home/hieu-hoang/ros2_aruco_ws/install/ros2_aruco:/home/hieu-hoang/ros2_aruco_ws/install/my_aruco_detector:/opt/ros/jazzy DEBUGINFOD_URLS=https://debuginfod.ubuntu.com PS1=\[\e]0;\u@\h: \w\a\]${debian_chroot:+($debian_chroot)}\[\033[01;32m\]\u@\h\[\033[00m\]:\[\033[01;34m\]\w\[\033[00m\]\$ /usr/bin/cmake /home/hieu-hoang/ros2_aruco_ws/src/ros2_aruco/ros2_aruco_interfaces -DCMAKE_INSTALL_PREFIX=/home/hieu-hoang/ros2_aruco_ws/install/ros2_aruco_interfaces
[0.395s] -- The C compiler identification is GNU 13.3.0
[0.446s] -- The CXX compiler identification is GNU 13.3.0
[0.461s] -- Detecting C compiler ABI info
[0.542s] -- Detecting C compiler ABI info - done
[0.552s] -- Check for working C compiler: /usr/bin/cc - skipped
[0.552s] -- Detecting C compile features
[0.552s] -- Detecting C compile features - done
[0.561s] -- Detecting CXX compiler ABI info
[0.653s] -- Detecting CXX compiler ABI info - done
[0.662s] -- Check for working CXX compiler: /usr/bin/c++ - skipped
[0.663s] -- Detecting CXX compile features
[0.663s] -- Detecting CXX compile features - done
[0.666s] -- Found ament_cmake: 2.5.4 (/opt/ros/jazzy/share/ament_cmake/cmake)
[0.801s] -- Found Python3: /usr/bin/python3 (found version "3.12.3") found components: Interpreter 
[0.898s] -- Found geometry_msgs: 5.3.6 (/opt/ros/jazzy/share/geometry_msgs/cmake)
[0.940s] -- Found rosidl_generator_c: 4.6.6 (/opt/ros/jazzy/share/rosidl_generator_c/cmake)
[0.954s] -- Found rosidl_generator_cpp: 4.6.6 (/opt/ros/jazzy/share/rosidl_generator_cpp/cmake)
[0.971s] -- Using all available rosidl_typesupport_c: rosidl_typesupport_fastrtps_c;rosidl_typesupport_introspection_c
[0.990s] -- Using all available rosidl_typesupport_cpp: rosidl_typesupport_fastrtps_cpp;rosidl_typesupport_introspection_cpp
[1.039s] -- Found rosidl_default_generators: 1.6.0 (/opt/ros/jazzy/share/rosidl_default_generators/cmake)
[1.054s] -- Found rosidl_adapter: 4.6.6 (/opt/ros/jazzy/share/rosidl_adapter/cmake)
[1.606s] -- Found ament_cmake_ros: 0.12.0 (/opt/ros/jazzy/share/ament_cmake_ros/cmake)
[2.368s] -- Using all available rosidl_typesupport_c: rosidl_typesupport_fastrtps_c;rosidl_typesupport_introspection_c
[2.668s] -- Using all available rosidl_typesupport_cpp: rosidl_typesupport_fastrtps_cpp;rosidl_typesupport_introspection_cpp
[2.671s] -- Found python_cmake_module: 0.11.1 (/opt/ros/jazzy/share/python_cmake_module/cmake)
[2.789s] -- Found PythonExtra: /usr/bin/python3  
[3.162s] -- Found Python3: /usr/bin/python3 (found version "3.12.3") found components: Interpreter Development NumPy Development.Module Development.Embed 
[3.222s] -- Found ament_lint_auto: 0.17.3 (/opt/ros/jazzy/share/ament_lint_auto/cmake)
[3.248s] -- Added test 'copyright' to check source files copyright and LICENSE
[3.250s] -- Added test 'lint_cmake' to check CMake code style
[3.251s] -- Added test 'xmllint' to check XML markup files
[3.254s] -- Configuring done (2.9s)
[3.290s] -- Generating done (0.0s)
[3.301s] -- Build files have been written to: /home/hieu-hoang/ros2_aruco_ws/build/ros2_aruco_interfaces
[3.309s] Invoked command in '/home/hieu-hoang/ros2_aruco_ws/build/ros2_aruco_interfaces' returned '0': CMAKE_PREFIX_PATH=${CMAKE_PREFIX_PATH}:/home/hieu-hoang/install/ros2_aruco:/home/hieu-hoang/install/my_aruco_detector:/home/hieu-hoang/ros2_aruco_ws/install/ros2_aruco:/home/hieu-hoang/ros2_aruco_ws/install/my_aruco_detector:/opt/ros/jazzy DEBUGINFOD_URLS=https://debuginfod.ubuntu.com PS1=\[\e]0;\u@\h: \w\a\]${debian_chroot:+($debian_chroot)}\[\033[01;32m\]\u@\h\[\033[00m\]:\[\033[01;34m\]\w\[\033[00m\]\$ /usr/bin/cmake /home/hieu-hoang/ros2_aruco_ws/src/ros2_aruco/ros2_aruco_interfaces -DCMAKE_INSTALL_PREFIX=/home/hieu-hoang/ros2_aruco_ws/install/ros2_aruco_interfaces
[3.310s] Invoking command in '/home/hieu-hoang/ros2_aruco_ws/build/ros2_aruco_interfaces': CMAKE_PREFIX_PATH=${CMAKE_PREFIX_PATH}:/home/hieu-hoang/install/ros2_aruco:/home/hieu-hoang/install/my_aruco_detector:/home/hieu-hoang/ros2_aruco_ws/install/ros2_aruco:/home/hieu-hoang/ros2_aruco_ws/install/my_aruco_detector:/opt/ros/jazzy DEBUGINFOD_URLS=https://debuginfod.ubuntu.com PS1=\[\e]0;\u@\h: \w\a\]${debian_chroot:+($debian_chroot)}\[\033[01;32m\]\u@\h\[\033[00m\]:\[\033[01;34m\]\w\[\033[00m\]\$ /usr/bin/cmake --build /home/hieu-hoang/ros2_aruco_ws/build/ros2_aruco_interfaces -- -j12 -l12
[3.357s] [  2%] [34m[1mGenerating type hashes for ROS interfaces[0m
[3.365s] [  2%] Built target ament_cmake_python_copy_ros2_aruco_interfaces
[3.519s] [  2%] Built target ros2_aruco_interfaces__rosidl_generator_type_description
[3.529s] [  5%] [34m[1mGenerating C code for ROS interfaces[0m
[3.539s] [  8%] [34m[1mGenerating C++ code for ROS interfaces[0m
[3.544s] running egg_info
[3.545s] creating ros2_aruco_interfaces.egg-info
[3.561s] writing ros2_aruco_interfaces.egg-info/PKG-INFO
[3.561s] writing dependency_links to ros2_aruco_interfaces.egg-info/dependency_links.txt
[3.561s] writing top-level names to ros2_aruco_interfaces.egg-info/top_level.txt
[3.561s] writing manifest file 'ros2_aruco_interfaces.egg-info/SOURCES.txt'
[3.609s] reading manifest file 'ros2_aruco_interfaces.egg-info/SOURCES.txt'
[3.610s] writing manifest file 'ros2_aruco_interfaces.egg-info/SOURCES.txt'
[3.632s] [  8%] Built target ament_cmake_python_build_ros2_aruco_interfaces_egg
[3.739s] [  8%] Built target ros2_aruco_interfaces__cpp
[3.751s] [ 11%] [32mBuilding C object CMakeFiles/ros2_aruco_interfaces__rosidl_generator_c.dir/rosidl_generator_c/ros2_aruco_interfaces/msg/detail/aruco_markers__type_support.c.o[0m
[3.752s] [ 17%] [32mBuilding C object CMakeFiles/ros2_aruco_interfaces__rosidl_generator_c.dir/rosidl_generator_c/ros2_aruco_interfaces/msg/detail/aruco_markers__functions.c.o[0m
[3.752s] [ 17%] [32mBuilding C object CMakeFiles/ros2_aruco_interfaces__rosidl_generator_c.dir/rosidl_generator_c/ros2_aruco_interfaces/msg/detail/aruco_markers__description.c.o[0m
[3.799s] [ 20%] [32m[1mLinking C shared library libros2_aruco_interfaces__rosidl_generator_c.so[0m
[3.835s] [ 20%] Built target ros2_aruco_interfaces__rosidl_generator_c
[3.845s] [ 35%] [34m[1mGenerating C type support for eProsima Fast-RTPS[0m
[3.845s] [ 35%] [34m[1mGenerating C introspection for ROS interfaces[0m
[3.845s] [ 35%] [34m[1mGenerating C++ type support dispatch for ROS interfaces[0m
[3.845s] [ 35%] [34m[1mGenerating C type support dispatch for ROS interfaces[0m
[3.846s] [ 38%] [34m[1mGenerating C++ introspection for ROS interfaces[0m
[3.846s] [ 38%] [34m[1mGenerating C++ type support for eProsima Fast-RTPS[0m
[4.039s] [ 41%] [32mBuilding CXX object CMakeFiles/ros2_aruco_interfaces__rosidl_typesupport_cpp.dir/rosidl_typesupport_cpp/ros2_aruco_interfaces/msg/aruco_markers__type_support.cpp.o[0m
[4.040s] [ 44%] [32mBuilding CXX object CMakeFiles/ros2_aruco_interfaces__rosidl_typesupport_c.dir/rosidl_typesupport_c/ros2_aruco_interfaces/msg/aruco_markers__type_support.cpp.o[0m
[4.047s] [ 47%] [32mBuilding CXX object CMakeFiles/ros2_aruco_interfaces__rosidl_typesupport_introspection_cpp.dir/rosidl_typesupport_introspection_cpp/ros2_aruco_interfaces/msg/detail/aruco_markers__type_support.cpp.o[0m
[4.052s] [ 50%] [32mBuilding C object CMakeFiles/ros2_aruco_interfaces__rosidl_typesupport_introspection_c.dir/rosidl_typesupport_introspection_c/ros2_aruco_interfaces/msg/detail/aruco_markers__type_support.c.o[0m
[4.062s] [ 52%] [32mBuilding CXX object CMakeFiles/ros2_aruco_interfaces__rosidl_typesupport_fastrtps_cpp.dir/rosidl_typesupport_fastrtps_cpp/ros2_aruco_interfaces/msg/detail/dds_fastrtps/aruco_markers__type_support.cpp.o[0m
[4.066s] [ 55%] [32mBuilding CXX object CMakeFiles/ros2_aruco_interfaces__rosidl_typesupport_fastrtps_c.dir/rosidl_typesupport_fastrtps_c/ros2_aruco_interfaces/msg/detail/aruco_markers__type_support_c.cpp.o[0m
[4.083s] [ 58%] [32m[1mLinking CXX shared library libros2_aruco_interfaces__rosidl_typesupport_c.so[0m
[4.093s] [ 61%] [32m[1mLinking C shared library libros2_aruco_interfaces__rosidl_typesupport_introspection_c.so[0m
[4.123s] [ 61%] Built target ros2_aruco_interfaces__rosidl_typesupport_c
[4.125s] [ 61%] Built target ros2_aruco_interfaces__rosidl_typesupport_introspection_c
[4.289s] [ 64%] [32m[1mLinking CXX shared library libros2_aruco_interfaces__rosidl_typesupport_cpp.so[0m
[4.330s] [ 64%] Built target ros2_aruco_interfaces__rosidl_typesupport_cpp
[4.353s] [ 67%] [32m[1mLinking CXX shared library libros2_aruco_interfaces__rosidl_typesupport_introspection_cpp.so[0m
[4.422s] [ 67%] Built target ros2_aruco_interfaces__rosidl_typesupport_introspection_cpp
[4.440s] [ 70%] [32m[1mLinking CXX shared library libros2_aruco_interfaces__rosidl_typesupport_fastrtps_c.so[0m
[4.488s] [ 73%] [32m[1mLinking CXX shared library libros2_aruco_interfaces__rosidl_typesupport_fastrtps_cpp.so[0m
[4.488s] [ 73%] Built target ros2_aruco_interfaces__rosidl_typesupport_fastrtps_c
[4.560s] [ 73%] Built target ros2_aruco_interfaces__rosidl_typesupport_fastrtps_cpp
[4.581s] [ 73%] Built target ros2_aruco_interfaces
[4.602s] [ 76%] [34m[1mGenerating Python code for ROS interfaces[0m
[4.838s] [ 76%] Built target ros2_aruco_interfaces__py
[4.857s] [ 79%] [32mBuilding C object CMakeFiles/ros2_aruco_interfaces__rosidl_generator_py.dir/rosidl_generator_py/ros2_aruco_interfaces/msg/_aruco_markers_s.c.o[0m
[4.980s] [ 82%] [32m[1mLinking C shared library libros2_aruco_interfaces__rosidl_generator_py.so[0m
[5.023s] [ 82%] Built target ros2_aruco_interfaces__rosidl_generator_py
[5.042s] [ 91%] [32mBuilding C object CMakeFiles/ros2_aruco_interfaces_s__rosidl_typesupport_fastrtps_c.dir/rosidl_generator_py/ros2_aruco_interfaces/_ros2_aruco_interfaces_s.ep.rosidl_typesupport_fastrtps_c.c.o[0m
[5.042s] [ 91%] [32mBuilding C object CMakeFiles/ros2_aruco_interfaces_s__rosidl_typesupport_c.dir/rosidl_generator_py/ros2_aruco_interfaces/_ros2_aruco_interfaces_s.ep.rosidl_typesupport_c.c.o[0m
[5.042s] [ 91%] [32mBuilding C object CMakeFiles/ros2_aruco_interfaces_s__rosidl_typesupport_introspection_c.dir/rosidl_generator_py/ros2_aruco_interfaces/_ros2_aruco_interfaces_s.ep.rosidl_typesupport_introspection_c.c.o[0m
[5.133s] [ 97%] [32m[1mLinking C shared module rosidl_generator_py/ros2_aruco_interfaces/ros2_aruco_interfaces_s__rosidl_typesupport_introspection_c.so[0m
[5.133s] [ 97%] [32m[1mLinking C shared module rosidl_generator_py/ros2_aruco_interfaces/ros2_aruco_interfaces_s__rosidl_typesupport_c.so[0m
[5.139s] [100%] [32m[1mLinking C shared module rosidl_generator_py/ros2_aruco_interfaces/ros2_aruco_interfaces_s__rosidl_typesupport_fastrtps_c.so[0m
[5.163s] [100%] Built target ros2_aruco_interfaces_s__rosidl_typesupport_c
[5.164s] [100%] Built target ros2_aruco_interfaces_s__rosidl_typesupport_introspection_c
[5.171s] [100%] Built target ros2_aruco_interfaces_s__rosidl_typesupport_fastrtps_c
[5.184s] Invoked command in '/home/hieu-hoang/ros2_aruco_ws/build/ros2_aruco_interfaces' returned '0': CMAKE_PREFIX_PATH=${CMAKE_PREFIX_PATH}:/home/hieu-hoang/install/ros2_aruco:/home/hieu-hoang/install/my_aruco_detector:/home/hieu-hoang/ros2_aruco_ws/install/ros2_aruco:/home/hieu-hoang/ros2_aruco_ws/install/my_aruco_detector:/opt/ros/jazzy DEBUGINFOD_URLS=https://debuginfod.ubuntu.com PS1=\[\e]0;\u@\h: \w\a\]${debian_chroot:+($debian_chroot)}\[\033[01;32m\]\u@\h\[\033[00m\]:\[\033[01;34m\]\w\[\033[00m\]\$ /usr/bin/cmake --build /home/hieu-hoang/ros2_aruco_ws/build/ros2_aruco_interfaces -- -j12 -l12
[5.193s] Invoking command in '/home/hieu-hoang/ros2_aruco_ws/build/ros2_aruco_interfaces': CMAKE_PREFIX_PATH=${CMAKE_PREFIX_PATH}:/home/hieu-hoang/install/ros2_aruco:/home/hieu-hoang/install/my_aruco_detector:/home/hieu-hoang/ros2_aruco_ws/install/ros2_aruco:/home/hieu-hoang/ros2_aruco_ws/install/my_aruco_detector:/opt/ros/jazzy DEBUGINFOD_URLS=https://debuginfod.ubuntu.com PS1=\[\e]0;\u@\h: \w\a\]${debian_chroot:+($debian_chroot)}\[\033[01;32m\]\u@\h\[\033[00m\]:\[\033[01;34m\]\w\[\033[00m\]\$ /usr/bin/cmake --install /home/hieu-hoang/ros2_aruco_ws/build/ros2_aruco_interfaces
[5.201s] -- Install configuration: ""
[5.201s] -- Installing: /home/hieu-hoang/ros2_aruco_ws/install/ros2_aruco_interfaces/share/ament_index/resource_index/rosidl_interfaces/ros2_aruco_interfaces
[5.201s] -- Installing: /home/hieu-hoang/ros2_aruco_ws/install/ros2_aruco_interfaces/share/ros2_aruco_interfaces/msg/ArucoMarkers.json
[5.201s] -- Installing: /home/hieu-hoang/ros2_aruco_ws/install/ros2_aruco_interfaces/include/ros2_aruco_interfaces/ros2_aruco_interfaces
[5.201s] -- Installing: /home/hieu-hoang/ros2_aruco_ws/install/ros2_aruco_interfaces/include/ros2_aruco_interfaces/ros2_aruco_interfaces/msg
[5.201s] -- Installing: /home/hieu-hoang/ros2_aruco_ws/install/ros2_aruco_interfaces/include/ros2_aruco_interfaces/ros2_aruco_interfaces/msg/detail
[5.201s] -- Installing: /home/hieu-hoang/ros2_aruco_ws/install/ros2_aruco_interfaces/include/ros2_aruco_interfaces/ros2_aruco_interfaces/msg/detail/aruco_markers__type_support.h
[5.201s] -- Installing: /home/hieu-hoang/ros2_aruco_ws/install/ros2_aruco_interfaces/include/ros2_aruco_interfaces/ros2_aruco_interfaces/msg/detail/aruco_markers__type_support.c
[5.202s] -- Installing: /home/hieu-hoang/ros2_aruco_ws/install/ros2_aruco_interfaces/include/ros2_aruco_interfaces/ros2_aruco_interfaces/msg/detail/aruco_markers__description.c
[5.202s] -- Installing: /home/hieu-hoang/ros2_aruco_ws/install/ros2_aruco_interfaces/include/ros2_aruco_interfaces/ros2_aruco_interfaces/msg/detail/aruco_markers__functions.c
[5.202s] -- Installing: /home/hieu-hoang/ros2_aruco_ws/install/ros2_aruco_interfaces/include/ros2_aruco_interfaces/ros2_aruco_interfaces/msg/detail/aruco_markers__struct.h
[5.202s] -- Installing: /home/hieu-hoang/ros2_aruco_ws/install/ros2_aruco_interfaces/include/ros2_aruco_interfaces/ros2_aruco_interfaces/msg/detail/aruco_markers__functions.h
[5.202s] -- Installing: /home/hieu-hoang/ros2_aruco_ws/install/ros2_aruco_interfaces/include/ros2_aruco_interfaces/ros2_aruco_interfaces/msg/rosidl_generator_c__visibility_control.h
[5.202s] -- Installing: /home/hieu-hoang/ros2_aruco_ws/install/ros2_aruco_interfaces/include/ros2_aruco_interfaces/ros2_aruco_interfaces/msg/aruco_markers.h
[5.202s] -- Installing: /home/hieu-hoang/ros2_aruco_ws/install/ros2_aruco_interfaces/share/ros2_aruco_interfaces/environment/library_path.sh
[5.202s] -- Installing: /home/hieu-hoang/ros2_aruco_ws/install/ros2_aruco_interfaces/share/ros2_aruco_interfaces/environment/library_path.dsv
[5.203s] -- Installing: /home/hieu-hoang/ros2_aruco_ws/install/ros2_aruco_interfaces/lib/libros2_aruco_interfaces__rosidl_generator_c.so
[5.203s] -- Set non-toolchain portion of runtime path of "/home/hieu-hoang/ros2_aruco_ws/install/ros2_aruco_interfaces/lib/libros2_aruco_interfaces__rosidl_generator_c.so" to ""
[5.203s] -- Up-to-date: /home/hieu-hoang/ros2_aruco_ws/install/ros2_aruco_interfaces/include/ros2_aruco_interfaces/ros2_aruco_interfaces
[5.203s] -- Up-to-date: /home/hieu-hoang/ros2_aruco_ws/install/ros2_aruco_interfaces/include/ros2_aruco_interfaces/ros2_aruco_interfaces/msg
[5.203s] -- Installing: /home/hieu-hoang/ros2_aruco_ws/install/ros2_aruco_interfaces/include/ros2_aruco_interfaces/ros2_aruco_interfaces/msg/rosidl_typesupport_fastrtps_c__visibility_control.h
[5.203s] -- Up-to-date: /home/hieu-hoang/ros2_aruco_ws/install/ros2_aruco_interfaces/include/ros2_aruco_interfaces/ros2_aruco_interfaces/msg/detail
[5.204s] -- Installing: /home/hieu-hoang/ros2_aruco_ws/install/ros2_aruco_interfaces/include/ros2_aruco_interfaces/ros2_aruco_interfaces/msg/detail/aruco_markers__rosidl_typesupport_fastrtps_c.h
[5.204s] -- Installing: /home/hieu-hoang/ros2_aruco_ws/install/ros2_aruco_interfaces/lib/libros2_aruco_interfaces__rosidl_typesupport_fastrtps_c.so
[5.204s] -- Set non-toolchain portion of runtime path of "/home/hieu-hoang/ros2_aruco_ws/install/ros2_aruco_interfaces/lib/libros2_aruco_interfaces__rosidl_typesupport_fastrtps_c.so" to ""
[5.204s] -- Up-to-date: /home/hieu-hoang/ros2_aruco_ws/install/ros2_aruco_interfaces/include/ros2_aruco_interfaces/ros2_aruco_interfaces
[5.204s] -- Up-to-date: /home/hieu-hoang/ros2_aruco_ws/install/ros2_aruco_interfaces/include/ros2_aruco_interfaces/ros2_aruco_interfaces/msg
[5.204s] -- Installing: /home/hieu-hoang/ros2_aruco_ws/install/ros2_aruco_interfaces/include/ros2_aruco_interfaces/ros2_aruco_interfaces/msg/aruco_markers.hpp
[5.204s] -- Up-to-date: /home/hieu-hoang/ros2_aruco_ws/install/ros2_aruco_interfaces/include/ros2_aruco_interfaces/ros2_aruco_interfaces/msg/detail
[5.204s] -- Installing: /home/hieu-hoang/ros2_aruco_ws/install/ros2_aruco_interfaces/include/ros2_aruco_interfaces/ros2_aruco_interfaces/msg/detail/aruco_markers__builder.hpp
[5.204s] -- Installing: /home/hieu-hoang/ros2_aruco_ws/install/ros2_aruco_interfaces/include/ros2_aruco_interfaces/ros2_aruco_interfaces/msg/detail/aruco_markers__traits.hpp
[5.205s] -- Installing: /home/hieu-hoang/ros2_aruco_ws/install/ros2_aruco_interfaces/include/ros2_aruco_interfaces/ros2_aruco_interfaces/msg/detail/aruco_markers__struct.hpp
[5.205s] -- Installing: /home/hieu-hoang/ros2_aruco_ws/install/ros2_aruco_interfaces/include/ros2_aruco_interfaces/ros2_aruco_interfaces/msg/detail/aruco_markers__type_support.hpp
[5.205s] -- Installing: /home/hieu-hoang/ros2_aruco_ws/install/ros2_aruco_interfaces/include/ros2_aruco_interfaces/ros2_aruco_interfaces/msg/rosidl_generator_cpp__visibility_control.hpp
[5.205s] -- Up-to-date: /home/hieu-hoang/ros2_aruco_ws/install/ros2_aruco_interfaces/include/ros2_aruco_interfaces/ros2_aruco_interfaces
[5.205s] -- Up-to-date: /home/hieu-hoang/ros2_aruco_ws/install/ros2_aruco_interfaces/include/ros2_aruco_interfaces/ros2_aruco_interfaces/msg
[5.205s] -- Installing: /home/hieu-hoang/ros2_aruco_ws/install/ros2_aruco_interfaces/include/ros2_aruco_interfaces/ros2_aruco_interfaces/msg/rosidl_typesupport_fastrtps_cpp__visibility_control.h
[5.205s] -- Up-to-date: /home/hieu-hoang/ros2_aruco_ws/install/ros2_aruco_interfaces/include/ros2_aruco_interfaces/ros2_aruco_interfaces/msg/detail
[5.205s] -- Installing: /home/hieu-hoang/ros2_aruco_ws/install/ros2_aruco_interfaces/include/ros2_aruco_interfaces/ros2_aruco_interfaces/msg/detail/aruco_markers__rosidl_typesupport_fastrtps_cpp.hpp
[5.205s] -- Installing: /home/hieu-hoang/ros2_aruco_ws/install/ros2_aruco_interfaces/include/ros2_aruco_interfaces/ros2_aruco_interfaces/msg/detail/dds_fastrtps
[5.205s] -- Installing: /home/hieu-hoang/ros2_aruco_ws/install/ros2_aruco_interfaces/lib/libros2_aruco_interfaces__rosidl_typesupport_fastrtps_cpp.so
[5.206s] -- Set non-toolchain portion of runtime path of "/home/hieu-hoang/ros2_aruco_ws/install/ros2_aruco_interfaces/lib/libros2_aruco_interfaces__rosidl_typesupport_fastrtps_cpp.so" to ""
[5.206s] -- Up-to-date: /home/hieu-hoang/ros2_aruco_ws/install/ros2_aruco_interfaces/include/ros2_aruco_interfaces/ros2_aruco_interfaces
[5.206s] -- Up-to-date: /home/hieu-hoang/ros2_aruco_ws/install/ros2_aruco_interfaces/include/ros2_aruco_interfaces/ros2_aruco_interfaces/msg
[5.206s] -- Up-to-date: /home/hieu-hoang/ros2_aruco_ws/install/ros2_aruco_interfaces/include/ros2_aruco_interfaces/ros2_aruco_interfaces/msg/detail
[5.206s] -- Installing: /home/hieu-hoang/ros2_aruco_ws/install/ros2_aruco_interfaces/include/ros2_aruco_interfaces/ros2_aruco_interfaces/msg/detail/aruco_markers__type_support.c
[5.206s] -- Installing: /home/hieu-hoang/ros2_aruco_ws/install/ros2_aruco_interfaces/include/ros2_aruco_interfaces/ros2_aruco_interfaces/msg/detail/aruco_markers__rosidl_typesupport_introspection_c.h
[5.206s] -- Installing: /home/hieu-hoang/ros2_aruco_ws/install/ros2_aruco_interfaces/include/ros2_aruco_interfaces/ros2_aruco_interfaces/msg/rosidl_typesupport_introspection_c__visibility_control.h
[5.206s] -- Installing: /home/hieu-hoang/ros2_aruco_ws/install/ros2_aruco_interfaces/lib/libros2_aruco_interfaces__rosidl_typesupport_introspection_c.so
[5.207s] -- Set non-toolchain portion of runtime path of "/home/hieu-hoang/ros2_aruco_ws/install/ros2_aruco_interfaces/lib/libros2_aruco_interfaces__rosidl_typesupport_introspection_c.so" to ""
[5.207s] -- Installing: /home/hieu-hoang/ros2_aruco_ws/install/ros2_aruco_interfaces/lib/libros2_aruco_interfaces__rosidl_typesupport_c.so
[5.207s] -- Set non-toolchain portion of runtime path of "/home/hieu-hoang/ros2_aruco_ws/install/ros2_aruco_interfaces/lib/libros2_aruco_interfaces__rosidl_typesupport_c.so" to ""
[5.207s] -- Up-to-date: /home/hieu-hoang/ros2_aruco_ws/install/ros2_aruco_interfaces/include/ros2_aruco_interfaces/ros2_aruco_interfaces
[5.207s] -- Up-to-date: /home/hieu-hoang/ros2_aruco_ws/install/ros2_aruco_interfaces/include/ros2_aruco_interfaces/ros2_aruco_interfaces/msg
[5.207s] -- Up-to-date: /home/hieu-hoang/ros2_aruco_ws/install/ros2_aruco_interfaces/include/ros2_aruco_interfaces/ros2_aruco_interfaces/msg/detail
[5.207s] -- Installing: /home/hieu-hoang/ros2_aruco_ws/install/ros2_aruco_interfaces/include/ros2_aruco_interfaces/ros2_aruco_interfaces/msg/detail/aruco_markers__type_support.cpp
[5.208s] -- Installing: /home/hieu-hoang/ros2_aruco_ws/install/ros2_aruco_interfaces/include/ros2_aruco_interfaces/ros2_aruco_interfaces/msg/detail/aruco_markers__rosidl_typesupport_introspection_cpp.hpp
[5.208s] -- Installing: /home/hieu-hoang/ros2_aruco_ws/install/ros2_aruco_interfaces/lib/libros2_aruco_interfaces__rosidl_typesupport_introspection_cpp.so
[5.208s] -- Set non-toolchain portion of runtime path of "/home/hieu-hoang/ros2_aruco_ws/install/ros2_aruco_interfaces/lib/libros2_aruco_interfaces__rosidl_typesupport_introspection_cpp.so" to ""
[5.208s] -- Installing: /home/hieu-hoang/ros2_aruco_ws/install/ros2_aruco_interfaces/lib/libros2_aruco_interfaces__rosidl_typesupport_cpp.so
[5.209s] -- Set non-toolchain portion of runtime path of "/home/hieu-hoang/ros2_aruco_ws/install/ros2_aruco_interfaces/lib/libros2_aruco_interfaces__rosidl_typesupport_cpp.so" to ""
[5.209s] -- Installing: /home/hieu-hoang/ros2_aruco_ws/install/ros2_aruco_interfaces/share/ros2_aruco_interfaces/environment/pythonpath.sh
[5.209s] -- Installing: /home/hieu-hoang/ros2_aruco_ws/install/ros2_aruco_interfaces/share/ros2_aruco_interfaces/environment/pythonpath.dsv
[5.209s] -- Installing: /home/hieu-hoang/ros2_aruco_ws/install/ros2_aruco_interfaces/lib/python3.12/site-packages/ros2_aruco_interfaces-0.1.0-py3.12.egg-info
[5.209s] -- Installing: /home/hieu-hoang/ros2_aruco_ws/install/ros2_aruco_interfaces/lib/python3.12/site-packages/ros2_aruco_interfaces-0.1.0-py3.12.egg-info/PKG-INFO
[5.209s] -- Installing: /home/hieu-hoang/ros2_aruco_ws/install/ros2_aruco_interfaces/lib/python3.12/site-packages/ros2_aruco_interfaces-0.1.0-py3.12.egg-info/SOURCES.txt
[5.209s] -- Installing: /home/hieu-hoang/ros2_aruco_ws/install/ros2_aruco_interfaces/lib/python3.12/site-packages/ros2_aruco_interfaces-0.1.0-py3.12.egg-info/top_level.txt
[5.209s] -- Installing: /home/hieu-hoang/ros2_aruco_ws/install/ros2_aruco_interfaces/lib/python3.12/site-packages/ros2_aruco_interfaces-0.1.0-py3.12.egg-info/dependency_links.txt
[5.209s] -- Installing: /home/hieu-hoang/ros2_aruco_ws/install/ros2_aruco_interfaces/lib/python3.12/site-packages/ros2_aruco_interfaces
[5.210s] -- Installing: /home/hieu-hoang/ros2_aruco_ws/install/ros2_aruco_interfaces/lib/python3.12/site-packages/ros2_aruco_interfaces/ros2_aruco_interfaces_s__rosidl_typesupport_c.so
[5.210s] -- Installing: /home/hieu-hoang/ros2_aruco_ws/install/ros2_aruco_interfaces/lib/python3.12/site-packages/ros2_aruco_interfaces/_ros2_aruco_interfaces_s.ep.rosidl_typesupport_fastrtps_c.c
[5.210s] -- Installing: /home/hieu-hoang/ros2_aruco_ws/install/ros2_aruco_interfaces/lib/python3.12/site-packages/ros2_aruco_interfaces/msg
[5.210s] -- Installing: /home/hieu-hoang/ros2_aruco_ws/install/ros2_aruco_interfaces/lib/python3.12/site-packages/ros2_aruco_interfaces/msg/_aruco_markers_s.c
[5.210s] -- Installing: /home/hieu-hoang/ros2_aruco_ws/install/ros2_aruco_interfaces/lib/python3.12/site-packages/ros2_aruco_interfaces/msg/_aruco_markers.py
[5.210s] -- Installing: /home/hieu-hoang/ros2_aruco_ws/install/ros2_aruco_interfaces/lib/python3.12/site-packages/ros2_aruco_interfaces/msg/__init__.py
[5.210s] -- Installing: /home/hieu-hoang/ros2_aruco_ws/install/ros2_aruco_interfaces/lib/python3.12/site-packages/ros2_aruco_interfaces/_ros2_aruco_interfaces_s.ep.rosidl_typesupport_introspection_c.c
[5.210s] -- Installing: /home/hieu-hoang/ros2_aruco_ws/install/ros2_aruco_interfaces/lib/python3.12/site-packages/ros2_aruco_interfaces/ros2_aruco_interfaces_s__rosidl_typesupport_fastrtps_c.so
[5.210s] -- Installing: /home/hieu-hoang/ros2_aruco_ws/install/ros2_aruco_interfaces/lib/python3.12/site-packages/ros2_aruco_interfaces/_ros2_aruco_interfaces_s.ep.rosidl_typesupport_c.c
[5.211s] -- Installing: /home/hieu-hoang/ros2_aruco_ws/install/ros2_aruco_interfaces/lib/python3.12/site-packages/ros2_aruco_interfaces/ros2_aruco_interfaces_s__rosidl_typesupport_introspection_c.so
[5.211s] -- Installing: /home/hieu-hoang/ros2_aruco_ws/install/ros2_aruco_interfaces/lib/python3.12/site-packages/ros2_aruco_interfaces/__init__.py
[5.244s] Listing '/home/hieu-hoang/ros2_aruco_ws/install/ros2_aruco_interfaces/lib/python3.12/site-packages/ros2_aruco_interfaces'...
[5.244s] Compiling '/home/hieu-hoang/ros2_aruco_ws/install/ros2_aruco_interfaces/lib/python3.12/site-packages/ros2_aruco_interfaces/__init__.py'...
[5.244s] Listing '/home/hieu-hoang/ros2_aruco_ws/install/ros2_aruco_interfaces/lib/python3.12/site-packages/ros2_aruco_interfaces/msg'...
[5.244s] Compiling '/home/hieu-hoang/ros2_aruco_ws/install/ros2_aruco_interfaces/lib/python3.12/site-packages/ros2_aruco_interfaces/msg/__init__.py'...
[5.244s] Compiling '/home/hieu-hoang/ros2_aruco_ws/install/ros2_aruco_interfaces/lib/python3.12/site-packages/ros2_aruco_interfaces/msg/_aruco_markers.py'...
[5.249s] -- Installing: /home/hieu-hoang/ros2_aruco_ws/install/ros2_aruco_interfaces/lib/python3.12/site-packages/ros2_aruco_interfaces/ros2_aruco_interfaces_s__rosidl_typesupport_fastrtps_c.so
[5.249s] -- Set non-toolchain portion of runtime path of "/home/hieu-hoang/ros2_aruco_ws/install/ros2_aruco_interfaces/lib/python3.12/site-packages/ros2_aruco_interfaces/ros2_aruco_interfaces_s__rosidl_typesupport_fastrtps_c.so" to ""
[5.249s] -- Installing: /home/hieu-hoang/ros2_aruco_ws/install/ros2_aruco_interfaces/lib/python3.12/site-packages/ros2_aruco_interfaces/ros2_aruco_interfaces_s__rosidl_typesupport_introspection_c.so
[5.249s] -- Set non-toolchain portion of runtime path of "/home/hieu-hoang/ros2_aruco_ws/install/ros2_aruco_interfaces/lib/python3.12/site-packages/ros2_aruco_interfaces/ros2_aruco_interfaces_s__rosidl_typesupport_introspection_c.so" to ""
[5.250s] -- Installing: /home/hieu-hoang/ros2_aruco_ws/install/ros2_aruco_interfaces/lib/python3.12/site-packages/ros2_aruco_interfaces/ros2_aruco_interfaces_s__rosidl_typesupport_c.so
[5.250s] -- Set non-toolchain portion of runtime path of "/home/hieu-hoang/ros2_aruco_ws/install/ros2_aruco_interfaces/lib/python3.12/site-packages/ros2_aruco_interfaces/ros2_aruco_interfaces_s__rosidl_typesupport_c.so" to ""
[5.250s] -- Installing: /home/hieu-hoang/ros2_aruco_ws/install/ros2_aruco_interfaces/lib/libros2_aruco_interfaces__rosidl_generator_py.so
[5.250s] -- Set non-toolchain portion of runtime path of "/home/hieu-hoang/ros2_aruco_ws/install/ros2_aruco_interfaces/lib/libros2_aruco_interfaces__rosidl_generator_py.so" to ""
[5.251s] -- Installing: /home/hieu-hoang/ros2_aruco_ws/install/ros2_aruco_interfaces/share/ros2_aruco_interfaces/msg/ArucoMarkers.idl
[5.251s] -- Installing: /home/hieu-hoang/ros2_aruco_ws/install/ros2_aruco_interfaces/share/ros2_aruco_interfaces/msg/ArucoMarkers.msg
[5.251s] -- Installing: /home/hieu-hoang/ros2_aruco_ws/install/ros2_aruco_interfaces/share/ament_index/resource_index/package_run_dependencies/ros2_aruco_interfaces
[5.251s] -- Installing: /home/hieu-hoang/ros2_aruco_ws/install/ros2_aruco_interfaces/share/ament_index/resource_index/parent_prefix_path/ros2_aruco_interfaces
[5.251s] -- Installing: /home/hieu-hoang/ros2_aruco_ws/install/ros2_aruco_interfaces/share/ros2_aruco_interfaces/environment/ament_prefix_path.sh
[5.251s] -- Installing: /home/hieu-hoang/ros2_aruco_ws/install/ros2_aruco_interfaces/share/ros2_aruco_interfaces/environment/ament_prefix_path.dsv
[5.252s] -- Installing: /home/hieu-hoang/ros2_aruco_ws/install/ros2_aruco_interfaces/share/ros2_aruco_interfaces/environment/path.sh
[5.252s] -- Installing: /home/hieu-hoang/ros2_aruco_ws/install/ros2_aruco_interfaces/share/ros2_aruco_interfaces/environment/path.dsv
[5.252s] -- Installing: /home/hieu-hoang/ros2_aruco_ws/install/ros2_aruco_interfaces/share/ros2_aruco_interfaces/local_setup.bash
[5.252s] -- Installing: /home/hieu-hoang/ros2_aruco_ws/install/ros2_aruco_interfaces/share/ros2_aruco_interfaces/local_setup.sh
[5.252s] -- Installing: /home/hieu-hoang/ros2_aruco_ws/install/ros2_aruco_interfaces/share/ros2_aruco_interfaces/local_setup.zsh
[5.252s] -- Installing: /home/hieu-hoang/ros2_aruco_ws/install/ros2_aruco_interfaces/share/ros2_aruco_interfaces/local_setup.dsv
[5.252s] -- Installing: /home/hieu-hoang/ros2_aruco_ws/install/ros2_aruco_interfaces/share/ros2_aruco_interfaces/package.dsv
[5.253s] -- Installing: /home/hieu-hoang/ros2_aruco_ws/install/ros2_aruco_interfaces/share/ament_index/resource_index/packages/ros2_aruco_interfaces
[5.253s] -- Installing: /home/hieu-hoang/ros2_aruco_ws/install/ros2_aruco_interfaces/share/ros2_aruco_interfaces/cmake/export_ros2_aruco_interfaces__rosidl_generator_cExport.cmake
[5.253s] -- Installing: /home/hieu-hoang/ros2_aruco_ws/install/ros2_aruco_interfaces/share/ros2_aruco_interfaces/cmake/export_ros2_aruco_interfaces__rosidl_generator_cExport-noconfig.cmake
[5.253s] -- Installing: /home/hieu-hoang/ros2_aruco_ws/install/ros2_aruco_interfaces/share/ros2_aruco_interfaces/cmake/export_ros2_aruco_interfaces__rosidl_typesupport_fastrtps_cExport.cmake
[5.253s] -- Installing: /home/hieu-hoang/ros2_aruco_ws/install/ros2_aruco_interfaces/share/ros2_aruco_interfaces/cmake/export_ros2_aruco_interfaces__rosidl_typesupport_fastrtps_cExport-noconfig.cmake
[5.254s] -- Installing: /home/hieu-hoang/ros2_aruco_ws/install/ros2_aruco_interfaces/share/ros2_aruco_interfaces/cmake/export_ros2_aruco_interfaces__rosidl_generator_cppExport.cmake
[5.254s] -- Installing: /home/hieu-hoang/ros2_aruco_ws/install/ros2_aruco_interfaces/share/ros2_aruco_interfaces/cmake/export_ros2_aruco_interfaces__rosidl_typesupport_fastrtps_cppExport.cmake
[5.254s] -- Installing: /home/hieu-hoang/ros2_aruco_ws/install/ros2_aruco_interfaces/share/ros2_aruco_interfaces/cmake/export_ros2_aruco_interfaces__rosidl_typesupport_fastrtps_cppExport-noconfig.cmake
[5.254s] -- Installing: /home/hieu-hoang/ros2_aruco_ws/install/ros2_aruco_interfaces/share/ros2_aruco_interfaces/cmake/ros2_aruco_interfaces__rosidl_typesupport_introspection_cExport.cmake
[5.254s] -- Installing: /home/hieu-hoang/ros2_aruco_ws/install/ros2_aruco_interfaces/share/ros2_aruco_interfaces/cmake/ros2_aruco_interfaces__rosidl_typesupport_introspection_cExport-noconfig.cmake
[5.254s] -- Installing: /home/hieu-hoang/ros2_aruco_ws/install/ros2_aruco_interfaces/share/ros2_aruco_interfaces/cmake/ros2_aruco_interfaces__rosidl_typesupport_cExport.cmake
[5.255s] -- Installing: /home/hieu-hoang/ros2_aruco_ws/install/ros2_aruco_interfaces/share/ros2_aruco_interfaces/cmake/ros2_aruco_interfaces__rosidl_typesupport_cExport-noconfig.cmake
[5.255s] -- Installing: /home/hieu-hoang/ros2_aruco_ws/install/ros2_aruco_interfaces/share/ros2_aruco_interfaces/cmake/ros2_aruco_interfaces__rosidl_typesupport_introspection_cppExport.cmake
[5.255s] -- Installing: /home/hieu-hoang/ros2_aruco_ws/install/ros2_aruco_interfaces/share/ros2_aruco_interfaces/cmake/ros2_aruco_interfaces__rosidl_typesupport_introspection_cppExport-noconfig.cmake
[5.255s] -- Installing: /home/hieu-hoang/ros2_aruco_ws/install/ros2_aruco_interfaces/share/ros2_aruco_interfaces/cmake/ros2_aruco_interfaces__rosidl_typesupport_cppExport.cmake
[5.255s] -- Installing: /home/hieu-hoang/ros2_aruco_ws/install/ros2_aruco_interfaces/share/ros2_aruco_interfaces/cmake/ros2_aruco_interfaces__rosidl_typesupport_cppExport-noconfig.cmake
[5.255s] -- Installing: /home/hieu-hoang/ros2_aruco_ws/install/ros2_aruco_interfaces/share/ros2_aruco_interfaces/cmake/export_ros2_aruco_interfaces__rosidl_generator_pyExport.cmake
[5.255s] -- Installing: /home/hieu-hoang/ros2_aruco_ws/install/ros2_aruco_interfaces/share/ros2_aruco_interfaces/cmake/export_ros2_aruco_interfaces__rosidl_generator_pyExport-noconfig.cmake
[5.256s] -- Installing: /home/hieu-hoang/ros2_aruco_ws/install/ros2_aruco_interfaces/share/ros2_aruco_interfaces/cmake/rosidl_cmake-extras.cmake
[5.256s] -- Installing: /home/hieu-hoang/ros2_aruco_ws/install/ros2_aruco_interfaces/share/ros2_aruco_interfaces/cmake/ament_cmake_export_dependencies-extras.cmake
[5.256s] -- Installing: /home/hieu-hoang/ros2_aruco_ws/install/ros2_aruco_interfaces/share/ros2_aruco_interfaces/cmake/ament_cmake_export_include_directories-extras.cmake
[5.256s] -- Installing: /home/hieu-hoang/ros2_aruco_ws/install/ros2_aruco_interfaces/share/ros2_aruco_interfaces/cmake/ament_cmake_export_libraries-extras.cmake
[5.256s] -- Installing: /home/hieu-hoang/ros2_aruco_ws/install/ros2_aruco_interfaces/share/ros2_aruco_interfaces/cmake/ament_cmake_export_targets-extras.cmake
[5.256s] -- Installing: /home/hieu-hoang/ros2_aruco_ws/install/ros2_aruco_interfaces/share/ros2_aruco_interfaces/cmake/rosidl_cmake_export_typesupport_targets-extras.cmake
[5.256s] -- Installing: /home/hieu-hoang/ros2_aruco_ws/install/ros2_aruco_interfaces/share/ros2_aruco_interfaces/cmake/rosidl_cmake_export_typesupport_libraries-extras.cmake
[5.256s] -- Installing: /home/hieu-hoang/ros2_aruco_ws/install/ros2_aruco_interfaces/share/ros2_aruco_interfaces/cmake/ros2_aruco_interfacesConfig.cmake
[5.257s] -- Installing: /home/hieu-hoang/ros2_aruco_ws/install/ros2_aruco_interfaces/share/ros2_aruco_interfaces/cmake/ros2_aruco_interfacesConfig-version.cmake
[5.257s] -- Installing: /home/hieu-hoang/ros2_aruco_ws/install/ros2_aruco_interfaces/share/ros2_aruco_interfaces/package.xml
[5.259s] Invoked command in '/home/hieu-hoang/ros2_aruco_ws/build/ros2_aruco_interfaces' returned '0': CMAKE_PREFIX_PATH=${CMAKE_PREFIX_PATH}:/home/hieu-hoang/install/ros2_aruco:/home/hieu-hoang/install/my_aruco_detector:/home/hieu-hoang/ros2_aruco_ws/install/ros2_aruco:/home/hieu-hoang/ros2_aruco_ws/install/my_aruco_detector:/opt/ros/jazzy DEBUGINFOD_URLS=https://debuginfod.ubuntu.com PS1=\[\e]0;\u@\h: \w\a\]${debian_chroot:+($debian_chroot)}\[\033[01;32m\]\u@\h\[\033[00m\]:\[\033[01;34m\]\w\[\033[00m\]\$ /usr/bin/cmake --install /home/hieu-hoang/ros2_aruco_ws/build/ros2_aruco_interfaces
