[0.345s] Invoking command in '/home/hieu-hoang/106AProject_Drone/ros2_aruco_ws/build/ros2_aruco_interfaces': CMAKE_PREFIX_PATH=${CMAKE_PREFIX_PATH}:/home/hieu-hoang/106AProject_Drone/ros2_aruco_ws/install/ros2_aruco:/home/hieu-hoang/106AProject_Drone/ros2_aruco_ws/install/my_aruco_detector:/home/hieu-hoang/ros2_aruco_ws/install/ros2_aruco:/home/hieu-hoang/ros2_aruco_ws/install/my_aruco_detector:/home/hieu-hoang/install/ros2_aruco:/home/hieu-hoang/install/my_aruco_detector:/opt/ros/jazzy DEBUGINFOD_URLS=https://debuginfod.ubuntu.com PS1=\[\e]0;\u@\h: \w\a\]${debian_chroot:+($debian_chroot)}\[\033[01;32m\]\u@\h\[\033[00m\]:\[\033[01;34m\]\w\[\033[00m\]\$ /usr/bin/cmake /home/hieu-hoang/106AProject_Drone/ros2_aruco_ws/src/ros2_aruco/ros2_aruco_interfaces -DCMAKE_INSTALL_PREFIX=/home/hieu-hoang/106AProject_Drone/ros2_aruco_ws/install/ros2_aruco_interfaces
[0.357s] -- Found ament_cmake: 2.5.4 (/opt/ros/jazzy/share/ament_cmake/cmake)
[0.514s] -- Found geometry_msgs: 5.3.6 (/opt/ros/jazzy/share/geometry_msgs/cmake)
[0.538s] -- Found rosidl_generator_c: 4.6.6 (/opt/ros/jazzy/share/rosidl_generator_c/cmake)
[0.547s] -- Found rosidl_generator_cpp: 4.6.6 (/opt/ros/jazzy/share/rosidl_generator_cpp/cmake)
[0.558s] -- Using all available rosidl_typesupport_c: rosidl_typesupport_fastrtps_c;rosidl_typesupport_introspection_c
[0.571s] -- Using all available rosidl_typesupport_cpp: rosidl_typesupport_fastrtps_cpp;rosidl_typesupport_introspection_cpp
[0.610s] -- Found rosidl_default_generators: 1.6.0 (/opt/ros/jazzy/share/rosidl_default_generators/cmake)
[0.618s] -- Found rosidl_adapter: 4.6.6 (/opt/ros/jazzy/share/rosidl_adapter/cmake)
[0.754s] [31mCMake Error at /opt/ros/jazzy/share/rosidl_adapter/cmake/rosidl_adapt_interfaces.cmake:57 (message):
[0.754s]   
[0.754s]   execute_process(/home/hieu-hoang/106AProject_Drone/ros2_aruco_ws/venv/bin/python3
[0.754s]   -m rosidl_adapter --package-name ros2_aruco_interfaces --arguments-file
[0.754s]   /home/hieu-hoang/106AProject_Drone/ros2_aruco_ws/build/ros2_aruco_interfaces/rosidl_adapter__arguments__ros2_aruco_interfaces.json
[0.754s]   --output-dir
[0.754s]   /home/hieu-hoang/106AProject_Drone/ros2_aruco_ws/build/ros2_aruco_interfaces/rosidl_adapter/ros2_aruco_interfaces
[0.754s]   --output-file
[0.754s]   /home/hieu-hoang/106AProject_Drone/ros2_aruco_ws/build/ros2_aruco_interfaces/rosidl_adapter/ros2_aruco_interfaces.idls)
[0.754s]   returned error code 1:
[0.755s] 
[0.755s]   Traceback (most recent call last):
[0.755s] 
[0.755s]     File "<frozen runpy>", line 198, in _run_module_as_main
[0.755s]     File "<frozen runpy>", line 88, in _run_code
[0.755s]     File "/opt/ros/jazzy/lib/python3.12/site-packages/rosidl_adapter/__main__.py", line 19, in <module>
[0.755s]       sys.exit(main())
[0.755s]                ^^^^^^
[0.755s]     File "/opt/ros/jazzy/lib/python3.12/site-packages/rosidl_adapter/main.py", line 53, in main
[0.755s]       abs_idl_file = convert_to_idl(
[0.755s]                      ^^^^^^^^^^^^^^^
[0.755s]     File "/opt/ros/jazzy/lib/python3.12/site-packages/rosidl_adapter/__init__.py", line 18, in convert_to_idl
[0.755s]       from rosidl_adapter.msg import convert_msg_to_idl
[0.755s]     File "/opt/ros/jazzy/lib/python3.12/site-packages/rosidl_adapter/msg/__init__.py", line 16, in <module>
[0.755s]       from rosidl_adapter.resource import expand_template
[0.755s]     File "/opt/ros/jazzy/lib/python3.12/site-packages/rosidl_adapter/resource/__init__.py", line 19, in <module>
[0.755s]       import em
[0.755s] 
[0.755s]   ModuleNotFoundError: No module named 'em'
[0.756s] 
[0.756s] Call Stack (most recent call first):
[0.756s]   /opt/ros/jazzy/share/rosidl_cmake/cmake/rosidl_generate_interfaces.cmake:132 (rosidl_adapt_interfaces)
[0.756s]   CMakeLists.txt:28 (rosidl_generate_interfaces)
[0.756s] 
[0.756s] [0m
[0.756s] -- Configuring incomplete, errors occurred!
[0.760s] Invoked command in '/home/hieu-hoang/106AProject_Drone/ros2_aruco_ws/build/ros2_aruco_interfaces' returned '1': CMAKE_PREFIX_PATH=${CMAKE_PREFIX_PATH}:/home/hieu-hoang/106AProject_Drone/ros2_aruco_ws/install/ros2_aruco:/home/hieu-hoang/106AProject_Drone/ros2_aruco_ws/install/my_aruco_detector:/home/hieu-hoang/ros2_aruco_ws/install/ros2_aruco:/home/hieu-hoang/ros2_aruco_ws/install/my_aruco_detector:/home/hieu-hoang/install/ros2_aruco:/home/hieu-hoang/install/my_aruco_detector:/opt/ros/jazzy DEBUGINFOD_URLS=https://debuginfod.ubuntu.com PS1=\[\e]0;\u@\h: \w\a\]${debian_chroot:+($debian_chroot)}\[\033[01;32m\]\u@\h\[\033[00m\]:\[\033[01;34m\]\w\[\033[00m\]\$ /usr/bin/cmake /home/hieu-hoang/106AProject_Drone/ros2_aruco_ws/src/ros2_aruco/ros2_aruco_interfaces -DCMAKE_INSTALL_PREFIX=/home/hieu-hoang/106AProject_Drone/ros2_aruco_ws/install/ros2_aruco_interfaces
