[0.599s] Invoking command in '/home/cc/ee106a/fa25/class/ee106a-ado/ros_workspaces/106AProject_Drone/ros2_aruco_ws/build/ros2_aruco_interfaces': CMAKE_PREFIX_PATH=${CMAKE_PREFIX_PATH}:/home/cc/ee106a/fa25/class/ee106a-ado/ros_workspaces/106AProject_Drone/ros2_aruco_ws/install/ros2_aruco:/home/cc/ee106a/fa25/class/ee106a-ado/ros_workspaces/106AProject_Drone/ros2_aruco_ws/install/my_aruco_detector:/home/cc/ee106a/fa25/class/ee106a-ado/ros_workspaces/106AProject_Drone/install/ros2_aruco:/home/cc/ee106a/fa25/class/ee106a-ado/ros_workspaces/106AProject_Drone/install/my_aruco_detector:/opt/ros/turtlebot3_ws/install/turtlebot3_teleop:/opt/ros/turtlebot3_ws/install/turtlebot3_example:/opt/ros/humble /usr/bin/cmake --build /home/cc/ee106a/fa25/class/ee106a-ado/ros_workspaces/106AProject_Drone/ros2_aruco_ws/build/ros2_aruco_interfaces -- -j32 -l32
[0.742s] [  3%] Built target ros2_aruco_interfaces__cpp
[0.823s] [ 12%] Built target ros2_aruco_interfaces__rosidl_generator_c
[0.876s] [ 35%] Built target ros2_aruco_interfaces__rosidl_typesupport_cpp
[0.881s] [ 41%] Built target ros2_aruco_interfaces__rosidl_typesupport_fastrtps_cpp
[0.882s] [ 41%] Built target ros2_aruco_interfaces__rosidl_typesupport_introspection_cpp
[0.917s] [ 41%] Built target ament_cmake_python_copy_ros2_aruco_interfaces
[0.961s] [ 67%] Built target ros2_aruco_interfaces__rosidl_typesupport_c
[0.964s] [ 70%] Built target ros2_aruco_interfaces__rosidl_typesupport_fastrtps_c
[0.964s] [ 70%] Built target ros2_aruco_interfaces__rosidl_typesupport_introspection_c
[1.001s] [ 70%] Built target ros2_aruco_interfaces
[1.044s] [ 74%] Built target ros2_aruco_interfaces__py
[1.098s] [ 80%] Built target ros2_aruco_interfaces__rosidl_generator_py
[1.171s] [ 93%] Built target ros2_aruco_interfaces__rosidl_typesupport_fastrtps_c__pyext
[1.174s] [100%] Built target ros2_aruco_interfaces__rosidl_typesupport_introspection_c__pyext
[1.175s] [100%] Built target ros2_aruco_interfaces__rosidl_typesupport_c__pyext
[1.253s] running egg_info
[1.255s] writing ros2_aruco_interfaces.egg-info/PKG-INFO
[1.258s] writing dependency_links to ros2_aruco_interfaces.egg-info/dependency_links.txt
[1.262s] writing top-level names to ros2_aruco_interfaces.egg-info/top_level.txt
[1.267s] reading manifest file 'ros2_aruco_interfaces.egg-info/SOURCES.txt'
[1.269s] writing manifest file 'ros2_aruco_interfaces.egg-info/SOURCES.txt'
[1.297s] [100%] Built target ament_cmake_python_build_ros2_aruco_interfaces_egg
[1.335s] Invoked command in '/home/cc/ee106a/fa25/class/ee106a-ado/ros_workspaces/106AProject_Drone/ros2_aruco_ws/build/ros2_aruco_interfaces' returned '0': CMAKE_PREFIX_PATH=${CMAKE_PREFIX_PATH}:/home/cc/ee106a/fa25/class/ee106a-ado/ros_workspaces/106AProject_Drone/ros2_aruco_ws/install/ros2_aruco:/home/cc/ee106a/fa25/class/ee106a-ado/ros_workspaces/106AProject_Drone/ros2_aruco_ws/install/my_aruco_detector:/home/cc/ee106a/fa25/class/ee106a-ado/ros_workspaces/106AProject_Drone/install/ros2_aruco:/home/cc/ee106a/fa25/class/ee106a-ado/ros_workspaces/106AProject_Drone/install/my_aruco_detector:/opt/ros/turtlebot3_ws/install/turtlebot3_teleop:/opt/ros/turtlebot3_ws/install/turtlebot3_example:/opt/ros/humble /usr/bin/cmake --build /home/cc/ee106a/fa25/class/ee106a-ado/ros_workspaces/106AProject_Drone/ros2_aruco_ws/build/ros2_aruco_interfaces -- -j32 -l32
[1.339s] Invoking command in '/home/cc/ee106a/fa25/class/ee106a-ado/ros_workspaces/106AProject_Drone/ros2_aruco_ws/build/ros2_aruco_interfaces': CMAKE_PREFIX_PATH=${CMAKE_PREFIX_PATH}:/home/cc/ee106a/fa25/class/ee106a-ado/ros_workspaces/106AProject_Drone/ros2_aruco_ws/install/ros2_aruco:/home/cc/ee106a/fa25/class/ee106a-ado/ros_workspaces/106AProject_Drone/ros2_aruco_ws/install/my_aruco_detector:/home/cc/ee106a/fa25/class/ee106a-ado/ros_workspaces/106AProject_Drone/install/ros2_aruco:/home/cc/ee106a/fa25/class/ee106a-ado/ros_workspaces/106AProject_Drone/install/my_aruco_detector:/opt/ros/turtlebot3_ws/install/turtlebot3_teleop:/opt/ros/turtlebot3_ws/install/turtlebot3_example:/opt/ros/humble /usr/bin/cmake --install /home/cc/ee106a/fa25/class/ee106a-ado/ros_workspaces/106AProject_Drone/ros2_aruco_ws/build/ros2_aruco_interfaces
[1.351s] -- Install configuration: ""
[1.352s] -- Up-to-date: /home/cc/ee106a/fa25/class/ee106a-ado/ros_workspaces/106AProject_Drone/ros2_aruco_ws/install/ros2_aruco_interfaces/share/ament_index/resource_index/rosidl_interfaces/ros2_aruco_interfaces
[1.353s] -- Up-to-date: /home/cc/ee106a/fa25/class/ee106a-ado/ros_workspaces/106AProject_Drone/ros2_aruco_ws/install/ros2_aruco_interfaces/include/ros2_aruco_interfaces/ros2_aruco_interfaces
[1.355s] -- Up-to-date: /home/cc/ee106a/fa25/class/ee106a-ado/ros_workspaces/106AProject_Drone/ros2_aruco_ws/install/ros2_aruco_interfaces/include/ros2_aruco_interfaces/ros2_aruco_interfaces/msg
[1.356s] -- Up-to-date: /home/cc/ee106a/fa25/class/ee106a-ado/ros_workspaces/106AProject_Drone/ros2_aruco_ws/install/ros2_aruco_interfaces/include/ros2_aruco_interfaces/ros2_aruco_interfaces/msg/aruco_markers.h
[1.357s] -- Up-to-date: /home/cc/ee106a/fa25/class/ee106a-ado/ros_workspaces/106AProject_Drone/ros2_aruco_ws/install/ros2_aruco_interfaces/include/ros2_aruco_interfaces/ros2_aruco_interfaces/msg/rosidl_generator_c__visibility_control.h
[1.358s] -- Up-to-date: /home/cc/ee106a/fa25/class/ee106a-ado/ros_workspaces/106AProject_Drone/ros2_aruco_ws/install/ros2_aruco_interfaces/include/ros2_aruco_interfaces/ros2_aruco_interfaces/msg/detail
[1.359s] -- Up-to-date: /home/cc/ee106a/fa25/class/ee106a-ado/ros_workspaces/106AProject_Drone/ros2_aruco_ws/install/ros2_aruco_interfaces/include/ros2_aruco_interfaces/ros2_aruco_interfaces/msg/detail/aruco_markers__functions.c
[1.360s] -- Up-to-date: /home/cc/ee106a/fa25/class/ee106a-ado/ros_workspaces/106AProject_Drone/ros2_aruco_ws/install/ros2_aruco_interfaces/include/ros2_aruco_interfaces/ros2_aruco_interfaces/msg/detail/aruco_markers__functions.h
[1.361s] -- Up-to-date: /home/cc/ee106a/fa25/class/ee106a-ado/ros_workspaces/106AProject_Drone/ros2_aruco_ws/install/ros2_aruco_interfaces/include/ros2_aruco_interfaces/ros2_aruco_interfaces/msg/detail/aruco_markers__struct.h
[1.362s] -- Up-to-date: /home/cc/ee106a/fa25/class/ee106a-ado/ros_workspaces/106AProject_Drone/ros2_aruco_ws/install/ros2_aruco_interfaces/include/ros2_aruco_interfaces/ros2_aruco_interfaces/msg/detail/aruco_markers__type_support.h
[1.363s] -- Up-to-date: /home/cc/ee106a/fa25/class/ee106a-ado/ros_workspaces/106AProject_Drone/ros2_aruco_ws/install/ros2_aruco_interfaces/share/ros2_aruco_interfaces/environment/library_path.sh
[1.364s] -- Up-to-date: /home/cc/ee106a/fa25/class/ee106a-ado/ros_workspaces/106AProject_Drone/ros2_aruco_ws/install/ros2_aruco_interfaces/share/ros2_aruco_interfaces/environment/library_path.dsv
[1.366s] -- Up-to-date: /home/cc/ee106a/fa25/class/ee106a-ado/ros_workspaces/106AProject_Drone/ros2_aruco_ws/install/ros2_aruco_interfaces/lib/libros2_aruco_interfaces__rosidl_generator_c.so
[1.369s] -- Up-to-date: /home/cc/ee106a/fa25/class/ee106a-ado/ros_workspaces/106AProject_Drone/ros2_aruco_ws/install/ros2_aruco_interfaces/include/ros2_aruco_interfaces/ros2_aruco_interfaces
[1.371s] -- Up-to-date: /home/cc/ee106a/fa25/class/ee106a-ado/ros_workspaces/106AProject_Drone/ros2_aruco_ws/install/ros2_aruco_interfaces/include/ros2_aruco_interfaces/ros2_aruco_interfaces/msg
[1.372s] -- Up-to-date: /home/cc/ee106a/fa25/class/ee106a-ado/ros_workspaces/106AProject_Drone/ros2_aruco_ws/install/ros2_aruco_interfaces/include/ros2_aruco_interfaces/ros2_aruco_interfaces/msg/detail
[1.375s] -- Up-to-date: /home/cc/ee106a/fa25/class/ee106a-ado/ros_workspaces/106AProject_Drone/ros2_aruco_ws/install/ros2_aruco_interfaces/include/ros2_aruco_interfaces/ros2_aruco_interfaces/msg/detail/aruco_markers__rosidl_typesupport_fastrtps_c.h
[1.375s] -- Up-to-date: /home/cc/ee106a/fa25/class/ee106a-ado/ros_workspaces/106AProject_Drone/ros2_aruco_ws/install/ros2_aruco_interfaces/include/ros2_aruco_interfaces/ros2_aruco_interfaces/msg/rosidl_typesupport_fastrtps_c__visibility_control.h
[1.377s] -- Up-to-date: /home/cc/ee106a/fa25/class/ee106a-ado/ros_workspaces/106AProject_Drone/ros2_aruco_ws/install/ros2_aruco_interfaces/lib/libros2_aruco_interfaces__rosidl_typesupport_fastrtps_c.so
[1.381s] -- Up-to-date: /home/cc/ee106a/fa25/class/ee106a-ado/ros_workspaces/106AProject_Drone/ros2_aruco_ws/install/ros2_aruco_interfaces/include/ros2_aruco_interfaces/ros2_aruco_interfaces
[1.383s] -- Up-to-date: /home/cc/ee106a/fa25/class/ee106a-ado/ros_workspaces/106AProject_Drone/ros2_aruco_ws/install/ros2_aruco_interfaces/include/ros2_aruco_interfaces/ros2_aruco_interfaces/msg
[1.385s] -- Up-to-date: /home/cc/ee106a/fa25/class/ee106a-ado/ros_workspaces/106AProject_Drone/ros2_aruco_ws/install/ros2_aruco_interfaces/include/ros2_aruco_interfaces/ros2_aruco_interfaces/msg/aruco_markers.hpp
[1.385s] -- Up-to-date: /home/cc/ee106a/fa25/class/ee106a-ado/ros_workspaces/106AProject_Drone/ros2_aruco_ws/install/ros2_aruco_interfaces/include/ros2_aruco_interfaces/ros2_aruco_interfaces/msg/rosidl_generator_cpp__visibility_control.hpp
[1.386s] -- Up-to-date: /home/cc/ee106a/fa25/class/ee106a-ado/ros_workspaces/106AProject_Drone/ros2_aruco_ws/install/ros2_aruco_interfaces/include/ros2_aruco_interfaces/ros2_aruco_interfaces/msg/detail
[1.388s] -- Up-to-date: /home/cc/ee106a/fa25/class/ee106a-ado/ros_workspaces/106AProject_Drone/ros2_aruco_ws/install/ros2_aruco_interfaces/include/ros2_aruco_interfaces/ros2_aruco_interfaces/msg/detail/aruco_markers__builder.hpp
[1.389s] -- Up-to-date: /home/cc/ee106a/fa25/class/ee106a-ado/ros_workspaces/106AProject_Drone/ros2_aruco_ws/install/ros2_aruco_interfaces/include/ros2_aruco_interfaces/ros2_aruco_interfaces/msg/detail/aruco_markers__struct.hpp
[1.390s] -- Up-to-date: /home/cc/ee106a/fa25/class/ee106a-ado/ros_workspaces/106AProject_Drone/ros2_aruco_ws/install/ros2_aruco_interfaces/include/ros2_aruco_interfaces/ros2_aruco_interfaces/msg/detail/aruco_markers__traits.hpp
[1.391s] -- Up-to-date: /home/cc/ee106a/fa25/class/ee106a-ado/ros_workspaces/106AProject_Drone/ros2_aruco_ws/install/ros2_aruco_interfaces/include/ros2_aruco_interfaces/ros2_aruco_interfaces/msg/detail/aruco_markers__type_support.hpp
[1.392s] -- Up-to-date: /home/cc/ee106a/fa25/class/ee106a-ado/ros_workspaces/106AProject_Drone/ros2_aruco_ws/install/ros2_aruco_interfaces/include/ros2_aruco_interfaces/ros2_aruco_interfaces
[1.393s] -- Up-to-date: /home/cc/ee106a/fa25/class/ee106a-ado/ros_workspaces/106AProject_Drone/ros2_aruco_ws/install/ros2_aruco_interfaces/include/ros2_aruco_interfaces/ros2_aruco_interfaces/msg
[1.395s] -- Up-to-date: /home/cc/ee106a/fa25/class/ee106a-ado/ros_workspaces/106AProject_Drone/ros2_aruco_ws/install/ros2_aruco_interfaces/include/ros2_aruco_interfaces/ros2_aruco_interfaces/msg/detail
[1.396s] -- Up-to-date: /home/cc/ee106a/fa25/class/ee106a-ado/ros_workspaces/106AProject_Drone/ros2_aruco_ws/install/ros2_aruco_interfaces/include/ros2_aruco_interfaces/ros2_aruco_interfaces/msg/detail/aruco_markers__rosidl_typesupport_fastrtps_cpp.hpp
[1.396s] -- Up-to-date: /home/cc/ee106a/fa25/class/ee106a-ado/ros_workspaces/106AProject_Drone/ros2_aruco_ws/install/ros2_aruco_interfaces/include/ros2_aruco_interfaces/ros2_aruco_interfaces/msg/detail/dds_fastrtps
[1.397s] -- Up-to-date: /home/cc/ee106a/fa25/class/ee106a-ado/ros_workspaces/106AProject_Drone/ros2_aruco_ws/install/ros2_aruco_interfaces/include/ros2_aruco_interfaces/ros2_aruco_interfaces/msg/rosidl_typesupport_fastrtps_cpp__visibility_control.h
[1.401s] -- Up-to-date: /home/cc/ee106a/fa25/class/ee106a-ado/ros_workspaces/106AProject_Drone/ros2_aruco_ws/install/ros2_aruco_interfaces/lib/libros2_aruco_interfaces__rosidl_typesupport_fastrtps_cpp.so
[1.405s] -- Up-to-date: /home/cc/ee106a/fa25/class/ee106a-ado/ros_workspaces/106AProject_Drone/ros2_aruco_ws/install/ros2_aruco_interfaces/include/ros2_aruco_interfaces/ros2_aruco_interfaces
[1.406s] -- Up-to-date: /home/cc/ee106a/fa25/class/ee106a-ado/ros_workspaces/106AProject_Drone/ros2_aruco_ws/install/ros2_aruco_interfaces/include/ros2_aruco_interfaces/ros2_aruco_interfaces/msg
[1.408s] -- Up-to-date: /home/cc/ee106a/fa25/class/ee106a-ado/ros_workspaces/106AProject_Drone/ros2_aruco_ws/install/ros2_aruco_interfaces/include/ros2_aruco_interfaces/ros2_aruco_interfaces/msg/detail
[1.409s] -- Up-to-date: /home/cc/ee106a/fa25/class/ee106a-ado/ros_workspaces/106AProject_Drone/ros2_aruco_ws/install/ros2_aruco_interfaces/include/ros2_aruco_interfaces/ros2_aruco_interfaces/msg/detail/aruco_markers__rosidl_typesupport_introspection_c.h
[1.410s] -- Up-to-date: /home/cc/ee106a/fa25/class/ee106a-ado/ros_workspaces/106AProject_Drone/ros2_aruco_ws/install/ros2_aruco_interfaces/include/ros2_aruco_interfaces/ros2_aruco_interfaces/msg/detail/aruco_markers__type_support.c
[1.410s] -- Up-to-date: /home/cc/ee106a/fa25/class/ee106a-ado/ros_workspaces/106AProject_Drone/ros2_aruco_ws/install/ros2_aruco_interfaces/include/ros2_aruco_interfaces/ros2_aruco_interfaces/msg/rosidl_typesupport_introspection_c__visibility_control.h
[1.413s] -- Up-to-date: /home/cc/ee106a/fa25/class/ee106a-ado/ros_workspaces/106AProject_Drone/ros2_aruco_ws/install/ros2_aruco_interfaces/lib/libros2_aruco_interfaces__rosidl_typesupport_introspection_c.so
[1.416s] -- Up-to-date: /home/cc/ee106a/fa25/class/ee106a-ado/ros_workspaces/106AProject_Drone/ros2_aruco_ws/install/ros2_aruco_interfaces/lib/libros2_aruco_interfaces__rosidl_typesupport_c.so
[1.419s] -- Up-to-date: /home/cc/ee106a/fa25/class/ee106a-ado/ros_workspaces/106AProject_Drone/ros2_aruco_ws/install/ros2_aruco_interfaces/include/ros2_aruco_interfaces/ros2_aruco_interfaces
[1.421s] -- Up-to-date: /home/cc/ee106a/fa25/class/ee106a-ado/ros_workspaces/106AProject_Drone/ros2_aruco_ws/install/ros2_aruco_interfaces/include/ros2_aruco_interfaces/ros2_aruco_interfaces/msg
[1.422s] -- Up-to-date: /home/cc/ee106a/fa25/class/ee106a-ado/ros_workspaces/106AProject_Drone/ros2_aruco_ws/install/ros2_aruco_interfaces/include/ros2_aruco_interfaces/ros2_aruco_interfaces/msg/detail
[1.424s] -- Up-to-date: /home/cc/ee106a/fa25/class/ee106a-ado/ros_workspaces/106AProject_Drone/ros2_aruco_ws/install/ros2_aruco_interfaces/include/ros2_aruco_interfaces/ros2_aruco_interfaces/msg/detail/aruco_markers__rosidl_typesupport_introspection_cpp.hpp
[1.425s] -- Up-to-date: /home/cc/ee106a/fa25/class/ee106a-ado/ros_workspaces/106AProject_Drone/ros2_aruco_ws/install/ros2_aruco_interfaces/include/ros2_aruco_interfaces/ros2_aruco_interfaces/msg/detail/aruco_markers__type_support.cpp
[1.429s] -- Up-to-date: /home/cc/ee106a/fa25/class/ee106a-ado/ros_workspaces/106AProject_Drone/ros2_aruco_ws/install/ros2_aruco_interfaces/lib/libros2_aruco_interfaces__rosidl_typesupport_introspection_cpp.so
[1.434s] -- Up-to-date: /home/cc/ee106a/fa25/class/ee106a-ado/ros_workspaces/106AProject_Drone/ros2_aruco_ws/install/ros2_aruco_interfaces/lib/libros2_aruco_interfaces__rosidl_typesupport_cpp.so
[1.437s] -- Up-to-date: /home/cc/ee106a/fa25/class/ee106a-ado/ros_workspaces/106AProject_Drone/ros2_aruco_ws/install/ros2_aruco_interfaces/share/ros2_aruco_interfaces/environment/pythonpath.sh
[1.439s] -- Up-to-date: /home/cc/ee106a/fa25/class/ee106a-ado/ros_workspaces/106AProject_Drone/ros2_aruco_ws/install/ros2_aruco_interfaces/share/ros2_aruco_interfaces/environment/pythonpath.dsv
[1.439s] -- Up-to-date: /home/cc/ee106a/fa25/class/ee106a-ado/ros_workspaces/106AProject_Drone/ros2_aruco_ws/install/ros2_aruco_interfaces/local/lib/python3.10/dist-packages/ros2_aruco_interfaces-0.1.0-py3.10.egg-info
[1.441s] -- Installing: /home/cc/ee106a/fa25/class/ee106a-ado/ros_workspaces/106AProject_Drone/ros2_aruco_ws/install/ros2_aruco_interfaces/local/lib/python3.10/dist-packages/ros2_aruco_interfaces-0.1.0-py3.10.egg-info/PKG-INFO
[1.448s] -- Installing: /home/cc/ee106a/fa25/class/ee106a-ado/ros_workspaces/106AProject_Drone/ros2_aruco_ws/install/ros2_aruco_interfaces/local/lib/python3.10/dist-packages/ros2_aruco_interfaces-0.1.0-py3.10.egg-info/dependency_links.txt
[1.454s] -- Installing: /home/cc/ee106a/fa25/class/ee106a-ado/ros_workspaces/106AProject_Drone/ros2_aruco_ws/install/ros2_aruco_interfaces/local/lib/python3.10/dist-packages/ros2_aruco_interfaces-0.1.0-py3.10.egg-info/top_level.txt
[1.462s] -- Installing: /home/cc/ee106a/fa25/class/ee106a-ado/ros_workspaces/106AProject_Drone/ros2_aruco_ws/install/ros2_aruco_interfaces/local/lib/python3.10/dist-packages/ros2_aruco_interfaces-0.1.0-py3.10.egg-info/SOURCES.txt
[1.470s] -- Up-to-date: /home/cc/ee106a/fa25/class/ee106a-ado/ros_workspaces/106AProject_Drone/ros2_aruco_ws/install/ros2_aruco_interfaces/local/lib/python3.10/dist-packages/ros2_aruco_interfaces
[1.471s] -- Up-to-date: /home/cc/ee106a/fa25/class/ee106a-ado/ros_workspaces/106AProject_Drone/ros2_aruco_ws/install/ros2_aruco_interfaces/local/lib/python3.10/dist-packages/ros2_aruco_interfaces/__init__.py
[1.472s] -- Up-to-date: /home/cc/ee106a/fa25/class/ee106a-ado/ros_workspaces/106AProject_Drone/ros2_aruco_ws/install/ros2_aruco_interfaces/local/lib/python3.10/dist-packages/ros2_aruco_interfaces/msg
[1.474s] -- Up-to-date: /home/cc/ee106a/fa25/class/ee106a-ado/ros_workspaces/106AProject_Drone/ros2_aruco_ws/install/ros2_aruco_interfaces/local/lib/python3.10/dist-packages/ros2_aruco_interfaces/msg/_aruco_markers.py
[1.475s] -- Up-to-date: /home/cc/ee106a/fa25/class/ee106a-ado/ros_workspaces/106AProject_Drone/ros2_aruco_ws/install/ros2_aruco_interfaces/local/lib/python3.10/dist-packages/ros2_aruco_interfaces/msg/_aruco_markers_s.c
[1.475s] -- Up-to-date: /home/cc/ee106a/fa25/class/ee106a-ado/ros_workspaces/106AProject_Drone/ros2_aruco_ws/install/ros2_aruco_interfaces/local/lib/python3.10/dist-packages/ros2_aruco_interfaces/msg/__init__.py
[1.476s] -- Up-to-date: /home/cc/ee106a/fa25/class/ee106a-ado/ros_workspaces/106AProject_Drone/ros2_aruco_ws/install/ros2_aruco_interfaces/local/lib/python3.10/dist-packages/ros2_aruco_interfaces/_ros2_aruco_interfaces_s.ep.rosidl_typesupport_fastrtps_c.c
[1.477s] -- Up-to-date: /home/cc/ee106a/fa25/class/ee106a-ado/ros_workspaces/106AProject_Drone/ros2_aruco_ws/install/ros2_aruco_interfaces/local/lib/python3.10/dist-packages/ros2_aruco_interfaces/_ros2_aruco_interfaces_s.ep.rosidl_typesupport_introspection_c.c
[1.478s] -- Up-to-date: /home/cc/ee106a/fa25/class/ee106a-ado/ros_workspaces/106AProject_Drone/ros2_aruco_ws/install/ros2_aruco_interfaces/local/lib/python3.10/dist-packages/ros2_aruco_interfaces/_ros2_aruco_interfaces_s.ep.rosidl_typesupport_c.c
[1.479s] -- Up-to-date: /home/cc/ee106a/fa25/class/ee106a-ado/ros_workspaces/106AProject_Drone/ros2_aruco_ws/install/ros2_aruco_interfaces/local/lib/python3.10/dist-packages/ros2_aruco_interfaces/libros2_aruco_interfaces__rosidl_generator_py.so
[1.480s] -- Up-to-date: /home/cc/ee106a/fa25/class/ee106a-ado/ros_workspaces/106AProject_Drone/ros2_aruco_ws/install/ros2_aruco_interfaces/local/lib/python3.10/dist-packages/ros2_aruco_interfaces/ros2_aruco_interfaces_s__rosidl_typesupport_fastrtps_c.cpython-310-x86_64-linux-gnu.so
[1.481s] -- Up-to-date: /home/cc/ee106a/fa25/class/ee106a-ado/ros_workspaces/106AProject_Drone/ros2_aruco_ws/install/ros2_aruco_interfaces/local/lib/python3.10/dist-packages/ros2_aruco_interfaces/ros2_aruco_interfaces_s__rosidl_typesupport_c.cpython-310-x86_64-linux-gnu.so
[1.482s] -- Up-to-date: /home/cc/ee106a/fa25/class/ee106a-ado/ros_workspaces/106AProject_Drone/ros2_aruco_ws/install/ros2_aruco_interfaces/local/lib/python3.10/dist-packages/ros2_aruco_interfaces/ros2_aruco_interfaces_s__rosidl_typesupport_introspection_c.cpython-310-x86_64-linux-gnu.so
[1.541s] Listing '/home/cc/ee106a/fa25/class/ee106a-ado/ros_workspaces/106AProject_Drone/ros2_aruco_ws/install/ros2_aruco_interfaces/local/lib/python3.10/dist-packages/ros2_aruco_interfaces'...
[1.541s] Listing '/home/cc/ee106a/fa25/class/ee106a-ado/ros_workspaces/106AProject_Drone/ros2_aruco_ws/install/ros2_aruco_interfaces/local/lib/python3.10/dist-packages/ros2_aruco_interfaces/msg'...
[1.548s] -- Up-to-date: /home/cc/ee106a/fa25/class/ee106a-ado/ros_workspaces/106AProject_Drone/ros2_aruco_ws/install/ros2_aruco_interfaces/local/lib/python3.10/dist-packages/ros2_aruco_interfaces/ros2_aruco_interfaces_s__rosidl_typesupport_fastrtps_c.cpython-310-x86_64-linux-gnu.so
[1.554s] -- Up-to-date: /home/cc/ee106a/fa25/class/ee106a-ado/ros_workspaces/106AProject_Drone/ros2_aruco_ws/install/ros2_aruco_interfaces/local/lib/python3.10/dist-packages/ros2_aruco_interfaces/ros2_aruco_interfaces_s__rosidl_typesupport_introspection_c.cpython-310-x86_64-linux-gnu.so
[1.559s] -- Up-to-date: /home/cc/ee106a/fa25/class/ee106a-ado/ros_workspaces/106AProject_Drone/ros2_aruco_ws/install/ros2_aruco_interfaces/local/lib/python3.10/dist-packages/ros2_aruco_interfaces/ros2_aruco_interfaces_s__rosidl_typesupport_c.cpython-310-x86_64-linux-gnu.so
[1.564s] -- Up-to-date: /home/cc/ee106a/fa25/class/ee106a-ado/ros_workspaces/106AProject_Drone/ros2_aruco_ws/install/ros2_aruco_interfaces/lib/libros2_aruco_interfaces__rosidl_generator_py.so
[1.569s] -- Up-to-date: /home/cc/ee106a/fa25/class/ee106a-ado/ros_workspaces/106AProject_Drone/ros2_aruco_ws/install/ros2_aruco_interfaces/share/ros2_aruco_interfaces/msg/ArucoMarkers.idl
[1.570s] -- Up-to-date: /home/cc/ee106a/fa25/class/ee106a-ado/ros_workspaces/106AProject_Drone/ros2_aruco_ws/install/ros2_aruco_interfaces/share/ros2_aruco_interfaces/msg/ArucoMarkers.msg
[1.570s] -- Up-to-date: /home/cc/ee106a/fa25/class/ee106a-ado/ros_workspaces/106AProject_Drone/ros2_aruco_ws/install/ros2_aruco_interfaces/share/ament_index/resource_index/package_run_dependencies/ros2_aruco_interfaces
[1.572s] -- Up-to-date: /home/cc/ee106a/fa25/class/ee106a-ado/ros_workspaces/106AProject_Drone/ros2_aruco_ws/install/ros2_aruco_interfaces/share/ament_index/resource_index/parent_prefix_path/ros2_aruco_interfaces
[1.573s] -- Up-to-date: /home/cc/ee106a/fa25/class/ee106a-ado/ros_workspaces/106AProject_Drone/ros2_aruco_ws/install/ros2_aruco_interfaces/share/ros2_aruco_interfaces/environment/ament_prefix_path.sh
[1.574s] -- Up-to-date: /home/cc/ee106a/fa25/class/ee106a-ado/ros_workspaces/106AProject_Drone/ros2_aruco_ws/install/ros2_aruco_interfaces/share/ros2_aruco_interfaces/environment/ament_prefix_path.dsv
[1.575s] -- Up-to-date: /home/cc/ee106a/fa25/class/ee106a-ado/ros_workspaces/106AProject_Drone/ros2_aruco_ws/install/ros2_aruco_interfaces/share/ros2_aruco_interfaces/environment/path.sh
[1.576s] -- Up-to-date: /home/cc/ee106a/fa25/class/ee106a-ado/ros_workspaces/106AProject_Drone/ros2_aruco_ws/install/ros2_aruco_interfaces/share/ros2_aruco_interfaces/environment/path.dsv
[1.576s] -- Up-to-date: /home/cc/ee106a/fa25/class/ee106a-ado/ros_workspaces/106AProject_Drone/ros2_aruco_ws/install/ros2_aruco_interfaces/share/ros2_aruco_interfaces/local_setup.bash
[1.577s] -- Up-to-date: /home/cc/ee106a/fa25/class/ee106a-ado/ros_workspaces/106AProject_Drone/ros2_aruco_ws/install/ros2_aruco_interfaces/share/ros2_aruco_interfaces/local_setup.sh
[1.579s] -- Up-to-date: /home/cc/ee106a/fa25/class/ee106a-ado/ros_workspaces/106AProject_Drone/ros2_aruco_ws/install/ros2_aruco_interfaces/share/ros2_aruco_interfaces/local_setup.zsh
[1.579s] -- Up-to-date: /home/cc/ee106a/fa25/class/ee106a-ado/ros_workspaces/106AProject_Drone/ros2_aruco_ws/install/ros2_aruco_interfaces/share/ros2_aruco_interfaces/local_setup.dsv
[1.580s] -- Installing: /home/cc/ee106a/fa25/class/ee106a-ado/ros_workspaces/106AProject_Drone/ros2_aruco_ws/install/ros2_aruco_interfaces/share/ros2_aruco_interfaces/package.dsv
[1.588s] -- Up-to-date: /home/cc/ee106a/fa25/class/ee106a-ado/ros_workspaces/106AProject_Drone/ros2_aruco_ws/install/ros2_aruco_interfaces/share/ament_index/resource_index/packages/ros2_aruco_interfaces
[1.595s] -- Up-to-date: /home/cc/ee106a/fa25/class/ee106a-ado/ros_workspaces/106AProject_Drone/ros2_aruco_ws/install/ros2_aruco_interfaces/share/ros2_aruco_interfaces/cmake/export_ros2_aruco_interfaces__rosidl_generator_cExport.cmake
[1.597s] -- Up-to-date: /home/cc/ee106a/fa25/class/ee106a-ado/ros_workspaces/106AProject_Drone/ros2_aruco_ws/install/ros2_aruco_interfaces/share/ros2_aruco_interfaces/cmake/export_ros2_aruco_interfaces__rosidl_generator_cExport-noconfig.cmake
[1.601s] -- Up-to-date: /home/cc/ee106a/fa25/class/ee106a-ado/ros_workspaces/106AProject_Drone/ros2_aruco_ws/install/ros2_aruco_interfaces/share/ros2_aruco_interfaces/cmake/export_ros2_aruco_interfaces__rosidl_typesupport_fastrtps_cExport.cmake
[1.602s] -- Up-to-date: /home/cc/ee106a/fa25/class/ee106a-ado/ros_workspaces/106AProject_Drone/ros2_aruco_ws/install/ros2_aruco_interfaces/share/ros2_aruco_interfaces/cmake/export_ros2_aruco_interfaces__rosidl_typesupport_fastrtps_cExport-noconfig.cmake
[1.606s] -- Up-to-date: /home/cc/ee106a/fa25/class/ee106a-ado/ros_workspaces/106AProject_Drone/ros2_aruco_ws/install/ros2_aruco_interfaces/share/ros2_aruco_interfaces/cmake/export_ros2_aruco_interfaces__rosidl_generator_cppExport.cmake
[1.610s] -- Up-to-date: /home/cc/ee106a/fa25/class/ee106a-ado/ros_workspaces/106AProject_Drone/ros2_aruco_ws/install/ros2_aruco_interfaces/share/ros2_aruco_interfaces/cmake/export_ros2_aruco_interfaces__rosidl_typesupport_fastrtps_cppExport.cmake
[1.612s] -- Up-to-date: /home/cc/ee106a/fa25/class/ee106a-ado/ros_workspaces/106AProject_Drone/ros2_aruco_ws/install/ros2_aruco_interfaces/share/ros2_aruco_interfaces/cmake/export_ros2_aruco_interfaces__rosidl_typesupport_fastrtps_cppExport-noconfig.cmake
[1.618s] -- Up-to-date: /home/cc/ee106a/fa25/class/ee106a-ado/ros_workspaces/106AProject_Drone/ros2_aruco_ws/install/ros2_aruco_interfaces/share/ros2_aruco_interfaces/cmake/ros2_aruco_interfaces__rosidl_typesupport_introspection_cExport.cmake
[1.619s] -- Up-to-date: /home/cc/ee106a/fa25/class/ee106a-ado/ros_workspaces/106AProject_Drone/ros2_aruco_ws/install/ros2_aruco_interfaces/share/ros2_aruco_interfaces/cmake/ros2_aruco_interfaces__rosidl_typesupport_introspection_cExport-noconfig.cmake
[1.619s] -- Up-to-date: /home/cc/ee106a/fa25/class/ee106a-ado/ros_workspaces/106AProject_Drone/ros2_aruco_ws/install/ros2_aruco_interfaces/share/ros2_aruco_interfaces/cmake/ros2_aruco_interfaces__rosidl_typesupport_cExport.cmake
[1.621s] -- Up-to-date: /home/cc/ee106a/fa25/class/ee106a-ado/ros_workspaces/106AProject_Drone/ros2_aruco_ws/install/ros2_aruco_interfaces/share/ros2_aruco_interfaces/cmake/ros2_aruco_interfaces__rosidl_typesupport_cExport-noconfig.cmake
[1.624s] -- Up-to-date: /home/cc/ee106a/fa25/class/ee106a-ado/ros_workspaces/106AProject_Drone/ros2_aruco_ws/install/ros2_aruco_interfaces/share/ros2_aruco_interfaces/cmake/ros2_aruco_interfaces__rosidl_typesupport_introspection_cppExport.cmake
[1.626s] -- Up-to-date: /home/cc/ee106a/fa25/class/ee106a-ado/ros_workspaces/106AProject_Drone/ros2_aruco_ws/install/ros2_aruco_interfaces/share/ros2_aruco_interfaces/cmake/ros2_aruco_interfaces__rosidl_typesupport_introspection_cppExport-noconfig.cmake
[1.629s] -- Up-to-date: /home/cc/ee106a/fa25/class/ee106a-ado/ros_workspaces/106AProject_Drone/ros2_aruco_ws/install/ros2_aruco_interfaces/share/ros2_aruco_interfaces/cmake/ros2_aruco_interfaces__rosidl_typesupport_cppExport.cmake
[1.630s] -- Up-to-date: /home/cc/ee106a/fa25/class/ee106a-ado/ros_workspaces/106AProject_Drone/ros2_aruco_ws/install/ros2_aruco_interfaces/share/ros2_aruco_interfaces/cmake/ros2_aruco_interfaces__rosidl_typesupport_cppExport-noconfig.cmake
[1.635s] -- Up-to-date: /home/cc/ee106a/fa25/class/ee106a-ado/ros_workspaces/106AProject_Drone/ros2_aruco_ws/install/ros2_aruco_interfaces/share/ros2_aruco_interfaces/cmake/export_ros2_aruco_interfaces__rosidl_generator_pyExport.cmake
[1.636s] -- Up-to-date: /home/cc/ee106a/fa25/class/ee106a-ado/ros_workspaces/106AProject_Drone/ros2_aruco_ws/install/ros2_aruco_interfaces/share/ros2_aruco_interfaces/cmake/export_ros2_aruco_interfaces__rosidl_generator_pyExport-noconfig.cmake
[1.637s] -- Up-to-date: /home/cc/ee106a/fa25/class/ee106a-ado/ros_workspaces/106AProject_Drone/ros2_aruco_ws/install/ros2_aruco_interfaces/share/ros2_aruco_interfaces/cmake/rosidl_cmake-extras.cmake
[1.638s] -- Up-to-date: /home/cc/ee106a/fa25/class/ee106a-ado/ros_workspaces/106AProject_Drone/ros2_aruco_ws/install/ros2_aruco_interfaces/share/ros2_aruco_interfaces/cmake/ament_cmake_export_dependencies-extras.cmake
[1.640s] -- Up-to-date: /home/cc/ee106a/fa25/class/ee106a-ado/ros_workspaces/106AProject_Drone/ros2_aruco_ws/install/ros2_aruco_interfaces/share/ros2_aruco_interfaces/cmake/ament_cmake_export_include_directories-extras.cmake
[1.640s] -- Up-to-date: /home/cc/ee106a/fa25/class/ee106a-ado/ros_workspaces/106AProject_Drone/ros2_aruco_ws/install/ros2_aruco_interfaces/share/ros2_aruco_interfaces/cmake/ament_cmake_export_libraries-extras.cmake
[1.641s] -- Up-to-date: /home/cc/ee106a/fa25/class/ee106a-ado/ros_workspaces/106AProject_Drone/ros2_aruco_ws/install/ros2_aruco_interfaces/share/ros2_aruco_interfaces/cmake/ament_cmake_export_targets-extras.cmake
[1.642s] -- Up-to-date: /home/cc/ee106a/fa25/class/ee106a-ado/ros_workspaces/106AProject_Drone/ros2_aruco_ws/install/ros2_aruco_interfaces/share/ros2_aruco_interfaces/cmake/rosidl_cmake_export_typesupport_targets-extras.cmake
[1.645s] -- Up-to-date: /home/cc/ee106a/fa25/class/ee106a-ado/ros_workspaces/106AProject_Drone/ros2_aruco_ws/install/ros2_aruco_interfaces/share/ros2_aruco_interfaces/cmake/rosidl_cmake_export_typesupport_libraries-extras.cmake
[1.646s] -- Up-to-date: /home/cc/ee106a/fa25/class/ee106a-ado/ros_workspaces/106AProject_Drone/ros2_aruco_ws/install/ros2_aruco_interfaces/share/ros2_aruco_interfaces/cmake/ros2_aruco_interfacesConfig.cmake
[1.646s] -- Up-to-date: /home/cc/ee106a/fa25/class/ee106a-ado/ros_workspaces/106AProject_Drone/ros2_aruco_ws/install/ros2_aruco_interfaces/share/ros2_aruco_interfaces/cmake/ros2_aruco_interfacesConfig-version.cmake
[1.647s] -- Up-to-date: /home/cc/ee106a/fa25/class/ee106a-ado/ros_workspaces/106AProject_Drone/ros2_aruco_ws/install/ros2_aruco_interfaces/share/ros2_aruco_interfaces/package.xml
[1.664s] Invoked command in '/home/cc/ee106a/fa25/class/ee106a-ado/ros_workspaces/106AProject_Drone/ros2_aruco_ws/build/ros2_aruco_interfaces' returned '0': CMAKE_PREFIX_PATH=${CMAKE_PREFIX_PATH}:/home/cc/ee106a/fa25/class/ee106a-ado/ros_workspaces/106AProject_Drone/ros2_aruco_ws/install/ros2_aruco:/home/cc/ee106a/fa25/class/ee106a-ado/ros_workspaces/106AProject_Drone/ros2_aruco_ws/install/my_aruco_detector:/home/cc/ee106a/fa25/class/ee106a-ado/ros_workspaces/106AProject_Drone/install/ros2_aruco:/home/cc/ee106a/fa25/class/ee106a-ado/ros_workspaces/106AProject_Drone/install/my_aruco_detector:/opt/ros/turtlebot3_ws/install/turtlebot3_teleop:/opt/ros/turtlebot3_ws/install/turtlebot3_example:/opt/ros/humble /usr/bin/cmake --install /home/cc/ee106a/fa25/class/ee106a-ado/ros_workspaces/106AProject_Drone/ros2_aruco_ws/build/ros2_aruco_interfaces
