[1.287s] Invoking command in '/home/cc/ee106a/fa25/class/ee106a-ado/ros_workspaces/106AProject_Drone/ros2_aruco_ws/my_aruco_detector': PYTHONPATH=/home/cc/ee106a/fa25/class/ee106a-ado/ros_workspaces/106AProject_Drone/ros2_aruco_ws/build/my_aruco_detector/prefix_override:/usr/lib/python3/dist-packages/colcon_core/task/python/colcon_distutils_commands:/home/cc/ee106a/fa25/class/ee106a-ado/ros_workspaces/106AProject_Drone/ros2_aruco_ws/install/my_aruco_detector/lib/python3.10/site-packages:${PYTHONPATH} /usr/bin/python3 -W ignore:setup.py install is deprecated -W ignore:easy_install command is deprecated setup.py egg_info --egg-base ../build/my_aruco_detector build --build-base /home/cc/ee106a/fa25/class/ee106a-ado/ros_workspaces/106AProject_Drone/ros2_aruco_ws/build/my_aruco_detector/build install --record /home/cc/ee106a/fa25/class/ee106a-ado/ros_workspaces/106AProject_Drone/ros2_aruco_ws/build/my_aruco_detector/install.log --single-version-externally-managed install_data
[1.535s] running egg_info
[1.537s] writing ../build/my_aruco_detector/my_aruco_detector.egg-info/PKG-INFO
[1.541s] writing dependency_links to ../build/my_aruco_detector/my_aruco_detector.egg-info/dependency_links.txt
[1.543s] writing entry points to ../build/my_aruco_detector/my_aruco_detector.egg-info/entry_points.txt
[1.545s] writing requirements to ../build/my_aruco_detector/my_aruco_detector.egg-info/requires.txt
[1.548s] writing top-level names to ../build/my_aruco_detector/my_aruco_detector.egg-info/top_level.txt
[1.555s] reading manifest file '../build/my_aruco_detector/my_aruco_detector.egg-info/SOURCES.txt'
[1.558s] writing manifest file '../build/my_aruco_detector/my_aruco_detector.egg-info/SOURCES.txt'
[1.559s] running build
[1.559s] running build_py
[1.562s] running install
[1.562s] running install_lib
[1.566s] running install_data
[1.568s] running install_egg_info
[1.570s] removing '/home/cc/ee106a/fa25/class/ee106a-ado/ros_workspaces/106AProject_Drone/ros2_aruco_ws/install/my_aruco_detector/lib/python3.10/site-packages/my_aruco_detector-0.0.0-py3.10.egg-info' (and everything under it)
[1.578s] Copying ../build/my_aruco_detector/my_aruco_detector.egg-info to /home/cc/ee106a/fa25/class/ee106a-ado/ros_workspaces/106AProject_Drone/ros2_aruco_ws/install/my_aruco_detector/lib/python3.10/site-packages/my_aruco_detector-0.0.0-py3.10.egg-info
[1.609s] running install_scripts
[1.630s] writing list of installed files to '/home/cc/ee106a/fa25/class/ee106a-ado/ros_workspaces/106AProject_Drone/ros2_aruco_ws/build/my_aruco_detector/install.log'
[1.649s] Invoked command in '/home/cc/ee106a/fa25/class/ee106a-ado/ros_workspaces/106AProject_Drone/ros2_aruco_ws/my_aruco_detector' returned '0': PYTHONPATH=/home/cc/ee106a/fa25/class/ee106a-ado/ros_workspaces/106AProject_Drone/ros2_aruco_ws/build/my_aruco_detector/prefix_override:/usr/lib/python3/dist-packages/colcon_core/task/python/colcon_distutils_commands:/home/cc/ee106a/fa25/class/ee106a-ado/ros_workspaces/106AProject_Drone/ros2_aruco_ws/install/my_aruco_detector/lib/python3.10/site-packages:${PYTHONPATH} /usr/bin/python3 -W ignore:setup.py install is deprecated -W ignore:easy_install command is deprecated setup.py egg_info --egg-base ../build/my_aruco_detector build --build-base /home/cc/ee106a/fa25/class/ee106a-ado/ros_workspaces/106AProject_Drone/ros2_aruco_ws/build/my_aruco_detector/build install --record /home/cc/ee106a/fa25/class/ee106a-ado/ros_workspaces/106AProject_Drone/ros2_aruco_ws/build/my_aruco_detector/install.log --single-version-externally-managed install_data
