[0.339s] Invoking command in '/home/hieu-hoang/106AProject_Drone/build/usb_cam': CMAKE_PREFIX_PATH=${CMAKE_PREFIX_PATH}:/home/hieu-hoang/ros2_aruco_ws/install/ros2_aruco:/home/hieu-hoang/ros2_aruco_ws/install/my_aruco_detector:/home/hieu-hoang/install/ros2_aruco:/home/hieu-hoang/install/my_aruco_detector:/opt/ros/jazzy DEBUGINFOD_URLS=https://debuginfod.ubuntu.com /usr/bin/cmake /home/hieu-hoang/106AProject_Drone/ros2_aruco_ws/src/usb_cam -DCMAKE_INSTALL_PREFIX=/home/hieu-hoang/106AProject_Drone/install/usb_cam
[0.385s] -- The C compiler identification is GNU 13.3.0
[0.437s] -- The CXX compiler identification is GNU 13.3.0
[0.452s] -- Detecting C compiler ABI info
[0.530s] -- Detecting C compiler ABI info - done
[0.539s] -- Check for working C compiler: /usr/bin/cc - skipped
[0.539s] -- Detecting C compile features
[0.540s] -- Detecting C compile features - done
[0.548s] -- Detecting CXX compiler ABI info
[0.638s] -- Detecting CXX compiler ABI info - done
[0.648s] -- Check for working CXX compiler: /usr/bin/c++ - skipped
[0.648s] -- Detecting CXX compile features
[0.648s] -- Detecting CXX compile features - done
[0.651s] -- Found ament_cmake_auto: 2.5.4 (/opt/ros/jazzy/share/ament_cmake_auto/cmake)
[0.785s] -- Found Python3: /usr/bin/python3 (found version "3.12.3") found components: Interpreter 
[1.000s] -- Found rosidl_generator_c: 4.6.6 (/opt/ros/jazzy/share/rosidl_generator_c/cmake)
[1.014s] -- Found rosidl_generator_cpp: 4.6.6 (/opt/ros/jazzy/share/rosidl_generator_cpp/cmake)
[1.031s] -- Using all available rosidl_typesupport_c: rosidl_typesupport_fastrtps_c;rosidl_typesupport_introspection_c
[1.050s] -- Using all available rosidl_typesupport_cpp: rosidl_typesupport_fastrtps_cpp;rosidl_typesupport_introspection_cpp
[1.130s] -- Found rmw_implementation_cmake: 7.3.2 (/opt/ros/jazzy/share/rmw_implementation_cmake/cmake)
[1.133s] -- Found rmw_fastrtps_cpp: 8.4.3 (/opt/ros/jazzy/share/rmw_fastrtps_cpp/cmake)
[1.213s] -- Found OpenSSL: /usr/lib/x86_64-linux-gnu/libcrypto.so (found version "3.0.13")  
[1.233s] -- Found FastRTPS: /opt/ros/jazzy/include (Required is at least version "2.13") 
[1.256s] -- Using RMW implementation 'rmw_fastrtps_cpp' as default
[1.466s] -- Setting yaml-cpp_DIR to: '/opt/ros/jazzy/share/yaml_cpp_vendor/cmake/../../../opt/yaml_cpp_vendor/share/cmake/yaml-cpp'
[1.571s] -- Found rosidl_adapter: 4.6.6 (/opt/ros/jazzy/share/rosidl_adapter/cmake)
[1.576s] -- Found OpenCV: /usr (found version "4.6.0") 
[1.580s] -- Found PkgConfig: /usr/bin/pkg-config (found version "1.8.1") 
[1.581s] -- Checking for module 'libavcodec'
[1.596s] --   Found libavcodec, version 60.31.102
[1.632s] -- Checking for module 'libavutil'
[1.646s] --   Found libavutil, version 58.29.100
[1.680s] -- Checking for module 'libswscale'
[1.695s] --   Found libswscale, version 7.5.100
[1.738s] -- Found ament_lint_auto: 0.17.3 (/opt/ros/jazzy/share/ament_lint_auto/cmake)
[1.765s] -- Found gtest sources under '/opt/ros/jazzy/src/gtest_vendor': C++ tests using 'Google Test' will be built
[1.768s] -- Performing Test CMAKE_HAVE_LIBC_PTHREAD
[1.849s] -- Performing Test CMAKE_HAVE_LIBC_PTHREAD - Success
[1.850s] -- Found Threads: TRUE  
[1.852s] [0mIn this package, headers install destination is set to `include` by ament_auto_package. It is recommended to install `include/usb_cam` instead and will be the default behavior of ament_auto_package from ROS 2 Kilted Kaiju. On distributions before Kilted, ament_auto_package behaves the same way when you use USE_SCOPED_HEADER_INSTALL_DIR option.[0m
[1.855s] -- Added test 'copyright' to check source files copyright and LICENSE
[1.859s] -- Added test 'cppcheck' to perform static code analysis on C / C++ code
[1.859s] -- Configured cppcheck include dirs: /home/hieu-hoang/106AProject_Drone/ros2_aruco_ws/src/usb_cam/include
[1.859s] -- Configured cppcheck exclude dirs and/or files: 
[1.863s] -- Added test 'cpplint' to check C / C++ code against the Google style
[1.863s] -- Configured cpplint exclude dirs and/or files: 
[1.864s] -- Added test 'flake8' to check Python code syntax and style conventions
[1.864s] -- Configured 'flake8' exclude dirs and/or files: 
[1.866s] -- Added test 'lint_cmake' to check CMake code style
[1.867s] -- Added test 'pep257' to check Python code against some of the docstring style conventions in PEP 257
[1.870s] -- Added test 'uncrustify' to check C / C++ code style
[1.870s] -- Configured uncrustify additional arguments: 
[1.871s] -- Added test 'xmllint' to check XML markup files
[1.874s] -- Configuring done (1.5s)
[1.908s] -- Generating done (0.0s)
[1.916s] -- Build files have been written to: /home/hieu-hoang/106AProject_Drone/build/usb_cam
[1.927s] Invoked command in '/home/hieu-hoang/106AProject_Drone/build/usb_cam' returned '0': CMAKE_PREFIX_PATH=${CMAKE_PREFIX_PATH}:/home/hieu-hoang/ros2_aruco_ws/install/ros2_aruco:/home/hieu-hoang/ros2_aruco_ws/install/my_aruco_detector:/home/hieu-hoang/install/ros2_aruco:/home/hieu-hoang/install/my_aruco_detector:/opt/ros/jazzy DEBUGINFOD_URLS=https://debuginfod.ubuntu.com /usr/bin/cmake /home/hieu-hoang/106AProject_Drone/ros2_aruco_ws/src/usb_cam -DCMAKE_INSTALL_PREFIX=/home/hieu-hoang/106AProject_Drone/install/usb_cam
[1.928s] Invoking command in '/home/hieu-hoang/106AProject_Drone/build/usb_cam': CMAKE_PREFIX_PATH=${CMAKE_PREFIX_PATH}:/home/hieu-hoang/ros2_aruco_ws/install/ros2_aruco:/home/hieu-hoang/ros2_aruco_ws/install/my_aruco_detector:/home/hieu-hoang/install/ros2_aruco:/home/hieu-hoang/install/my_aruco_detector:/opt/ros/jazzy DEBUGINFOD_URLS=https://debuginfod.ubuntu.com /usr/bin/cmake --build /home/hieu-hoang/106AProject_Drone/build/usb_cam -- -j12 -l12
[1.976s] [ 14%] [32mBuilding CXX object gtest/CMakeFiles/gtest_main.dir/src/gtest_main.cc.o[0m
[1.976s] [ 14%] [32mBuilding CXX object gtest/CMakeFiles/gtest.dir/src/gtest-all.cc.o[0m
[1.976s] [ 28%] [32mBuilding CXX object CMakeFiles/usb_cam.dir/src/usb_cam.cpp.o[0m
[1.976s] [ 28%] [32mBuilding CXX object CMakeFiles/usb_cam_node_exe.dir/rclcpp_components/node_main_usb_cam_node_exe.cpp.o[0m
[2.646s] [ 35%] [32m[1mLinking CXX static library libgtest_main.a[0m
[2.678s] [ 35%] Built target gtest_main
[3.406s] [ 42%] [32m[1mLinking CXX shared library libusb_cam.so[0m
[3.576s] [ 42%] Built target usb_cam
[3.597s] [ 50%] [32mBuilding CXX object CMakeFiles/usb_cam_node.dir/src/usb_cam_node.cpp.o[0m
[4.553s] [ 57%] [32m[1mLinking CXX executable usb_cam_node_exe[0m
[4.737s] [ 57%] Built target usb_cam_node_exe
[5.020s] [ 64%] [32m[1mLinking CXX static library libgtest.a[0m
[5.083s] [ 64%] Built target gtest
[5.102s] [ 71%] [32mBuilding CXX object CMakeFiles/test_usb_cam_utils.dir/test/test_usb_cam_utils.cpp.o[0m
[5.103s] [ 78%] [32mBuilding CXX object CMakeFiles/test_pixel_formats.dir/test/test_pixel_formats.cpp.o[0m
[6.057s] [ 85%] [32m[1mLinking CXX executable test_usb_cam_utils[0m
[6.235s] [ 85%] Built target test_usb_cam_utils
[6.248s] [ 92%] [32m[1mLinking CXX executable test_pixel_formats[0m
[6.412s] [ 92%] Built target test_pixel_formats
[9.763s] [100%] [32m[1mLinking CXX shared library libusb_cam_node.so[0m
[10.051s] [100%] Built target usb_cam_node
[10.062s] Invoked command in '/home/hieu-hoang/106AProject_Drone/build/usb_cam' returned '0': CMAKE_PREFIX_PATH=${CMAKE_PREFIX_PATH}:/home/hieu-hoang/ros2_aruco_ws/install/ros2_aruco:/home/hieu-hoang/ros2_aruco_ws/install/my_aruco_detector:/home/hieu-hoang/install/ros2_aruco:/home/hieu-hoang/install/my_aruco_detector:/opt/ros/jazzy DEBUGINFOD_URLS=https://debuginfod.ubuntu.com /usr/bin/cmake --build /home/hieu-hoang/106AProject_Drone/build/usb_cam -- -j12 -l12
[10.063s] Invoking command in '/home/hieu-hoang/106AProject_Drone/build/usb_cam': CMAKE_PREFIX_PATH=${CMAKE_PREFIX_PATH}:/home/hieu-hoang/ros2_aruco_ws/install/ros2_aruco:/home/hieu-hoang/ros2_aruco_ws/install/my_aruco_detector:/home/hieu-hoang/install/ros2_aruco:/home/hieu-hoang/install/my_aruco_detector:/opt/ros/jazzy DEBUGINFOD_URLS=https://debuginfod.ubuntu.com /usr/bin/cmake --install /home/hieu-hoang/106AProject_Drone/build/usb_cam
[10.071s] -- Install configuration: ""
[10.071s] -- Installing: /home/hieu-hoang/106AProject_Drone/install/usb_cam/share/usb_cam/environment/library_path.sh
[10.071s] -- Installing: /home/hieu-hoang/106AProject_Drone/install/usb_cam/share/usb_cam/environment/library_path.dsv
[10.071s] -- Installing: /home/hieu-hoang/106AProject_Drone/install/usb_cam/lib/usb_cam/usb_cam_node_exe
[10.072s] -- Set non-toolchain portion of runtime path of "/home/hieu-hoang/106AProject_Drone/install/usb_cam/lib/usb_cam/usb_cam_node_exe" to ""
[10.072s] -- Installing: /home/hieu-hoang/106AProject_Drone/install/usb_cam/lib/usb_cam/show_image.py
[10.072s] -- Installing: /home/hieu-hoang/106AProject_Drone/install/usb_cam/lib/libusb_cam.so
[10.072s] -- Installing: /home/hieu-hoang/106AProject_Drone/install/usb_cam/lib/libusb_cam_node.so
[10.076s] -- Set non-toolchain portion of runtime path of "/home/hieu-hoang/106AProject_Drone/install/usb_cam/lib/libusb_cam_node.so" to ""
[10.076s] -- Installing: /home/hieu-hoang/106AProject_Drone/install/usb_cam/include
[10.076s] -- Installing: /home/hieu-hoang/106AProject_Drone/install/usb_cam/include/usb_cam
[10.076s] -- Installing: /home/hieu-hoang/106AProject_Drone/install/usb_cam/include/usb_cam/constants.hpp
[10.076s] -- Installing: /home/hieu-hoang/106AProject_Drone/install/usb_cam/include/usb_cam/usb_cam_node.hpp
[10.076s] -- Installing: /home/hieu-hoang/106AProject_Drone/install/usb_cam/include/usb_cam/usb_cam.hpp
[10.076s] -- Installing: /home/hieu-hoang/106AProject_Drone/install/usb_cam/include/usb_cam/conversions.hpp
[10.076s] -- Installing: /home/hieu-hoang/106AProject_Drone/install/usb_cam/include/usb_cam/utils.hpp
[10.077s] -- Installing: /home/hieu-hoang/106AProject_Drone/install/usb_cam/include/usb_cam/formats
[10.077s] -- Installing: /home/hieu-hoang/106AProject_Drone/install/usb_cam/include/usb_cam/formats/yuyv.hpp
[10.077s] -- Installing: /home/hieu-hoang/106AProject_Drone/install/usb_cam/include/usb_cam/formats/av_pixel_format_helper.hpp
[10.077s] -- Installing: /home/hieu-hoang/106AProject_Drone/install/usb_cam/include/usb_cam/formats/utils.hpp
[10.077s] -- Installing: /home/hieu-hoang/106AProject_Drone/install/usb_cam/include/usb_cam/formats/mjpeg.hpp
[10.077s] -- Installing: /home/hieu-hoang/106AProject_Drone/install/usb_cam/include/usb_cam/formats/mono.hpp
[10.077s] -- Installing: /home/hieu-hoang/106AProject_Drone/install/usb_cam/include/usb_cam/formats/uyvy.hpp
[10.077s] -- Installing: /home/hieu-hoang/106AProject_Drone/install/usb_cam/include/usb_cam/formats/m420.hpp
[10.077s] -- Installing: /home/hieu-hoang/106AProject_Drone/install/usb_cam/include/usb_cam/formats/rgb.hpp
[10.078s] -- Installing: /home/hieu-hoang/106AProject_Drone/install/usb_cam/include/usb_cam/formats/pixel_format_base.hpp
[10.078s] -- Up-to-date: /home/hieu-hoang/106AProject_Drone/install/usb_cam/lib/libusb_cam_node.so
[10.078s] -- Installing: /home/hieu-hoang/106AProject_Drone/install/usb_cam/share/usb_cam/launch
[10.078s] -- Installing: /home/hieu-hoang/106AProject_Drone/install/usb_cam/share/usb_cam/launch/camera_config.py
[10.078s] -- Installing: /home/hieu-hoang/106AProject_Drone/install/usb_cam/share/usb_cam/launch/camera.launch.py
[10.078s] -- Installing: /home/hieu-hoang/106AProject_Drone/install/usb_cam/share/usb_cam/launch/__init__.py
[10.078s] -- Installing: /home/hieu-hoang/106AProject_Drone/install/usb_cam/share/usb_cam/config
[10.078s] -- Installing: /home/hieu-hoang/106AProject_Drone/install/usb_cam/share/usb_cam/config/params_2.yaml
[10.079s] -- Installing: /home/hieu-hoang/106AProject_Drone/install/usb_cam/share/usb_cam/config/params_1.yaml
[10.079s] -- Installing: /home/hieu-hoang/106AProject_Drone/install/usb_cam/share/usb_cam/config/camera_info.yaml
[10.079s] -- Installing: /home/hieu-hoang/106AProject_Drone/install/usb_cam/share/ament_index/resource_index/package_run_dependencies/usb_cam
[10.079s] -- Installing: /home/hieu-hoang/106AProject_Drone/install/usb_cam/share/ament_index/resource_index/parent_prefix_path/usb_cam
[10.079s] -- Installing: /home/hieu-hoang/106AProject_Drone/install/usb_cam/share/usb_cam/environment/ament_prefix_path.sh
[10.079s] -- Installing: /home/hieu-hoang/106AProject_Drone/install/usb_cam/share/usb_cam/environment/ament_prefix_path.dsv
[10.079s] -- Installing: /home/hieu-hoang/106AProject_Drone/install/usb_cam/share/usb_cam/environment/path.sh
[10.080s] -- Installing: /home/hieu-hoang/106AProject_Drone/install/usb_cam/share/usb_cam/environment/path.dsv
[10.080s] -- Installing: /home/hieu-hoang/106AProject_Drone/install/usb_cam/share/usb_cam/local_setup.bash
[10.080s] -- Installing: /home/hieu-hoang/106AProject_Drone/install/usb_cam/share/usb_cam/local_setup.sh
[10.080s] -- Installing: /home/hieu-hoang/106AProject_Drone/install/usb_cam/share/usb_cam/local_setup.zsh
[10.080s] -- Installing: /home/hieu-hoang/106AProject_Drone/install/usb_cam/share/usb_cam/local_setup.dsv
[10.080s] -- Installing: /home/hieu-hoang/106AProject_Drone/install/usb_cam/share/usb_cam/package.dsv
[10.080s] -- Installing: /home/hieu-hoang/106AProject_Drone/install/usb_cam/share/ament_index/resource_index/packages/usb_cam
[10.081s] -- Installing: /home/hieu-hoang/106AProject_Drone/install/usb_cam/share/ament_index/resource_index/rclcpp_components/usb_cam
[10.081s] -- Installing: /home/hieu-hoang/106AProject_Drone/install/usb_cam/share/usb_cam/cmake/ament_cmake_export_libraries-extras.cmake
[10.081s] -- Installing: /home/hieu-hoang/106AProject_Drone/install/usb_cam/share/usb_cam/cmake/ament_cmake_export_dependencies-extras.cmake
[10.081s] -- Installing: /home/hieu-hoang/106AProject_Drone/install/usb_cam/share/usb_cam/cmake/ament_cmake_export_include_directories-extras.cmake
[10.081s] -- Installing: /home/hieu-hoang/106AProject_Drone/install/usb_cam/share/usb_cam/cmake/usb_camConfig.cmake
[10.081s] -- Installing: /home/hieu-hoang/106AProject_Drone/install/usb_cam/share/usb_cam/cmake/usb_camConfig-version.cmake
[10.081s] -- Installing: /home/hieu-hoang/106AProject_Drone/install/usb_cam/share/usb_cam/package.xml
[10.083s] Invoked command in '/home/hieu-hoang/106AProject_Drone/build/usb_cam' returned '0': CMAKE_PREFIX_PATH=${CMAKE_PREFIX_PATH}:/home/hieu-hoang/ros2_aruco_ws/install/ros2_aruco:/home/hieu-hoang/ros2_aruco_ws/install/my_aruco_detector:/home/hieu-hoang/install/ros2_aruco:/home/hieu-hoang/install/my_aruco_detector:/opt/ros/jazzy DEBUGINFOD_URLS=https://debuginfod.ubuntu.com /usr/bin/cmake --install /home/hieu-hoang/106AProject_Drone/build/usb_cam
