[1.074s] Invoking command in '/home/cc/ee106a/fa25/class/ee106a-ado/ros_workspaces/106AProject_Drone/ros2_aruco_ws/my_aruco_detector': PYTHONPATH=/home/cc/ee106a/fa25/class/ee106a-ado/ros_workspaces/106AProject_Drone/ros2_aruco_ws/build/my_aruco_detector/prefix_override:/usr/lib/python3/dist-packages/colcon_core/task/python/colcon_distutils_commands:/home/cc/ee106a/fa25/class/ee106a-ado/ros_workspaces/106AProject_Drone/ros2_aruco_ws/install/my_aruco_detector/lib/python3.10/site-packages:${PYTHONPATH} /usr/bin/python3 -W ignore:setup.py install is deprecated -W ignore:easy_install command is deprecated setup.py egg_info --egg-base ../build/my_aruco_detector build --build-base /home/cc/ee106a/fa25/class/ee106a-ado/ros_workspaces/106AProject_Drone/ros2_aruco_ws/build/my_aruco_detector/build install --record /home/cc/ee106a/fa25/class/ee106a-ado/ros_workspaces/106AProject_Drone/ros2_aruco_ws/build/my_aruco_detector/install.log --single-version-externally-managed install_data
[1.291s] running egg_info
[1.291s] creating ../build/my_aruco_detector/my_aruco_detector.egg-info
[1.293s] writing ../build/my_aruco_detector/my_aruco_detector.egg-info/PKG-INFO
[1.298s] writing dependency_links to ../build/my_aruco_detector/my_aruco_detector.egg-info/dependency_links.txt
[1.301s] writing entry points to ../build/my_aruco_detector/my_aruco_detector.egg-info/entry_points.txt
[1.303s] writing requirements to ../build/my_aruco_detector/my_aruco_detector.egg-info/requires.txt
[1.304s] writing top-level names to ../build/my_aruco_detector/my_aruco_detector.egg-info/top_level.txt
[1.306s] writing manifest file '../build/my_aruco_detector/my_aruco_detector.egg-info/SOURCES.txt'
[1.310s] reading manifest file '../build/my_aruco_detector/my_aruco_detector.egg-info/SOURCES.txt'
[1.313s] writing manifest file '../build/my_aruco_detector/my_aruco_detector.egg-info/SOURCES.txt'
[1.314s] running build
[1.314s] running build_py
[1.315s] creating /home/cc/ee106a/fa25/class/ee106a-ado/ros_workspaces/106AProject_Drone/ros2_aruco_ws/build/my_aruco_detector/build
[1.316s] creating /home/cc/ee106a/fa25/class/ee106a-ado/ros_workspaces/106AProject_Drone/ros2_aruco_ws/build/my_aruco_detector/build/lib
[1.317s] creating /home/cc/ee106a/fa25/class/ee106a-ado/ros_workspaces/106AProject_Drone/ros2_aruco_ws/build/my_aruco_detector/build/lib/my_aruco_detector
[1.319s] copying my_aruco_detector/__init__.py -> /home/cc/ee106a/fa25/class/ee106a-ado/ros_workspaces/106AProject_Drone/ros2_aruco_ws/build/my_aruco_detector/build/lib/my_aruco_detector
[1.322s] running install
[1.322s] running install_lib
[1.325s] creating /home/cc/ee106a/fa25/class/ee106a-ado/ros_workspaces/106AProject_Drone/ros2_aruco_ws/install/my_aruco_detector/lib/python3.10/site-packages/my_aruco_detector
[1.326s] copying /home/cc/ee106a/fa25/class/ee106a-ado/ros_workspaces/106AProject_Drone/ros2_aruco_ws/build/my_aruco_detector/build/lib/my_aruco_detector/__init__.py -> /home/cc/ee106a/fa25/class/ee106a-ado/ros_workspaces/106AProject_Drone/ros2_aruco_ws/install/my_aruco_detector/lib/python3.10/site-packages/my_aruco_detector
[1.330s] byte-compiling /home/cc/ee106a/fa25/class/ee106a-ado/ros_workspaces/106AProject_Drone/ros2_aruco_ws/install/my_aruco_detector/lib/python3.10/site-packages/my_aruco_detector/__init__.py to __init__.cpython-310.pyc
[1.334s] running install_data
[1.334s] creating /home/cc/ee106a/fa25/class/ee106a-ado/ros_workspaces/106AProject_Drone/ros2_aruco_ws/install/my_aruco_detector/share/ament_index
[1.335s] creating /home/cc/ee106a/fa25/class/ee106a-ado/ros_workspaces/106AProject_Drone/ros2_aruco_ws/install/my_aruco_detector/share/ament_index/resource_index
[1.336s] creating /home/cc/ee106a/fa25/class/ee106a-ado/ros_workspaces/106AProject_Drone/ros2_aruco_ws/install/my_aruco_detector/share/ament_index/resource_index/packages
[1.337s] copying resource/my_aruco_detector -> /home/cc/ee106a/fa25/class/ee106a-ado/ros_workspaces/106AProject_Drone/ros2_aruco_ws/install/my_aruco_detector/share/ament_index/resource_index/packages
[1.341s] copying package.xml -> /home/cc/ee106a/fa25/class/ee106a-ado/ros_workspaces/106AProject_Drone/ros2_aruco_ws/install/my_aruco_detector/share/my_aruco_detector
[1.346s] running install_egg_info
[1.349s] Copying ../build/my_aruco_detector/my_aruco_detector.egg-info to /home/cc/ee106a/fa25/class/ee106a-ado/ros_workspaces/106AProject_Drone/ros2_aruco_ws/install/my_aruco_detector/lib/python3.10/site-packages/my_aruco_detector-0.0.0-py3.10.egg-info
[1.390s] running install_scripts
[1.422s] writing list of installed files to '/home/cc/ee106a/fa25/class/ee106a-ado/ros_workspaces/106AProject_Drone/ros2_aruco_ws/build/my_aruco_detector/install.log'
[1.439s] Invoked command in '/home/cc/ee106a/fa25/class/ee106a-ado/ros_workspaces/106AProject_Drone/ros2_aruco_ws/my_aruco_detector' returned '0': PYTHONPATH=/home/cc/ee106a/fa25/class/ee106a-ado/ros_workspaces/106AProject_Drone/ros2_aruco_ws/build/my_aruco_detector/prefix_override:/usr/lib/python3/dist-packages/colcon_core/task/python/colcon_distutils_commands:/home/cc/ee106a/fa25/class/ee106a-ado/ros_workspaces/106AProject_Drone/ros2_aruco_ws/install/my_aruco_detector/lib/python3.10/site-packages:${PYTHONPATH} /usr/bin/python3 -W ignore:setup.py install is deprecated -W ignore:easy_install command is deprecated setup.py egg_info --egg-base ../build/my_aruco_detector build --build-base /home/cc/ee106a/fa25/class/ee106a-ado/ros_workspaces/106AProject_Drone/ros2_aruco_ws/build/my_aruco_detector/build install --record /home/cc/ee106a/fa25/class/ee106a-ado/ros_workspaces/106AProject_Drone/ros2_aruco_ws/build/my_aruco_detector/install.log --single-version-externally-managed install_data
