[0.869s] Invoking command in '/home/hieu-hoang/106AProject_Drone/ros2_aruco_ws/my_aruco_detector': DEBUGINFOD_URLS=https://debuginfod.ubuntu.com PS1=(venv) \[\e]0;\u@\h: \w\a\]${debian_chroot:+($debian_chroot)}\[\033[01;32m\]\u@\h\[\033[00m\]:\[\033[01;34m\]\w\[\033[00m\]\$ PYTHONPATH=/home/hieu-hoang/106AProject_Drone/ros2_aruco_ws/build/my_aruco_detector/prefix_override:/usr/lib/python3/dist-packages/colcon_core/task/python/colcon_distutils_commands:/home/hieu-hoang/106AProject_Drone/ros2_aruco_ws/install/my_aruco_detector/lib/python3.12/site-packages:${PYTHONPATH} VIRTUAL_ENV_PROMPT=(venv) /usr/bin/python3 -W ignore:setup.py install is deprecated -W ignore:easy_install command is deprecated setup.py egg_info --egg-base ../build/my_aruco_detector build --build-base /home/hieu-hoang/106AProject_Drone/ros2_aruco_ws/build/my_aruco_detector/build install --record /home/hieu-hoang/106AProject_Drone/ros2_aruco_ws/build/my_aruco_detector/install.log --single-version-externally-managed install_data
[1.083s] running egg_info
[1.083s] creating ../build/my_aruco_detector/my_aruco_detector.egg-info
[1.098s] writing ../build/my_aruco_detector/my_aruco_detector.egg-info/PKG-INFO
[1.098s] writing dependency_links to ../build/my_aruco_detector/my_aruco_detector.egg-info/dependency_links.txt
[1.099s] writing requirements to ../build/my_aruco_detector/my_aruco_detector.egg-info/requires.txt
[1.099s] writing top-level names to ../build/my_aruco_detector/my_aruco_detector.egg-info/top_level.txt
[1.099s] writing manifest file '../build/my_aruco_detector/my_aruco_detector.egg-info/SOURCES.txt'
[1.130s] reading manifest file '../build/my_aruco_detector/my_aruco_detector.egg-info/SOURCES.txt'
[1.131s] writing manifest file '../build/my_aruco_detector/my_aruco_detector.egg-info/SOURCES.txt'
[1.131s] running build
[1.131s] running build_py
[1.131s] creating /home/hieu-hoang/106AProject_Drone/ros2_aruco_ws/build/my_aruco_detector/build
[1.131s] creating /home/hieu-hoang/106AProject_Drone/ros2_aruco_ws/build/my_aruco_detector/build/lib
[1.131s] creating /home/hieu-hoang/106AProject_Drone/ros2_aruco_ws/build/my_aruco_detector/build/lib/my_aruco_detector
[1.131s] copying my_aruco_detector/__init__.py -> /home/hieu-hoang/106AProject_Drone/ros2_aruco_ws/build/my_aruco_detector/build/lib/my_aruco_detector
[1.132s] running install
[1.137s] running install_lib
[1.153s] creating /home/hieu-hoang/106AProject_Drone/ros2_aruco_ws/install/my_aruco_detector/lib/python3.12/site-packages/my_aruco_detector
[1.153s] copying /home/hieu-hoang/106AProject_Drone/ros2_aruco_ws/build/my_aruco_detector/build/lib/my_aruco_detector/__init__.py -> /home/hieu-hoang/106AProject_Drone/ros2_aruco_ws/install/my_aruco_detector/lib/python3.12/site-packages/my_aruco_detector
[1.153s] byte-compiling /home/hieu-hoang/106AProject_Drone/ros2_aruco_ws/install/my_aruco_detector/lib/python3.12/site-packages/my_aruco_detector/__init__.py to __init__.cpython-312.pyc
[1.154s] running install_data
[1.154s] creating /home/hieu-hoang/106AProject_Drone/ros2_aruco_ws/install/my_aruco_detector/share/ament_index
[1.154s] creating /home/hieu-hoang/106AProject_Drone/ros2_aruco_ws/install/my_aruco_detector/share/ament_index/resource_index
[1.154s] creating /home/hieu-hoang/106AProject_Drone/ros2_aruco_ws/install/my_aruco_detector/share/ament_index/resource_index/packages
[1.154s] copying resource/my_aruco_detector -> /home/hieu-hoang/106AProject_Drone/ros2_aruco_ws/install/my_aruco_detector/share/ament_index/resource_index/packages
[1.154s] copying package.xml -> /home/hieu-hoang/106AProject_Drone/ros2_aruco_ws/install/my_aruco_detector/share/my_aruco_detector
[1.154s] running install_egg_info
[1.171s] Copying ../build/my_aruco_detector/my_aruco_detector.egg-info to /home/hieu-hoang/106AProject_Drone/ros2_aruco_ws/install/my_aruco_detector/lib/python3.12/site-packages/my_aruco_detector-0.0.0-py3.12.egg-info
[1.172s] running install_scripts
[1.279s] writing list of installed files to '/home/hieu-hoang/106AProject_Drone/ros2_aruco_ws/build/my_aruco_detector/install.log'
