[0.341s] Invoking command in '/home/hieu-hoang/106AProject_Drone/ros2_aruco_ws/build/usb_cam': CMAKE_PREFIX_PATH=${CMAKE_PREFIX_PATH}:/home/hieu-hoang/106AProject_Drone/ros2_aruco_ws/install/ros2_aruco:/home/hieu-hoang/106AProject_Drone/ros2_aruco_ws/install/my_aruco_detector:/home/hieu-hoang/ros2_aruco_ws/install/ros2_aruco:/home/hieu-hoang/ros2_aruco_ws/install/my_aruco_detector:/home/hieu-hoang/install/ros2_aruco:/home/hieu-hoang/install/my_aruco_detector:/opt/ros/jazzy DEBUGINFOD_URLS=https://debuginfod.ubuntu.com PS1=(venv) \[\e]0;\u@\h: \w\a\]${debian_chroot:+($debian_chroot)}\[\033[01;32m\]\u@\h\[\033[00m\]:\[\033[01;34m\]\w\[\033[00m\]\$ VIRTUAL_ENV_PROMPT=(venv) /usr/bin/cmake /home/hieu-hoang/106AProject_Drone/ros2_aruco_ws/src/usb_cam -DCMAKE_INSTALL_PREFIX=/home/hieu-hoang/106AProject_Drone/ros2_aruco_ws/install/usb_cam
[0.390s] -- The C compiler identification is GNU 13.3.0
[0.441s] -- The CXX compiler identification is GNU 13.3.0
[0.455s] -- Detecting C compiler ABI info
[0.535s] -- Detecting C compiler ABI info - done
[0.544s] -- Check for working C compiler: /usr/bin/cc - skipped
[0.544s] -- Detecting C compile features
[0.544s] -- Detecting C compile features - done
[0.553s] -- Detecting CXX compiler ABI info
[0.643s] -- Detecting CXX compiler ABI info - done
[0.653s] -- Check for working CXX compiler: /usr/bin/c++ - skipped
[0.653s] -- Detecting CXX compile features
[0.654s] -- Detecting CXX compile features - done
[0.657s] -- Found ament_cmake_auto: 2.5.4 (/opt/ros/jazzy/share/ament_cmake_auto/cmake)
[0.756s] -- Found Python3: /home/hieu-hoang/106AProject_Drone/ros2_aruco_ws/venv/bin/python3 (found version "3.12.3") found components: Interpreter 
[0.869s] Traceback (most recent call last):
[0.869s]   File "/opt/ros/jazzy/share/ament_cmake_core/cmake/core/package_xml_2_cmake.py", line 22, in <module>
[0.869s]     from catkin_pkg.package import parse_package_string
[0.869s] ModuleNotFoundError: No module named 'catkin_pkg'
[0.871s] [31mCMake Error at /opt/ros/jazzy/share/ament_cmake_core/cmake/core/ament_package_xml.cmake:95 (message):
[0.871s]   
[0.871s]   execute_process(/home/hieu-hoang/106AProject_Drone/ros2_aruco_ws/venv/bin/python3
[0.872s]   /opt/ros/jazzy/share/ament_cmake_core/cmake/core/package_xml_2_cmake.py
[0.872s]   /home/hieu-hoang/106AProject_Drone/ros2_aruco_ws/src/usb_cam/package.xml
[0.872s]   /home/hieu-hoang/106AProject_Drone/ros2_aruco_ws/build/usb_cam/ament_cmake_core/package.cmake)
[0.872s]   returned error code 1
[0.872s] Call Stack (most recent call first):
[0.872s]   /opt/ros/jazzy/share/ament_cmake_core/cmake/core/ament_package_xml.cmake:49 (_ament_package_xml)
[0.872s]   /opt/ros/jazzy/share/ament_cmake_auto/cmake/ament_auto_find_build_dependencies.cmake:42 (ament_package_xml)
[0.872s]   CMakeLists.txt:14 (ament_auto_find_build_dependencies)
[0.872s] 
[0.872s] [0m
[0.872s] -- Configuring incomplete, errors occurred!
[0.876s] Invoked command in '/home/hieu-hoang/106AProject_Drone/ros2_aruco_ws/build/usb_cam' returned '1': CMAKE_PREFIX_PATH=${CMAKE_PREFIX_PATH}:/home/hieu-hoang/106AProject_Drone/ros2_aruco_ws/install/ros2_aruco:/home/hieu-hoang/106AProject_Drone/ros2_aruco_ws/install/my_aruco_detector:/home/hieu-hoang/ros2_aruco_ws/install/ros2_aruco:/home/hieu-hoang/ros2_aruco_ws/install/my_aruco_detector:/home/hieu-hoang/install/ros2_aruco:/home/hieu-hoang/install/my_aruco_detector:/opt/ros/jazzy DEBUGINFOD_URLS=https://debuginfod.ubuntu.com PS1=(venv) \[\e]0;\u@\h: \w\a\]${debian_chroot:+($debian_chroot)}\[\033[01;32m\]\u@\h\[\033[00m\]:\[\033[01;34m\]\w\[\033[00m\]\$ VIRTUAL_ENV_PROMPT=(venv) /usr/bin/cmake /home/hieu-hoang/106AProject_Drone/ros2_aruco_ws/src/usb_cam -DCMAKE_INSTALL_PREFIX=/home/hieu-hoang/106AProject_Drone/ros2_aruco_ws/install/usb_cam
