[1.196s] Invoking command in '/home/cc/ee106a/fa25/class/ee106a-ado/ros_workspaces/106AProject_Drone/ros2_aruco_ws/my_aruco_detector': PYTHONPATH=/home/cc/ee106a/fa25/class/ee106a-ado/ros_workspaces/106AProject_Drone/build/my_aruco_detector/prefix_override:/usr/lib/python3/dist-packages/colcon_core/task/python/colcon_distutils_commands:/home/cc/ee106a/fa25/class/ee106a-ado/ros_workspaces/106AProject_Drone/install/my_aruco_detector/lib/python3.10/site-packages:${PYTHONPATH} /usr/bin/python3 -W ignore:setup.py install is deprecated -W ignore:easy_install command is deprecated setup.py egg_info --egg-base ../../build/my_aruco_detector build --build-base /home/cc/ee106a/fa25/class/ee106a-ado/ros_workspaces/106AProject_Drone/build/my_aruco_detector/build install --record /home/cc/ee106a/fa25/class/ee106a-ado/ros_workspaces/106AProject_Drone/build/my_aruco_detector/install.log --single-version-externally-managed install_data
[1.395s] running egg_info
[1.396s] writing ../../build/my_aruco_detector/my_aruco_detector.egg-info/PKG-INFO
[1.399s] writing dependency_links to ../../build/my_aruco_detector/my_aruco_detector.egg-info/dependency_links.txt
[1.402s] writing entry points to ../../build/my_aruco_detector/my_aruco_detector.egg-info/entry_points.txt
[1.405s] writing requirements to ../../build/my_aruco_detector/my_aruco_detector.egg-info/requires.txt
[1.407s] writing top-level names to ../../build/my_aruco_detector/my_aruco_detector.egg-info/top_level.txt
[1.414s] reading manifest file '../../build/my_aruco_detector/my_aruco_detector.egg-info/SOURCES.txt'
[1.416s] writing manifest file '../../build/my_aruco_detector/my_aruco_detector.egg-info/SOURCES.txt'
[1.418s] running build
[1.418s] running build_py
[1.420s] running install
[1.421s] running install_lib
[1.424s] running install_data
[1.426s] running install_egg_info
[1.428s] removing '/home/cc/ee106a/fa25/class/ee106a-ado/ros_workspaces/106AProject_Drone/install/my_aruco_detector/lib/python3.10/site-packages/my_aruco_detector-0.0.0-py3.10.egg-info' (and everything under it)
[1.435s] Copying ../../build/my_aruco_detector/my_aruco_detector.egg-info to /home/cc/ee106a/fa25/class/ee106a-ado/ros_workspaces/106AProject_Drone/install/my_aruco_detector/lib/python3.10/site-packages/my_aruco_detector-0.0.0-py3.10.egg-info
[1.466s] running install_scripts
[1.491s] writing list of installed files to '/home/cc/ee106a/fa25/class/ee106a-ado/ros_workspaces/106AProject_Drone/build/my_aruco_detector/install.log'
[1.507s] Invoked command in '/home/cc/ee106a/fa25/class/ee106a-ado/ros_workspaces/106AProject_Drone/ros2_aruco_ws/my_aruco_detector' returned '0': PYTHONPATH=/home/cc/ee106a/fa25/class/ee106a-ado/ros_workspaces/106AProject_Drone/build/my_aruco_detector/prefix_override:/usr/lib/python3/dist-packages/colcon_core/task/python/colcon_distutils_commands:/home/cc/ee106a/fa25/class/ee106a-ado/ros_workspaces/106AProject_Drone/install/my_aruco_detector/lib/python3.10/site-packages:${PYTHONPATH} /usr/bin/python3 -W ignore:setup.py install is deprecated -W ignore:easy_install command is deprecated setup.py egg_info --egg-base ../../build/my_aruco_detector build --build-base /home/cc/ee106a/fa25/class/ee106a-ado/ros_workspaces/106AProject_Drone/build/my_aruco_detector/build install --record /home/cc/ee106a/fa25/class/ee106a-ado/ros_workspaces/106AProject_Drone/build/my_aruco_detector/install.log --single-version-externally-managed install_data
