running egg_info
creating ../../../../build/ros2_aruco/ros2_aruco.egg-info
writing ../../../../build/ros2_aruco/ros2_aruco.egg-info/PKG-INFO
writing dependency_links to ../../../../build/ros2_aruco/ros2_aruco.egg-info/dependency_links.txt
writing entry points to ../../../../build/ros2_aruco/ros2_aruco.egg-info/entry_points.txt
writing requirements to ../../../../build/ros2_aruco/ros2_aruco.egg-info/requires.txt
writing top-level names to ../../../../build/ros2_aruco/ros2_aruco.egg-info/top_level.txt
writing manifest file '../../../../build/ros2_aruco/ros2_aruco.egg-info/SOURCES.txt'
reading manifest file '../../../../build/ros2_aruco/ros2_aruco.egg-info/SOURCES.txt'
writing manifest file '../../../../build/ros2_aruco/ros2_aruco.egg-info/SOURCES.txt'
running build
running build_py
creating /home/hieu/Documents/106AProject_Drone/build/ros2_aruco/build
creating /home/hieu/Documents/106AProject_Drone/build/ros2_aruco/build/lib
creating /home/hieu/Documents/106AProject_Drone/build/ros2_aruco/build/lib/ros2_aruco
copying ros2_aruco/aruco_tf.py -> /home/hieu/Documents/106AProject_Drone/build/ros2_aruco/build/lib/ros2_aruco
copying ros2_aruco/__init__.py -> /home/hieu/Documents/106AProject_Drone/build/ros2_aruco/build/lib/ros2_aruco
copying ros2_aruco/aruco_generate_marker.py -> /home/hieu/Documents/106AProject_Drone/build/ros2_aruco/build/lib/ros2_aruco
copying ros2_aruco/aruco_node.py -> /home/hieu/Documents/106AProject_Drone/build/ros2_aruco/build/lib/ros2_aruco
running install
running install_lib
creating /home/hieu/Documents/106AProject_Drone/install/ros2_aruco/lib/python3.10/site-packages/ros2_aruco
copying /home/hieu/Documents/106AProject_Drone/build/ros2_aruco/build/lib/ros2_aruco/aruco_tf.py -> /home/hieu/Documents/106AProject_Drone/install/ros2_aruco/lib/python3.10/site-packages/ros2_aruco
copying /home/hieu/Documents/106AProject_Drone/build/ros2_aruco/build/lib/ros2_aruco/__init__.py -> /home/hieu/Documents/106AProject_Drone/install/ros2_aruco/lib/python3.10/site-packages/ros2_aruco
copying /home/hieu/Documents/106AProject_Drone/build/ros2_aruco/build/lib/ros2_aruco/aruco_generate_marker.py -> /home/hieu/Documents/106AProject_Drone/install/ros2_aruco/lib/python3.10/site-packages/ros2_aruco
copying /home/hieu/Documents/106AProject_Drone/build/ros2_aruco/build/lib/ros2_aruco/aruco_node.py -> /home/hieu/Documents/106AProject_Drone/install/ros2_aruco/lib/python3.10/site-packages/ros2_aruco
byte-compiling /home/hieu/Documents/106AProject_Drone/install/ros2_aruco/lib/python3.10/site-packages/ros2_aruco/aruco_tf.py to aruco_tf.cpython-310.pyc
byte-compiling /home/hieu/Documents/106AProject_Drone/install/ros2_aruco/lib/python3.10/site-packages/ros2_aruco/__init__.py to __init__.cpython-310.pyc
byte-compiling /home/hieu/Documents/106AProject_Drone/install/ros2_aruco/lib/python3.10/site-packages/ros2_aruco/aruco_generate_marker.py to aruco_generate_marker.cpython-310.pyc
byte-compiling /home/hieu/Documents/106AProject_Drone/install/ros2_aruco/lib/python3.10/site-packages/ros2_aruco/aruco_node.py to aruco_node.cpython-310.pyc
running install_data
creating /home/hieu/Documents/106AProject_Drone/install/ros2_aruco/share/ament_index
creating /home/hieu/Documents/106AProject_Drone/install/ros2_aruco/share/ament_index/resource_index
creating /home/hieu/Documents/106AProject_Drone/install/ros2_aruco/share/ament_index/resource_index/packages
copying resource/ros2_aruco -> /home/hieu/Documents/106AProject_Drone/install/ros2_aruco/share/ament_index/resource_index/packages
copying package.xml -> /home/hieu/Documents/106AProject_Drone/install/ros2_aruco/share/ros2_aruco
creating /home/hieu/Documents/106AProject_Drone/install/ros2_aruco/share/ros2_aruco/launch
copying launch/aruco_recognition.launch.py -> /home/hieu/Documents/106AProject_Drone/install/ros2_aruco/share/ros2_aruco/launch
copying launch/aruco_tf_launcher.launch.py -> /home/hieu/Documents/106AProject_Drone/install/ros2_aruco/share/ros2_aruco/launch
creating /home/hieu/Documents/106AProject_Drone/install/ros2_aruco/share/ros2_aruco/config
copying config/aruco_parameters.yaml -> /home/hieu/Documents/106AProject_Drone/install/ros2_aruco/share/ros2_aruco/config
running install_egg_info
Copying ../../../../build/ros2_aruco/ros2_aruco.egg-info to /home/hieu/Documents/106AProject_Drone/install/ros2_aruco/lib/python3.10/site-packages/ros2_aruco-0.1.0-py3.10.egg-info
running install_scripts
Installing aruco_generate_marker script to /home/hieu/Documents/106AProject_Drone/install/ros2_aruco/lib/ros2_aruco
Installing aruco_node script to /home/hieu/Documents/106AProject_Drone/install/ros2_aruco/lib/ros2_aruco
Installing aruco_tf script to /home/hieu/Documents/106AProject_Drone/install/ros2_aruco/lib/ros2_aruco
writing list of installed files to '/home/hieu/Documents/106AProject_Drone/build/ros2_aruco/install.log'
