[0.593s] Invoking command in '/home/hieu/Documents/106AProject_Drone/ros2_aruco_ws/src/ros2_aruco/ros2_aruco': PYTHONPATH=/home/hieu/Documents/106AProject_Drone/build/ros2_aruco/prefix_override:/usr/lib/python3/dist-packages/colcon_core/task/python/colcon_distutils_commands:/home/hieu/Documents/106AProject_Drone/install/ros2_aruco/lib/python3.10/site-packages:${PYTHONPATH} /usr/bin/python3 -W ignore:setup.py install is deprecated -W ignore:easy_install command is deprecated setup.py egg_info --egg-base ../../../../build/ros2_aruco build --build-base /home/hieu/Documents/106AProject_Drone/build/ros2_aruco/build install --record /home/hieu/Documents/106AProject_Drone/build/ros2_aruco/install.log --single-version-externally-managed install_data
[0.757s] running egg_info
[0.757s] creating ../../../../build/ros2_aruco/ros2_aruco.egg-info
[0.758s] writing ../../../../build/ros2_aruco/ros2_aruco.egg-info/PKG-INFO
[0.758s] writing dependency_links to ../../../../build/ros2_aruco/ros2_aruco.egg-info/dependency_links.txt
[0.758s] writing entry points to ../../../../build/ros2_aruco/ros2_aruco.egg-info/entry_points.txt
[0.758s] writing requirements to ../../../../build/ros2_aruco/ros2_aruco.egg-info/requires.txt
[0.758s] writing top-level names to ../../../../build/ros2_aruco/ros2_aruco.egg-info/top_level.txt
[0.758s] writing manifest file '../../../../build/ros2_aruco/ros2_aruco.egg-info/SOURCES.txt'
[0.760s] reading manifest file '../../../../build/ros2_aruco/ros2_aruco.egg-info/SOURCES.txt'
[0.761s] writing manifest file '../../../../build/ros2_aruco/ros2_aruco.egg-info/SOURCES.txt'
[0.761s] running build
[0.761s] running build_py
[0.761s] creating /home/hieu/Documents/106AProject_Drone/build/ros2_aruco/build
[0.761s] creating /home/hieu/Documents/106AProject_Drone/build/ros2_aruco/build/lib
[0.761s] creating /home/hieu/Documents/106AProject_Drone/build/ros2_aruco/build/lib/ros2_aruco
[0.761s] copying ros2_aruco/aruco_tf.py -> /home/hieu/Documents/106AProject_Drone/build/ros2_aruco/build/lib/ros2_aruco
[0.762s] copying ros2_aruco/__init__.py -> /home/hieu/Documents/106AProject_Drone/build/ros2_aruco/build/lib/ros2_aruco
[0.762s] copying ros2_aruco/aruco_generate_marker.py -> /home/hieu/Documents/106AProject_Drone/build/ros2_aruco/build/lib/ros2_aruco
[0.762s] copying ros2_aruco/aruco_node.py -> /home/hieu/Documents/106AProject_Drone/build/ros2_aruco/build/lib/ros2_aruco
[0.762s] running install
[0.762s] running install_lib
[0.763s] creating /home/hieu/Documents/106AProject_Drone/install/ros2_aruco/lib/python3.10/site-packages/ros2_aruco
[0.763s] copying /home/hieu/Documents/106AProject_Drone/build/ros2_aruco/build/lib/ros2_aruco/aruco_tf.py -> /home/hieu/Documents/106AProject_Drone/install/ros2_aruco/lib/python3.10/site-packages/ros2_aruco
[0.763s] copying /home/hieu/Documents/106AProject_Drone/build/ros2_aruco/build/lib/ros2_aruco/__init__.py -> /home/hieu/Documents/106AProject_Drone/install/ros2_aruco/lib/python3.10/site-packages/ros2_aruco
[0.763s] copying /home/hieu/Documents/106AProject_Drone/build/ros2_aruco/build/lib/ros2_aruco/aruco_generate_marker.py -> /home/hieu/Documents/106AProject_Drone/install/ros2_aruco/lib/python3.10/site-packages/ros2_aruco
[0.763s] copying /home/hieu/Documents/106AProject_Drone/build/ros2_aruco/build/lib/ros2_aruco/aruco_node.py -> /home/hieu/Documents/106AProject_Drone/install/ros2_aruco/lib/python3.10/site-packages/ros2_aruco
[0.764s] byte-compiling /home/hieu/Documents/106AProject_Drone/install/ros2_aruco/lib/python3.10/site-packages/ros2_aruco/aruco_tf.py to aruco_tf.cpython-310.pyc
[0.765s] byte-compiling /home/hieu/Documents/106AProject_Drone/install/ros2_aruco/lib/python3.10/site-packages/ros2_aruco/__init__.py to __init__.cpython-310.pyc
[0.765s] byte-compiling /home/hieu/Documents/106AProject_Drone/install/ros2_aruco/lib/python3.10/site-packages/ros2_aruco/aruco_generate_marker.py to aruco_generate_marker.cpython-310.pyc
[0.765s] byte-compiling /home/hieu/Documents/106AProject_Drone/install/ros2_aruco/lib/python3.10/site-packages/ros2_aruco/aruco_node.py to aruco_node.cpython-310.pyc
[0.766s] running install_data
[0.766s] creating /home/hieu/Documents/106AProject_Drone/install/ros2_aruco/share/ament_index
[0.766s] creating /home/hieu/Documents/106AProject_Drone/install/ros2_aruco/share/ament_index/resource_index
[0.766s] creating /home/hieu/Documents/106AProject_Drone/install/ros2_aruco/share/ament_index/resource_index/packages
[0.766s] copying resource/ros2_aruco -> /home/hieu/Documents/106AProject_Drone/install/ros2_aruco/share/ament_index/resource_index/packages
[0.766s] copying package.xml -> /home/hieu/Documents/106AProject_Drone/install/ros2_aruco/share/ros2_aruco
[0.767s] creating /home/hieu/Documents/106AProject_Drone/install/ros2_aruco/share/ros2_aruco/launch
[0.767s] copying launch/aruco_recognition.launch.py -> /home/hieu/Documents/106AProject_Drone/install/ros2_aruco/share/ros2_aruco/launch
[0.767s] copying launch/aruco_tf_launcher.launch.py -> /home/hieu/Documents/106AProject_Drone/install/ros2_aruco/share/ros2_aruco/launch
[0.767s] creating /home/hieu/Documents/106AProject_Drone/install/ros2_aruco/share/ros2_aruco/config
[0.767s] copying config/aruco_parameters.yaml -> /home/hieu/Documents/106AProject_Drone/install/ros2_aruco/share/ros2_aruco/config
[0.767s] running install_egg_info
[0.768s] Copying ../../../../build/ros2_aruco/ros2_aruco.egg-info to /home/hieu/Documents/106AProject_Drone/install/ros2_aruco/lib/python3.10/site-packages/ros2_aruco-0.1.0-py3.10.egg-info
[0.769s] running install_scripts
[0.784s] Installing aruco_generate_marker script to /home/hieu/Documents/106AProject_Drone/install/ros2_aruco/lib/ros2_aruco
[0.784s] Installing aruco_node script to /home/hieu/Documents/106AProject_Drone/install/ros2_aruco/lib/ros2_aruco
[0.784s] Installing aruco_tf script to /home/hieu/Documents/106AProject_Drone/install/ros2_aruco/lib/ros2_aruco
[0.784s] writing list of installed files to '/home/hieu/Documents/106AProject_Drone/build/ros2_aruco/install.log'
[0.812s] Invoked command in '/home/hieu/Documents/106AProject_Drone/ros2_aruco_ws/src/ros2_aruco/ros2_aruco' returned '0': PYTHONPATH=/home/hieu/Documents/106AProject_Drone/build/ros2_aruco/prefix_override:/usr/lib/python3/dist-packages/colcon_core/task/python/colcon_distutils_commands:/home/hieu/Documents/106AProject_Drone/install/ros2_aruco/lib/python3.10/site-packages:${PYTHONPATH} /usr/bin/python3 -W ignore:setup.py install is deprecated -W ignore:easy_install command is deprecated setup.py egg_info --egg-base ../../../../build/ros2_aruco build --build-base /home/hieu/Documents/106AProject_Drone/build/ros2_aruco/build install --record /home/hieu/Documents/106AProject_Drone/build/ros2_aruco/install.log --single-version-externally-managed install_data
