[0.342s] Invoking command in '/home/hieu-hoang/106AProject_Drone/ros2_aruco_ws/build/ros2_aruco_interfaces': CMAKE_PREFIX_PATH=${CMAKE_PREFIX_PATH}:/home/hieu-hoang/106AProject_Drone/ros2_aruco_ws/install/ros2_aruco:/home/hieu-hoang/106AProject_Drone/ros2_aruco_ws/install/my_aruco_detector:/home/hieu-hoang/ros2_aruco_ws/install/ros2_aruco:/home/hieu-hoang/ros2_aruco_ws/install/my_aruco_detector:/home/hieu-hoang/install/ros2_aruco:/home/hieu-hoang/install/my_aruco_detector:/opt/ros/jazzy DEBUGINFOD_URLS=https://debuginfod.ubuntu.com PS1=(venv) \[\e]0;\u@\h: \w\a\]${debian_chroot:+($debian_chroot)}\[\033[01;32m\]\u@\h\[\033[00m\]:\[\033[01;34m\]\w\[\033[00m\]\$ VIRTUAL_ENV_PROMPT=(venv) /usr/bin/cmake /home/hieu-hoang/106AProject_Drone/ros2_aruco_ws/src/ros2_aruco/ros2_aruco_interfaces -DCMAKE_INSTALL_PREFIX=/home/hieu-hoang/106AProject_Drone/ros2_aruco_ws/install/ros2_aruco_interfaces
[0.392s] -- The C compiler identification is GNU 13.3.0
[0.444s] -- The CXX compiler identification is GNU 13.3.0
[0.458s] -- Detecting C compiler ABI info
[0.538s] -- Detecting C compiler ABI info - done
[0.547s] -- Check for working C compiler: /usr/bin/cc - skipped
[0.547s] -- Detecting C compile features
[0.547s] -- Detecting C compile features - done
[0.556s] -- Detecting CXX compiler ABI info
[0.646s] -- Detecting CXX compiler ABI info - done
[0.655s] -- Check for working CXX compiler: /usr/bin/c++ - skipped
[0.655s] -- Detecting CXX compile features
[0.656s] -- Detecting CXX compile features - done
[0.659s] -- Found ament_cmake: 2.5.4 (/opt/ros/jazzy/share/ament_cmake/cmake)
[0.759s] -- Found Python3: /home/hieu-hoang/106AProject_Drone/ros2_aruco_ws/venv/bin/python3 (found version "3.12.3") found components: Interpreter 
[0.860s] -- Found geometry_msgs: 5.3.6 (/opt/ros/jazzy/share/geometry_msgs/cmake)
[0.906s] -- Found rosidl_generator_c: 4.6.6 (/opt/ros/jazzy/share/rosidl_generator_c/cmake)
[0.922s] -- Found rosidl_generator_cpp: 4.6.6 (/opt/ros/jazzy/share/rosidl_generator_cpp/cmake)
[0.940s] -- Using all available rosidl_typesupport_c: rosidl_typesupport_fastrtps_c;rosidl_typesupport_introspection_c
[0.959s] -- Using all available rosidl_typesupport_cpp: rosidl_typesupport_fastrtps_cpp;rosidl_typesupport_introspection_cpp
[1.008s] -- Found rosidl_default_generators: 1.6.0 (/opt/ros/jazzy/share/rosidl_default_generators/cmake)
[1.025s] -- Found rosidl_adapter: 4.6.6 (/opt/ros/jazzy/share/rosidl_adapter/cmake)
[1.163s] [31mCMake Error at /opt/ros/jazzy/share/rosidl_adapter/cmake/rosidl_adapt_interfaces.cmake:57 (message):
[1.163s]   
[1.163s]   execute_process(/home/hieu-hoang/106AProject_Drone/ros2_aruco_ws/venv/bin/python3
[1.163s]   -m rosidl_adapter --package-name ros2_aruco_interfaces --arguments-file
[1.163s]   /home/hieu-hoang/106AProject_Drone/ros2_aruco_ws/build/ros2_aruco_interfaces/rosidl_adapter__arguments__ros2_aruco_interfaces.json
[1.163s]   --output-dir
[1.163s]   /home/hieu-hoang/106AProject_Drone/ros2_aruco_ws/build/ros2_aruco_interfaces/rosidl_adapter/ros2_aruco_interfaces
[1.163s]   --output-file
[1.163s]   /home/hieu-hoang/106AProject_Drone/ros2_aruco_ws/build/ros2_aruco_interfaces/rosidl_adapter/ros2_aruco_interfaces.idls)
[1.163s]   returned error code 1:
[1.163s] 
[1.163s]   Traceback (most recent call last):
[1.164s] 
[1.164s]     File "<frozen runpy>", line 198, in _run_module_as_main
[1.164s]     File "<frozen runpy>", line 88, in _run_code
[1.164s]     File "/opt/ros/jazzy/lib/python3.12/site-packages/rosidl_adapter/__main__.py", line 19, in <module>
[1.164s]       sys.exit(main())
[1.164s]                ^^^^^^
[1.164s]     File "/opt/ros/jazzy/lib/python3.12/site-packages/rosidl_adapter/main.py", line 53, in main
[1.164s]       abs_idl_file = convert_to_idl(
[1.164s]                      ^^^^^^^^^^^^^^^
[1.164s]     File "/opt/ros/jazzy/lib/python3.12/site-packages/rosidl_adapter/__init__.py", line 18, in convert_to_idl
[1.164s]       from rosidl_adapter.msg import convert_msg_to_idl
[1.164s]     File "/opt/ros/jazzy/lib/python3.12/site-packages/rosidl_adapter/msg/__init__.py", line 16, in <module>
[1.164s]       from rosidl_adapter.resource import expand_template
[1.164s]     File "/opt/ros/jazzy/lib/python3.12/site-packages/rosidl_adapter/resource/__init__.py", line 19, in <module>
[1.164s]       import em
[1.165s] 
[1.165s]   ModuleNotFoundError: No module named 'em'
[1.165s] 
[1.165s] Call Stack (most recent call first):
[1.165s]   /opt/ros/jazzy/share/rosidl_cmake/cmake/rosidl_generate_interfaces.cmake:132 (rosidl_adapt_interfaces)
[1.165s]   CMakeLists.txt:28 (rosidl_generate_interfaces)
[1.165s] 
[1.165s] [0m
[1.165s] -- Configuring incomplete, errors occurred!
