[1.346s] Invoking command in '/home/cc/ee106a/fa25/class/ee106a-ado/ros_workspaces/106AProject_Drone/ros2_aruco_ws/my_aruco_detector': PYTHONPATH=/home/cc/ee106a/fa25/class/ee106a-ado/ros_workspaces/106AProject_Drone/ros2_aruco_ws/build/my_aruco_detector/prefix_override:/usr/lib/python3/dist-packages/colcon_core/task/python/colcon_distutils_commands:/home/cc/ee106a/fa25/class/ee106a-ado/ros_workspaces/106AProject_Drone/ros2_aruco_ws/install/my_aruco_detector/lib/python3.10/site-packages:${PYTHONPATH} /usr/bin/python3 -W ignore:setup.py install is deprecated -W ignore:easy_install command is deprecated setup.py egg_info --egg-base ../build/my_aruco_detector build --build-base /home/cc/ee106a/fa25/class/ee106a-ado/ros_workspaces/106AProject_Drone/ros2_aruco_ws/build/my_aruco_detector/build install --record /home/cc/ee106a/fa25/class/ee106a-ado/ros_workspaces/106AProject_Drone/ros2_aruco_ws/build/my_aruco_detector/install.log --single-version-externally-managed install_data
[1.579s] running egg_info
[1.580s] writing ../build/my_aruco_detector/my_aruco_detector.egg-info/PKG-INFO
[1.583s] writing dependency_links to ../build/my_aruco_detector/my_aruco_detector.egg-info/dependency_links.txt
[1.586s] writing entry points to ../build/my_aruco_detector/my_aruco_detector.egg-info/entry_points.txt
[1.589s] writing requirements to ../build/my_aruco_detector/my_aruco_detector.egg-info/requires.txt
[1.591s] writing top-level names to ../build/my_aruco_detector/my_aruco_detector.egg-info/top_level.txt
[1.599s] reading manifest file '../build/my_aruco_detector/my_aruco_detector.egg-info/SOURCES.txt'
[1.602s] writing manifest file '../build/my_aruco_detector/my_aruco_detector.egg-info/SOURCES.txt'
[1.604s] running build
[1.604s] running build_py
[1.606s] running install
[1.607s] running install_lib
[1.611s] running install_data
[1.613s] running install_egg_info
[1.616s] removing '/home/cc/ee106a/fa25/class/ee106a-ado/ros_workspaces/106AProject_Drone/ros2_aruco_ws/install/my_aruco_detector/lib/python3.10/site-packages/my_aruco_detector-0.0.0-py3.10.egg-info' (and everything under it)
[1.623s] Copying ../build/my_aruco_detector/my_aruco_detector.egg-info to /home/cc/ee106a/fa25/class/ee106a-ado/ros_workspaces/106AProject_Drone/ros2_aruco_ws/install/my_aruco_detector/lib/python3.10/site-packages/my_aruco_detector-0.0.0-py3.10.egg-info
[1.661s] running install_scripts
[1.683s] writing list of installed files to '/home/cc/ee106a/fa25/class/ee106a-ado/ros_workspaces/106AProject_Drone/ros2_aruco_ws/build/my_aruco_detector/install.log'
[1.700s] Invoked command in '/home/cc/ee106a/fa25/class/ee106a-ado/ros_workspaces/106AProject_Drone/ros2_aruco_ws/my_aruco_detector' returned '0': PYTHONPATH=/home/cc/ee106a/fa25/class/ee106a-ado/ros_workspaces/106AProject_Drone/ros2_aruco_ws/build/my_aruco_detector/prefix_override:/usr/lib/python3/dist-packages/colcon_core/task/python/colcon_distutils_commands:/home/cc/ee106a/fa25/class/ee106a-ado/ros_workspaces/106AProject_Drone/ros2_aruco_ws/install/my_aruco_detector/lib/python3.10/site-packages:${PYTHONPATH} /usr/bin/python3 -W ignore:setup.py install is deprecated -W ignore:easy_install command is deprecated setup.py egg_info --egg-base ../build/my_aruco_detector build --build-base /home/cc/ee106a/fa25/class/ee106a-ado/ros_workspaces/106AProject_Drone/ros2_aruco_ws/build/my_aruco_detector/build install --record /home/cc/ee106a/fa25/class/ee106a-ado/ros_workspaces/106AProject_Drone/ros2_aruco_ws/build/my_aruco_detector/install.log --single-version-externally-managed install_data
