[0.106s] DEBUG:colcon:Command line arguments: ['/usr/bin/colcon', 'build']
[0.106s] DEBUG:colcon:Parsed command line arguments: Namespace(log_base=None, log_level=None, verb_name='build', build_base='build', install_base='install', merge_install=False, symlink_install=False, test_result_base=None, continue_on_error=False, executor='parallel', parallel_workers=32, event_handlers=None, ignore_user_meta=False, metas=['./colcon.meta'], base_paths=['.'], packages_ignore=None, packages_ignore_regex=None, paths=None, packages_up_to=None, packages_up_to_regex=None, packages_above=None, packages_above_and_dependencies=None, packages_above_depth=None, packages_select_by_dep=None, packages_skip_by_dep=None, packages_skip_up_to=None, packages_select_build_failed=False, packages_skip_build_finished=False, packages_select_test_failures=False, packages_skip_test_passed=False, packages_select=None, packages_skip=None, packages_select_regex=None, packages_skip_regex=None, packages_start=None, packages_end=None, cmake_args=None, cmake_target=None, cmake_target_skip_unavailable=False, cmake_clean_cache=False, cmake_clean_first=False, cmake_force_configure=False, ament_cmake_args=None, catkin_cmake_args=None, catkin_skip_building_tests=False, mixin_files=None, mixin=None, verb_parser=<colcon_mixin.mixin.mixin_argument.MixinArgumentDecorator object at 0x767b7b837ac0>, verb_extension=<colcon_core.verb.build.BuildVerb object at 0x767b7b836e60>, main=<bound method BuildVerb.main of <colcon_core.verb.build.BuildVerb object at 0x767b7b836e60>>, mixin_verb=('build',))
[0.250s] Level 1:colcon.colcon_core.package_discovery:discover_packages(colcon_meta) check parameters
[0.250s] Level 1:colcon.colcon_core.package_discovery:discover_packages(recursive) check parameters
[0.250s] Level 1:colcon.colcon_core.package_discovery:discover_packages(ignore) check parameters
[0.250s] Level 1:colcon.colcon_core.package_discovery:discover_packages(path) check parameters
[0.250s] Level 1:colcon.colcon_core.package_discovery:discover_packages(colcon_meta) discover
[0.251s] Level 1:colcon.colcon_core.package_discovery:discover_packages(recursive) discover
[0.251s] INFO:colcon.colcon_core.package_discovery:Crawling recursively for packages in '/home/cc/ee106a/fa25/class/ee106a-ado/ros_workspaces/106AProject_Drone/ros2_aruco_ws'
[0.252s] Level 1:colcon.colcon_core.package_identification:_identify(.) by extensions ['ignore', 'ignore_ament_install']
[0.252s] Level 1:colcon.colcon_core.package_identification:_identify(.) by extension 'ignore'
[0.252s] Level 1:colcon.colcon_core.package_identification:_identify(.) by extension 'ignore_ament_install'
[0.252s] Level 1:colcon.colcon_core.package_identification:_identify(.) by extensions ['colcon_pkg']
[0.253s] Level 1:colcon.colcon_core.package_identification:_identify(.) by extension 'colcon_pkg'
[0.253s] Level 1:colcon.colcon_core.package_identification:_identify(.) by extensions ['colcon_meta']
[0.253s] Level 1:colcon.colcon_core.package_identification:_identify(.) by extension 'colcon_meta'
[0.253s] Level 1:colcon.colcon_core.package_identification:_identify(.) by extensions ['ros']
[0.253s] Level 1:colcon.colcon_core.package_identification:_identify(.) by extension 'ros'
[0.262s] Level 1:colcon.colcon_core.package_identification:_identify(.) by extensions ['cmake', 'python']
[0.262s] Level 1:colcon.colcon_core.package_identification:_identify(.) by extension 'cmake'
[0.262s] Level 1:colcon.colcon_core.package_identification:_identify(.) by extension 'python'
[0.262s] Level 1:colcon.colcon_core.package_identification:_identify(.) by extensions ['python_setup_py']
[0.262s] Level 1:colcon.colcon_core.package_identification:_identify(.) by extension 'python_setup_py'
[0.263s] Level 1:colcon.colcon_core.package_identification:_identify(build) by extensions ['ignore', 'ignore_ament_install']
[0.263s] Level 1:colcon.colcon_core.package_identification:_identify(build) by extension 'ignore'
[0.264s] Level 1:colcon.colcon_core.package_identification:_identify(build) ignored
[0.265s] Level 1:colcon.colcon_core.package_identification:_identify(config) by extensions ['ignore', 'ignore_ament_install']
[0.265s] Level 1:colcon.colcon_core.package_identification:_identify(config) by extension 'ignore'
[0.265s] Level 1:colcon.colcon_core.package_identification:_identify(config) by extension 'ignore_ament_install'
[0.265s] Level 1:colcon.colcon_core.package_identification:_identify(config) by extensions ['colcon_pkg']
[0.266s] Level 1:colcon.colcon_core.package_identification:_identify(config) by extension 'colcon_pkg'
[0.266s] Level 1:colcon.colcon_core.package_identification:_identify(config) by extensions ['colcon_meta']
[0.266s] Level 1:colcon.colcon_core.package_identification:_identify(config) by extension 'colcon_meta'
[0.266s] Level 1:colcon.colcon_core.package_identification:_identify(config) by extensions ['ros']
[0.267s] Level 1:colcon.colcon_core.package_identification:_identify(config) by extension 'ros'
[0.267s] Level 1:colcon.colcon_core.package_identification:_identify(config) by extensions ['cmake', 'python']
[0.267s] Level 1:colcon.colcon_core.package_identification:_identify(config) by extension 'cmake'
[0.267s] Level 1:colcon.colcon_core.package_identification:_identify(config) by extension 'python'
[0.267s] Level 1:colcon.colcon_core.package_identification:_identify(config) by extensions ['python_setup_py']
[0.267s] Level 1:colcon.colcon_core.package_identification:_identify(config) by extension 'python_setup_py'
[0.268s] Level 1:colcon.colcon_core.package_identification:_identify(config2) by extensions ['ignore', 'ignore_ament_install']
[0.268s] Level 1:colcon.colcon_core.package_identification:_identify(config2) by extension 'ignore'
[0.268s] Level 1:colcon.colcon_core.package_identification:_identify(config2) by extension 'ignore_ament_install'
[0.268s] Level 1:colcon.colcon_core.package_identification:_identify(config2) by extensions ['colcon_pkg']
[0.269s] Level 1:colcon.colcon_core.package_identification:_identify(config2) by extension 'colcon_pkg'
[0.269s] Level 1:colcon.colcon_core.package_identification:_identify(config2) by extensions ['colcon_meta']
[0.269s] Level 1:colcon.colcon_core.package_identification:_identify(config2) by extension 'colcon_meta'
[0.269s] Level 1:colcon.colcon_core.package_identification:_identify(config2) by extensions ['ros']
[0.270s] Level 1:colcon.colcon_core.package_identification:_identify(config2) by extension 'ros'
[0.270s] Level 1:colcon.colcon_core.package_identification:_identify(config2) by extensions ['cmake', 'python']
[0.270s] Level 1:colcon.colcon_core.package_identification:_identify(config2) by extension 'cmake'
[0.270s] Level 1:colcon.colcon_core.package_identification:_identify(config2) by extension 'python'
[0.271s] Level 1:colcon.colcon_core.package_identification:_identify(config2) by extensions ['python_setup_py']
[0.271s] Level 1:colcon.colcon_core.package_identification:_identify(config2) by extension 'python_setup_py'
[0.271s] Level 1:colcon.colcon_core.package_identification:_identify(install) by extensions ['ignore', 'ignore_ament_install']
[0.272s] Level 1:colcon.colcon_core.package_identification:_identify(install) by extension 'ignore'
[0.272s] Level 1:colcon.colcon_core.package_identification:_identify(install) ignored
[0.273s] Level 1:colcon.colcon_core.package_identification:_identify(log) by extensions ['ignore', 'ignore_ament_install']
[0.273s] Level 1:colcon.colcon_core.package_identification:_identify(log) by extension 'ignore'
[0.274s] Level 1:colcon.colcon_core.package_identification:_identify(log) ignored
[0.274s] Level 1:colcon.colcon_core.package_identification:_identify(my_aruco_detector) by extensions ['ignore', 'ignore_ament_install']
[0.274s] Level 1:colcon.colcon_core.package_identification:_identify(my_aruco_detector) by extension 'ignore'
[0.275s] Level 1:colcon.colcon_core.package_identification:_identify(my_aruco_detector) by extension 'ignore_ament_install'
[0.275s] Level 1:colcon.colcon_core.package_identification:_identify(my_aruco_detector) by extensions ['colcon_pkg']
[0.275s] Level 1:colcon.colcon_core.package_identification:_identify(my_aruco_detector) by extension 'colcon_pkg'
[0.275s] Level 1:colcon.colcon_core.package_identification:_identify(my_aruco_detector) by extensions ['colcon_meta']
[0.275s] Level 1:colcon.colcon_core.package_identification:_identify(my_aruco_detector) by extension 'colcon_meta'
[0.276s] Level 1:colcon.colcon_core.package_identification:_identify(my_aruco_detector) by extensions ['ros']
[0.276s] Level 1:colcon.colcon_core.package_identification:_identify(my_aruco_detector) by extension 'ros'
[0.279s] DEBUG:colcon.colcon_core.package_identification:Package 'my_aruco_detector' with type 'ros.ament_python' and name 'my_aruco_detector'
[0.279s] Level 1:colcon.colcon_core.package_identification:_identify(src) by extensions ['ignore', 'ignore_ament_install']
[0.279s] Level 1:colcon.colcon_core.package_identification:_identify(src) by extension 'ignore'
[0.279s] Level 1:colcon.colcon_core.package_identification:_identify(src) by extension 'ignore_ament_install'
[0.280s] Level 1:colcon.colcon_core.package_identification:_identify(src) by extensions ['colcon_pkg']
[0.280s] Level 1:colcon.colcon_core.package_identification:_identify(src) by extension 'colcon_pkg'
[0.280s] Level 1:colcon.colcon_core.package_identification:_identify(src) by extensions ['colcon_meta']
[0.281s] Level 1:colcon.colcon_core.package_identification:_identify(src) by extension 'colcon_meta'
[0.281s] Level 1:colcon.colcon_core.package_identification:_identify(src) by extensions ['ros']
[0.281s] Level 1:colcon.colcon_core.package_identification:_identify(src) by extension 'ros'
[0.281s] Level 1:colcon.colcon_core.package_identification:_identify(src) by extensions ['cmake', 'python']
[0.282s] Level 1:colcon.colcon_core.package_identification:_identify(src) by extension 'cmake'
[0.282s] Level 1:colcon.colcon_core.package_identification:_identify(src) by extension 'python'
[0.282s] Level 1:colcon.colcon_core.package_identification:_identify(src) by extensions ['python_setup_py']
[0.282s] Level 1:colcon.colcon_core.package_identification:_identify(src) by extension 'python_setup_py'
[0.283s] Level 1:colcon.colcon_core.package_identification:_identify(src/ros2_aruco) by extensions ['ignore', 'ignore_ament_install']
[0.283s] Level 1:colcon.colcon_core.package_identification:_identify(src/ros2_aruco) by extension 'ignore'
[0.283s] Level 1:colcon.colcon_core.package_identification:_identify(src/ros2_aruco) by extension 'ignore_ament_install'
[0.283s] Level 1:colcon.colcon_core.package_identification:_identify(src/ros2_aruco) by extensions ['colcon_pkg']
[0.284s] Level 1:colcon.colcon_core.package_identification:_identify(src/ros2_aruco) by extension 'colcon_pkg'
[0.284s] Level 1:colcon.colcon_core.package_identification:_identify(src/ros2_aruco) by extensions ['colcon_meta']
[0.284s] Level 1:colcon.colcon_core.package_identification:_identify(src/ros2_aruco) by extension 'colcon_meta'
[0.284s] Level 1:colcon.colcon_core.package_identification:_identify(src/ros2_aruco) by extensions ['ros']
[0.285s] Level 1:colcon.colcon_core.package_identification:_identify(src/ros2_aruco) by extension 'ros'
[0.285s] Level 1:colcon.colcon_core.package_identification:_identify(src/ros2_aruco) by extensions ['cmake', 'python']
[0.286s] Level 1:colcon.colcon_core.package_identification:_identify(src/ros2_aruco) by extension 'cmake'
[0.286s] Level 1:colcon.colcon_core.package_identification:_identify(src/ros2_aruco) by extension 'python'
[0.287s] Level 1:colcon.colcon_core.package_identification:_identify(src/ros2_aruco) by extensions ['python_setup_py']
[0.287s] Level 1:colcon.colcon_core.package_identification:_identify(src/ros2_aruco) by extension 'python_setup_py'
[0.288s] Level 1:colcon.colcon_core.package_identification:_identify(src/ros2_aruco/ros2_aruco) by extensions ['ignore', 'ignore_ament_install']
[0.289s] Level 1:colcon.colcon_core.package_identification:_identify(src/ros2_aruco/ros2_aruco) by extension 'ignore'
[0.290s] Level 1:colcon.colcon_core.package_identification:_identify(src/ros2_aruco/ros2_aruco) by extension 'ignore_ament_install'
[0.291s] Level 1:colcon.colcon_core.package_identification:_identify(src/ros2_aruco/ros2_aruco) by extensions ['colcon_pkg']
[0.291s] Level 1:colcon.colcon_core.package_identification:_identify(src/ros2_aruco/ros2_aruco) by extension 'colcon_pkg'
[0.291s] Level 1:colcon.colcon_core.package_identification:_identify(src/ros2_aruco/ros2_aruco) by extensions ['colcon_meta']
[0.292s] Level 1:colcon.colcon_core.package_identification:_identify(src/ros2_aruco/ros2_aruco) by extension 'colcon_meta'
[0.292s] Level 1:colcon.colcon_core.package_identification:_identify(src/ros2_aruco/ros2_aruco) by extensions ['ros']
[0.293s] Level 1:colcon.colcon_core.package_identification:_identify(src/ros2_aruco/ros2_aruco) by extension 'ros'
[0.295s] DEBUG:colcon.colcon_core.package_identification:Package 'src/ros2_aruco/ros2_aruco' with type 'ros.ament_python' and name 'ros2_aruco'
[0.295s] Level 1:colcon.colcon_core.package_identification:_identify(src/ros2_aruco/ros2_aruco_interfaces) by extensions ['ignore', 'ignore_ament_install']
[0.295s] Level 1:colcon.colcon_core.package_identification:_identify(src/ros2_aruco/ros2_aruco_interfaces) by extension 'ignore'
[0.296s] Level 1:colcon.colcon_core.package_identification:_identify(src/ros2_aruco/ros2_aruco_interfaces) by extension 'ignore_ament_install'
[0.296s] Level 1:colcon.colcon_core.package_identification:_identify(src/ros2_aruco/ros2_aruco_interfaces) by extensions ['colcon_pkg']
[0.296s] Level 1:colcon.colcon_core.package_identification:_identify(src/ros2_aruco/ros2_aruco_interfaces) by extension 'colcon_pkg'
[0.297s] Level 1:colcon.colcon_core.package_identification:_identify(src/ros2_aruco/ros2_aruco_interfaces) by extensions ['colcon_meta']
[0.297s] Level 1:colcon.colcon_core.package_identification:_identify(src/ros2_aruco/ros2_aruco_interfaces) by extension 'colcon_meta'
[0.298s] Level 1:colcon.colcon_core.package_identification:_identify(src/ros2_aruco/ros2_aruco_interfaces) by extensions ['ros']
[0.298s] Level 1:colcon.colcon_core.package_identification:_identify(src/ros2_aruco/ros2_aruco_interfaces) by extension 'ros'
[0.301s] DEBUG:colcon.colcon_core.package_identification:Package 'src/ros2_aruco/ros2_aruco_interfaces' with type 'ros.ament_cmake' and name 'ros2_aruco_interfaces'
[0.301s] Level 1:colcon.colcon_core.package_identification:_identify(src/usb_cam) by extensions ['ignore', 'ignore_ament_install']
[0.301s] Level 1:colcon.colcon_core.package_identification:_identify(src/usb_cam) by extension 'ignore'
[0.302s] Level 1:colcon.colcon_core.package_identification:_identify(src/usb_cam) by extension 'ignore_ament_install'
[0.302s] Level 1:colcon.colcon_core.package_identification:_identify(src/usb_cam) by extensions ['colcon_pkg']
[0.303s] Level 1:colcon.colcon_core.package_identification:_identify(src/usb_cam) by extension 'colcon_pkg'
[0.303s] Level 1:colcon.colcon_core.package_identification:_identify(src/usb_cam) by extensions ['colcon_meta']
[0.303s] Level 1:colcon.colcon_core.package_identification:_identify(src/usb_cam) by extension 'colcon_meta'
[0.304s] Level 1:colcon.colcon_core.package_identification:_identify(src/usb_cam) by extensions ['ros']
[0.304s] Level 1:colcon.colcon_core.package_identification:_identify(src/usb_cam) by extension 'ros'
[0.309s] DEBUG:colcon.colcon_core.package_identification:Package 'src/usb_cam' with type 'ros.ament_cmake' and name 'usb_cam'
[0.309s] Level 1:colcon.colcon_core.package_discovery:discover_packages(recursive) using defaults
[0.310s] Level 1:colcon.colcon_core.package_discovery:discover_packages(ignore) discover
[0.310s] Level 1:colcon.colcon_core.package_discovery:discover_packages(ignore) using defaults
[0.311s] Level 1:colcon.colcon_core.package_discovery:discover_packages(path) discover
[0.311s] Level 1:colcon.colcon_core.package_discovery:discover_packages(path) using defaults
[0.343s] Level 5:colcon.colcon_core.verb:set package 'my_aruco_detector' build argument 'cmake_args' from command line to 'None'
[0.343s] Level 5:colcon.colcon_core.verb:set package 'my_aruco_detector' build argument 'cmake_target' from command line to 'None'
[0.343s] Level 5:colcon.colcon_core.verb:set package 'my_aruco_detector' build argument 'cmake_target_skip_unavailable' from command line to 'False'
[0.343s] Level 5:colcon.colcon_core.verb:set package 'my_aruco_detector' build argument 'cmake_clean_cache' from command line to 'False'
[0.343s] Level 5:colcon.colcon_core.verb:set package 'my_aruco_detector' build argument 'cmake_clean_first' from command line to 'False'
[0.343s] Level 5:colcon.colcon_core.verb:set package 'my_aruco_detector' build argument 'cmake_force_configure' from command line to 'False'
[0.344s] Level 5:colcon.colcon_core.verb:set package 'my_aruco_detector' build argument 'ament_cmake_args' from command line to 'None'
[0.344s] Level 5:colcon.colcon_core.verb:set package 'my_aruco_detector' build argument 'catkin_cmake_args' from command line to 'None'
[0.344s] Level 5:colcon.colcon_core.verb:set package 'my_aruco_detector' build argument 'catkin_skip_building_tests' from command line to 'False'
[0.344s] DEBUG:colcon.colcon_core.verb:Building package 'my_aruco_detector' with the following arguments: {'ament_cmake_args': None, 'build_base': '/home/cc/ee106a/fa25/class/ee106a-ado/ros_workspaces/106AProject_Drone/ros2_aruco_ws/build/my_aruco_detector', 'catkin_cmake_args': None, 'catkin_skip_building_tests': False, 'cmake_args': None, 'cmake_clean_cache': False, 'cmake_clean_first': False, 'cmake_force_configure': False, 'cmake_target': None, 'cmake_target_skip_unavailable': False, 'install_base': '/home/cc/ee106a/fa25/class/ee106a-ado/ros_workspaces/106AProject_Drone/ros2_aruco_ws/install/my_aruco_detector', 'merge_install': False, 'path': '/home/cc/ee106a/fa25/class/ee106a-ado/ros_workspaces/106AProject_Drone/ros2_aruco_ws/my_aruco_detector', 'symlink_install': False, 'test_result_base': None}
[0.345s] Level 5:colcon.colcon_core.verb:set package 'ros2_aruco' build argument 'cmake_args' from command line to 'None'
[0.345s] Level 5:colcon.colcon_core.verb:set package 'ros2_aruco' build argument 'cmake_target' from command line to 'None'
[0.345s] Level 5:colcon.colcon_core.verb:set package 'ros2_aruco' build argument 'cmake_target_skip_unavailable' from command line to 'False'
[0.345s] Level 5:colcon.colcon_core.verb:set package 'ros2_aruco' build argument 'cmake_clean_cache' from command line to 'False'
[0.345s] Level 5:colcon.colcon_core.verb:set package 'ros2_aruco' build argument 'cmake_clean_first' from command line to 'False'
[0.345s] Level 5:colcon.colcon_core.verb:set package 'ros2_aruco' build argument 'cmake_force_configure' from command line to 'False'
[0.346s] Level 5:colcon.colcon_core.verb:set package 'ros2_aruco' build argument 'ament_cmake_args' from command line to 'None'
[0.346s] Level 5:colcon.colcon_core.verb:set package 'ros2_aruco' build argument 'catkin_cmake_args' from command line to 'None'
[0.346s] Level 5:colcon.colcon_core.verb:set package 'ros2_aruco' build argument 'catkin_skip_building_tests' from command line to 'False'
[0.346s] DEBUG:colcon.colcon_core.verb:Building package 'ros2_aruco' with the following arguments: {'ament_cmake_args': None, 'build_base': '/home/cc/ee106a/fa25/class/ee106a-ado/ros_workspaces/106AProject_Drone/ros2_aruco_ws/build/ros2_aruco', 'catkin_cmake_args': None, 'catkin_skip_building_tests': False, 'cmake_args': None, 'cmake_clean_cache': False, 'cmake_clean_first': False, 'cmake_force_configure': False, 'cmake_target': None, 'cmake_target_skip_unavailable': False, 'install_base': '/home/cc/ee106a/fa25/class/ee106a-ado/ros_workspaces/106AProject_Drone/ros2_aruco_ws/install/ros2_aruco', 'merge_install': False, 'path': '/home/cc/ee106a/fa25/class/ee106a-ado/ros_workspaces/106AProject_Drone/ros2_aruco_ws/src/ros2_aruco/ros2_aruco', 'symlink_install': False, 'test_result_base': None}
[0.346s] Level 5:colcon.colcon_core.verb:set package 'ros2_aruco_interfaces' build argument 'cmake_args' from command line to 'None'
[0.347s] Level 5:colcon.colcon_core.verb:set package 'ros2_aruco_interfaces' build argument 'cmake_target' from command line to 'None'
[0.347s] Level 5:colcon.colcon_core.verb:set package 'ros2_aruco_interfaces' build argument 'cmake_target_skip_unavailable' from command line to 'False'
[0.347s] Level 5:colcon.colcon_core.verb:set package 'ros2_aruco_interfaces' build argument 'cmake_clean_cache' from command line to 'False'
[0.347s] Level 5:colcon.colcon_core.verb:set package 'ros2_aruco_interfaces' build argument 'cmake_clean_first' from command line to 'False'
[0.347s] Level 5:colcon.colcon_core.verb:set package 'ros2_aruco_interfaces' build argument 'cmake_force_configure' from command line to 'False'
[0.348s] Level 5:colcon.colcon_core.verb:set package 'ros2_aruco_interfaces' build argument 'ament_cmake_args' from command line to 'None'
[0.348s] Level 5:colcon.colcon_core.verb:set package 'ros2_aruco_interfaces' build argument 'catkin_cmake_args' from command line to 'None'
[0.348s] Level 5:colcon.colcon_core.verb:set package 'ros2_aruco_interfaces' build argument 'catkin_skip_building_tests' from command line to 'False'
[0.348s] DEBUG:colcon.colcon_core.verb:Building package 'ros2_aruco_interfaces' with the following arguments: {'ament_cmake_args': None, 'build_base': '/home/cc/ee106a/fa25/class/ee106a-ado/ros_workspaces/106AProject_Drone/ros2_aruco_ws/build/ros2_aruco_interfaces', 'catkin_cmake_args': None, 'catkin_skip_building_tests': False, 'cmake_args': None, 'cmake_clean_cache': False, 'cmake_clean_first': False, 'cmake_force_configure': False, 'cmake_target': None, 'cmake_target_skip_unavailable': False, 'install_base': '/home/cc/ee106a/fa25/class/ee106a-ado/ros_workspaces/106AProject_Drone/ros2_aruco_ws/install/ros2_aruco_interfaces', 'merge_install': False, 'path': '/home/cc/ee106a/fa25/class/ee106a-ado/ros_workspaces/106AProject_Drone/ros2_aruco_ws/src/ros2_aruco/ros2_aruco_interfaces', 'symlink_install': False, 'test_result_base': None}
[0.348s] Level 5:colcon.colcon_core.verb:set package 'usb_cam' build argument 'cmake_args' from command line to 'None'
[0.348s] Level 5:colcon.colcon_core.verb:set package 'usb_cam' build argument 'cmake_target' from command line to 'None'
[0.348s] Level 5:colcon.colcon_core.verb:set package 'usb_cam' build argument 'cmake_target_skip_unavailable' from command line to 'False'
[0.349s] Level 5:colcon.colcon_core.verb:set package 'usb_cam' build argument 'cmake_clean_cache' from command line to 'False'
[0.349s] Level 5:colcon.colcon_core.verb:set package 'usb_cam' build argument 'cmake_clean_first' from command line to 'False'
[0.349s] Level 5:colcon.colcon_core.verb:set package 'usb_cam' build argument 'cmake_force_configure' from command line to 'False'
[0.349s] Level 5:colcon.colcon_core.verb:set package 'usb_cam' build argument 'ament_cmake_args' from command line to 'None'
[0.349s] Level 5:colcon.colcon_core.verb:set package 'usb_cam' build argument 'catkin_cmake_args' from command line to 'None'
[0.349s] Level 5:colcon.colcon_core.verb:set package 'usb_cam' build argument 'catkin_skip_building_tests' from command line to 'False'
[0.350s] DEBUG:colcon.colcon_core.verb:Building package 'usb_cam' with the following arguments: {'ament_cmake_args': None, 'build_base': '/home/cc/ee106a/fa25/class/ee106a-ado/ros_workspaces/106AProject_Drone/ros2_aruco_ws/build/usb_cam', 'catkin_cmake_args': None, 'catkin_skip_building_tests': False, 'cmake_args': None, 'cmake_clean_cache': False, 'cmake_clean_first': False, 'cmake_force_configure': False, 'cmake_target': None, 'cmake_target_skip_unavailable': False, 'install_base': '/home/cc/ee106a/fa25/class/ee106a-ado/ros_workspaces/106AProject_Drone/ros2_aruco_ws/install/usb_cam', 'merge_install': False, 'path': '/home/cc/ee106a/fa25/class/ee106a-ado/ros_workspaces/106AProject_Drone/ros2_aruco_ws/src/usb_cam', 'symlink_install': False, 'test_result_base': None}
[0.350s] INFO:colcon.colcon_core.executor:Executing jobs using 'parallel' executor
[0.359s] DEBUG:colcon.colcon_parallel_executor.executor.parallel:run_until_complete
[0.359s] INFO:colcon.colcon_ros.task.ament_python.build:Building ROS package in '/home/cc/ee106a/fa25/class/ee106a-ado/ros_workspaces/106AProject_Drone/ros2_aruco_ws/my_aruco_detector' with build type 'ament_python'
[0.359s] Level 1:colcon.colcon_core.shell:create_environment_hook('my_aruco_detector', 'ament_prefix_path')
[0.361s] INFO:colcon.colcon_core.plugin_system:Skipping extension 'colcon_core.shell.bat': Not used on non-Windows systems
[0.361s] INFO:colcon.colcon_core.shell:Creating environment hook '/home/cc/ee106a/fa25/class/ee106a-ado/ros_workspaces/106AProject_Drone/ros2_aruco_ws/install/my_aruco_detector/share/my_aruco_detector/hook/ament_prefix_path.ps1'
[0.364s] INFO:colcon.colcon_core.shell:Creating environment descriptor '/home/cc/ee106a/fa25/class/ee106a-ado/ros_workspaces/106AProject_Drone/ros2_aruco_ws/install/my_aruco_detector/share/my_aruco_detector/hook/ament_prefix_path.dsv'
[0.366s] INFO:colcon.colcon_core.shell:Creating environment hook '/home/cc/ee106a/fa25/class/ee106a-ado/ros_workspaces/106AProject_Drone/ros2_aruco_ws/install/my_aruco_detector/share/my_aruco_detector/hook/ament_prefix_path.sh'
[0.369s] INFO:colcon.colcon_core.shell:Skip shell extension 'powershell' for command environment: Not usable outside of PowerShell
[0.369s] DEBUG:colcon.colcon_core.shell:Skip shell extension 'dsv' for command environment
[0.401s] INFO:colcon.colcon_ros.task.ament_python.build:Building ROS package in '/home/cc/ee106a/fa25/class/ee106a-ado/ros_workspaces/106AProject_Drone/ros2_aruco_ws/src/ros2_aruco/ros2_aruco' with build type 'ament_python'
[0.401s] Level 1:colcon.colcon_core.shell:create_environment_hook('ros2_aruco', 'ament_prefix_path')
[0.402s] INFO:colcon.colcon_core.shell:Creating environment hook '/home/cc/ee106a/fa25/class/ee106a-ado/ros_workspaces/106AProject_Drone/ros2_aruco_ws/install/ros2_aruco/share/ros2_aruco/hook/ament_prefix_path.ps1'
[0.404s] INFO:colcon.colcon_core.shell:Creating environment descriptor '/home/cc/ee106a/fa25/class/ee106a-ado/ros_workspaces/106AProject_Drone/ros2_aruco_ws/install/ros2_aruco/share/ros2_aruco/hook/ament_prefix_path.dsv'
[0.407s] INFO:colcon.colcon_core.shell:Creating environment hook '/home/cc/ee106a/fa25/class/ee106a-ado/ros_workspaces/106AProject_Drone/ros2_aruco_ws/install/ros2_aruco/share/ros2_aruco/hook/ament_prefix_path.sh'
[0.410s] INFO:colcon.colcon_core.shell:Skip shell extension 'powershell' for command environment: Not usable outside of PowerShell
[0.410s] DEBUG:colcon.colcon_core.shell:Skip shell extension 'dsv' for command environment
[0.432s] INFO:colcon.colcon_ros.task.ament_cmake.build:Building ROS package in '/home/cc/ee106a/fa25/class/ee106a-ado/ros_workspaces/106AProject_Drone/ros2_aruco_ws/src/ros2_aruco/ros2_aruco_interfaces' with build type 'ament_cmake'
[0.432s] INFO:colcon.colcon_cmake.task.cmake.build:Building CMake package in '/home/cc/ee106a/fa25/class/ee106a-ado/ros_workspaces/106AProject_Drone/ros2_aruco_ws/src/ros2_aruco/ros2_aruco_interfaces'
[0.433s] INFO:colcon.colcon_core.shell:Skip shell extension 'powershell' for command environment: Not usable outside of PowerShell
[0.433s] DEBUG:colcon.colcon_core.shell:Skip shell extension 'dsv' for command environment
[0.453s] INFO:colcon.colcon_ros.task.ament_cmake.build:Building ROS package in '/home/cc/ee106a/fa25/class/ee106a-ado/ros_workspaces/106AProject_Drone/ros2_aruco_ws/src/usb_cam' with build type 'ament_cmake'
[0.454s] INFO:colcon.colcon_cmake.task.cmake.build:Building CMake package in '/home/cc/ee106a/fa25/class/ee106a-ado/ros_workspaces/106AProject_Drone/ros2_aruco_ws/src/usb_cam'
[0.455s] INFO:colcon.colcon_core.shell:Skip shell extension 'powershell' for command environment: Not usable outside of PowerShell
[0.455s] DEBUG:colcon.colcon_core.shell:Skip shell extension 'dsv' for command environment
[0.730s] INFO:colcon.colcon_core.task.python.build:Building Python package in '/home/cc/ee106a/fa25/class/ee106a-ado/ros_workspaces/106AProject_Drone/ros2_aruco_ws/my_aruco_detector'
[0.730s] INFO:colcon.colcon_core.shell:Skip shell extension 'powershell' for command environment: Not usable outside of PowerShell
[0.731s] DEBUG:colcon.colcon_core.shell:Skip shell extension 'dsv' for command environment
[0.997s] INFO:colcon.colcon_core.task.python.build:Building Python package in '/home/cc/ee106a/fa25/class/ee106a-ado/ros_workspaces/106AProject_Drone/ros2_aruco_ws/src/ros2_aruco/ros2_aruco'
[0.997s] INFO:colcon.colcon_core.shell:Skip shell extension 'powershell' for command environment: Not usable outside of PowerShell
[0.998s] DEBUG:colcon.colcon_core.shell:Skip shell extension 'dsv' for command environment
[1.033s] DEBUG:colcon.colcon_core.event_handler.log_command:Invoking command in '/home/cc/ee106a/fa25/class/ee106a-ado/ros_workspaces/106AProject_Drone/ros2_aruco_ws/build/ros2_aruco_interfaces': CMAKE_PREFIX_PATH=${CMAKE_PREFIX_PATH}:/home/cc/ee106a/fa25/class/ee106a-ado/ros_workspaces/106AProject_Drone/ros2_aruco_ws/install/ros2_aruco:/home/cc/ee106a/fa25/class/ee106a-ado/ros_workspaces/106AProject_Drone/ros2_aruco_ws/install/my_aruco_detector:/home/cc/ee106a/fa25/class/ee106a-ado/ros_workspaces/106AProject_Drone/install/ros2_aruco:/home/cc/ee106a/fa25/class/ee106a-ado/ros_workspaces/106AProject_Drone/install/my_aruco_detector:/opt/ros/turtlebot3_ws/install/turtlebot3_teleop:/opt/ros/turtlebot3_ws/install/turtlebot3_example:/opt/ros/humble /usr/bin/cmake --build /home/cc/ee106a/fa25/class/ee106a-ado/ros_workspaces/106AProject_Drone/ros2_aruco_ws/build/ros2_aruco_interfaces -- -j32 -l32
[1.047s] DEBUG:colcon.colcon_core.event_handler.log_command:Invoking command in '/home/cc/ee106a/fa25/class/ee106a-ado/ros_workspaces/106AProject_Drone/ros2_aruco_ws/build/usb_cam': CMAKE_PREFIX_PATH=${CMAKE_PREFIX_PATH}:/home/cc/ee106a/fa25/class/ee106a-ado/ros_workspaces/106AProject_Drone/ros2_aruco_ws/install/ros2_aruco:/home/cc/ee106a/fa25/class/ee106a-ado/ros_workspaces/106AProject_Drone/ros2_aruco_ws/install/my_aruco_detector:/home/cc/ee106a/fa25/class/ee106a-ado/ros_workspaces/106AProject_Drone/install/ros2_aruco:/home/cc/ee106a/fa25/class/ee106a-ado/ros_workspaces/106AProject_Drone/install/my_aruco_detector:/opt/ros/turtlebot3_ws/install/turtlebot3_teleop:/opt/ros/turtlebot3_ws/install/turtlebot3_example:/opt/ros/humble /usr/bin/cmake --build /home/cc/ee106a/fa25/class/ee106a-ado/ros_workspaces/106AProject_Drone/ros2_aruco_ws/build/usb_cam -- -j32 -l32
[1.397s] DEBUG:colcon.colcon_core.event_handler.log_command:Invoked command in '/home/cc/ee106a/fa25/class/ee106a-ado/ros_workspaces/106AProject_Drone/ros2_aruco_ws/build/usb_cam' returned '0': CMAKE_PREFIX_PATH=${CMAKE_PREFIX_PATH}:/home/cc/ee106a/fa25/class/ee106a-ado/ros_workspaces/106AProject_Drone/ros2_aruco_ws/install/ros2_aruco:/home/cc/ee106a/fa25/class/ee106a-ado/ros_workspaces/106AProject_Drone/ros2_aruco_ws/install/my_aruco_detector:/home/cc/ee106a/fa25/class/ee106a-ado/ros_workspaces/106AProject_Drone/install/ros2_aruco:/home/cc/ee106a/fa25/class/ee106a-ado/ros_workspaces/106AProject_Drone/install/my_aruco_detector:/opt/ros/turtlebot3_ws/install/turtlebot3_teleop:/opt/ros/turtlebot3_ws/install/turtlebot3_example:/opt/ros/humble /usr/bin/cmake --build /home/cc/ee106a/fa25/class/ee106a-ado/ros_workspaces/106AProject_Drone/ros2_aruco_ws/build/usb_cam -- -j32 -l32
[1.417s] DEBUG:colcon.colcon_core.event_handler.log_command:Invoking command in '/home/cc/ee106a/fa25/class/ee106a-ado/ros_workspaces/106AProject_Drone/ros2_aruco_ws/build/usb_cam': CMAKE_PREFIX_PATH=${CMAKE_PREFIX_PATH}:/home/cc/ee106a/fa25/class/ee106a-ado/ros_workspaces/106AProject_Drone/ros2_aruco_ws/install/ros2_aruco:/home/cc/ee106a/fa25/class/ee106a-ado/ros_workspaces/106AProject_Drone/ros2_aruco_ws/install/my_aruco_detector:/home/cc/ee106a/fa25/class/ee106a-ado/ros_workspaces/106AProject_Drone/install/ros2_aruco:/home/cc/ee106a/fa25/class/ee106a-ado/ros_workspaces/106AProject_Drone/install/my_aruco_detector:/opt/ros/turtlebot3_ws/install/turtlebot3_teleop:/opt/ros/turtlebot3_ws/install/turtlebot3_example:/opt/ros/humble /usr/bin/cmake --install /home/cc/ee106a/fa25/class/ee106a-ado/ros_workspaces/106AProject_Drone/ros2_aruco_ws/build/usb_cam
[1.516s] Level 1:colcon.colcon_core.environment:create_environment_scripts_only(usb_cam)
[1.516s] DEBUG:colcon.colcon_core.event_handler.log_command:Invoked command in '/home/cc/ee106a/fa25/class/ee106a-ado/ros_workspaces/106AProject_Drone/ros2_aruco_ws/build/usb_cam' returned '0': CMAKE_PREFIX_PATH=${CMAKE_PREFIX_PATH}:/home/cc/ee106a/fa25/class/ee106a-ado/ros_workspaces/106AProject_Drone/ros2_aruco_ws/install/ros2_aruco:/home/cc/ee106a/fa25/class/ee106a-ado/ros_workspaces/106AProject_Drone/ros2_aruco_ws/install/my_aruco_detector:/home/cc/ee106a/fa25/class/ee106a-ado/ros_workspaces/106AProject_Drone/install/ros2_aruco:/home/cc/ee106a/fa25/class/ee106a-ado/ros_workspaces/106AProject_Drone/install/my_aruco_detector:/opt/ros/turtlebot3_ws/install/turtlebot3_teleop:/opt/ros/turtlebot3_ws/install/turtlebot3_example:/opt/ros/humble /usr/bin/cmake --install /home/cc/ee106a/fa25/class/ee106a-ado/ros_workspaces/106AProject_Drone/ros2_aruco_ws/build/usb_cam
[1.519s] Level 1:colcon.colcon_core.environment:checking '/home/cc/ee106a/fa25/class/ee106a-ado/ros_workspaces/106AProject_Drone/ros2_aruco_ws/install/usb_cam' for CMake module files
[1.521s] Level 1:colcon.colcon_core.environment:checking '/home/cc/ee106a/fa25/class/ee106a-ado/ros_workspaces/106AProject_Drone/ros2_aruco_ws/install/usb_cam' for CMake config files
[1.524s] Level 1:colcon.colcon_core.shell:create_environment_hook('usb_cam', 'cmake_prefix_path')
[1.525s] INFO:colcon.colcon_core.shell:Creating environment hook '/home/cc/ee106a/fa25/class/ee106a-ado/ros_workspaces/106AProject_Drone/ros2_aruco_ws/install/usb_cam/share/usb_cam/hook/cmake_prefix_path.ps1'
[1.527s] INFO:colcon.colcon_core.shell:Creating environment descriptor '/home/cc/ee106a/fa25/class/ee106a-ado/ros_workspaces/106AProject_Drone/ros2_aruco_ws/install/usb_cam/share/usb_cam/hook/cmake_prefix_path.dsv'
[1.530s] INFO:colcon.colcon_core.shell:Creating environment hook '/home/cc/ee106a/fa25/class/ee106a-ado/ros_workspaces/106AProject_Drone/ros2_aruco_ws/install/usb_cam/share/usb_cam/hook/cmake_prefix_path.sh'
[1.533s] Level 1:colcon.colcon_core.environment:checking '/home/cc/ee106a/fa25/class/ee106a-ado/ros_workspaces/106AProject_Drone/ros2_aruco_ws/install/usb_cam/lib'
[1.533s] Level 1:colcon.colcon_core.shell:create_environment_hook('usb_cam', 'ld_library_path_lib')
[1.533s] INFO:colcon.colcon_core.shell:Creating environment hook '/home/cc/ee106a/fa25/class/ee106a-ado/ros_workspaces/106AProject_Drone/ros2_aruco_ws/install/usb_cam/share/usb_cam/hook/ld_library_path_lib.ps1'
[1.538s] INFO:colcon.colcon_core.shell:Creating environment descriptor '/home/cc/ee106a/fa25/class/ee106a-ado/ros_workspaces/106AProject_Drone/ros2_aruco_ws/install/usb_cam/share/usb_cam/hook/ld_library_path_lib.dsv'
[1.541s] INFO:colcon.colcon_core.shell:Creating environment hook '/home/cc/ee106a/fa25/class/ee106a-ado/ros_workspaces/106AProject_Drone/ros2_aruco_ws/install/usb_cam/share/usb_cam/hook/ld_library_path_lib.sh'
[1.543s] Level 1:colcon.colcon_core.environment:checking '/home/cc/ee106a/fa25/class/ee106a-ado/ros_workspaces/106AProject_Drone/ros2_aruco_ws/install/usb_cam/bin'
[1.543s] Level 1:colcon.colcon_core.environment:checking '/home/cc/ee106a/fa25/class/ee106a-ado/ros_workspaces/106AProject_Drone/ros2_aruco_ws/install/usb_cam/lib/pkgconfig/usb_cam.pc'
[1.544s] Level 1:colcon.colcon_core.environment:checking '/home/cc/ee106a/fa25/class/ee106a-ado/ros_workspaces/106AProject_Drone/ros2_aruco_ws/install/usb_cam/lib/python3.10/site-packages'
[1.544s] Level 1:colcon.colcon_core.environment:checking '/home/cc/ee106a/fa25/class/ee106a-ado/ros_workspaces/106AProject_Drone/ros2_aruco_ws/install/usb_cam/bin'
[1.545s] INFO:colcon.colcon_core.shell:Creating package script '/home/cc/ee106a/fa25/class/ee106a-ado/ros_workspaces/106AProject_Drone/ros2_aruco_ws/install/usb_cam/share/usb_cam/package.ps1'
[1.549s] INFO:colcon.colcon_core.shell:Creating package descriptor '/home/cc/ee106a/fa25/class/ee106a-ado/ros_workspaces/106AProject_Drone/ros2_aruco_ws/install/usb_cam/share/usb_cam/package.dsv'
[1.553s] INFO:colcon.colcon_core.shell:Creating package script '/home/cc/ee106a/fa25/class/ee106a-ado/ros_workspaces/106AProject_Drone/ros2_aruco_ws/install/usb_cam/share/usb_cam/package.sh'
[1.557s] INFO:colcon.colcon_core.shell:Creating package script '/home/cc/ee106a/fa25/class/ee106a-ado/ros_workspaces/106AProject_Drone/ros2_aruco_ws/install/usb_cam/share/usb_cam/package.bash'
[1.560s] INFO:colcon.colcon_core.shell:Creating package script '/home/cc/ee106a/fa25/class/ee106a-ado/ros_workspaces/106AProject_Drone/ros2_aruco_ws/install/usb_cam/share/usb_cam/package.zsh'
[1.563s] Level 1:colcon.colcon_core.environment:create_file_with_runtime_dependencies(/home/cc/ee106a/fa25/class/ee106a-ado/ros_workspaces/106AProject_Drone/ros2_aruco_ws/install/usb_cam/share/colcon-core/packages/usb_cam)
[1.567s] Level 1:colcon.colcon_core.environment:create_environment_scripts_only(usb_cam)
[1.567s] Level 1:colcon.colcon_core.environment:checking '/home/cc/ee106a/fa25/class/ee106a-ado/ros_workspaces/106AProject_Drone/ros2_aruco_ws/install/usb_cam' for CMake module files
[1.570s] Level 1:colcon.colcon_core.environment:checking '/home/cc/ee106a/fa25/class/ee106a-ado/ros_workspaces/106AProject_Drone/ros2_aruco_ws/install/usb_cam' for CMake config files
[1.572s] Level 1:colcon.colcon_core.shell:create_environment_hook('usb_cam', 'cmake_prefix_path')
[1.573s] INFO:colcon.colcon_core.shell:Creating environment hook '/home/cc/ee106a/fa25/class/ee106a-ado/ros_workspaces/106AProject_Drone/ros2_aruco_ws/install/usb_cam/share/usb_cam/hook/cmake_prefix_path.ps1'
[1.576s] INFO:colcon.colcon_core.shell:Creating environment descriptor '/home/cc/ee106a/fa25/class/ee106a-ado/ros_workspaces/106AProject_Drone/ros2_aruco_ws/install/usb_cam/share/usb_cam/hook/cmake_prefix_path.dsv'
[1.578s] INFO:colcon.colcon_core.shell:Creating environment hook '/home/cc/ee106a/fa25/class/ee106a-ado/ros_workspaces/106AProject_Drone/ros2_aruco_ws/install/usb_cam/share/usb_cam/hook/cmake_prefix_path.sh'
[1.581s] Level 1:colcon.colcon_core.environment:checking '/home/cc/ee106a/fa25/class/ee106a-ado/ros_workspaces/106AProject_Drone/ros2_aruco_ws/install/usb_cam/lib'
[1.581s] Level 1:colcon.colcon_core.shell:create_environment_hook('usb_cam', 'ld_library_path_lib')
[1.582s] INFO:colcon.colcon_core.shell:Creating environment hook '/home/cc/ee106a/fa25/class/ee106a-ado/ros_workspaces/106AProject_Drone/ros2_aruco_ws/install/usb_cam/share/usb_cam/hook/ld_library_path_lib.ps1'
[1.584s] INFO:colcon.colcon_core.shell:Creating environment descriptor '/home/cc/ee106a/fa25/class/ee106a-ado/ros_workspaces/106AProject_Drone/ros2_aruco_ws/install/usb_cam/share/usb_cam/hook/ld_library_path_lib.dsv'
[1.586s] INFO:colcon.colcon_core.shell:Creating environment hook '/home/cc/ee106a/fa25/class/ee106a-ado/ros_workspaces/106AProject_Drone/ros2_aruco_ws/install/usb_cam/share/usb_cam/hook/ld_library_path_lib.sh'
[1.588s] Level 1:colcon.colcon_core.environment:checking '/home/cc/ee106a/fa25/class/ee106a-ado/ros_workspaces/106AProject_Drone/ros2_aruco_ws/install/usb_cam/bin'
[1.588s] Level 1:colcon.colcon_core.environment:checking '/home/cc/ee106a/fa25/class/ee106a-ado/ros_workspaces/106AProject_Drone/ros2_aruco_ws/install/usb_cam/lib/pkgconfig/usb_cam.pc'
[1.589s] Level 1:colcon.colcon_core.environment:checking '/home/cc/ee106a/fa25/class/ee106a-ado/ros_workspaces/106AProject_Drone/ros2_aruco_ws/install/usb_cam/lib/python3.10/site-packages'
[1.589s] Level 1:colcon.colcon_core.environment:checking '/home/cc/ee106a/fa25/class/ee106a-ado/ros_workspaces/106AProject_Drone/ros2_aruco_ws/install/usb_cam/bin'
[1.590s] INFO:colcon.colcon_core.shell:Creating package script '/home/cc/ee106a/fa25/class/ee106a-ado/ros_workspaces/106AProject_Drone/ros2_aruco_ws/install/usb_cam/share/usb_cam/package.ps1'
[1.592s] INFO:colcon.colcon_core.shell:Creating package descriptor '/home/cc/ee106a/fa25/class/ee106a-ado/ros_workspaces/106AProject_Drone/ros2_aruco_ws/install/usb_cam/share/usb_cam/package.dsv'
[1.594s] INFO:colcon.colcon_core.shell:Creating package script '/home/cc/ee106a/fa25/class/ee106a-ado/ros_workspaces/106AProject_Drone/ros2_aruco_ws/install/usb_cam/share/usb_cam/package.sh'
[1.597s] INFO:colcon.colcon_core.shell:Creating package script '/home/cc/ee106a/fa25/class/ee106a-ado/ros_workspaces/106AProject_Drone/ros2_aruco_ws/install/usb_cam/share/usb_cam/package.bash'
[1.599s] INFO:colcon.colcon_core.shell:Creating package script '/home/cc/ee106a/fa25/class/ee106a-ado/ros_workspaces/106AProject_Drone/ros2_aruco_ws/install/usb_cam/share/usb_cam/package.zsh'
[1.601s] Level 1:colcon.colcon_core.environment:create_file_with_runtime_dependencies(/home/cc/ee106a/fa25/class/ee106a-ado/ros_workspaces/106AProject_Drone/ros2_aruco_ws/install/usb_cam/share/colcon-core/packages/usb_cam)
[1.613s] DEBUG:colcon.colcon_core.event_handler.log_command:Invoking command in '/home/cc/ee106a/fa25/class/ee106a-ado/ros_workspaces/106AProject_Drone/ros2_aruco_ws/my_aruco_detector': PYTHONPATH=/home/cc/ee106a/fa25/class/ee106a-ado/ros_workspaces/106AProject_Drone/ros2_aruco_ws/build/my_aruco_detector/prefix_override:/usr/lib/python3/dist-packages/colcon_core/task/python/colcon_distutils_commands:/home/cc/ee106a/fa25/class/ee106a-ado/ros_workspaces/106AProject_Drone/ros2_aruco_ws/install/my_aruco_detector/lib/python3.10/site-packages:${PYTHONPATH} /usr/bin/python3 -W ignore:setup.py install is deprecated -W ignore:easy_install command is deprecated setup.py egg_info --egg-base ../build/my_aruco_detector build --build-base /home/cc/ee106a/fa25/class/ee106a-ado/ros_workspaces/106AProject_Drone/ros2_aruco_ws/build/my_aruco_detector/build install --record /home/cc/ee106a/fa25/class/ee106a-ado/ros_workspaces/106AProject_Drone/ros2_aruco_ws/build/my_aruco_detector/install.log --single-version-externally-managed install_data
[1.617s] DEBUG:colcon.colcon_core.event_handler.log_command:Invoking command in '/home/cc/ee106a/fa25/class/ee106a-ado/ros_workspaces/106AProject_Drone/ros2_aruco_ws/src/ros2_aruco/ros2_aruco': PYTHONPATH=/home/cc/ee106a/fa25/class/ee106a-ado/ros_workspaces/106AProject_Drone/ros2_aruco_ws/build/ros2_aruco/prefix_override:/usr/lib/python3/dist-packages/colcon_core/task/python/colcon_distutils_commands:/home/cc/ee106a/fa25/class/ee106a-ado/ros_workspaces/106AProject_Drone/ros2_aruco_ws/install/ros2_aruco/lib/python3.10/site-packages:${PYTHONPATH} /usr/bin/python3 -W ignore:setup.py install is deprecated -W ignore:easy_install command is deprecated setup.py egg_info --egg-base ../../../build/ros2_aruco build --build-base /home/cc/ee106a/fa25/class/ee106a-ado/ros_workspaces/106AProject_Drone/ros2_aruco_ws/build/ros2_aruco/build install --record /home/cc/ee106a/fa25/class/ee106a-ado/ros_workspaces/106AProject_Drone/ros2_aruco_ws/build/ros2_aruco/install.log --single-version-externally-managed install_data
[1.722s] DEBUG:colcon.colcon_core.event_handler.log_command:Invoked command in '/home/cc/ee106a/fa25/class/ee106a-ado/ros_workspaces/106AProject_Drone/ros2_aruco_ws/build/ros2_aruco_interfaces' returned '0': CMAKE_PREFIX_PATH=${CMAKE_PREFIX_PATH}:/home/cc/ee106a/fa25/class/ee106a-ado/ros_workspaces/106AProject_Drone/ros2_aruco_ws/install/ros2_aruco:/home/cc/ee106a/fa25/class/ee106a-ado/ros_workspaces/106AProject_Drone/ros2_aruco_ws/install/my_aruco_detector:/home/cc/ee106a/fa25/class/ee106a-ado/ros_workspaces/106AProject_Drone/install/ros2_aruco:/home/cc/ee106a/fa25/class/ee106a-ado/ros_workspaces/106AProject_Drone/install/my_aruco_detector:/opt/ros/turtlebot3_ws/install/turtlebot3_teleop:/opt/ros/turtlebot3_ws/install/turtlebot3_example:/opt/ros/humble /usr/bin/cmake --build /home/cc/ee106a/fa25/class/ee106a-ado/ros_workspaces/106AProject_Drone/ros2_aruco_ws/build/ros2_aruco_interfaces -- -j32 -l32
[1.727s] DEBUG:colcon.colcon_core.event_handler.log_command:Invoking command in '/home/cc/ee106a/fa25/class/ee106a-ado/ros_workspaces/106AProject_Drone/ros2_aruco_ws/build/ros2_aruco_interfaces': CMAKE_PREFIX_PATH=${CMAKE_PREFIX_PATH}:/home/cc/ee106a/fa25/class/ee106a-ado/ros_workspaces/106AProject_Drone/ros2_aruco_ws/install/ros2_aruco:/home/cc/ee106a/fa25/class/ee106a-ado/ros_workspaces/106AProject_Drone/ros2_aruco_ws/install/my_aruco_detector:/home/cc/ee106a/fa25/class/ee106a-ado/ros_workspaces/106AProject_Drone/install/ros2_aruco:/home/cc/ee106a/fa25/class/ee106a-ado/ros_workspaces/106AProject_Drone/install/my_aruco_detector:/opt/ros/turtlebot3_ws/install/turtlebot3_teleop:/opt/ros/turtlebot3_ws/install/turtlebot3_example:/opt/ros/humble /usr/bin/cmake --install /home/cc/ee106a/fa25/class/ee106a-ado/ros_workspaces/106AProject_Drone/ros2_aruco_ws/build/ros2_aruco_interfaces
[1.961s] Level 1:colcon.colcon_core.environment:checking '/home/cc/ee106a/fa25/class/ee106a-ado/ros_workspaces/106AProject_Drone/ros2_aruco_ws/install/my_aruco_detector' for CMake module files
[1.962s] DEBUG:colcon.colcon_core.event_handler.log_command:Invoked command in '/home/cc/ee106a/fa25/class/ee106a-ado/ros_workspaces/106AProject_Drone/ros2_aruco_ws/my_aruco_detector' returned '0': PYTHONPATH=/home/cc/ee106a/fa25/class/ee106a-ado/ros_workspaces/106AProject_Drone/ros2_aruco_ws/build/my_aruco_detector/prefix_override:/usr/lib/python3/dist-packages/colcon_core/task/python/colcon_distutils_commands:/home/cc/ee106a/fa25/class/ee106a-ado/ros_workspaces/106AProject_Drone/ros2_aruco_ws/install/my_aruco_detector/lib/python3.10/site-packages:${PYTHONPATH} /usr/bin/python3 -W ignore:setup.py install is deprecated -W ignore:easy_install command is deprecated setup.py egg_info --egg-base ../build/my_aruco_detector build --build-base /home/cc/ee106a/fa25/class/ee106a-ado/ros_workspaces/106AProject_Drone/ros2_aruco_ws/build/my_aruco_detector/build install --record /home/cc/ee106a/fa25/class/ee106a-ado/ros_workspaces/106AProject_Drone/ros2_aruco_ws/build/my_aruco_detector/install.log --single-version-externally-managed install_data
[1.964s] Level 1:colcon.colcon_core.environment:checking '/home/cc/ee106a/fa25/class/ee106a-ado/ros_workspaces/106AProject_Drone/ros2_aruco_ws/install/my_aruco_detector' for CMake config files
[1.969s] Level 1:colcon.colcon_core.environment:checking '/home/cc/ee106a/fa25/class/ee106a-ado/ros_workspaces/106AProject_Drone/ros2_aruco_ws/install/my_aruco_detector/lib'
[1.970s] Level 1:colcon.colcon_core.environment:checking '/home/cc/ee106a/fa25/class/ee106a-ado/ros_workspaces/106AProject_Drone/ros2_aruco_ws/install/my_aruco_detector/bin'
[1.970s] Level 1:colcon.colcon_core.environment:checking '/home/cc/ee106a/fa25/class/ee106a-ado/ros_workspaces/106AProject_Drone/ros2_aruco_ws/install/my_aruco_detector/lib/pkgconfig/my_aruco_detector.pc'
[1.971s] Level 1:colcon.colcon_core.environment:checking '/home/cc/ee106a/fa25/class/ee106a-ado/ros_workspaces/106AProject_Drone/ros2_aruco_ws/install/my_aruco_detector/lib/python3.10/site-packages'
[1.971s] Level 1:colcon.colcon_core.shell:create_environment_hook('my_aruco_detector', 'pythonpath')
[1.972s] INFO:colcon.colcon_core.shell:Creating environment hook '/home/cc/ee106a/fa25/class/ee106a-ado/ros_workspaces/106AProject_Drone/ros2_aruco_ws/install/my_aruco_detector/share/my_aruco_detector/hook/pythonpath.ps1'
[1.984s] INFO:colcon.colcon_core.shell:Creating environment descriptor '/home/cc/ee106a/fa25/class/ee106a-ado/ros_workspaces/106AProject_Drone/ros2_aruco_ws/install/my_aruco_detector/share/my_aruco_detector/hook/pythonpath.dsv'
[1.988s] INFO:colcon.colcon_core.shell:Creating environment hook '/home/cc/ee106a/fa25/class/ee106a-ado/ros_workspaces/106AProject_Drone/ros2_aruco_ws/install/my_aruco_detector/share/my_aruco_detector/hook/pythonpath.sh'
[1.993s] Level 1:colcon.colcon_core.environment:checking '/home/cc/ee106a/fa25/class/ee106a-ado/ros_workspaces/106AProject_Drone/ros2_aruco_ws/install/my_aruco_detector/bin'
[1.993s] Level 1:colcon.colcon_core.environment:create_environment_scripts_only(my_aruco_detector)
[1.993s] INFO:colcon.colcon_core.shell:Creating package script '/home/cc/ee106a/fa25/class/ee106a-ado/ros_workspaces/106AProject_Drone/ros2_aruco_ws/install/my_aruco_detector/share/my_aruco_detector/package.ps1'
[1.997s] INFO:colcon.colcon_core.shell:Creating package descriptor '/home/cc/ee106a/fa25/class/ee106a-ado/ros_workspaces/106AProject_Drone/ros2_aruco_ws/install/my_aruco_detector/share/my_aruco_detector/package.dsv'
[2.000s] INFO:colcon.colcon_core.shell:Creating package script '/home/cc/ee106a/fa25/class/ee106a-ado/ros_workspaces/106AProject_Drone/ros2_aruco_ws/install/my_aruco_detector/share/my_aruco_detector/package.sh'
[2.003s] INFO:colcon.colcon_core.shell:Creating package script '/home/cc/ee106a/fa25/class/ee106a-ado/ros_workspaces/106AProject_Drone/ros2_aruco_ws/install/my_aruco_detector/share/my_aruco_detector/package.bash'
[2.006s] INFO:colcon.colcon_core.shell:Creating package script '/home/cc/ee106a/fa25/class/ee106a-ado/ros_workspaces/106AProject_Drone/ros2_aruco_ws/install/my_aruco_detector/share/my_aruco_detector/package.zsh'
[2.008s] Level 1:colcon.colcon_core.environment:create_file_with_runtime_dependencies(/home/cc/ee106a/fa25/class/ee106a-ado/ros_workspaces/106AProject_Drone/ros2_aruco_ws/install/my_aruco_detector/share/colcon-core/packages/my_aruco_detector)
[2.034s] Level 1:colcon.colcon_core.environment:create_environment_scripts_only(ros2_aruco_interfaces)
[2.034s] Level 1:colcon.colcon_core.environment:checking '/home/cc/ee106a/fa25/class/ee106a-ado/ros_workspaces/106AProject_Drone/ros2_aruco_ws/install/ros2_aruco_interfaces' for CMake module files
[2.035s] DEBUG:colcon.colcon_core.event_handler.log_command:Invoked command in '/home/cc/ee106a/fa25/class/ee106a-ado/ros_workspaces/106AProject_Drone/ros2_aruco_ws/build/ros2_aruco_interfaces' returned '0': CMAKE_PREFIX_PATH=${CMAKE_PREFIX_PATH}:/home/cc/ee106a/fa25/class/ee106a-ado/ros_workspaces/106AProject_Drone/ros2_aruco_ws/install/ros2_aruco:/home/cc/ee106a/fa25/class/ee106a-ado/ros_workspaces/106AProject_Drone/ros2_aruco_ws/install/my_aruco_detector:/home/cc/ee106a/fa25/class/ee106a-ado/ros_workspaces/106AProject_Drone/install/ros2_aruco:/home/cc/ee106a/fa25/class/ee106a-ado/ros_workspaces/106AProject_Drone/install/my_aruco_detector:/opt/ros/turtlebot3_ws/install/turtlebot3_teleop:/opt/ros/turtlebot3_ws/install/turtlebot3_example:/opt/ros/humble /usr/bin/cmake --install /home/cc/ee106a/fa25/class/ee106a-ado/ros_workspaces/106AProject_Drone/ros2_aruco_ws/build/ros2_aruco_interfaces
[2.036s] Level 1:colcon.colcon_core.environment:checking '/home/cc/ee106a/fa25/class/ee106a-ado/ros_workspaces/106AProject_Drone/ros2_aruco_ws/install/ros2_aruco_interfaces' for CMake config files
[2.039s] Level 1:colcon.colcon_core.shell:create_environment_hook('ros2_aruco_interfaces', 'cmake_prefix_path')
[2.040s] INFO:colcon.colcon_core.shell:Creating environment hook '/home/cc/ee106a/fa25/class/ee106a-ado/ros_workspaces/106AProject_Drone/ros2_aruco_ws/install/ros2_aruco_interfaces/share/ros2_aruco_interfaces/hook/cmake_prefix_path.ps1'
[2.043s] INFO:colcon.colcon_core.shell:Creating environment descriptor '/home/cc/ee106a/fa25/class/ee106a-ado/ros_workspaces/106AProject_Drone/ros2_aruco_ws/install/ros2_aruco_interfaces/share/ros2_aruco_interfaces/hook/cmake_prefix_path.dsv'
[2.045s] INFO:colcon.colcon_core.shell:Creating environment hook '/home/cc/ee106a/fa25/class/ee106a-ado/ros_workspaces/106AProject_Drone/ros2_aruco_ws/install/ros2_aruco_interfaces/share/ros2_aruco_interfaces/hook/cmake_prefix_path.sh'
[2.049s] Level 1:colcon.colcon_core.environment:checking '/home/cc/ee106a/fa25/class/ee106a-ado/ros_workspaces/106AProject_Drone/ros2_aruco_ws/install/ros2_aruco_interfaces/lib'
[2.049s] Level 1:colcon.colcon_core.shell:create_environment_hook('ros2_aruco_interfaces', 'ld_library_path_lib')
[2.049s] INFO:colcon.colcon_core.shell:Creating environment hook '/home/cc/ee106a/fa25/class/ee106a-ado/ros_workspaces/106AProject_Drone/ros2_aruco_ws/install/ros2_aruco_interfaces/share/ros2_aruco_interfaces/hook/ld_library_path_lib.ps1'
[2.052s] INFO:colcon.colcon_core.shell:Creating environment descriptor '/home/cc/ee106a/fa25/class/ee106a-ado/ros_workspaces/106AProject_Drone/ros2_aruco_ws/install/ros2_aruco_interfaces/share/ros2_aruco_interfaces/hook/ld_library_path_lib.dsv'
[2.054s] INFO:colcon.colcon_core.shell:Creating environment hook '/home/cc/ee106a/fa25/class/ee106a-ado/ros_workspaces/106AProject_Drone/ros2_aruco_ws/install/ros2_aruco_interfaces/share/ros2_aruco_interfaces/hook/ld_library_path_lib.sh'
[2.056s] Level 1:colcon.colcon_core.environment:checking '/home/cc/ee106a/fa25/class/ee106a-ado/ros_workspaces/106AProject_Drone/ros2_aruco_ws/install/ros2_aruco_interfaces/bin'
[2.056s] Level 1:colcon.colcon_core.environment:checking '/home/cc/ee106a/fa25/class/ee106a-ado/ros_workspaces/106AProject_Drone/ros2_aruco_ws/install/ros2_aruco_interfaces/lib/pkgconfig/ros2_aruco_interfaces.pc'
[2.056s] Level 1:colcon.colcon_core.environment:checking '/home/cc/ee106a/fa25/class/ee106a-ado/ros_workspaces/106AProject_Drone/ros2_aruco_ws/install/ros2_aruco_interfaces/lib/python3.10/site-packages'
[2.057s] Level 1:colcon.colcon_core.environment:checking '/home/cc/ee106a/fa25/class/ee106a-ado/ros_workspaces/106AProject_Drone/ros2_aruco_ws/install/ros2_aruco_interfaces/bin'
[2.057s] INFO:colcon.colcon_core.shell:Creating package script '/home/cc/ee106a/fa25/class/ee106a-ado/ros_workspaces/106AProject_Drone/ros2_aruco_ws/install/ros2_aruco_interfaces/share/ros2_aruco_interfaces/package.ps1'
[2.060s] INFO:colcon.colcon_core.shell:Creating package descriptor '/home/cc/ee106a/fa25/class/ee106a-ado/ros_workspaces/106AProject_Drone/ros2_aruco_ws/install/ros2_aruco_interfaces/share/ros2_aruco_interfaces/package.dsv'
[2.062s] INFO:colcon.colcon_core.shell:Creating package script '/home/cc/ee106a/fa25/class/ee106a-ado/ros_workspaces/106AProject_Drone/ros2_aruco_ws/install/ros2_aruco_interfaces/share/ros2_aruco_interfaces/package.sh'
[2.065s] INFO:colcon.colcon_core.shell:Creating package script '/home/cc/ee106a/fa25/class/ee106a-ado/ros_workspaces/106AProject_Drone/ros2_aruco_ws/install/ros2_aruco_interfaces/share/ros2_aruco_interfaces/package.bash'
[2.067s] INFO:colcon.colcon_core.shell:Creating package script '/home/cc/ee106a/fa25/class/ee106a-ado/ros_workspaces/106AProject_Drone/ros2_aruco_ws/install/ros2_aruco_interfaces/share/ros2_aruco_interfaces/package.zsh'
[2.070s] Level 1:colcon.colcon_core.environment:create_file_with_runtime_dependencies(/home/cc/ee106a/fa25/class/ee106a-ado/ros_workspaces/106AProject_Drone/ros2_aruco_ws/install/ros2_aruco_interfaces/share/colcon-core/packages/ros2_aruco_interfaces)
[2.074s] Level 1:colcon.colcon_core.environment:create_environment_scripts_only(ros2_aruco_interfaces)
[2.074s] Level 1:colcon.colcon_core.environment:checking '/home/cc/ee106a/fa25/class/ee106a-ado/ros_workspaces/106AProject_Drone/ros2_aruco_ws/install/ros2_aruco_interfaces' for CMake module files
[2.076s] Level 1:colcon.colcon_core.environment:checking '/home/cc/ee106a/fa25/class/ee106a-ado/ros_workspaces/106AProject_Drone/ros2_aruco_ws/install/ros2_aruco_interfaces' for CMake config files
[2.079s] Level 1:colcon.colcon_core.shell:create_environment_hook('ros2_aruco_interfaces', 'cmake_prefix_path')
[2.079s] INFO:colcon.colcon_core.shell:Creating environment hook '/home/cc/ee106a/fa25/class/ee106a-ado/ros_workspaces/106AProject_Drone/ros2_aruco_ws/install/ros2_aruco_interfaces/share/ros2_aruco_interfaces/hook/cmake_prefix_path.ps1'
[2.082s] INFO:colcon.colcon_core.shell:Creating environment descriptor '/home/cc/ee106a/fa25/class/ee106a-ado/ros_workspaces/106AProject_Drone/ros2_aruco_ws/install/ros2_aruco_interfaces/share/ros2_aruco_interfaces/hook/cmake_prefix_path.dsv'
[2.085s] INFO:colcon.colcon_core.shell:Creating environment hook '/home/cc/ee106a/fa25/class/ee106a-ado/ros_workspaces/106AProject_Drone/ros2_aruco_ws/install/ros2_aruco_interfaces/share/ros2_aruco_interfaces/hook/cmake_prefix_path.sh'
[2.087s] Level 1:colcon.colcon_core.environment:checking '/home/cc/ee106a/fa25/class/ee106a-ado/ros_workspaces/106AProject_Drone/ros2_aruco_ws/install/ros2_aruco_interfaces/lib'
[2.088s] Level 1:colcon.colcon_core.shell:create_environment_hook('ros2_aruco_interfaces', 'ld_library_path_lib')
[2.088s] INFO:colcon.colcon_core.shell:Creating environment hook '/home/cc/ee106a/fa25/class/ee106a-ado/ros_workspaces/106AProject_Drone/ros2_aruco_ws/install/ros2_aruco_interfaces/share/ros2_aruco_interfaces/hook/ld_library_path_lib.ps1'
[2.091s] INFO:colcon.colcon_core.shell:Creating environment descriptor '/home/cc/ee106a/fa25/class/ee106a-ado/ros_workspaces/106AProject_Drone/ros2_aruco_ws/install/ros2_aruco_interfaces/share/ros2_aruco_interfaces/hook/ld_library_path_lib.dsv'
[2.094s] INFO:colcon.colcon_core.shell:Creating environment hook '/home/cc/ee106a/fa25/class/ee106a-ado/ros_workspaces/106AProject_Drone/ros2_aruco_ws/install/ros2_aruco_interfaces/share/ros2_aruco_interfaces/hook/ld_library_path_lib.sh'
[2.096s] Level 1:colcon.colcon_core.environment:checking '/home/cc/ee106a/fa25/class/ee106a-ado/ros_workspaces/106AProject_Drone/ros2_aruco_ws/install/ros2_aruco_interfaces/bin'
[2.096s] Level 1:colcon.colcon_core.environment:checking '/home/cc/ee106a/fa25/class/ee106a-ado/ros_workspaces/106AProject_Drone/ros2_aruco_ws/install/ros2_aruco_interfaces/lib/pkgconfig/ros2_aruco_interfaces.pc'
[2.097s] Level 1:colcon.colcon_core.environment:checking '/home/cc/ee106a/fa25/class/ee106a-ado/ros_workspaces/106AProject_Drone/ros2_aruco_ws/install/ros2_aruco_interfaces/lib/python3.10/site-packages'
[2.097s] Level 1:colcon.colcon_core.environment:checking '/home/cc/ee106a/fa25/class/ee106a-ado/ros_workspaces/106AProject_Drone/ros2_aruco_ws/install/ros2_aruco_interfaces/bin'
[2.098s] INFO:colcon.colcon_core.shell:Creating package script '/home/cc/ee106a/fa25/class/ee106a-ado/ros_workspaces/106AProject_Drone/ros2_aruco_ws/install/ros2_aruco_interfaces/share/ros2_aruco_interfaces/package.ps1'
[2.101s] INFO:colcon.colcon_core.shell:Creating package descriptor '/home/cc/ee106a/fa25/class/ee106a-ado/ros_workspaces/106AProject_Drone/ros2_aruco_ws/install/ros2_aruco_interfaces/share/ros2_aruco_interfaces/package.dsv'
[2.103s] INFO:colcon.colcon_core.shell:Creating package script '/home/cc/ee106a/fa25/class/ee106a-ado/ros_workspaces/106AProject_Drone/ros2_aruco_ws/install/ros2_aruco_interfaces/share/ros2_aruco_interfaces/package.sh'
[2.105s] INFO:colcon.colcon_core.shell:Creating package script '/home/cc/ee106a/fa25/class/ee106a-ado/ros_workspaces/106AProject_Drone/ros2_aruco_ws/install/ros2_aruco_interfaces/share/ros2_aruco_interfaces/package.bash'
[2.108s] INFO:colcon.colcon_core.shell:Creating package script '/home/cc/ee106a/fa25/class/ee106a-ado/ros_workspaces/106AProject_Drone/ros2_aruco_ws/install/ros2_aruco_interfaces/share/ros2_aruco_interfaces/package.zsh'
[2.110s] Level 1:colcon.colcon_core.environment:create_file_with_runtime_dependencies(/home/cc/ee106a/fa25/class/ee106a-ado/ros_workspaces/106AProject_Drone/ros2_aruco_ws/install/ros2_aruco_interfaces/share/colcon-core/packages/ros2_aruco_interfaces)
[2.113s] Level 1:colcon.colcon_core.environment:checking '/home/cc/ee106a/fa25/class/ee106a-ado/ros_workspaces/106AProject_Drone/ros2_aruco_ws/install/ros2_aruco' for CMake module files
[2.115s] Level 1:colcon.colcon_core.environment:checking '/home/cc/ee106a/fa25/class/ee106a-ado/ros_workspaces/106AProject_Drone/ros2_aruco_ws/install/ros2_aruco' for CMake config files
[2.117s] DEBUG:colcon.colcon_core.event_handler.log_command:Invoked command in '/home/cc/ee106a/fa25/class/ee106a-ado/ros_workspaces/106AProject_Drone/ros2_aruco_ws/src/ros2_aruco/ros2_aruco' returned '0': PYTHONPATH=/home/cc/ee106a/fa25/class/ee106a-ado/ros_workspaces/106AProject_Drone/ros2_aruco_ws/build/ros2_aruco/prefix_override:/usr/lib/python3/dist-packages/colcon_core/task/python/colcon_distutils_commands:/home/cc/ee106a/fa25/class/ee106a-ado/ros_workspaces/106AProject_Drone/ros2_aruco_ws/install/ros2_aruco/lib/python3.10/site-packages:${PYTHONPATH} /usr/bin/python3 -W ignore:setup.py install is deprecated -W ignore:easy_install command is deprecated setup.py egg_info --egg-base ../../../build/ros2_aruco build --build-base /home/cc/ee106a/fa25/class/ee106a-ado/ros_workspaces/106AProject_Drone/ros2_aruco_ws/build/ros2_aruco/build install --record /home/cc/ee106a/fa25/class/ee106a-ado/ros_workspaces/106AProject_Drone/ros2_aruco_ws/build/ros2_aruco/install.log --single-version-externally-managed install_data
[2.123s] Level 1:colcon.colcon_core.environment:checking '/home/cc/ee106a/fa25/class/ee106a-ado/ros_workspaces/106AProject_Drone/ros2_aruco_ws/install/ros2_aruco/lib'
[2.123s] Level 1:colcon.colcon_core.environment:checking '/home/cc/ee106a/fa25/class/ee106a-ado/ros_workspaces/106AProject_Drone/ros2_aruco_ws/install/ros2_aruco/bin'
[2.124s] Level 1:colcon.colcon_core.environment:checking '/home/cc/ee106a/fa25/class/ee106a-ado/ros_workspaces/106AProject_Drone/ros2_aruco_ws/install/ros2_aruco/lib/pkgconfig/ros2_aruco.pc'
[2.124s] Level 1:colcon.colcon_core.environment:checking '/home/cc/ee106a/fa25/class/ee106a-ado/ros_workspaces/106AProject_Drone/ros2_aruco_ws/install/ros2_aruco/lib/python3.10/site-packages'
[2.124s] Level 1:colcon.colcon_core.shell:create_environment_hook('ros2_aruco', 'pythonpath')
[2.125s] INFO:colcon.colcon_core.shell:Creating environment hook '/home/cc/ee106a/fa25/class/ee106a-ado/ros_workspaces/106AProject_Drone/ros2_aruco_ws/install/ros2_aruco/share/ros2_aruco/hook/pythonpath.ps1'
[2.128s] INFO:colcon.colcon_core.shell:Creating environment descriptor '/home/cc/ee106a/fa25/class/ee106a-ado/ros_workspaces/106AProject_Drone/ros2_aruco_ws/install/ros2_aruco/share/ros2_aruco/hook/pythonpath.dsv'
[2.131s] INFO:colcon.colcon_core.shell:Creating environment hook '/home/cc/ee106a/fa25/class/ee106a-ado/ros_workspaces/106AProject_Drone/ros2_aruco_ws/install/ros2_aruco/share/ros2_aruco/hook/pythonpath.sh'
[2.133s] Level 1:colcon.colcon_core.environment:checking '/home/cc/ee106a/fa25/class/ee106a-ado/ros_workspaces/106AProject_Drone/ros2_aruco_ws/install/ros2_aruco/bin'
[2.133s] Level 1:colcon.colcon_core.environment:create_environment_scripts_only(ros2_aruco)
[2.134s] INFO:colcon.colcon_core.shell:Creating package script '/home/cc/ee106a/fa25/class/ee106a-ado/ros_workspaces/106AProject_Drone/ros2_aruco_ws/install/ros2_aruco/share/ros2_aruco/package.ps1'
[2.136s] INFO:colcon.colcon_core.shell:Creating package descriptor '/home/cc/ee106a/fa25/class/ee106a-ado/ros_workspaces/106AProject_Drone/ros2_aruco_ws/install/ros2_aruco/share/ros2_aruco/package.dsv'
[2.138s] INFO:colcon.colcon_core.shell:Creating package script '/home/cc/ee106a/fa25/class/ee106a-ado/ros_workspaces/106AProject_Drone/ros2_aruco_ws/install/ros2_aruco/share/ros2_aruco/package.sh'
[2.141s] INFO:colcon.colcon_core.shell:Creating package script '/home/cc/ee106a/fa25/class/ee106a-ado/ros_workspaces/106AProject_Drone/ros2_aruco_ws/install/ros2_aruco/share/ros2_aruco/package.bash'
[2.142s] INFO:colcon.colcon_core.shell:Creating package script '/home/cc/ee106a/fa25/class/ee106a-ado/ros_workspaces/106AProject_Drone/ros2_aruco_ws/install/ros2_aruco/share/ros2_aruco/package.zsh'
[2.144s] Level 1:colcon.colcon_core.environment:create_file_with_runtime_dependencies(/home/cc/ee106a/fa25/class/ee106a-ado/ros_workspaces/106AProject_Drone/ros2_aruco_ws/install/ros2_aruco/share/colcon-core/packages/ros2_aruco)
[2.146s] DEBUG:colcon.colcon_parallel_executor.executor.parallel:closing loop
[2.146s] DEBUG:colcon.colcon_parallel_executor.executor.parallel:loop closed
[2.146s] DEBUG:colcon.colcon_parallel_executor.executor.parallel:run_until_complete finished with '0'
[2.146s] DEBUG:colcon.colcon_core.event_reactor:joining thread
[2.163s] INFO:colcon.colcon_core.plugin_system:Skipping extension 'colcon_notification.desktop_notification.notify_send': Could not find 'notify-send'
[2.163s] INFO:colcon.colcon_core.plugin_system:Skipping extension 'colcon_notification.desktop_notification.terminal_notifier': Not used on non-Darwin systems
[2.163s] INFO:colcon.colcon_core.plugin_system:Skipping extension 'colcon_notification.desktop_notification.win32': Not used on non-Windows systems
[2.164s] INFO:colcon.colcon_notification.desktop_notification:Sending desktop notification using 'notify2'
[2.278s] DEBUG:colcon.colcon_core.event_reactor:joined thread
[2.278s] INFO:colcon.colcon_core.shell:Creating prefix script '/home/cc/ee106a/fa25/class/ee106a-ado/ros_workspaces/106AProject_Drone/ros2_aruco_ws/install/local_setup.ps1'
[2.281s] INFO:colcon.colcon_core.shell:Creating prefix util module '/home/cc/ee106a/fa25/class/ee106a-ado/ros_workspaces/106AProject_Drone/ros2_aruco_ws/install/_local_setup_util_ps1.py'
[2.284s] INFO:colcon.colcon_core.shell:Creating prefix chain script '/home/cc/ee106a/fa25/class/ee106a-ado/ros_workspaces/106AProject_Drone/ros2_aruco_ws/install/setup.ps1'
[2.295s] INFO:colcon.colcon_core.shell:Creating prefix script '/home/cc/ee106a/fa25/class/ee106a-ado/ros_workspaces/106AProject_Drone/ros2_aruco_ws/install/local_setup.sh'
[2.297s] INFO:colcon.colcon_core.shell:Creating prefix util module '/home/cc/ee106a/fa25/class/ee106a-ado/ros_workspaces/106AProject_Drone/ros2_aruco_ws/install/_local_setup_util_sh.py'
[2.300s] INFO:colcon.colcon_core.shell:Creating prefix chain script '/home/cc/ee106a/fa25/class/ee106a-ado/ros_workspaces/106AProject_Drone/ros2_aruco_ws/install/setup.sh'
[2.310s] INFO:colcon.colcon_core.shell:Creating prefix script '/home/cc/ee106a/fa25/class/ee106a-ado/ros_workspaces/106AProject_Drone/ros2_aruco_ws/install/local_setup.bash'
[2.313s] INFO:colcon.colcon_core.shell:Creating prefix chain script '/home/cc/ee106a/fa25/class/ee106a-ado/ros_workspaces/106AProject_Drone/ros2_aruco_ws/install/setup.bash'
[2.324s] INFO:colcon.colcon_core.shell:Creating prefix script '/home/cc/ee106a/fa25/class/ee106a-ado/ros_workspaces/106AProject_Drone/ros2_aruco_ws/install/local_setup.zsh'
[2.327s] INFO:colcon.colcon_core.shell:Creating prefix chain script '/home/cc/ee106a/fa25/class/ee106a-ado/ros_workspaces/106AProject_Drone/ros2_aruco_ws/install/setup.zsh'
